adapt RED-gate: 249 pair(s) total, 249 to measure

  red_tests  022_002_role_scoped_nested_membership_endpoint_01  (base: 022_001_nested_resource_endpoint_with_authorization_01)
  red_tests  022_003_etag_versioned_nested_membership_with_optimistic_concurrency_01  (base: 022_001_nested_resource_endpoint_with_authorization_01)
  red_tests  022_004_invitation_accept_decline_nested_membership_workflow_01  (base: 022_001_nested_resource_endpoint_with_authorization_01)
  red_tests  623_002_boolean_phrase_query_inverted_index_01  (base: 623_001_mini_elasticsearch_like_inverted_index_01)
  red_tests  623_003_bm25_ranked_inverted_index_01  (base: 623_001_mini_elasticsearch_like_inverted_index_01)
  red_tests  623_004_fuzzy_edit_distance_inverted_index_01  (base: 623_001_mini_elasticsearch_like_inverted_index_01)
  red_tests  106_002_grace_count_watchdog_timer_01  (base: 106_001_watchdog_timer_genserver_01)
  red_tests  106_003_recurring_watchdog_timer_01  (base: 106_001_watchdog_timer_genserver_01)
  red_tests  106_004_escalating_warn_then_timeout_watchdog_01  (base: 106_001_watchdog_timer_genserver_01)
  red_tests  044_002_histogram_metrics_collector_01  (base: 044_001_ets_based_metrics_collector_01)
  red_tests  044_003_labeled_dimensional_metrics_collector_01  (base: 044_001_ets_based_metrics_collector_01)
  red_tests  044_004_sliding_window_rate_metrics_collector_01  (base: 044_001_ets_based_metrics_collector_01)
  red_tests  110_002_histogram_based_approximate_rolling_percentile_01  (base: 110_001_rolling_percentile_calculator_01)
  red_tests  110_003_sla_percentile_monitor_with_inverse_queries_01  (base: 110_001_rolling_percentile_calculator_01)
  red_tests  110_004_time_decay_weighted_rolling_percentile_01  (base: 110_001_rolling_percentile_calculator_01)
  red_tests  134_002_nullable_unique_column_profiler_01  (base: 134_001_schema_inference_from_csv_01)
  red_tests  134_003_chunked_merge_based_schema_inference_01  (base: 134_001_schema_inference_from_csv_01)
  red_tests  134_004_widening_lattice_schema_inference_01  (base: 134_001_schema_inference_from_csv_01)
  red_tests  037_002_path_addressed_nested_record_anonymizer_01  (base: 037_001_data_anonymizer_01)
  red_tests  037_003_reversible_tokenization_vault_anonymizer_01  (base: 037_001_data_anonymizer_01)
  red_tests  037_004_stateful_concurrent_consistent_pseudonymizer_01  (base: 037_001_data_anonymizer_01)
  red_tests  072_002_deferred_timer_virtual_clock_01  (base: 072_001_test_helper_for_time_dependent_code_01)
  red_tests  072_003_monotonic_measurement_clock_01  (base: 072_001_test_helper_for_time_dependent_code_01)
  red_tests  072_004_scripted_sequence_clock_01  (base: 072_001_test_helper_for_time_dependent_code_01)
  red_tests  001_002_fixed_window_counter_01  (base: 001_001_rate_limiter_01)
  red_tests  001_003_hierarchical_limiter_01  (base: 001_001_rate_limiter_01)
  red_tests  001_004_penalty_escalation_01  (base: 001_001_rate_limiter_01)
  red_tests  074_002_collection_and_structural_assertion_helpers_01  (base: 074_001_custom_exunit_assertion_helpers_01)
  red_tests  074_003_concurrency_and_message_assertion_helpers_01  (base: 074_001_custom_exunit_assertion_helpers_01)
  red_tests  074_004_numeric_tolerance_and_exception_assertion_helpers_01  (base: 074_001_custom_exunit_assertion_helpers_01)
  red_tests  014_002_expiring_priority_queue_with_per_task_ttl_01  (base: 014_001_priority_queue_processor_01)
  red_tests  014_003_cancellable_priority_queue_with_numeric_priorities_01  (base: 014_001_priority_queue_processor_01)
  red_tests  014_004_concurrent_priority_queue_with_configurable_parallelism_01  (base: 014_001_priority_queue_processor_01)
  red_tests  104_002_health_validated_connection_pool_01  (base: 104_001_connection_pool_manager_01)
  red_tests  104_003_overflow_connection_pool_01  (base: 104_001_connection_pool_manager_01)
  red_tests  104_004_usage_recycling_connection_pool_01  (base: 104_001_connection_pool_manager_01)
  red_compile  019_002_dependency_ordered_bulk_create_with_cascade_skip_01  (base: 019_001_bulk_create_endpoint_with_partial_failure_reporting_01)
  red_compile  019_003_bulk_upsert_with_conflict_resolution_policies_01  (base: 019_001_bulk_create_endpoint_with_partial_failure_reporting_01)
  red_compile  019_004_concurrent_bulk_create_with_bounded_concurrency_and_timeouts_01  (base: 019_001_bulk_create_endpoint_with_partial_failure_reporting_01)
  red_tests  062_002_retryable_pipeline_with_per_stage_retry_policies_01  (base: 062_001_pipeline_processor_with_stages_01)
  red_tests  062_003_fan_out_map_pipeline_with_bounded_concurrency_01  (base: 062_001_pipeline_processor_with_stages_01)
  red_tests  062_004_batch_pipeline_with_error_collection_01  (base: 062_001_pipeline_processor_with_stages_01)
  red_tests  105_002_leading_trailing_edge_debouncer_01  (base: 105_001_genserver_based_debouncer_01)
  red_tests  105_003_max_wait_debouncer_with_flush_and_cancel_01  (base: 105_001_genserver_based_debouncer_01)
  red_tests  105_004_accumulating_batch_debouncer_01  (base: 105_001_genserver_based_debouncer_01)
  red_tests  043_002_cumulative_points_leaderboard_with_atomic_counters_01  (base: 043_001_ets_based_leaderboard_01)
  red_tests  043_003_sliding_window_time_decayed_leaderboard_01  (base: 043_001_ets_based_leaderboard_01)
  red_tests  043_004_ordered_set_leaderboard_with_deterministic_tie_breaking_01  (base: 043_001_ets_based_leaderboard_01)
  red_tests  098_002_aead_sealed_confidential_token_01  (base: 098_001_token_generator_and_validator_01)
  red_tests  098_003_attenuable_capability_token_with_chained_caveats_01  (base: 098_001_token_generator_and_validator_01)
  red_tests  098_004_replay_protected_single_use_token_01  (base: 098_001_token_generator_and_validator_01)
  red_tests  015_002_rolling_window_failure_rate_monitor_01  (base: 015_001_heartbeat_monitor_01)
  red_tests  015_003_async_check_monitor_with_timeouts_01  (base: 015_001_heartbeat_monitor_01)
  red_tests  015_004_monitor_with_maintenance_windows_and_pause_resume_01  (base: 015_001_heartbeat_monitor_01)
  red_tests  008_002_lww_element_set_crdt_01  (base: 008_001_distributed_counter_with_crdt_style_merge_01)
  red_tests  008_003_two_phase_set_crdt_01  (base: 008_001_distributed_counter_with_crdt_style_merge_01)
  red_tests  008_004_observed_remove_set_crdt_01  (base: 008_001_distributed_counter_with_crdt_style_merge_01)
  red_tests  091_002_reversible_order_workflow_with_undo_history_01  (base: 091_001_workflow_state_machine_01)
  red_tests  091_003_data_driven_finite_state_machine_engine_01  (base: 091_001_workflow_state_machine_01)
  red_tests  091_004_effectful_workflow_with_event_payloads_01  (base: 091_001_workflow_state_machine_01)
  red_tests  131_002_lazy_streaming_ndjson_parser_01  (base: 131_001_streaming_json_parser_for_large_files_01)
  red_tests  131_003_parallel_streaming_json_array_parser_01  (base: 131_001_streaming_json_parser_for_large_files_01)
  red_tests  131_004_resumable_streaming_json_array_parser_with_error_budget_01  (base: 131_001_streaming_json_parser_for_large_files_01)
  red_tests  071_002_trait_composable_factory_01  (base: 071_001_factory_module_for_test_data_generation_01)
  red_tests  071_003_bulk_list_factory_with_concurrent_insertion_01  (base: 071_001_factory_module_for_test_data_generation_01)
  red_tests  071_004_validation_aware_factory_with_compensating_rollback_01  (base: 071_001_factory_module_for_test_data_generation_01)
  red_tests  006_002_lrucache_01  (base: 006_001_ttl_cache_with_lazy_expiration_01)
  red_tests  006_003_refreshaheadcache_01  (base: 006_001_ttl_cache_with_lazy_expiration_01)
  red_tests  006_004_swrcache_01  (base: 006_001_ttl_cache_with_lazy_expiration_01)
  red_tests  033_002_metrics_file_aggregator_01  (base: 033_001_log_file_analyzer_01)
  red_tests  033_003_http_access_log_analyzer_01  (base: 033_001_log_file_analyzer_01)
  red_tests  033_004_financial_transaction_analyzer_01  (base: 033_001_log_file_analyzer_01)
  red_tests  102_002_optimistic_concurrency_persisted_state_machine_01  (base: 102_001_genserver_based_state_machine_with_persistence_01)
  red_tests  102_003_auto_expiring_persisted_state_machine_01  (base: 102_001_genserver_based_state_machine_with_persistence_01)
  red_tests  102_004_threshold_approval_persisted_state_machine_01  (base: 102_001_genserver_based_state_machine_with_persistence_01)
  red_tests  004_002_intervalscheduler_01  (base: 004_001_job_scheduler_with_cron_like_expressions_01)
  red_tests  004_003_retryscheduler_01  (base: 004_001_job_scheduler_with_cron_like_expressions_01)
  red_tests  004_004_calendarscheduler_01  (base: 004_001_job_scheduler_with_cron_like_expressions_01)
  red_tests  624_002_merge_commit_dag_with_topological_log_and_merge_base_01  (base: 624_001_mini_git_like_object_store_01)
  red_tests  624_003_on_disk_loose_object_store_with_zlib_compression_and_integrity_checks_01  (base: 624_001_mini_git_like_object_store_01)
  red_tests  624_004_branch_references_with_atomic_cas_updates_and_reachability_gc_01  (base: 624_001_mini_git_like_object_store_01)
  red_tests  061_002_fail_fast_parallel_map_with_cancellation_01  (base: 061_001_parallel_map_with_concurrency_limit_01)
  red_tests  061_003_timeout_and_retry_parallel_map_01  (base: 061_001_parallel_map_with_concurrency_limit_01)
  red_tests  061_004_weight_budget_parallel_map_01  (base: 061_001_parallel_map_with_concurrency_limit_01)
  red_tests  013_002_timeout_guarded_retry_worker_01  (base: 013_001_exponential_backoff_retry_worker_01)
  red_tests  013_003_budget_constrained_retry_worker_with_decorrelated_jitter_01  (base: 013_001_exponential_backoff_retry_worker_01)
  red_tests  013_004_classified_error_retry_worker_with_on_retry_callback_01  (base: 013_001_exponential_backoff_retry_worker_01)
  red_tests  035_002_multi_series_aligned_resampler_01  (base: 035_001_time_series_resampler_01)
  red_tests  035_003_streaming_watermark_resampler_01  (base: 035_001_time_series_resampler_01)
  red_tests  035_004_counter_rate_resampler_01  (base: 035_001_time_series_resampler_01)
  red_tests  625_002_versioned_object_store_with_delete_markers_01  (base: 625_001_mini_s3_like_object_storage_01)
  red_tests  625_003_lifecycle_ttl_object_store_with_lazy_expiration_01  (base: 625_001_mini_s3_like_object_storage_01)
  red_tests  625_004_conditional_write_object_store_with_etags_01  (base: 625_001_mini_s3_like_object_storage_01)
  red_tests  100_002_provisioning_uri_driven_multi_algorithm_totp_verifier_01  (base: 100_001_totp_time_based_one_time_password_implementation_01)
  red_tests  100_003_counter_based_hotp_with_resynchronization_window_01  (base: 100_001_totp_time_based_one_time_password_implementation_01)
  red_tests  100_004_stateful_totp_vault_genserver_with_replay_protection_01  (base: 100_001_totp_time_based_one_time_password_implementation_01)
  red_tests  103_002_backoff_scheduled_retry_dead_letter_queue_01  (base: 103_001_dead_letter_queue_01)
  red_tests  103_003_deduplicating_dead_letter_queue_01  (base: 103_001_dead_letter_queue_01)
  red_tests  103_004_bounded_priority_dead_letter_queue_with_bulk_drain_01  (base: 103_001_dead_letter_queue_01)
  red_tests  007_002_weightedmovingaverage_01  (base: 007_001_moving_average_calculator_01)
  red_tests  007_003_streamingpercentile_01  (base: 007_001_moving_average_calculator_01)
  red_tests  007_004_cusumanomaly_01  (base: 007_001_moving_average_calculator_01)
  red_tests  024_002_replay_protected_timestamped_webhook_receiver_01  (base: 024_001_webhook_receiver_with_signature_verification_01)
  red_tests  024_003_multi_provider_webhook_receiver_with_key_rotation_01  (base: 024_001_webhook_receiver_with_signature_verification_01)
  red_tests  024_004_ordered_stream_webhook_receiver_with_gap_buffering_01  (base: 024_001_webhook_receiver_with_signature_verification_01)
  red_tests  010_002_one_time_token_store_with_absolute_expiration_01  (base: 010_001_session_store_with_inactivity_timeout_01)
  red_tests  010_003_exclusive_lease_manager_with_ownership_01  (base: 010_001_session_store_with_inactivity_timeout_01)
  red_tests  010_004_rolling_window_quota_tracker_01  (base: 010_001_session_store_with_inactivity_timeout_01)
  red_tests  036_002_hierarchical_heading_outline_parser_01  (base: 036_001_markdown_to_structured_data_parser_01)
  red_tests  036_003_error_reporting_markdown_parser_with_line_diagnostics_01  (base: 036_001_markdown_to_structured_data_parser_01)
  red_tests  036_004_gfm_table_parser_to_row_maps_01  (base: 036_001_markdown_to_structured_data_parser_01)
  red_compile  017_002_keyset_cursor_pagination_search_01  (base: 017_001_search_endpoint_with_filtering_and_sorting_01)
  red_compile  017_003_faceted_search_with_facet_counts_01  (base: 017_001_search_endpoint_with_filtering_and_sorting_01)
  red_compile  017_004_relevance_ranked_full_text_search_01  (base: 017_001_search_endpoint_with_filtering_and_sorting_01)
  red_tests  009_002_write_behind_batch_coalescer_01  (base: 009_001_request_deduplicator_coalescer_01)
  red_tests  009_003_retry_aware_request_deduplicator_01  (base: 009_001_request_deduplicator_coalescer_01)
  red_tests  009_004_per_key_bounded_concurrency_pool_01  (base: 009_001_request_deduplicator_coalescer_01)
  red_tests  097_002_weighted_strength_score_password_policy_01  (base: 097_001_password_policy_enforcer_01)
  red_tests  097_003_severity_classified_password_audit_with_strict_mode_01  (base: 097_001_password_policy_enforcer_01)
  red_tests  097_004_stateful_password_policy_server_with_reuse_history_01  (base: 097_001_password_policy_enforcer_01)
  red_tests  092_002_reddit_style_logarithmic_hot_ranking_01  (base: 092_001_scoring_ranking_algorithm_01)
  red_tests  092_003_wilson_lower_bound_confidence_ranking_01  (base: 092_001_scoring_ranking_algorithm_01)
  red_tests  092_004_bayesian_weighted_rating_ranking_01  (base: 092_001_scoring_ranking_algorithm_01)
  red_tests  078_002_reject_when_full_bounded_fifo_queue_01  (base: 078_001_ring_buffer_01)
  red_tests  078_003_double_ended_ring_buffer_deque_01  (base: 078_001_ring_buffer_01)
  red_tests  078_004_concurrent_ring_buffer_sink_genserver_01  (base: 078_001_ring_buffer_01)
  red_tests  079_002_counting_bloom_filter_01  (base: 079_001_bloom_filter_01)
  red_tests  079_003_scalable_bloom_filter_01  (base: 079_001_bloom_filter_01)
  red_tests  079_004_concurrent_bloom_filter_01  (base: 079_001_bloom_filter_01)
  red_tests  025_002_cursor_resumable_gap_free_long_poll_01  (base: 025_001_long_polling_endpoint_01)
  red_tests  025_003_coalescing_batch_long_poll_with_linger_window_01  (base: 025_001_long_polling_endpoint_01)
  red_tests  025_004_multi_channel_fan_in_long_poll_01  (base: 025_001_long_polling_endpoint_01)
  red_tests  039_002_nested_path_addressed_record_diff_01  (base: 039_001_diff_generator_for_record_lists_01)
  red_tests  039_003_ordered_record_diff_with_move_detection_01  (base: 039_001_diff_generator_for_record_lists_01)
  red_tests  039_004_three_way_record_merge_with_conflict_detection_01  (base: 039_001_diff_generator_for_record_lists_01)
  red_tests  626_002_pre_aggregated_rollup_time_series_db_01  (base: 626_001_mini_prometheus_like_time_series_db_01)
  red_tests  626_003_reset_aware_counter_time_series_db_01  (base: 626_001_mini_prometheus_like_time_series_db_01)
  red_tests  626_004_sharded_concurrent_time_series_db_01  (base: 626_001_mini_prometheus_like_time_series_db_01)
  red_compile  016_002_cursor_based_list_pagination_01  (base: 016_001_paginated_list_endpoint_01)
  red_compile  016_003_validated_sortable_filterable_list_pagination_01  (base: 016_001_paginated_list_endpoint_01)
  red_compile  016_004_concurrent_ets_backed_list_pagination_with_page_clamping_01  (base: 016_001_paginated_list_endpoint_01)
  red_tests  023_002_in_flight_coalescing_idempotent_payments_01  (base: 023_001_idempotent_post_endpoint_01)
  red_tests  023_003_fingerprint_conflict_idempotent_payments_01  (base: 023_001_idempotent_post_endpoint_01)
  red_tests  023_004_lru_bounded_idempotent_payments_01  (base: 023_001_idempotent_post_endpoint_01)
  red_compile  018_002_trash_and_purge_soft_delete_with_retention_window_01  (base: 018_001_crud_with_soft_delete_01)
  red_compile  018_003_cascading_archive_tree_with_origin_aware_restore_01  (base: 018_001_crud_with_soft_delete_01)
  red_compile  018_004_optimistic_concurrency_soft_delete_with_version_guards_01  (base: 018_001_crud_with_soft_delete_01)
  red_tests  095_002_weighted_allocation_money_module_01  (base: 095_001_multi_currency_money_module_01)
  red_tests  095_003_currency_precision_money_module_01  (base: 095_001_multi_currency_money_module_01)
  red_tests  095_004_multi_currency_money_with_fx_conversion_01  (base: 095_001_multi_currency_money_module_01)
  red_tests  101_002_sliding_window_distinct_cardinality_counter_01  (base: 101_001_sliding_window_counter_01)
  red_tests  101_003_weighted_sliding_sum_counter_01  (base: 101_001_sliding_window_counter_01)
  red_tests  101_004_sliding_window_threshold_alerter_01  (base: 101_001_sliding_window_counter_01)
  red_tests  077_002_deletable_interval_tree_01  (base: 077_001_interval_tree_for_overlapping_range_queries_01)
  red_tests  077_003_concurrent_interval_registry_01  (base: 077_001_interval_tree_for_overlapping_range_queries_01)
  red_tests  077_004_max_overlap_interval_tree_01  (base: 077_001_interval_tree_for_overlapping_range_queries_01)
  red_tests  002_002_rolling_window_error_rate_cb_01  (base: 002_001_circuit_breaker_01)
  red_tests  002_003_progressive_recovery_cb_01  (base: 002_001_circuit_breaker_01)
  red_tests  002_004_leaky_bucket_failure_cb_01  (base: 002_001_circuit_breaker_01)
  red_tests  041_002_lfu_cache_backed_by_ets_01  (base: 041_001_lru_cache_backed_by_ets_01)
  red_tests  041_003_sharded_lru_cache_with_consistent_key_routing_01  (base: 041_001_lru_cache_backed_by_ets_01)
  red_tests  041_004_weight_aware_cost_bounded_lru_cache_01  (base: 041_001_lru_cache_backed_by_ets_01)
  red_tests  031_002_jsonl_importer_with_schema_validation_01  (base: 031_001_csv_importer_with_validation_and_error_report_01)
  red_tests  031_003_csv_loader_with_type_coercion_and_enriched_schema_01  (base: 031_001_csv_importer_with_validation_and_error_report_01)
  red_tests  031_004_logfmt_record_validator_with_hand_written_parser_01  (base: 031_001_csv_importer_with_validation_and_error_report_01)
  red_tests  109_002_data_flow_task_runner_01  (base: 109_001_task_dependency_resolver_and_executor_01)
  red_tests  109_003_fail_fast_task_runner_with_skip_propagation_01  (base: 109_001_task_dependency_resolver_and_executor_01)
  red_tests  109_004_bounded_concurrency_task_scheduler_01  (base: 109_001_task_dependency_resolver_and_executor_01)
  red_tests  063_002_quorum_first_n_concurrent_fetcher_01  (base: 063_001_concurrent_data_fetcher_with_timeout_01)
  red_tests  063_003_fallback_chain_concurrent_fetcher_01  (base: 063_001_concurrent_data_fetcher_with_timeout_01)
  red_tests  063_004_bounded_concurrency_concurrent_fetcher_01  (base: 063_001_concurrent_data_fetcher_with_timeout_01)
  red_tests  040_002_provenance_tracking_layered_config_merger_01  (base: 040_001_configuration_merger_with_override_rules_01)
  red_tests  040_003_stateful_layered_config_store_genserver_01  (base: 040_001_configuration_merger_with_override_rules_01)
  red_tests  040_004_conflict_detecting_strict_config_merger_01  (base: 040_001_configuration_merger_with_override_rules_01)
  red_tests  045_002_multivariate_a_b_c_feature_flag_store_01  (base: 045_001_ets_based_feature_flag_store_01)
  red_tests  045_003_versioned_feature_flag_store_with_rollback_01  (base: 045_001_ets_based_feature_flag_store_01)
  red_tests  045_004_dependency_aware_feature_flag_store_01  (base: 045_001_ets_based_feature_flag_store_01)
  red_tests  064_002_fault_tolerant_result_tagged_work_stealing_queue_01  (base: 064_001_work_stealing_task_queue_01)
  red_tests  064_003_priority_aware_work_stealing_queue_01  (base: 064_001_work_stealing_task_queue_01)
  red_tests  064_004_instrumented_work_stealing_queue_with_steal_metrics_01  (base: 064_001_work_stealing_task_queue_01)
  red_tests  032_002_csv_to_ecto_batch_ingestion_with_changeset_validation_01  (base: 032_001_json_to_ecto_bulk_ingestion_pipeline_01)
  red_tests  032_003_jsonl_streaming_ingestion_with_parallel_batch_processing_01  (base: 032_001_json_to_ecto_bulk_ingestion_pipeline_01)
  red_tests  032_004_multi_table_json_ingestion_with_type_discriminator_routing_01  (base: 032_001_json_to_ecto_bulk_ingestion_pipeline_01)
  red_tests  011_002_priority_worker_pool_with_starvation_prevention_01  (base: 011_001_bounded_mailbox_worker_pool_01)
  red_tests  011_003_cancellable_worker_pool_01  (base: 011_001_bounded_mailbox_worker_pool_01)
  red_tests  011_004_worker_pool_with_per_task_timeouts_and_retry_01  (base: 011_001_bounded_mailbox_worker_pool_01)
  red_tests  073_002_savepoint_stack_nested_transaction_cleaner_01  (base: 073_001_database_cleaner_for_integration_tests_01)
  red_tests  073_003_sandbox_ownership_cleaner_for_async_tests_01  (base: 073_001_database_cleaner_for_integration_tests_01)
  red_tests  073_004_fk_dependency_ordered_deletion_cleaner_01  (base: 073_001_database_cleaner_for_integration_tests_01)
  red_tests  108_002_bidirectional_multimap_many_to_many_01  (base: 108_001_bidirectional_map_genserver_01)
  red_tests  108_003_capacity_bounded_bimap_with_lru_eviction_01  (base: 108_001_bidirectional_map_genserver_01)
  red_tests  108_004_priority_resolved_bimap_01  (base: 108_001_bidirectional_map_genserver_01)
  red_tests  080_002_weighted_critical_path_dag_scheduler_01  (base: 080_001_directed_acyclic_graph_with_topological_sort_01)
  red_tests  080_003_mutable_dag_with_cycle_diagnostics_and_parallel_layers_01  (base: 080_001_directed_acyclic_graph_with_topological_sort_01)
  red_tests  080_004_concurrent_dag_registry_genserver_01  (base: 080_001_directed_acyclic_graph_with_topological_sort_01)
  red_tests  020_002_content_addressable_deduplicating_upload_01  (base: 020_001_file_upload_with_validation_01)
  red_tests  020_003_per_tenant_quota_enforced_upload_01  (base: 020_001_file_upload_with_validation_01)
  red_tests  020_004_asynchronous_validation_pipeline_upload_01  (base: 020_001_file_upload_with_validation_01)
  red_tests  003_002_gcra_01  (base: 003_001_leaky_bucket_token_dispenser_01)
  red_tests  003_003_lease_based_bucket_01  (base: 003_001_leaky_bucket_token_dispenser_01)
  red_tests  003_004_shared_pool_bucket_01  (base: 003_001_leaky_bucket_token_dispenser_01)
  red_tests  005_002_priorityeventbus_01  (base: 005_001_pubsub_event_bus_01)
  red_tests  005_003_replayeventbus_01  (base: 005_001_pubsub_event_bus_01)
  red_tests  005_004_filteredeventbus_01  (base: 005_001_pubsub_event_bus_01)
  red_tests  042_002_failure_aware_write_through_cache_with_negative_caching_01  (base: 042_001_ets_based_write_through_cache_layer_01)
  red_tests  042_003_true_write_through_cache_with_backing_store_propagation_01  (base: 042_001_ets_based_write_through_cache_layer_01)
  red_tests  042_004_single_flight_non_blocking_write_through_cache_01  (base: 042_001_ets_based_write_through_cache_layer_01)
  red_tests  076_002_compressed_radix_trie_with_path_compression_01  (base: 076_001_trie_01)
  red_tests  076_003_weighted_autocomplete_trie_with_top_k_ranking_01  (base: 076_001_trie_01)
  red_tests  076_004_wildcard_pattern_matching_trie_01  (base: 076_001_trie_01)
  red_tests  087_002_deny_override_policy_list_access_control_01  (base: 087_001_permission_system_with_role_based_access_01)
  red_tests  087_003_multi_role_grant_with_wildcard_permissions_01  (base: 087_001_permission_system_with_role_based_access_01)
  red_tests  087_004_genserver_role_graph_registry_with_runtime_grants_01  (base: 087_001_permission_system_with_role_based_access_01)
  red_tests  012_002_subscription_lifecycle_event_sourced_aggregate_01  (base: 012_001_event_sourced_aggregate_01)
  red_tests  012_003_inventory_stock_event_sourced_aggregate_01  (base: 012_001_event_sourced_aggregate_01)
  red_tests  012_004_task_tracker_event_sourced_aggregate_01  (base: 012_001_event_sourced_aggregate_01)
  red_tests  034_002_cardinality_classifying_multi_key_reconciler_01  (base: 034_001_data_reconciliation_engine_01)
  red_tests  034_003_rule_driven_tolerant_reconciler_with_compiled_config_01  (base: 034_001_data_reconciliation_engine_01)
  red_tests  034_004_incremental_streaming_reconciler_genserver_01  (base: 034_001_data_reconciliation_engine_01)
  red_tests  038_002_materialized_path_tree_annotator_01  (base: 038_001_tree_structure_builder_from_flat_list_01)
  red_tests  038_003_incremental_streaming_tree_builder_01  (base: 038_001_tree_structure_builder_from_flat_list_01)
  red_tests  038_004_diagnostic_tree_validator_with_best_effort_repair_01  (base: 038_001_tree_structure_builder_from_flat_list_01)
  red_tests  065_002_retrying_saga_coordinator_01  (base: 065_001_saga_compensating_transaction_coordinator_01)
  red_tests  065_003_parallel_stage_saga_coordinator_01  (base: 065_001_saga_compensating_transaction_coordinator_01)
  red_tests  065_004_policy_driven_saga_coordinator_01  (base: 065_001_saga_compensating_transaction_coordinator_01)
  red_tests  107_002_keyed_event_aggregator_with_per_key_batching_01  (base: 107_001_event_aggregator_with_flushing_01)
  red_tests  107_003_weighted_event_aggregator_with_byte_budget_01  (base: 107_001_event_aggregator_with_flushing_01)
  red_tests  107_004_debounced_event_aggregator_with_max_wait_01  (base: 107_001_event_aggregator_with_flushing_01)
  red_tests  099_002_redaction_with_match_count_reporting_01  (base: 099_001_data_masking_for_logs_01)
  red_tests  099_003_per_field_masking_strategies_01  (base: 099_001_data_masking_for_logs_01)
  red_tests  099_004_concurrent_masking_server_with_runtime_patterns_01  (base: 099_001_data_masking_for_logs_01)
  red_tests  070_002_pivot_step_saga_with_forward_recovery_01  (base: 070_001_saga_compensating_transaction_coordinator_01)
  red_tests  070_003_nested_sub_saga_composition_01  (base: 070_001_saga_compensating_transaction_coordinator_01)
  red_tests  070_004_resumable_journaled_saga_01  (base: 070_001_saga_compensating_transaction_coordinator_01)
  red_tests  089_002_stackable_promo_code_system_01  (base: 089_001_promo_code_system_01)
  red_tests  089_003_tiered_promo_code_system_01  (base: 089_001_promo_code_system_01)
  red_tests  089_004_budget_capped_promo_code_system_01  (base: 089_001_promo_code_system_01)
  red_tests  075_002_recursive_json_value_generators_with_bounded_depth_01  (base: 075_001_property_based_test_generators_01)
  red_tests  075_003_stateful_command_sequence_generators_01  (base: 075_001_property_based_test_generators_01)
  red_tests  075_004_schema_driven_generator_interpreter_01  (base: 075_001_property_based_test_generators_01)
  red_tests  096_002_schema_driven_nested_params_sanitizer_01  (base: 096_001_input_sanitizer_module_01)
  red_tests  096_003_stateful_sanitizer_server_with_policy_and_metrics_01  (base: 096_001_input_sanitizer_module_01)
  red_tests  096_004_reporting_sanitizer_with_strict_and_lenient_modes_01  (base: 096_001_input_sanitizer_module_01)
  red_tests  021_002_media_type_content_negotiation_with_quality_values_01  (base: 021_001_versioned_api_with_content_negotiation_01)
  red_tests  021_003_url_path_versioning_with_downgrade_migration_chain_01  (base: 021_001_versioned_api_with_content_negotiation_01)
  red_tests  021_004_versioned_api_with_deprecation_sunset_lifecycle_01  (base: 021_001_versioned_api_with_content_negotiation_01)
  red_tests  086_002_tiered_bracket_cart_with_shipping_thresholds_01  (base: 086_001_shopping_cart_with_price_calculations_01)
  red_tests  086_003_coupon_stacking_cart_with_order_level_discounts_01  (base: 086_001_shopping_cart_with_price_calculations_01)
  red_tests  086_004_concurrent_genserver_backed_cart_01  (base: 086_001_shopping_cart_with_price_calculations_01)

=== ADAPT RED-GATE (249 measured pair(s), logs/adapt_redgate.jsonl) ===
  %{"red_compile" => 12, "red_tests" => 237}
  mintable (RED under variation harness): 249

