FAIL [:gold_is_parent, :one_line_bug]  tasks/bugfix_001_003_hierarchical_limiter_01  (bug fails 12/12, diff=199 line)
FAIL [:gold_is_parent, :one_line_bug]  tasks/bugfix_001_003_hierarchical_limiter_02  (bug fails 9/12, diff=199 line)
FAIL [:gold_is_parent, :one_line_bug]  tasks/bugfix_001_003_hierarchical_limiter_03  (bug fails 12/12, diff=199 line)
FAIL [:gold_is_parent, :one_line_bug]  tasks/bugfix_010_004_rolling_window_quota_tracker_01  (bug fails 27/27, diff=186 line)
FAIL [:gold_is_parent, :one_line_bug]  tasks/bugfix_010_004_rolling_window_quota_tracker_02  (bug fails 5/27, diff=186 line)
FAIL [:gold_is_parent, :one_line_bug]  tasks/bugfix_010_004_rolling_window_quota_tracker_03  (bug fails 5/27, diff=186 line)
FAIL [:gold_is_parent, :one_line_bug]  tasks/bugfix_012_002_subscription_lifecycle_event_sourced_aggregate_01  (bug fails 25/25, diff=34 line)
FAIL [:gold_is_parent, :one_line_bug]  tasks/bugfix_012_002_subscription_lifecycle_event_sourced_aggregate_02  (bug fails 23/25, diff=34 line)
FAIL [:gold_is_parent, :one_line_bug]  tasks/bugfix_012_002_subscription_lifecycle_event_sourced_aggregate_03  (bug fails 9/25, diff=34 line)
FAIL [:gold_is_parent, :one_line_bug]  tasks/bugfix_013_002_timeout_guarded_retry_worker_01  (bug fails 24/24, diff=117 line)
FAIL [:gold_is_parent, :one_line_bug]  tasks/bugfix_013_002_timeout_guarded_retry_worker_02  (bug fails 10/24, diff=117 line)
FAIL [:gold_is_parent, :one_line_bug]  tasks/bugfix_013_002_timeout_guarded_retry_worker_03  (bug fails 10/24, diff=117 line)
FAIL [:gold_is_parent, :one_line_bug]  tasks/bugfix_014_001_priority_queue_processor_01  (bug fails 16/16, diff=192 line)
FAIL [:gold_is_parent, :one_line_bug]  tasks/bugfix_014_001_priority_queue_processor_02  (bug fails 10/16, diff=192 line)
FAIL [:gold_is_parent, :one_line_bug]  tasks/bugfix_014_004_concurrent_priority_queue_with_configurable_parallelism_01  (bug fails 21/21, diff=232 line)
FAIL [:gold_is_parent, :one_line_bug]  tasks/bugfix_014_004_concurrent_priority_queue_with_configurable_parallelism_02  (bug fails 2/21, diff=232 line)
** (MatchError) no match of right hand side value:

    :timeout_or_crash

    scripts/audit_bugfix.exs:43: anonymous fn/2 in :elixir_compiler_2.__FILE__/1
    (elixir 1.20.2) lib/enum.ex:1725: Enum."-map/2-lists^map/1-1-"/2
    (elixir 1.20.2) lib/enum.ex:1725: Enum."-map/2-lists^map/1-1-"/2
    scripts/audit_bugfix.exs:22: (file)
