PASS  tasks/bugfix_001_003_hierarchical_limiter_01  (bug fails 12/12, diff=1 line)
PASS  tasks/bugfix_001_003_hierarchical_limiter_02  (bug fails 9/12, diff=1 line)
PASS  tasks/bugfix_001_003_hierarchical_limiter_03  (bug fails 12/12, diff=1 line)
PASS  tasks/bugfix_010_004_rolling_window_quota_tracker_01  (bug fails 27/27, diff=1 line)
PASS  tasks/bugfix_010_004_rolling_window_quota_tracker_02  (bug fails 4/27, diff=1 line)
PASS  tasks/bugfix_010_004_rolling_window_quota_tracker_03  (bug fails 4/27, diff=1 line)
PASS  tasks/bugfix_012_002_subscription_lifecycle_event_sourced_aggregate_01  (bug fails 25/25, diff=1 line)
PASS  tasks/bugfix_012_002_subscription_lifecycle_event_sourced_aggregate_02  (bug fails 23/25, diff=1 line)
PASS  tasks/bugfix_012_002_subscription_lifecycle_event_sourced_aggregate_03  (bug fails 10/25, diff=1 line)
PASS  tasks/bugfix_013_002_timeout_guarded_retry_worker_01  (bug fails 24/24, diff=1 line)
PASS  tasks/bugfix_013_002_timeout_guarded_retry_worker_02  (bug fails 1/24, diff=1 line)
PASS  tasks/bugfix_013_002_timeout_guarded_retry_worker_03  (bug fails 8/24, diff=1 line)
PASS  tasks/bugfix_014_001_priority_queue_processor_01  (bug fails 16/16, diff=1 line)
PASS  tasks/bugfix_014_001_priority_queue_processor_02  (bug fails 10/16, diff=1 line)
PASS  tasks/bugfix_014_004_concurrent_priority_queue_with_configurable_parallelism_01  (bug fails 21/21, diff=1 line)
PASS  tasks/bugfix_014_004_concurrent_priority_queue_with_configurable_parallelism_02  (bug fails 1/21, diff=1 line)
PASS  tasks/bugfix_014_004_concurrent_priority_queue_with_configurable_parallelism_03  (bug fails 1/21, diff=1 line)
PASS  tasks/bugfix_016_002_cursor_based_list_pagination_01  (bug fails 6/15, diff=1 line)
PASS  tasks/bugfix_016_002_cursor_based_list_pagination_02  (bug fails 1/15, diff=1 line)
PASS  tasks/bugfix_016_002_cursor_based_list_pagination_03  (bug fails 3/15, diff=1 line)
PASS  tasks/bugfix_016_003_validated_sortable_filterable_list_pagination_01  (bug fails 16/17, diff=1 line)
PASS  tasks/bugfix_016_003_validated_sortable_filterable_list_pagination_02  (bug fails 8/17, diff=1 line)
PASS  tasks/bugfix_016_003_validated_sortable_filterable_list_pagination_03  (bug fails 2/17, diff=1 line)
PASS  tasks/bugfix_017_002_keyset_cursor_pagination_search_01  (bug fails 16/17, diff=1 line)
PASS  tasks/bugfix_017_002_keyset_cursor_pagination_search_02  (bug fails 12/17, diff=1 line)
PASS  tasks/bugfix_017_002_keyset_cursor_pagination_search_03  (bug fails 5/17, diff=1 line)
PASS  tasks/bugfix_019_002_dependency_ordered_bulk_create_with_cascade_skip_01  (bug fails 6/17, diff=1 line)
PASS  tasks/bugfix_019_002_dependency_ordered_bulk_create_with_cascade_skip_02  (bug fails 6/17, diff=1 line)
PASS  tasks/bugfix_019_002_dependency_ordered_bulk_create_with_cascade_skip_03  (bug fails 5/17, diff=1 line)
PASS  tasks/bugfix_023_001_idempotent_post_endpoint_01  (bug fails 24/24, diff=1 line)
PASS  tasks/bugfix_023_001_idempotent_post_endpoint_02  (bug fails 1/24, diff=1 line)
PASS  tasks/bugfix_023_001_idempotent_post_endpoint_03  (bug fails 1/24, diff=1 line)
PASS  tasks/bugfix_023_003_fingerprint_conflict_idempotent_payments_01  (bug fails 19/19, diff=1 line)
PASS  tasks/bugfix_023_003_fingerprint_conflict_idempotent_payments_02  (bug fails 7/19, diff=1 line)
PASS  tasks/bugfix_023_003_fingerprint_conflict_idempotent_payments_03  (bug fails 1/19, diff=1 line)
PASS  tasks/bugfix_031_002_jsonl_importer_with_schema_validation_01  (bug fails 1/40, diff=1 line)
PASS  tasks/bugfix_031_002_jsonl_importer_with_schema_validation_02  (bug fails 18/40, diff=1 line)
PASS  tasks/bugfix_031_002_jsonl_importer_with_schema_validation_03  (bug fails 3/40, diff=1 line)
PASS  tasks/bugfix_033_001_log_file_analyzer_01  (bug fails 19/19, diff=1 line)
PASS  tasks/bugfix_033_001_log_file_analyzer_02  (bug fails 11/19, diff=1 line)
PASS  tasks/bugfix_033_001_log_file_analyzer_03  (bug fails 2/19, diff=1 line)
PASS  tasks/bugfix_033_002_metrics_file_aggregator_01  (bug fails 23/23, diff=1 line)
PASS  tasks/bugfix_033_002_metrics_file_aggregator_02  (bug fails 23/23, diff=1 line)
PASS  tasks/bugfix_033_002_metrics_file_aggregator_03  (bug fails 2/23, diff=1 line)
warning: using map.field notation (without parentheses) to invoke function :regular.requests_by_method() is deprecated, you must add parentheses instead: remote.function()
  .gen_staging/accept_audit/test_harness.exs:80: AccessLogAnalyzerTest."test requests_by_method counts are correct"/1
  (ex_unit 1.20.2) lib/ex_unit/runner.ex:533: ExUnit.Runner.exec_test/2
  (stdlib 8.0.2) timer.erl:599: :timer.tc/2
  (ex_unit 1.20.2) lib/ex_unit/runner.ex:455: anonymous fn/6 in ExUnit.Runner.spawn_test_monitor/4

warning: using map.field notation (without parentheses) to invoke function :regular.requests_by_status() is deprecated, you must add parentheses instead: remote.function()
  .gen_staging/accept_audit/test_harness.exs:88: AccessLogAnalyzerTest."test requests_by_status counts are correct"/1
  (ex_unit 1.20.2) lib/ex_unit/runner.ex:533: ExUnit.Runner.exec_test/2
  (stdlib 8.0.2) timer.erl:599: :timer.tc/2
  (ex_unit 1.20.2) lib/ex_unit/runner.ex:455: anonymous fn/6 in ExUnit.Runner.spawn_test_monitor/4

warning: using map.field notation (without parentheses) to invoke function :regular.top_paths() is deprecated, you must add parentheses instead: remote.function()
  .gen_staging/accept_audit/test_harness.exs:99: AccessLogAnalyzerTest."test top_paths sorted by frequency then alphabetically"/1
  (ex_unit 1.20.2) lib/ex_unit/runner.ex:533: ExUnit.Runner.exec_test/2
  (stdlib 8.0.2) timer.erl:599: :timer.tc/2
  (ex_unit 1.20.2) lib/ex_unit/runner.ex:455: anonymous fn/6 in ExUnit.Runner.spawn_test_monitor/4

warning: using map.field notation (without parentheses) to invoke function :regular.top_paths() is deprecated, you must add parentheses instead: remote.function()
  .gen_staging/accept_audit/test_harness.exs:108: AccessLogAnalyzerTest."test top_paths contains at most 10 entries"/1
  (ex_unit 1.20.2) lib/ex_unit/runner.ex:533: ExUnit.Runner.exec_test/2
  (stdlib 8.0.2) timer.erl:599: :timer.tc/2
  (ex_unit 1.20.2) lib/ex_unit/runner.ex:455: anonymous fn/6 in ExUnit.Runner.spawn_test_monitor/4

warning: using map.field notation (without parentheses) to invoke function :regular.avg_duration() is deprecated, you must add parentheses instead: remote.function()
  .gen_staging/accept_audit/test_harness.exs:114: AccessLogAnalyzerTest."test avg_duration is correct"/1
  (ex_unit 1.20.2) lib/ex_unit/runner.ex:533: ExUnit.Runner.exec_test/2
  (stdlib 8.0.2) timer.erl:599: :timer.tc/2
  (ex_unit 1.20.2) lib/ex_unit/runner.ex:455: anonymous fn/6 in ExUnit.Runner.spawn_test_monitor/4

warning: using map.field notation (without parentheses) to invoke function :regular.max_duration() is deprecated, you must add parentheses instead: remote.function()
  .gen_staging/accept_audit/test_harness.exs:118: AccessLogAnalyzerTest."test max_duration picks the slowest request"/1
  (ex_unit 1.20.2) lib/ex_unit/runner.ex:533: ExUnit.Runner.exec_test/2
  (stdlib 8.0.2) timer.erl:599: :timer.tc/2
  (ex_unit 1.20.2) lib/ex_unit/runner.ex:455: anonymous fn/6 in ExUnit.Runner.spawn_test_monitor/4

warning: using map.field notation (without parentheses) to invoke function :regular.error_rate() is deprecated, you must add parentheses instead: remote.function()
  .gen_staging/accept_audit/test_harness.exs:123: AccessLogAnalyzerTest."test error_rate counts status >= 400"/1
  (ex_unit 1.20.2) lib/ex_unit/runner.ex:533: ExUnit.Runner.exec_test/2
  (stdlib 8.0.2) timer.erl:599: :timer.tc/2
  (ex_unit 1.20.2) lib/ex_unit/runner.ex:455: anonymous fn/6 in ExUnit.Runner.spawn_test_monitor/4

warning: using map.field notation (without parentheses) to invoke function :regular.malformed_count() is deprecated, you must add parentheses instead: remote.function()
  .gen_staging/accept_audit/test_harness.exs:127: AccessLogAnalyzerTest."test malformed count is correct"/1
  (ex_unit 1.20.2) lib/ex_unit/runner.ex:533: ExUnit.Runner.exec_test/2
  (stdlib 8.0.2) timer.erl:599: :timer.tc/2
  (ex_unit 1.20.2) lib/ex_unit/runner.ex:455: anonymous fn/6 in ExUnit.Runner.spawn_test_monitor/4

warning: using map.field notation (without parentheses) to invoke function :regular.time_range() is deprecated, you must add parentheses instead: remote.function()
  .gen_staging/accept_audit/test_harness.exs:134: AccessLogAnalyzerTest."test time range covers first and last valid timestamps"/1
  (ex_unit 1.20.2) lib/ex_unit/runner.ex:533: ExUnit.Runner.exec_test/2
  (stdlib 8.0.2) timer.erl:599: :timer.tc/2
  (ex_unit 1.20.2) lib/ex_unit/runner.ex:455: anonymous fn/6 in ExUnit.Runner.spawn_test_monitor/4

warning: using map.field notation (without parentheses) to invoke function :regular.requests_per_minute() is deprecated, you must add parentheses instead: remote.function()
  .gen_staging/accept_audit/test_harness.exs:140: AccessLogAnalyzerTest."test requests_per_minute buckets are correct"/1
  (ex_unit 1.20.2) lib/ex_unit/runner.ex:533: ExUnit.Runner.exec_test/2
  (stdlib 8.0.2) timer.erl:599: :timer.tc/2
  (ex_unit 1.20.2) lib/ex_unit/runner.ex:455: anonymous fn/6 in ExUnit.Runner.spawn_test_monitor/4

warning: using map.field notation (without parentheses) to invoke function :regular.requests_by_method() is deprecated, you must add parentheses instead: remote.function()
  .gen_staging/accept_audit/test_harness.exs:160: AccessLogAnalyzerTest."test empty file returns zero counts"/1
  (ex_unit 1.20.2) lib/ex_unit/runner.ex:533: ExUnit.Runner.exec_test/2
  (stdlib 8.0.2) timer.erl:599: :timer.tc/2
  (ex_unit 1.20.2) lib/ex_unit/runner.ex:455: anonymous fn/6 in ExUnit.Runner.spawn_test_monitor/4

warning: using map.field notation (without parentheses) to invoke function :regular.malformed_count() is deprecated, you must add parentheses instead: remote.function()
  .gen_staging/accept_audit/test_harness.exs:177: AccessLogAnalyzerTest."test file with only blank lines returns zero counts"/1
  (ex_unit 1.20.2) lib/ex_unit/runner.ex:533: ExUnit.Runner.exec_test/2
  (stdlib 8.0.2) timer.erl:599: :timer.tc/2
  (ex_unit 1.20.2) lib/ex_unit/runner.ex:455: anonymous fn/6 in ExUnit.Runner.spawn_test_monitor/4

warning: using map.field notation (without parentheses) to invoke function :regular.malformed_count() is deprecated, you must add parentheses instead: remote.function()
  .gen_staging/accept_audit/test_harness.exs:187: AccessLogAnalyzerTest."test file with only malformed lines"/1
  (ex_unit 1.20.2) lib/ex_unit/runner.ex:533: ExUnit.Runner.exec_test/2
  (stdlib 8.0.2) timer.erl:599: :timer.tc/2
  (ex_unit 1.20.2) lib/ex_unit/runner.ex:455: anonymous fn/6 in ExUnit.Runner.spawn_test_monitor/4

warning: using map.field notation (without parentheses) to invoke function :regular.requests_by_method() is deprecated, you must add parentheses instead: remote.function()
  .gen_staging/accept_audit/test_harness.exs:202: AccessLogAnalyzerTest."test single valid line produces consistent report"/1
  (ex_unit 1.20.2) lib/ex_unit/runner.ex:533: ExUnit.Runner.exec_test/2
  (stdlib 8.0.2) timer.erl:599: :timer.tc/2
  (ex_unit 1.20.2) lib/ex_unit/runner.ex:455: anonymous fn/6 in ExUnit.Runner.spawn_test_monitor/4

warning: using map.field notation (without parentheses) to invoke function :regular.max_duration() is deprecated, you must add parentheses instead: remote.function()
  .gen_staging/accept_audit/test_harness.exs:223: AccessLogAnalyzerTest."test max_duration tie is broken alphabetically by path"/1
  (ex_unit 1.20.2) lib/ex_unit/runner.ex:533: ExUnit.Runner.exec_test/2
  (stdlib 8.0.2) timer.erl:599: :timer.tc/2
  (ex_unit 1.20.2) lib/ex_unit/runner.ex:455: anonymous fn/6 in ExUnit.Runner.spawn_test_monitor/4

warning: using map.field notation (without parentheses) to invoke function :regular.top_paths() is deprecated, you must add parentheses instead: remote.function()
  .gen_staging/accept_audit/test_harness.exs:238: AccessLogAnalyzerTest."test top_paths caps at 10 distinct paths"/1
  (ex_unit 1.20.2) lib/ex_unit/runner.ex:533: ExUnit.Runner.exec_test/2
  (stdlib 8.0.2) timer.erl:599: :timer.tc/2
  (ex_unit 1.20.2) lib/ex_unit/runner.ex:455: anonymous fn/6 in ExUnit.Runner.spawn_test_monitor/4

warning: using map.field notation (without parentheses) to invoke function :regular.malformed_count() is deprecated, you must add parentheses instead: remote.function()
  .gen_staging/accept_audit/test_harness.exs:257: AccessLogAnalyzerTest."test status_code as float is malformed"/1
  (ex_unit 1.20.2) lib/ex_unit/runner.ex:533: ExUnit.Runner.exec_test/2
  (stdlib 8.0.2) timer.erl:599: :timer.tc/2
  (ex_unit 1.20.2) lib/ex_unit/runner.ex:455: anonymous fn/6 in ExUnit.Runner.spawn_test_monitor/4

warning: using map.field notation (without parentheses) to invoke function :regular.requests_per_minute() is deprecated, you must add parentheses instead: remote.function()
  .gen_staging/accept_audit/test_harness.exs:273: AccessLogAnalyzerTest."test requests_per_minute spans multiple calendar days"/1
  (ex_unit 1.20.2) lib/ex_unit/runner.ex:533: ExUnit.Runner.exec_test/2
  (stdlib 8.0.2) timer.erl:599: :timer.tc/2
  (ex_unit 1.20.2) lib/ex_unit/runner.ex:455: anonymous fn/6 in ExUnit.Runner.spawn_test_monitor/4

warning: using map.field notation (without parentheses) to invoke function :regular.malformed_count() is deprecated, you must add parentheses instead: remote.function()
  .gen_staging/accept_audit/test_harness.exs:299: AccessLogAnalyzerTest."test line whose timestamp is not ISO 8601 is counted as malformed"/1
  (ex_unit 1.20.2) lib/ex_unit/runner.ex:533: ExUnit.Runner.exec_test/2
  (stdlib 8.0.2) timer.erl:599: :timer.tc/2
  (ex_unit 1.20.2) lib/ex_unit/runner.ex:455: anonymous fn/6 in ExUnit.Runner.spawn_test_monitor/4

warning: using map.field notation (without parentheses) to invoke function :regular.malformed_count() is deprecated, you must add parentheses instead: remote.function()
  .gen_staging/accept_audit/test_harness.exs:318: AccessLogAnalyzerTest."test valid JSON whose top-level value is not an object is malformed"/1
  (ex_unit 1.20.2) lib/ex_unit/runner.ex:533: ExUnit.Runner.exec_test/2
  (stdlib 8.0.2) timer.erl:599: :timer.tc/2
  (ex_unit 1.20.2) lib/ex_unit/runner.ex:455: anonymous fn/6 in ExUnit.Runner.spawn_test_monitor/4

warning: using map.field notation (without parentheses) to invoke function :regular.malformed_count() is deprecated, you must add parentheses instead: remote.function()
  .gen_staging/accept_audit/test_harness.exs:345: AccessLogAnalyzerTest."test non-string method or path makes the line malformed"/1
  (ex_unit 1.20.2) lib/ex_unit/runner.ex:533: ExUnit.Runner.exec_test/2
  (stdlib 8.0.2) timer.erl:599: :timer.tc/2
  (ex_unit 1.20.2) lib/ex_unit/runner.ex:455: anonymous fn/6 in ExUnit.Runner.spawn_test_monitor/4

warning: using map.field notation (without parentheses) to invoke function :regular.malformed_count() is deprecated, you must add parentheses instead: remote.function()
  .gen_staging/accept_audit/test_harness.exs:373: AccessLogAnalyzerTest."test non-numeric duration_ms is malformed while integer duration_ms is valid"/1
  (ex_unit 1.20.2) lib/ex_unit/runner.ex:533: ExUnit.Runner.exec_test/2
  (stdlib 8.0.2) timer.erl:599: :timer.tc/2
  (ex_unit 1.20.2) lib/ex_unit/runner.ex:455: anonymous fn/6 in ExUnit.Runner.spawn_test_monitor/4

warning: using map.field notation (without parentheses) to invoke function :regular.error_rate() is deprecated, you must add parentheses instead: remote.function()
  .gen_staging/accept_audit/test_harness.exs:391: AccessLogAnalyzerTest."test error_rate treats status_code exactly 400 as an error and 399 as success"/1
  (ex_unit 1.20.2) lib/ex_unit/runner.ex:533: ExUnit.Runner.exec_test/2
  (stdlib 8.0.2) timer.erl:599: :timer.tc/2
  (ex_unit 1.20.2) lib/ex_unit/runner.ex:455: anonymous fn/6 in ExUnit.Runner.spawn_test_monitor/4

PASS  tasks/bugfix_033_003_http_access_log_analyzer_01  (bug fails 23/25, diff=1 line)
PASS  tasks/bugfix_033_003_http_access_log_analyzer_02  (bug fails 1/25, diff=1 line)
PASS  tasks/bugfix_033_003_http_access_log_analyzer_03  (bug fails 1/25, diff=1 line)
PASS  tasks/bugfix_033_004_financial_transaction_analyzer_01  (bug fails 23/23, diff=1 line)
PASS  tasks/bugfix_033_004_financial_transaction_analyzer_02  (bug fails 1/23, diff=1 line)
PASS  tasks/bugfix_033_004_financial_transaction_analyzer_03  (bug fails 1/23, diff=1 line)
PASS  tasks/bugfix_035_001_time_series_resampler_01  (bug fails 22/23, diff=1 line)
PASS  tasks/bugfix_035_001_time_series_resampler_02  (bug fails 19/23, diff=1 line)
PASS  tasks/bugfix_035_001_time_series_resampler_03  (bug fails 21/23, diff=1 line)
PASS  tasks/bugfix_035_003_streaming_watermark_resampler_01  (bug fails 16/17, diff=1 line)
PASS  tasks/bugfix_035_003_streaming_watermark_resampler_02  (bug fails 1/17, diff=1 line)
PASS  tasks/bugfix_035_003_streaming_watermark_resampler_03  (bug fails 15/17, diff=1 line)
PASS  tasks/bugfix_035_004_counter_rate_resampler_01  (bug fails 13/19, diff=1 line)
PASS  tasks/bugfix_035_004_counter_rate_resampler_02  (bug fails 2/19, diff=1 line)
PASS  tasks/bugfix_035_004_counter_rate_resampler_03  (bug fails 12/19, diff=1 line)
PASS  tasks/bugfix_037_004_stateful_concurrent_consistent_pseudonymizer_01  (bug fails 12/14, diff=1 line)
PASS  tasks/bugfix_037_004_stateful_concurrent_consistent_pseudonymizer_02  (bug fails 13/14, diff=1 line)
PASS  tasks/bugfix_037_004_stateful_concurrent_consistent_pseudonymizer_03  (bug fails 5/14, diff=1 line)
PASS  tasks/bugfix_040_001_configuration_merger_with_override_rules_01  (bug fails 8/26, diff=1 line)
PASS  tasks/bugfix_040_001_configuration_merger_with_override_rules_02  (bug fails 23/26, diff=1 line)
PASS  tasks/bugfix_040_002_provenance_tracking_layered_config_merger_01  (bug fails 3/19, diff=1 line)
PASS  tasks/bugfix_040_002_provenance_tracking_layered_config_merger_02  (bug fails 8/19, diff=1 line)
PASS  tasks/bugfix_040_003_stateful_layered_config_store_genserver_01  (bug fails 17/17, diff=1 line)
PASS  tasks/bugfix_040_003_stateful_layered_config_store_genserver_02  (bug fails 14/17, diff=1 line)
PASS  tasks/bugfix_040_003_stateful_layered_config_store_genserver_03  (bug fails 2/17, diff=1 line)
PASS  tasks/bugfix_041_001_lru_cache_backed_by_ets_01  (bug fails 18/28, diff=1 line)
PASS  tasks/bugfix_041_001_lru_cache_backed_by_ets_02  (bug fails 1/28, diff=1 line)
PASS  tasks/bugfix_041_001_lru_cache_backed_by_ets_03  (bug fails 22/28, diff=1 line)
PASS  tasks/bugfix_044_001_ets_based_metrics_collector_01  (bug fails 30/30, diff=1 line)
PASS  tasks/bugfix_044_001_ets_based_metrics_collector_02  (bug fails 4/30, diff=1 line)
PASS  tasks/bugfix_044_001_ets_based_metrics_collector_03  (bug fails 18/30, diff=1 line)
PASS  tasks/bugfix_062_004_batch_pipeline_with_error_collection_01  (bug fails 8/15, diff=1 line)
PASS  tasks/bugfix_062_004_batch_pipeline_with_error_collection_02  (bug fails 12/15, diff=1 line)
PASS  tasks/bugfix_062_004_batch_pipeline_with_error_collection_03  (bug fails 5/15, diff=1 line)
PASS  tasks/bugfix_073_001_database_cleaner_for_integration_tests_01  (bug fails 5/26, diff=1 line)
PASS  tasks/bugfix_073_001_database_cleaner_for_integration_tests_02  (bug fails 2/26, diff=1 line)
PASS  tasks/bugfix_073_001_database_cleaner_for_integration_tests_03  (bug fails 1/26, diff=1 line)
PASS  tasks/bugfix_077_001_interval_tree_for_overlapping_range_queries_01  (bug fails 33/45, diff=1 line)
PASS  tasks/bugfix_077_001_interval_tree_for_overlapping_range_queries_02  (bug fails 7/45, diff=1 line)
PASS  tasks/bugfix_077_001_interval_tree_for_overlapping_range_queries_03  (bug fails 21/45, diff=1 line)
PASS  tasks/bugfix_077_002_deletable_interval_tree_01  (bug fails 5/25, diff=1 line)
PASS  tasks/bugfix_077_002_deletable_interval_tree_02  (bug fails 13/25, diff=1 line)
PASS  tasks/bugfix_077_002_deletable_interval_tree_03  (bug fails 5/25, diff=1 line)
PASS  tasks/bugfix_077_003_concurrent_interval_registry_01  (bug fails 22/25, diff=1 line)
PASS  tasks/bugfix_077_003_concurrent_interval_registry_02  (bug fails 18/25, diff=1 line)
PASS  tasks/bugfix_077_003_concurrent_interval_registry_03  (bug fails 2/25, diff=1 line)
PASS  tasks/bugfix_095_001_multi_currency_money_module_01  (bug fails 3/34, diff=1 line)
PASS  tasks/bugfix_095_001_multi_currency_money_module_02  (bug fails 1/34, diff=1 line)
PASS  tasks/bugfix_095_001_multi_currency_money_module_03  (bug fails 3/34, diff=1 line)
PASS  tasks/bugfix_095_004_multi_currency_money_with_fx_conversion_01  (bug fails 11/27, diff=1 line)
PASS  tasks/bugfix_095_004_multi_currency_money_with_fx_conversion_02  (bug fails 1/27, diff=1 line)
PASS  tasks/bugfix_095_004_multi_currency_money_with_fx_conversion_03  (bug fails 1/27, diff=1 line)
PASS  tasks/bugfix_097_001_password_policy_enforcer_01  (bug fails 7/23, diff=1 line)
PASS  tasks/bugfix_097_001_password_policy_enforcer_02  (bug fails 5/23, diff=1 line)
PASS  tasks/bugfix_097_001_password_policy_enforcer_03  (bug fails 9/23, diff=1 line)
PASS  tasks/bugfix_099_001_data_masking_for_logs_01  (bug fails 2/27, diff=1 line)
PASS  tasks/bugfix_099_001_data_masking_for_logs_02  (bug fails 2/27, diff=1 line)
PASS  tasks/bugfix_099_001_data_masking_for_logs_03  (bug fails 3/27, diff=1 line)
PASS  tasks/bugfix_107_001_event_aggregator_with_flushing_01  (bug fails 1/14, diff=1 line)
PASS  tasks/bugfix_107_001_event_aggregator_with_flushing_02  (bug fails 5/14, diff=1 line)
PASS  tasks/bugfix_107_001_event_aggregator_with_flushing_03  (bug fails 14/14, diff=1 line)
PASS  tasks/bugfix_109_002_data_flow_task_runner_01  (bug fails 17/19, diff=1 line)
PASS  tasks/bugfix_109_002_data_flow_task_runner_02  (bug fails 1/19, diff=1 line)
PASS  tasks/bugfix_109_002_data_flow_task_runner_03  (bug fails 19/19, diff=1 line)
PASS  tasks/bugfix_624_002_merge_commit_dag_with_topological_log_and_merge_base_01  (bug fails 20/20, diff=1 line)
PASS  tasks/bugfix_624_002_merge_commit_dag_with_topological_log_and_merge_base_02  (bug fails 5/20, diff=1 line)
PASS  tasks/bugfix_624_002_merge_commit_dag_with_topological_log_and_merge_base_03  (bug fails 18/20, diff=1 line)
PASS  tasks/bugfix_625_003_lifecycle_ttl_object_store_with_lazy_expiration_01  (bug fails 30/30, diff=1 line)
PASS  tasks/bugfix_625_003_lifecycle_ttl_object_store_with_lazy_expiration_02  (bug fails 27/30, diff=1 line)
PASS  tasks/bugfix_625_003_lifecycle_ttl_object_store_with_lazy_expiration_03  (bug fails 4/30, diff=1 line)
PASS  tasks/bugfix_626_004_sharded_concurrent_time_series_db_01  (bug fails 40/40, diff=1 line)
PASS  tasks/bugfix_626_004_sharded_concurrent_time_series_db_02  (bug fails 1/40, diff=1 line)
PASS  tasks/bugfix_626_004_sharded_concurrent_time_series_db_03  (bug fails 3/40, diff=1 line)

117/117 accepted units verified on every property
