PASS  tasks/bugfix_015_001_heartbeat_monitor_01  (bug fails 9/21, diff=1 line)
PASS  tasks/bugfix_015_001_heartbeat_monitor_02  (bug fails 6/21, diff=1 line)
PASS  tasks/bugfix_015_001_heartbeat_monitor_03  (bug fails 7/21, diff=1 line)
PASS  tasks/bugfix_032_002_csv_to_ecto_batch_ingestion_with_changeset_validation_01  (bug fails 6/8, diff=1 line)
PASS  tasks/bugfix_032_002_csv_to_ecto_batch_ingestion_with_changeset_validation_02  (bug fails 6/8, diff=1 line)
PASS  tasks/bugfix_032_002_csv_to_ecto_batch_ingestion_with_changeset_validation_03  (bug fails 6/8, diff=1 line)
PASS  tasks/bugfix_044_004_sliding_window_rate_metrics_collector_01  (bug fails 21/21, diff=1 line)
PASS  tasks/bugfix_044_004_sliding_window_rate_metrics_collector_02  (bug fails 4/21, diff=1 line)
PASS  tasks/bugfix_044_004_sliding_window_rate_metrics_collector_03  (bug fails 5/21, diff=1 line)
PASS  tasks/bugfix_073_003_sandbox_ownership_cleaner_for_async_tests_01  (bug fails 1/16, diff=1 line)
PASS  tasks/bugfix_073_003_sandbox_ownership_cleaner_for_async_tests_02  (bug fails 7/16, diff=1 line)
PASS  tasks/bugfix_073_003_sandbox_ownership_cleaner_for_async_tests_03  (bug fails 9/16, diff=1 line)
PASS  tasks/bugfix_077_004_max_overlap_interval_tree_01  (bug fails 26/29, diff=1 line)
PASS  tasks/bugfix_077_004_max_overlap_interval_tree_02  (bug fails 26/29, diff=1 line)
PASS  tasks/bugfix_077_004_max_overlap_interval_tree_03  (bug fails 8/29, diff=1 line)
PASS  tasks/bugfix_100_002_provisioning_uri_driven_multi_algorithm_totp_verifier_01  (bug fails 49/53, diff=1 line)
PASS  tasks/bugfix_100_002_provisioning_uri_driven_multi_algorithm_totp_verifier_02  (bug fails 26/53, diff=1 line)
PASS  tasks/bugfix_100_002_provisioning_uri_driven_multi_algorithm_totp_verifier_03  (bug fails 1/53, diff=1 line)
PASS  tasks/bugfix_102_002_optimistic_concurrency_persisted_state_machine_01  (bug fails 16/16, diff=1 line)
PASS  tasks/bugfix_102_002_optimistic_concurrency_persisted_state_machine_02  (bug fails 11/16, diff=1 line)
PASS  tasks/bugfix_102_002_optimistic_concurrency_persisted_state_machine_03  (bug fails 10/16, diff=1 line)
PASS  tasks/bugfix_102_003_auto_expiring_persisted_state_machine_01  (bug fails 19/19, diff=1 line)
PASS  tasks/bugfix_102_003_auto_expiring_persisted_state_machine_02  (bug fails 16/19, diff=1 line)
PASS  tasks/bugfix_102_003_auto_expiring_persisted_state_machine_03  (bug fails 12/19, diff=1 line)
PASS  tasks/bugfix_102_004_threshold_approval_persisted_state_machine_01  (bug fails 18/18, diff=1 line)
PASS  tasks/bugfix_102_004_threshold_approval_persisted_state_machine_02  (bug fails 6/18, diff=1 line)
PASS  tasks/bugfix_102_004_threshold_approval_persisted_state_machine_03  (bug fails 15/18, diff=1 line)
PASS  tasks/bugfix_625_003_lifecycle_ttl_object_store_with_lazy_expiration_01  (bug fails 30/30, diff=1 line)
PASS  tasks/bugfix_625_003_lifecycle_ttl_object_store_with_lazy_expiration_02  (bug fails 27/30, diff=1 line)
PASS  tasks/bugfix_625_003_lifecycle_ttl_object_store_with_lazy_expiration_03  (bug fails 4/30, diff=1 line)

30/30 accepted units verified on every property
