closing gaps in 40 family(ies), sequential, ledger logs/close_gaps.jsonl

[1/40] 004_003_retryscheduler_01 ... applied
[2/40] 009_003_retry_aware_request_deduplicator_01 ... applied
[3/40] 011_003_cancellable_worker_pool_01 ... warning: Range.new/2 and first..last default to a step of -1 when last < first. Use Range.new(first, last, -1) or first..last//-1, or pass 1 if that was your intention
  /tmp/gaps_1043393_19716.ex:60: CancellablePool.init/1
  (stdlib 8.0.2) gen_server.erl:2276: :gen_server.init_it/2
  (stdlib 8.0.2) gen_server.erl:2236: :gen_server.init_it/6
  (stdlib 8.0.2) proc_lib.erl:333: :proc_lib.init_p_do_apply/3

warning: Range.new/2 and first..last default to a step of -1 when last < first. Use Range.new(first, last, -1) or first..last//-1, or pass 1 if that was your intention
  /tmp/gaps_1043393_21828.ex:60: CancellablePool.init/1
  (stdlib 8.0.2) gen_server.erl:2276: :gen_server.init_it/2
  (stdlib 8.0.2) gen_server.erl:2236: :gen_server.init_it/6
  (stdlib 8.0.2) proc_lib.erl:333: :proc_lib.init_p_do_apply/3

applied
[4/40] 020_004_asynchronous_validation_pipeline_upload_01 ... warning: using map.field notation (without parentheses) to invoke function :not_found.id() is deprecated, you must add parentheses instead: remote.function()
  /tmp/gaps_1043393_386.ex:212: FileUpload.Router.status_body/1
  /tmp/gaps_1043393_386.ex:144: anonymous fn/3 in FileUpload.Router.do_match/4
  deps/plug/lib/plug/router.ex:263: anonymous fn/4 in FileUpload.Router.dispatch/2
  (telemetry 1.4.1) /home/kamil/projects/elixir-sft-dataset/deps/telemetry/src/telemetry.erl:359: :telemetry.span/3
  deps/plug/lib/plug/router.ex:259: FileUpload.Router.dispatch/2
  /tmp/gaps_1043393_386.ex:122: FileUpload.Router.plug_builder_call/2
  .gen_staging/gaps_020_004_asynchronous_validation_pipeline_upload_01/test_harness.exs:172: FileUploadTest."test GET on unknown id returns 404"/1
  (ex_unit 1.20.2) lib/ex_unit/runner.ex:533: ExUnit.Runner.exec_test/2
  (stdlib 8.0.2) timer.erl:599: :timer.tc/2
  (ex_unit 1.20.2) lib/ex_unit/runner.ex:455: anonymous fn/6 in ExUnit.Runner.spawn_test_monitor/4

warning: using map.field notation (without parentheses) to invoke function :not_found.id() is deprecated, you must add parentheses instead: remote.function()
  /tmp/gaps_1043393_1474.ex:212: FileUpload.Router.status_body/1
  /tmp/gaps_1043393_1474.ex:144: anonymous fn/3 in FileUpload.Router.do_match/4
  deps/plug/lib/plug/router.ex:263: anonymous fn/4 in FileUpload.Router.dispatch/2
  (telemetry 1.4.1) /home/kamil/projects/elixir-sft-dataset/deps/telemetry/src/telemetry.erl:359: :telemetry.span/3
  deps/plug/lib/plug/router.ex:259: FileUpload.Router.dispatch/2
  /tmp/gaps_1043393_1474.ex:122: FileUpload.Router.plug_builder_call/2
  .gen_staging/gaps_020_004_asynchronous_validation_pipeline_upload_01/test_harness.exs:172: FileUploadTest."test GET on unknown id returns 404"/1
  (ex_unit 1.20.2) lib/ex_unit/runner.ex:533: ExUnit.Runner.exec_test/2
  (stdlib 8.0.2) timer.erl:599: :timer.tc/2
  (ex_unit 1.20.2) lib/ex_unit/runner.ex:455: anonymous fn/6 in ExUnit.Runner.spawn_test_monitor/4

warning: using map.field notation (without parentheses) to invoke function :not_found.id() is deprecated, you must add parentheses instead: remote.function()
  /tmp/gaps_1043393_3138.ex:212: FileUpload.Router.status_body/1
  /tmp/gaps_1043393_3138.ex:144: anonymous fn/3 in FileUpload.Router.do_match/4
  deps/plug/lib/plug/router.ex:263: anonymous fn/4 in FileUpload.Router.dispatch/2
  (telemetry 1.4.1) /home/kamil/projects/elixir-sft-dataset/deps/telemetry/src/telemetry.erl:359: :telemetry.span/3
  deps/plug/lib/plug/router.ex:259: FileUpload.Router.dispatch/2
  /tmp/gaps_1043393_3138.ex:122: FileUpload.Router.plug_builder_call/2
  .gen_staging/gaps_020_004_asynchronous_validation_pipeline_upload_01/test_harness.exs:181: FileUploadTest."test GET on unknown id returns 404"/1
  (ex_unit 1.20.2) lib/ex_unit/runner.ex:533: ExUnit.Runner.exec_test/2
  (stdlib 8.0.2) timer.erl:599: :timer.tc/2
  (ex_unit 1.20.2) lib/ex_unit/runner.ex:455: anonymous fn/6 in ExUnit.Runner.spawn_test_monitor/4

warning: using map.field notation (without parentheses) to invoke function :not_found.id() is deprecated, you must add parentheses instead: remote.function()
  /tmp/gaps_1043393_4226.ex:212: FileUpload.Router.status_body/1
  /tmp/gaps_1043393_4226.ex:144: anonymous fn/3 in FileUpload.Router.do_match/4
  deps/plug/lib/plug/router.ex:263: anonymous fn/4 in FileUpload.Router.dispatch/2
  (telemetry 1.4.1) /home/kamil/projects/elixir-sft-dataset/deps/telemetry/src/telemetry.erl:359: :telemetry.span/3
  deps/plug/lib/plug/router.ex:259: FileUpload.Router.dispatch/2
  /tmp/gaps_1043393_4226.ex:122: FileUpload.Router.plug_builder_call/2
  .gen_staging/gaps_020_004_asynchronous_validation_pipeline_upload_01/test_harness.exs:181: FileUploadTest."test GET on unknown id returns 404"/1
  (ex_unit 1.20.2) lib/ex_unit/runner.ex:533: ExUnit.Runner.exec_test/2
  (stdlib 8.0.2) timer.erl:599: :timer.tc/2
  (ex_unit 1.20.2) lib/ex_unit/runner.ex:455: anonymous fn/6 in ExUnit.Runner.spawn_test_monitor/4

rejected — INCONCLUSIVE: blind solver failed only PRE-EXISTING tests (update_status on unknown id returns error) — solver-weak this attempt; retry the family
[5/40] 022_003_etag_versioned_nested_membership_with_optimistic_concurrency_01 ... 
17:47:46.928 [warning] usage limit / out of credits on variation_blind_solve (gaps_blind_022_003_etag_versioned_nested_membership_with_optimistic_concurrency_01) — waiting 900000ms (attempt 1, ~0 min waited so far)

18:02:48.805 [warning] usage limit / out of credits on variation_blind_solve (gaps_blind_022_003_etag_versioned_nested_membership_with_optimistic_concurrency_01) — waiting 900000ms (attempt 2, ~15 min waited so far)

18:17:51.497 [warning] usage limit / out of credits on variation_blind_solve (gaps_blind_022_003_etag_versioned_nested_membership_with_optimistic_concurrency_01) — waiting 900000ms (attempt 3, ~30 min waited so far)

18:32:53.341 [warning] usage limit / out of credits on variation_blind_solve (gaps_blind_022_003_etag_versioned_nested_membership_with_optimistic_concurrency_01) — waiting 900000ms (attempt 4, ~45 min waited so far)

18:47:55.132 [warning] usage limit / out of credits on variation_blind_solve (gaps_blind_022_003_etag_versioned_nested_membership_with_optimistic_concurrency_01) — waiting 900000ms (attempt 5, ~60 min waited so far)

19:02:57.013 [warning] usage limit / out of credits on variation_blind_solve (gaps_blind_022_003_etag_versioned_nested_membership_with_optimistic_concurrency_01) — waiting 900000ms (attempt 6, ~75 min waited so far)
applied
[6/40] 024_004_ordered_stream_webhook_receiver_with_gap_buffering_01 ... applied
[7/40] 025_004_multi_channel_fan_in_long_poll_01 ... rejected — blind solver fails ADDED test(s) — either the added test pins more than the prompt states (the gap finding may be wrong) or the solver slipped on documented behavior (rule 10 — hand-check before retrying). Failing: omitting :timeout_ms keeps the connection open well past a short wait
[8/40] 032_001_json_to_ecto_bulk_ingestion_pipeline_01 ... rejected — blind solver fails ADDED test(s) — either the added test pins more than the prompt states (the gap finding may be wrong) or the solver slipped on documented behavior (rule 10 — hand-check before retrying). Failing: returning: false credits every processed row to :inserted with :updated at 0; returning: false counts conflicting rows as inserted rather than updated
[9/40] 035_002_multi_series_aligned_resampler_01 ... applied
[10/40] 035_004_counter_rate_resampler_01 ... applied
[11/40] 037_003_reversible_tokenization_vault_anonymizer_01 ... applied
[12/40] 039_004_three_way_record_merge_with_conflict_detection_01 ... applied
[13/40] 041_001_lru_cache_backed_by_ets_01 ... applied
[14/40] 044_004_sliding_window_rate_metrics_collector_01 ... applied
[15/40] 045_001_ets_based_feature_flag_store_01 ... rejected — reference not green vs new harness: tests failed
[16/40] 045_002_multivariate_a_b_c_feature_flag_store_01 ... rejected — blind solver fails ADDED test(s) — either the added test pins more than the prompt states (the gap finding may be wrong) or the solver slipped on documented behavior (rule 10 — hand-check before retrying). Failing: :table_name option makes the store use that ETS table instead of the default
[17/40] 062_002_retryable_pipeline_with_per_stage_retry_policies_01 ... applied
[18/40] 070_003_nested_sub_saga_composition_01 ... applied
[19/40] 071_004_validation_aware_factory_with_compensating_rollback_01 ... rejected — blind solve did not COMPILE (solver defect) — retry the family
[20/40] 073_003_sandbox_ownership_cleaner_for_async_tests_01 ... applied
[21/40] 075_001_property_based_test_generators_01 ... applied
[22/40] 080_003_mutable_dag_with_cycle_diagnostics_and_parallel_layers_01 ... applied
[23/40] 086_004_concurrent_genserver_backed_cart_01 ... rejected — house/harness lint: only 9 test(s) — the harness needs at least 12 (max of 3 and the 12 public function(s))
[24/40] 089_001_promo_code_system_01 ... warning: using map.field notation (without parentheses) to invoke function :invalid_type.code() is deprecated, you must add parentheses instead: remote.function()
  /tmp/gaps_1043393_67970.ex:39: PromoCodes.handle_call/3
  (stdlib 8.0.2) gen_server.erl:2470: :gen_server.try_handle_call/4
  (stdlib 8.0.2) gen_server.erl:2499: :gen_server.handle_msg/3
  (stdlib 8.0.2) proc_lib.erl:333: :proc_lib.init_p_do_apply/3

warning: using map.field notation (without parentheses) to invoke function :invalid_type.code() is deprecated, you must add parentheses instead: remote.function()
  /tmp/gaps_1043393_68354.ex:39: PromoCodes.handle_call/3
  (stdlib 8.0.2) gen_server.erl:2470: :gen_server.try_handle_call/4
  (stdlib 8.0.2) gen_server.erl:2499: :gen_server.handle_msg/3
  (stdlib 8.0.2) proc_lib.erl:333: :proc_lib.init_p_do_apply/3

warning: using map.field notation (without parentheses) to invoke function :invalid_type.code() is deprecated, you must add parentheses instead: remote.function()
  /tmp/gaps_1043393_70722.ex:39: PromoCodes.handle_call/3
  (stdlib 8.0.2) gen_server.erl:2470: :gen_server.try_handle_call/4
  (stdlib 8.0.2) gen_server.erl:2499: :gen_server.handle_msg/3
  (stdlib 8.0.2) proc_lib.erl:333: :proc_lib.init_p_do_apply/3

warning: using map.field notation (without parentheses) to invoke function :invalid_type.code() is deprecated, you must add parentheses instead: remote.function()
  /tmp/gaps_1043393_71106.ex:39: PromoCodes.handle_call/3
  (stdlib 8.0.2) gen_server.erl:2470: :gen_server.try_handle_call/4
  (stdlib 8.0.2) gen_server.erl:2499: :gen_server.handle_msg/3
  (stdlib 8.0.2) proc_lib.erl:333: :proc_lib.init_p_do_apply/3

applied
[25/40] 095_003_currency_precision_money_module_01 ... warning: Range.new/2 and first..last default to a step of -1 when last < first. Use Range.new(first, last, -1) or first..last//-1, or pass 1 if that was your intention
  /tmp/gaps_1043393_74562.ex:74: Money.split/2
  .gen_staging/gaps_095_003_currency_precision_money_module_01/test_harness.exs:108: anonymous fn/3 in MoneyTest."test split/2 always sums back to the original amount"/1
  (elixir 1.20.2) lib/enum.ex:4659: Enum.reduce/3
  (elixir 1.20.2) lib/enum.ex:2622: Enum."-reduce/3-lists^foldl/2-0-"/3
  .gen_staging/gaps_095_003_currency_precision_money_module_01/test_harness.exs:107: MoneyTest."test split/2 always sums back to the original amount"/1
  (ex_unit 1.20.2) lib/ex_unit/runner.ex:533: ExUnit.Runner.exec_test/2
  (stdlib 8.0.2) timer.erl:599: :timer.tc/2
  (ex_unit 1.20.2) lib/ex_unit/runner.ex:455: anonymous fn/6 in ExUnit.Runner.spawn_test_monitor/4

warning: Range.new/2 and first..last default to a step of -1 when last < first. Use Range.new(first, last, -1) or first..last//-1, or pass 1 if that was your intention
  /tmp/gaps_1043393_74690.ex:74: Money.split/2
  .gen_staging/gaps_095_003_currency_precision_money_module_01/test_harness.exs:108: anonymous fn/3 in MoneyTest."test split/2 always sums back to the original amount"/1
  (elixir 1.20.2) lib/enum.ex:4659: Enum.reduce/3
  (elixir 1.20.2) lib/enum.ex:2622: Enum."-reduce/3-lists^foldl/2-0-"/3
  .gen_staging/gaps_095_003_currency_precision_money_module_01/test_harness.exs:107: MoneyTest."test split/2 always sums back to the original amount"/1
  (ex_unit 1.20.2) lib/ex_unit/runner.ex:533: ExUnit.Runner.exec_test/2
  (stdlib 8.0.2) timer.erl:599: :timer.tc/2
  (ex_unit 1.20.2) lib/ex_unit/runner.ex:455: anonymous fn/6 in ExUnit.Runner.spawn_test_monitor/4

warning: Range.new/2 and first..last default to a step of -1 when last < first. Use Range.new(first, last, -1) or first..last//-1, or pass 1 if that was your intention
  /tmp/gaps_1043393_76994.ex:74: Money.split/2
  .gen_staging/gaps_095_003_currency_precision_money_module_01/test_harness.exs:108: anonymous fn/3 in MoneyTest."test split/2 always sums back to the original amount"/1
  (elixir 1.20.2) lib/enum.ex:4659: Enum.reduce/3
  (elixir 1.20.2) lib/enum.ex:2622: Enum."-reduce/3-lists^foldl/2-0-"/3
  .gen_staging/gaps_095_003_currency_precision_money_module_01/test_harness.exs:107: MoneyTest."test split/2 always sums back to the original amount"/1
  (ex_unit 1.20.2) lib/ex_unit/runner.ex:533: ExUnit.Runner.exec_test/2
  (stdlib 8.0.2) timer.erl:599: :timer.tc/2
  (ex_unit 1.20.2) lib/ex_unit/runner.ex:455: anonymous fn/6 in ExUnit.Runner.spawn_test_monitor/4

warning: Range.new/2 and first..last default to a step of -1 when last < first. Use Range.new(first, last, -1) or first..last//-1, or pass 1 if that was your intention
  /tmp/gaps_1043393_77122.ex:74: Money.split/2
  .gen_staging/gaps_095_003_currency_precision_money_module_01/test_harness.exs:108: anonymous fn/3 in MoneyTest."test split/2 always sums back to the original amount"/1
  (elixir 1.20.2) lib/enum.ex:4659: Enum.reduce/3
  (elixir 1.20.2) lib/enum.ex:2622: Enum."-reduce/3-lists^foldl/2-0-"/3
  .gen_staging/gaps_095_003_currency_precision_money_module_01/test_harness.exs:107: MoneyTest."test split/2 always sums back to the original amount"/1
  (ex_unit 1.20.2) lib/ex_unit/runner.ex:533: ExUnit.Runner.exec_test/2
  (stdlib 8.0.2) timer.erl:599: :timer.tc/2
  (ex_unit 1.20.2) lib/ex_unit/runner.ex:455: anonymous fn/6 in ExUnit.Runner.spawn_test_monitor/4

applied
[26/40] 098_004_replay_protected_single_use_token_01 ... applied
[27/40] 100_004_stateful_totp_vault_genserver_with_replay_protection_01 ... warning: Range.new/2 and first..last default to a step of -1 when last < first. Use Range.new(first, last, -1) or first..last//-1, or pass 1 if that was your intention
  /tmp/gaps_1043393_84610.ex:130: TOTPVault.match_step/4
  /tmp/gaps_1043393_84610.ex:97: TOTPVault.handle_call/3
  (stdlib 8.0.2) gen_server.erl:2470: :gen_server.try_handle_call/4
  (stdlib 8.0.2) gen_server.erl:2499: :gen_server.handle_msg/3
  (stdlib 8.0.2) proc_lib.erl:333: :proc_lib.init_p_do_apply/3

warning: Range.new/2 and first..last default to a step of -1 when last < first. Use Range.new(first, last, -1) or first..last//-1, or pass 1 if that was your intention
  /tmp/gaps_1043393_87362.ex:130: TOTPVault.match_step/4
  /tmp/gaps_1043393_87362.ex:97: TOTPVault.handle_call/3
  (stdlib 8.0.2) gen_server.erl:2470: :gen_server.try_handle_call/4
  (stdlib 8.0.2) gen_server.erl:2499: :gen_server.handle_msg/3
  (stdlib 8.0.2) proc_lib.erl:333: :proc_lib.init_p_do_apply/3

rejected — blind solve did not COMPILE (solver defect) — retry the family
[28/40] 101_002_sliding_window_distinct_cardinality_counter_01 ... applied
[29/40] 103_002_backoff_scheduled_retry_dead_letter_queue_01 ... applied
[30/40] 103_003_deduplicating_dead_letter_queue_01 ... applied
[31/40] 104_002_health_validated_connection_pool_01 ... rejected — reference not green vs new harness: tests failed
[32/40] 104_003_overflow_connection_pool_01 ... rejected — house/harness lint: only 9 test(s) — the harness needs at least 11 (max of 3 and the 11 public function(s))
[33/40] 105_002_leading_trailing_edge_debouncer_01 ... rejected — INCONCLUSIVE: blind solver failed only PRE-EXISTING tests (leading edge runs the first func immediately and nothing else; both edges fire leading immediately and trailing at the end) — solver-weak this attempt; retry the family
[34/40] 106_002_grace_count_watchdog_timer_01 ... rejected — blind solve did not COMPILE (solver defect) — retry the family
[35/40] 107_001_event_aggregator_with_flushing_01 ... applied
[36/40] 110_001_rolling_percentile_calculator_01 ... rejected — blind solver fails ADDED test(s) — either the added test pins more than the prompt states (the gap finding may be wrong) or the solver slipped on documented behavior (rule 10 — hand-check before retrying). Failing: count limit still trims when a time window is also configured; time expiry still applies when a count limit is also configured; count trimming and time expiry compose on the same series
[37/40] 110_004_time_decay_weighted_rolling_percentile_01 ... rejected — reference not green vs new harness: tests failed
[38/40] 623_001_mini_elasticsearch_like_inverted_index_01 ... applied
[39/40] 624_001_mini_git_like_object_store_01 ... applied
[40/40] 626_003_reset_aware_counter_time_series_db_01 ... applied

=== CLOSE-GAPS LEDGER (53 row(s)) === %{"applied" => 35, "rejected" => 18}
  021_002_media_type_content_negotiation_with_quality_values_01: 0.89 → 0.94 (+5 test(s) for 2 gap(s))
  015_001_heartbeat_monitor_01: 0.9 → 0.9 (+3 test(s) for 1 gap(s))
  031_001_csv_importer_with_validation_and_error_report_01: 0.77 → 0.77 (+1 test(s) for 1 gap(s))
  034_003_rule_driven_tolerant_reconciler_with_compiled_config_01: 0.91 → 0.91 (+7 test(s) for 2 gap(s))
  043_001_ets_based_leaderboard_01: 0.8 → 0.87 (+5 test(s) for 1 gap(s))
  079_002_counting_bloom_filter_01: 0.63 → 0.7 (+3 test(s) for 1 gap(s))
  092_004_bayesian_weighted_rating_ranking_01: 0.94 → 0.94 (+2 test(s) for 2 gap(s))
  105_003_max_wait_debouncer_with_flush_and_cancel_01: 0.83 → 0.83 (+2 test(s) for 2 gap(s))
  011_002_priority_worker_pool_with_starvation_prevention_01: 0.79 → 0.96 (+3 test(s) for 2 gap(s))
  004_003_retryscheduler_01: 0.7 → 0.7 (+6 test(s) for 2 gap(s))
  009_003_retry_aware_request_deduplicator_01: 0.77 → 0.9 (+2 test(s) for 2 gap(s))
  011_003_cancellable_worker_pool_01: 0.77 → 0.9 (+3 test(s) for 2 gap(s))
  022_003_etag_versioned_nested_membership_with_optimistic_concurrency_01: 0.75 → 0.82 (+4 test(s) for 2 gap(s))
  024_004_ordered_stream_webhook_receiver_with_gap_buffering_01: 0.88 → 0.97 (+4 test(s) for 2 gap(s))
  035_002_multi_series_aligned_resampler_01: 0.63 → 0.92 (+5 test(s) for 2 gap(s))
  035_004_counter_rate_resampler_01: 0.9 → 0.9 (+1 test(s) for 1 gap(s))
  037_003_reversible_tokenization_vault_anonymizer_01: 0.67 → 1.0 (+4 test(s) for 1 gap(s))
  039_004_three_way_record_merge_with_conflict_detection_01: 0.84 → 0.92 (+3 test(s) for 2 gap(s))
  041_001_lru_cache_backed_by_ets_01: 0.46 → 0.54 (+6 test(s) for 1 gap(s))
  044_004_sliding_window_rate_metrics_collector_01: 0.69 → 0.69 (+3 test(s) for 1 gap(s))
  062_002_retryable_pipeline_with_per_stage_retry_policies_01: 0.83 → 0.83 (+2 test(s) for 1 gap(s))
  070_003_nested_sub_saga_composition_01: 0.87 → 0.87 (+2 test(s) for 2 gap(s))
  073_003_sandbox_ownership_cleaner_for_async_tests_01: 0.8 → 0.8 (+2 test(s) for 1 gap(s))
  075_001_property_based_test_generators_01: 1.0 → 1.0 (+5 test(s) for 2 gap(s))
  080_003_mutable_dag_with_cycle_diagnostics_and_parallel_layers_01: 1.0 → 1.0 (+4 test(s) for 1 gap(s))
  089_001_promo_code_system_01: 0.87 → 0.87 (+1 test(s) for 1 gap(s))
  095_003_currency_precision_money_module_01: 0.89 → 0.89 (+1 test(s) for 1 gap(s))
  098_004_replay_protected_single_use_token_01: 0.8 → 0.8 (+4 test(s) for 2 gap(s))
  101_002_sliding_window_distinct_cardinality_counter_01: 0.54 → 0.69 (+6 test(s) for 2 gap(s))
  103_002_backoff_scheduled_retry_dead_letter_queue_01: 0.63 → 0.66 (+3 test(s) for 2 gap(s))
  103_003_deduplicating_dead_letter_queue_01: 0.74 → 0.81 (+2 test(s) for 2 gap(s))
  107_001_event_aggregator_with_flushing_01: 0.53 → 0.76 (+4 test(s) for 2 gap(s))
  623_001_mini_elasticsearch_like_inverted_index_01: 0.56 → 0.59 (+2 test(s) for 1 gap(s))
  624_001_mini_git_like_object_store_01: 0.96 → 0.96 (+3 test(s) for 1 gap(s))
  626_003_reset_aware_counter_time_series_db_01: 0.69 → 0.72 (+2 test(s) for 2 gap(s))
