dialyzer golds: 332 root(s) — 326 to analyze, 0 already analyzed at this content+gate, 6 bundle-skipped (kit-tier staging is v2 — same scope as the retro audit) (PLT dialyxir_erlang-29.0.3_elixir-1.20.2_deps-dev.plt)
  [1/326] 001_001_rate_limiter_01 ... clean
  [2/326] 001_002_fixed_window_counter_01 ... clean
  [3/326] 001_003_hierarchical_limiter_01 ... clean
  [4/326] 001_004_penalty_escalation_01 ... clean
  [5/326] 002_001_circuit_breaker_01 ... clean
  [6/326] 002_002_rolling_window_error_rate_cb_01 ... clean
  [7/326] 002_003_progressive_recovery_cb_01 ... clean
  [8/326] 002_004_leaky_bucket_failure_cb_01 ... clean
  [9/326] 003_001_leaky_bucket_token_dispenser_01 ... clean
  [10/326] 003_002_gcra_01 ... clean
  [11/326] 003_003_lease_based_bucket_01 ... clean
  [12/326] 003_004_shared_pool_bucket_01 ... clean
  [13/326] 004_001_job_scheduler_with_cron_like_expressions_01 ... clean
  [14/326] 004_002_intervalscheduler_01 ... clean
  [15/326] 004_003_retryscheduler_01 ... clean
  [16/326] 004_004_calendarscheduler_01 ... clean
  [17/326] 005_001_pubsub_event_bus_01 ... clean
  [18/326] 005_002_priorityeventbus_01 ... clean
  [19/326] 005_003_replayeventbus_01 ... clean
  [20/326] 005_004_filteredeventbus_01 ... clean
  [21/326] 006_001_ttl_cache_with_lazy_expiration_01 ... clean
  [22/326] 006_002_lrucache_01 ... clean
  [23/326] 006_003_refreshaheadcache_01 ... clean
  [24/326] 006_004_swrcache_01 ... clean
  [25/326] 007_001_moving_average_calculator_01 ... clean
  [26/326] 007_002_weightedmovingaverage_01 ... clean
  [27/326] 007_003_streamingpercentile_01 ... clean
  [28/326] 007_004_cusumanomaly_01 ... clean
  [29/326] 008_001_distributed_counter_with_crdt_style_merge_01 ... clean
  [30/326] 008_002_lww_element_set_crdt_01 ... clean
  [31/326] 008_003_two_phase_set_crdt_01 ... clean
  [32/326] 008_004_observed_remove_set_crdt_01 ... clean
  [33/326] 009_001_request_deduplicator_coalescer_01 ... clean
  [34/326] 009_002_write_behind_batch_coalescer_01 ... clean
  [35/326] 009_003_retry_aware_request_deduplicator_01 ... clean
  [36/326] 009_004_per_key_bounded_concurrency_pool_01 ... clean
  [37/326] 010_001_session_store_with_inactivity_timeout_01 ... clean
  [38/326] 010_002_one_time_token_store_with_absolute_expiration_01 ... clean
  [39/326] 010_003_exclusive_lease_manager_with_ownership_01 ... clean
  [40/326] 010_004_rolling_window_quota_tracker_01 ... clean
  [41/326] 011_001_bounded_mailbox_worker_pool_01 ... clean
  [42/326] 011_002_priority_worker_pool_with_starvation_prevention_01 ... clean
  [43/326] 011_003_cancellable_worker_pool_01 ... clean
  [44/326] 011_004_worker_pool_with_per_task_timeouts_and_retry_01 ... clean
  [45/326] 012_001_event_sourced_aggregate_01 ... clean
  [46/326] 012_002_subscription_lifecycle_event_sourced_aggregate_01 ... clean
  [47/326] 012_003_inventory_stock_event_sourced_aggregate_01 ... clean
  [48/326] 012_004_task_tracker_event_sourced_aggregate_01 ... clean
  [49/326] 013_001_exponential_backoff_retry_worker_01 ... clean
  [50/326] 013_002_timeout_guarded_retry_worker_01 ... clean
  [51/326] 013_003_budget_constrained_retry_worker_with_decorrelated_jitter_01 ... clean
  [52/326] 013_004_classified_error_retry_worker_with_on_retry_callback_01 ... clean
  [53/326] 014_001_priority_queue_processor_01 ... clean
  [54/326] 014_002_expiring_priority_queue_with_per_task_ttl_01 ... clean
  [55/326] 014_003_cancellable_priority_queue_with_numeric_priorities_01 ... clean
  [56/326] 014_004_concurrent_priority_queue_with_configurable_parallelism_01 ... clean
  [57/326] 015_001_heartbeat_monitor_01 ... warnings — 7 subtype warning(s) filtered (private helper / any()-return rule)
  [58/326] 015_002_rolling_window_failure_rate_monitor_01 ... clean
  [59/326] 015_003_async_check_monitor_with_timeouts_01 ... clean
  [60/326] 015_004_monitor_with_maintenance_windows_and_pause_resume_01 ... clean
  [61/326] 016_002_cursor_based_list_pagination_01 ... clean
  [62/326] 016_003_validated_sortable_filterable_list_pagination_01 ... clean
  [63/326] 016_004_concurrent_ets_backed_list_pagination_with_page_clamping_01 ... warnings — 1 subtype warning(s) filtered (private helper / any()-return rule)
  [64/326] 017_002_keyset_cursor_pagination_search_01 ... clean
  [65/326] 017_003_faceted_search_with_facet_counts_01 ... clean
  [66/326] 017_004_relevance_ranked_full_text_search_01 ... clean
  [67/326] 018_002_trash_and_purge_soft_delete_with_retention_window_01 ... clean
  [68/326] 018_003_cascading_archive_tree_with_origin_aware_restore_01 ... clean
  [69/326] 018_004_optimistic_concurrency_soft_delete_with_version_guards_01 ... clean
  [70/326] 019_002_dependency_ordered_bulk_create_with_cascade_skip_01 ... clean
  [71/326] 019_003_bulk_upsert_with_conflict_resolution_policies_01 ... clean
  [72/326] 019_004_concurrent_bulk_create_with_bounded_concurrency_and_timeouts_01 ... clean
  [73/326] 020_001_file_upload_with_validation_01 ... clean
  [74/326] 020_002_content_addressable_deduplicating_upload_01 ... clean
  [75/326] 020_003_per_tenant_quota_enforced_upload_01 ... clean
  [76/326] 020_004_asynchronous_validation_pipeline_upload_01 ... clean
  [77/326] 021_002_media_type_content_negotiation_with_quality_values_01 ... warnings — 1 subtype warning(s) filtered (private helper / any()-return rule)
  [78/326] 021_003_url_path_versioning_with_downgrade_migration_chain_01 ... clean
  [79/326] 021_004_versioned_api_with_deprecation_sunset_lifecycle_01 ... warnings — 1 subtype warning(s) filtered (private helper / any()-return rule)
  [80/326] 022_001_nested_resource_endpoint_with_authorization_01 ... clean
  [81/326] 022_002_role_scoped_nested_membership_endpoint_01 ... warnings — 11 subtype warning(s) filtered (private helper / any()-return rule)
  [82/326] 022_003_etag_versioned_nested_membership_with_optimistic_concurrency_01 ... warnings — 10 subtype warning(s) filtered (private helper / any()-return rule)
  [83/326] 022_004_invitation_accept_decline_nested_membership_workflow_01 ... warnings — 17 subtype warning(s) filtered (private helper / any()-return rule)
  [84/326] 023_001_idempotent_post_endpoint_01 ... clean
  [85/326] 023_002_in_flight_coalescing_idempotent_payments_01 ... clean
  [86/326] 023_003_fingerprint_conflict_idempotent_payments_01 ... clean
  [87/326] 023_004_lru_bounded_idempotent_payments_01 ... clean
  [88/326] 024_001_webhook_receiver_with_signature_verification_01 ... clean
  [89/326] 024_002_replay_protected_timestamped_webhook_receiver_01 ... clean
  [90/326] 024_003_multi_provider_webhook_receiver_with_key_rotation_01 ... clean
  [91/326] 024_004_ordered_stream_webhook_receiver_with_gap_buffering_01 ... clean
  [92/326] 025_001_long_polling_endpoint_01 ... clean
  [93/326] 025_002_cursor_resumable_gap_free_long_poll_01 ... clean
  [94/326] 025_003_coalescing_batch_long_poll_with_linger_window_01 ... clean
  [95/326] 025_004_multi_channel_fan_in_long_poll_01 ... clean
  [96/326] 031_001_csv_importer_with_validation_and_error_report_01 ... clean
  [97/326] 031_002_jsonl_importer_with_schema_validation_01 ... clean
  [98/326] 031_003_csv_loader_with_type_coercion_and_enriched_schema_01 ... clean
  [99/326] 031_004_logfmt_record_validator_with_hand_written_parser_01 ... clean
  [100/326] 032_001_json_to_ecto_bulk_ingestion_pipeline_01 ... clean
  [101/326] 032_002_csv_to_ecto_batch_ingestion_with_changeset_validation_01 ... warnings — 4 subtype warning(s) filtered (private helper / any()-return rule)
  [102/326] 032_003_jsonl_streaming_ingestion_with_parallel_batch_processing_01 ... clean
  [103/326] 032_004_multi_table_json_ingestion_with_type_discriminator_routing_01 ... clean
  [104/326] 033_001_log_file_analyzer_01 ... clean
  [105/326] 033_002_metrics_file_aggregator_01 ... clean
  [106/326] 033_003_http_access_log_analyzer_01 ... clean
  [107/326] 033_004_financial_transaction_analyzer_01 ... clean
  [108/326] 034_001_data_reconciliation_engine_01 ... clean
  [109/326] 034_002_cardinality_classifying_multi_key_reconciler_01 ... clean
  [110/326] 034_003_rule_driven_tolerant_reconciler_with_compiled_config_01 ... clean
  [111/326] 034_004_incremental_streaming_reconciler_genserver_01 ... clean
  [112/326] 035_001_time_series_resampler_01 ... clean
  [113/326] 035_002_multi_series_aligned_resampler_01 ... clean
  [114/326] 035_003_streaming_watermark_resampler_01 ... clean
  [115/326] 035_004_counter_rate_resampler_01 ... clean
  [116/326] 036_001_markdown_to_structured_data_parser_01 ... clean
  [117/326] 036_002_hierarchical_heading_outline_parser_01 ... clean
  [118/326] 036_003_error_reporting_markdown_parser_with_line_diagnostics_01 ... clean
  [119/326] 036_004_gfm_table_parser_to_row_maps_01 ... clean
  [120/326] 037_001_data_anonymizer_01 ... clean
  [121/326] 037_002_path_addressed_nested_record_anonymizer_01 ... clean
  [122/326] 037_003_reversible_tokenization_vault_anonymizer_01 ... clean
  [123/326] 037_004_stateful_concurrent_consistent_pseudonymizer_01 ... clean
  [124/326] 038_001_tree_structure_builder_from_flat_list_01 ... clean
  [125/326] 038_002_materialized_path_tree_annotator_01 ... clean
  [126/326] 038_003_incremental_streaming_tree_builder_01 ... clean
  [127/326] 038_004_diagnostic_tree_validator_with_best_effort_repair_01 ... clean
  [128/326] 039_001_diff_generator_for_record_lists_01 ... clean
  [129/326] 039_002_nested_path_addressed_record_diff_01 ... clean
  [130/326] 039_003_ordered_record_diff_with_move_detection_01 ... clean
  [131/326] 039_004_three_way_record_merge_with_conflict_detection_01 ... clean
  [132/326] 040_001_configuration_merger_with_override_rules_01 ... clean
  [133/326] 040_002_provenance_tracking_layered_config_merger_01 ... clean
  [134/326] 040_003_stateful_layered_config_store_genserver_01 ... clean
  [135/326] 040_004_conflict_detecting_strict_config_merger_01 ... clean
  [136/326] 041_001_lru_cache_backed_by_ets_01 ... clean
  [137/326] 041_002_lfu_cache_backed_by_ets_01 ... clean
  [138/326] 041_003_sharded_lru_cache_with_consistent_key_routing_01 ... clean
  [139/326] 041_004_weight_aware_cost_bounded_lru_cache_01 ... clean
  [140/326] 042_001_ets_based_write_through_cache_layer_01 ... clean
  [141/326] 042_002_failure_aware_write_through_cache_with_negative_caching_01 ... clean
  [142/326] 042_003_true_write_through_cache_with_backing_store_propagation_01 ... clean
  [143/326] 042_004_single_flight_non_blocking_write_through_cache_01 ... clean
  [144/326] 043_001_ets_based_leaderboard_01 ... clean
  [145/326] 043_002_cumulative_points_leaderboard_with_atomic_counters_01 ... clean
  [146/326] 043_003_sliding_window_time_decayed_leaderboard_01 ... clean
  [147/326] 043_004_ordered_set_leaderboard_with_deterministic_tie_breaking_01 ... clean
  [148/326] 044_001_ets_based_metrics_collector_01 ... clean
  [149/326] 044_002_histogram_metrics_collector_01 ... clean
  [150/326] 044_003_labeled_dimensional_metrics_collector_01 ... clean
  [151/326] 044_004_sliding_window_rate_metrics_collector_01 ... warnings — 2 subtype warning(s) filtered (private helper / any()-return rule)
  [152/326] 045_001_ets_based_feature_flag_store_01 ... clean
  [153/326] 045_002_multivariate_a_b_c_feature_flag_store_01 ... clean
  [154/326] 045_003_versioned_feature_flag_store_with_rollback_01 ... clean
  [155/326] 045_004_dependency_aware_feature_flag_store_01 ... warnings — 7 subtype warning(s) filtered (private helper / any()-return rule)
  [156/326] 061_001_parallel_map_with_concurrency_limit_01 ... clean
  [157/326] 061_002_fail_fast_parallel_map_with_cancellation_01 ... clean
  [158/326] 061_003_timeout_and_retry_parallel_map_01 ... clean
  [159/326] 061_004_weight_budget_parallel_map_01 ... clean
  [160/326] 062_001_pipeline_processor_with_stages_01 ... clean
  [161/326] 062_002_retryable_pipeline_with_per_stage_retry_policies_01 ... clean
  [162/326] 062_003_fan_out_map_pipeline_with_bounded_concurrency_01 ... clean
  [163/326] 062_004_batch_pipeline_with_error_collection_01 ... clean
  [164/326] 063_001_concurrent_data_fetcher_with_timeout_01 ... clean
  [165/326] 063_002_quorum_first_n_concurrent_fetcher_01 ... clean
  [166/326] 063_003_fallback_chain_concurrent_fetcher_01 ... clean
  [167/326] 063_004_bounded_concurrency_concurrent_fetcher_01 ... clean
  [168/326] 064_001_work_stealing_task_queue_01 ... clean
  [169/326] 064_002_fault_tolerant_result_tagged_work_stealing_queue_01 ... clean
  [170/326] 064_003_priority_aware_work_stealing_queue_01 ... clean
  [171/326] 064_004_instrumented_work_stealing_queue_with_steal_metrics_01 ... clean
  [172/326] 065_001_saga_compensating_transaction_coordinator_01 ... clean
  [173/326] 065_002_retrying_saga_coordinator_01 ... clean
  [174/326] 065_003_parallel_stage_saga_coordinator_01 ... clean
  [175/326] 065_004_policy_driven_saga_coordinator_01 ... clean
  [176/326] 070_001_saga_compensating_transaction_coordinator_01 ... clean
  [177/326] 070_002_pivot_step_saga_with_forward_recovery_01 ... clean
  [178/326] 070_003_nested_sub_saga_composition_01 ... clean
  [179/326] 070_004_resumable_journaled_saga_01 ... clean
  [180/326] 071_001_factory_module_for_test_data_generation_01 ... warnings — 3 subtype warning(s) filtered (private helper / any()-return rule)
  [181/326] 071_002_trait_composable_factory_01 ... warnings — 1 subtype warning(s) filtered (private helper / any()-return rule)
  [182/326] 071_003_bulk_list_factory_with_concurrent_insertion_01 ... warnings — 3 subtype warning(s) filtered (private helper / any()-return rule)
  [183/326] 071_004_validation_aware_factory_with_compensating_rollback_01 ... warnings — solution.ex:39: Type specification 'Elixir.Factory':sequence(atom(),fun((pos_integer()) -> value)) -> value when value :: term() is a subtype of the success typing: 'Elixir.Factory':sequence
  [184/326] 072_001_test_helper_for_time_dependent_code_01 ... clean
  [185/326] 072_002_deferred_timer_virtual_clock_01 ... clean
  [186/326] 072_003_monotonic_measurement_clock_01 ... clean
  [187/326] 072_004_scripted_sequence_clock_01 ... clean
  [188/326] 073_001_database_cleaner_for_integration_tests_01 ... clean
  [189/326] 073_002_savepoint_stack_nested_transaction_cleaner_01 ... clean
  [190/326] 073_003_sandbox_ownership_cleaner_for_async_tests_01 ... warnings — 1 subtype warning(s) filtered (private helper / any()-return rule)
  [191/326] 073_004_fk_dependency_ordered_deletion_cleaner_01 ... clean
  [192/326] 074_001_custom_exunit_assertion_helpers_01 ... clean
  [193/326] 074_002_collection_and_structural_assertion_helpers_01 ... clean
  [194/326] 074_003_concurrency_and_message_assertion_helpers_01 ... warnings — 7 subtype warning(s) filtered (private helper / any()-return rule)
  [195/326] 074_004_numeric_tolerance_and_exception_assertion_helpers_01 ... clean
  [196/326] 075_001_property_based_test_generators_01 ... clean
  [197/326] 075_002_recursive_json_value_generators_with_bounded_depth_01 ... clean
  [198/326] 075_003_stateful_command_sequence_generators_01 ... clean
  [199/326] 075_004_schema_driven_generator_interpreter_01 ... clean
  [200/326] 076_001_trie_01 ... clean
  [201/326] 076_002_compressed_radix_trie_with_path_compression_01 ... clean
  [202/326] 076_003_weighted_autocomplete_trie_with_top_k_ranking_01 ... clean
  [203/326] 076_004_wildcard_pattern_matching_trie_01 ... clean
  [204/326] 077_001_interval_tree_for_overlapping_range_queries_01 ... clean
  [205/326] 077_002_deletable_interval_tree_01 ... clean
  [206/326] 077_003_concurrent_interval_registry_01 ... clean
  [207/326] 077_004_max_overlap_interval_tree_01 ... warnings — 3 subtype warning(s) filtered (private helper / any()-return rule)
  [208/326] 078_001_ring_buffer_01 ... clean
  [209/326] 078_002_reject_when_full_bounded_fifo_queue_01 ... clean
  [210/326] 078_003_double_ended_ring_buffer_deque_01 ... clean
  [211/326] 078_004_concurrent_ring_buffer_sink_genserver_01 ... clean
  [212/326] 079_001_bloom_filter_01 ... clean
  [213/326] 079_002_counting_bloom_filter_01 ... clean
  [214/326] 079_003_scalable_bloom_filter_01 ... clean
  [215/326] 079_004_concurrent_bloom_filter_01 ... clean
  [216/326] 080_001_directed_acyclic_graph_with_topological_sort_01 ... warnings — 3 subtype warning(s) filtered (private helper / any()-return rule)
  [217/326] 080_002_weighted_critical_path_dag_scheduler_01 ... warnings — 9 subtype warning(s) filtered (private helper / any()-return rule)
  [218/326] 080_003_mutable_dag_with_cycle_diagnostics_and_parallel_layers_01 ... warnings — 3 subtype warning(s) filtered (private helper / any()-return rule)
  [219/326] 080_004_concurrent_dag_registry_genserver_01 ... warnings — 6 subtype warning(s) filtered (private helper / any()-return rule)
  [220/326] 086_001_shopping_cart_with_price_calculations_01 ... clean
  [221/326] 086_002_tiered_bracket_cart_with_shipping_thresholds_01 ... clean
  [222/326] 086_003_coupon_stacking_cart_with_order_level_discounts_01 ... clean
  [223/326] 086_004_concurrent_genserver_backed_cart_01 ... clean
  [224/326] 087_001_permission_system_with_role_based_access_01 ... clean
  [225/326] 087_002_deny_override_policy_list_access_control_01 ... clean
  [226/326] 087_003_multi_role_grant_with_wildcard_permissions_01 ... clean
  [227/326] 087_004_genserver_role_graph_registry_with_runtime_grants_01 ... warnings — 5 subtype warning(s) filtered (private helper / any()-return rule)
  [228/326] 089_001_promo_code_system_01 ... clean
  [229/326] 089_002_stackable_promo_code_system_01 ... clean
  [230/326] 089_003_tiered_promo_code_system_01 ... clean
  [231/326] 089_004_budget_capped_promo_code_system_01 ... clean
  [232/326] 091_001_workflow_state_machine_01 ... clean
  [233/326] 091_002_reversible_order_workflow_with_undo_history_01 ... clean
  [234/326] 091_003_data_driven_finite_state_machine_engine_01 ... clean
  [235/326] 091_004_effectful_workflow_with_event_payloads_01 ... clean
  [236/326] 092_001_scoring_ranking_algorithm_01 ... clean
  [237/326] 092_002_reddit_style_logarithmic_hot_ranking_01 ... clean
  [238/326] 092_003_wilson_lower_bound_confidence_ranking_01 ... clean
  [239/326] 092_004_bayesian_weighted_rating_ranking_01 ... clean
  [240/326] 095_001_multi_currency_money_module_01 ... clean
  [241/326] 095_002_weighted_allocation_money_module_01 ... clean
  [242/326] 095_003_currency_precision_money_module_01 ... clean
  [243/326] 095_004_multi_currency_money_with_fx_conversion_01 ... clean
  [244/326] 096_001_input_sanitizer_module_01 ... clean
  [245/326] 096_002_schema_driven_nested_params_sanitizer_01 ... clean
  [246/326] 096_003_stateful_sanitizer_server_with_policy_and_metrics_01 ... clean
  [247/326] 096_004_reporting_sanitizer_with_strict_and_lenient_modes_01 ... clean
  [248/326] 097_001_password_policy_enforcer_01 ... clean
  [249/326] 097_002_weighted_strength_score_password_policy_01 ... clean
  [250/326] 097_003_severity_classified_password_audit_with_strict_mode_01 ... clean
  [251/326] 097_004_stateful_password_policy_server_with_reuse_history_01 ... clean
  [252/326] 098_001_token_generator_and_validator_01 ... clean
  [253/326] 098_002_aead_sealed_confidential_token_01 ... clean
  [254/326] 098_003_attenuable_capability_token_with_chained_caveats_01 ... clean
  [255/326] 098_004_replay_protected_single_use_token_01 ... clean
  [256/326] 099_001_data_masking_for_logs_01 ... clean
  [257/326] 099_002_redaction_with_match_count_reporting_01 ... clean
  [258/326] 099_003_per_field_masking_strategies_01 ... clean
  [259/326] 099_004_concurrent_masking_server_with_runtime_patterns_01 ... clean
  [260/326] 100_001_totp_time_based_one_time_password_implementation_01 ... clean
  [261/326] 100_002_provisioning_uri_driven_multi_algorithm_totp_verifier_01 ... warnings — 3 subtype warning(s) filtered (private helper / any()-return rule)
  [262/326] 100_003_counter_based_hotp_with_resynchronization_window_01 ... clean
  [263/326] 100_004_stateful_totp_vault_genserver_with_replay_protection_01 ... clean
  [264/326] 101_001_sliding_window_counter_01 ... clean
  [265/326] 101_002_sliding_window_distinct_cardinality_counter_01 ... clean
  [266/326] 101_003_weighted_sliding_sum_counter_01 ... clean
  [267/326] 101_004_sliding_window_threshold_alerter_01 ... clean
  [268/326] 102_002_optimistic_concurrency_persisted_state_machine_01 ... warnings — 6 subtype warning(s) filtered (private helper / any()-return rule)
  [269/326] 102_003_auto_expiring_persisted_state_machine_01 ... clean
  [270/326] 102_004_threshold_approval_persisted_state_machine_01 ... clean
  [271/326] 103_001_dead_letter_queue_01 ... clean
  [272/326] 103_002_backoff_scheduled_retry_dead_letter_queue_01 ... clean
  [273/326] 103_003_deduplicating_dead_letter_queue_01 ... clean
  [274/326] 103_004_bounded_priority_dead_letter_queue_with_bulk_drain_01 ... clean
  [275/326] 104_001_connection_pool_manager_01 ... clean
  [276/326] 104_002_health_validated_connection_pool_01 ... clean
  [277/326] 104_003_overflow_connection_pool_01 ... clean
  [278/326] 104_004_usage_recycling_connection_pool_01 ... clean
  [279/326] 105_001_genserver_based_debouncer_01 ... clean
  [280/326] 105_002_leading_trailing_edge_debouncer_01 ... clean
  [281/326] 105_003_max_wait_debouncer_with_flush_and_cancel_01 ... clean
  [282/326] 105_004_accumulating_batch_debouncer_01 ... clean
  [283/326] 106_001_watchdog_timer_genserver_01 ... clean
  [284/326] 106_002_grace_count_watchdog_timer_01 ... clean
  [285/326] 106_003_recurring_watchdog_timer_01 ... clean
  [286/326] 106_004_escalating_warn_then_timeout_watchdog_01 ... clean
  [287/326] 107_001_event_aggregator_with_flushing_01 ... clean
  [288/326] 107_002_keyed_event_aggregator_with_per_key_batching_01 ... clean
  [289/326] 107_003_weighted_event_aggregator_with_byte_budget_01 ... clean
  [290/326] 107_004_debounced_event_aggregator_with_max_wait_01 ... clean
  [291/326] 108_001_bidirectional_map_genserver_01 ... clean
  [292/326] 108_002_bidirectional_multimap_many_to_many_01 ... clean
  [293/326] 108_003_capacity_bounded_bimap_with_lru_eviction_01 ... clean
  [294/326] 108_004_priority_resolved_bimap_01 ... clean
  [295/326] 109_001_task_dependency_resolver_and_executor_01 ... clean
  [296/326] 109_002_data_flow_task_runner_01 ... clean
  [297/326] 109_003_fail_fast_task_runner_with_skip_propagation_01 ... clean
  [298/326] 109_004_bounded_concurrency_task_scheduler_01 ... clean
  [299/326] 110_001_rolling_percentile_calculator_01 ... clean
  [300/326] 110_002_histogram_based_approximate_rolling_percentile_01 ... clean
  [301/326] 110_003_sla_percentile_monitor_with_inverse_queries_01 ... clean
  [302/326] 110_004_time_decay_weighted_rolling_percentile_01 ... clean
  [303/326] 131_001_streaming_json_parser_for_large_files_01 ... clean
  [304/326] 131_002_lazy_streaming_ndjson_parser_01 ... clean
  [305/326] 131_003_parallel_streaming_json_array_parser_01 ... clean
  [306/326] 131_004_resumable_streaming_json_array_parser_with_error_budget_01 ... clean
  [307/326] 134_001_schema_inference_from_csv_01 ... clean
  [308/326] 134_002_nullable_unique_column_profiler_01 ... clean
  [309/326] 134_003_chunked_merge_based_schema_inference_01 ... clean
  [310/326] 134_004_widening_lattice_schema_inference_01 ... clean
  [311/326] 623_001_mini_elasticsearch_like_inverted_index_01 ... clean
  [312/326] 623_002_boolean_phrase_query_inverted_index_01 ... clean
  [313/326] 623_003_bm25_ranked_inverted_index_01 ... clean
  [314/326] 623_004_fuzzy_edit_distance_inverted_index_01 ... clean
  [315/326] 624_001_mini_git_like_object_store_01 ... clean
  [316/326] 624_002_merge_commit_dag_with_topological_log_and_merge_base_01 ... warnings — 11 subtype warning(s) filtered (private helper / any()-return rule)
  [317/326] 624_003_on_disk_loose_object_store_with_zlib_compression_and_integrity_checks_01 ... clean
  [318/326] 624_004_branch_references_with_atomic_cas_updates_and_reachability_gc_01 ... warnings — 12 subtype warning(s) filtered (private helper / any()-return rule)
  [319/326] 625_001_mini_s3_like_object_storage_01 ... clean
  [320/326] 625_002_versioned_object_store_with_delete_markers_01 ... clean
  [321/326] 625_003_lifecycle_ttl_object_store_with_lazy_expiration_01 ... warnings — 9 subtype warning(s) filtered (private helper / any()-return rule)
  [322/326] 625_004_conditional_write_object_store_with_etags_01 ... clean
  [323/326] 626_001_mini_prometheus_like_time_series_db_01 ... clean
  [324/326] 626_002_pre_aggregated_rollup_time_series_db_01 ... clean
  [325/326] 626_003_reset_aware_counter_time_series_db_01 ... clean
  [326/326] 626_004_sharded_concurrent_time_series_db_01 ... clean

done: 299 clean, 27 with warnings, 0 errors
WARNINGS ARE FINDINGS (CONTEXT.md rule 7): each flagged root needs
  Task A — fix the gold's spec/code (defer while a corpus sweep is writing golds;
           remember the bugfix/wt/tfim cascade + remints on solution edits), AND
  Task B — this gate (weekly CI) already stands; done when the pass reads all-clean.
Rows: /home/kamil/projects/elixir-sft-dataset/logs/dialyzer_golds.jsonl (jq 'select(.outcome=="warnings")').

dialyzer golds: 332 root(s) — 326 to analyze, 0 already analyzed at this content+gate, 6 bundle-skipped (kit-tier staging is v2 — same scope as the retro audit) (PLT dialyxir_erlang-29.0.3_elixir-1.20.2_deps-dev.plt)
  [1/326] 001_001_rate_limiter_01 ... clean
  [2/326] 001_002_fixed_window_counter_01 ... clean
  [3/326] 001_003_hierarchical_limiter_01 ... clean
  [4/326] 001_004_penalty_escalation_01 ... clean
  [5/326] 002_001_circuit_breaker_01 ... clean
  [6/326] 002_002_rolling_window_error_rate_cb_01 ... clean
  [7/326] 002_003_progressive_recovery_cb_01 ... clean
  [8/326] 002_004_leaky_bucket_failure_cb_01 ... clean
  [9/326] 003_001_leaky_bucket_token_dispenser_01 ... clean
  [10/326] 003_002_gcra_01 ... clean
  [11/326] 003_003_lease_based_bucket_01 ... clean
  [12/326] 003_004_shared_pool_bucket_01 ... clean
  [13/326] 004_001_job_scheduler_with_cron_like_expressions_01 ... clean
  [14/326] 004_002_intervalscheduler_01 ... clean
  [15/326] 004_003_retryscheduler_01 ... clean
  [16/326] 004_004_calendarscheduler_01 ... clean
  [17/326] 005_001_pubsub_event_bus_01 ... clean
  [18/326] 005_002_priorityeventbus_01 ... clean
  [19/326] 005_003_replayeventbus_01 ... clean
  [20/326] 005_004_filteredeventbus_01 ... clean
  [21/326] 006_001_ttl_cache_with_lazy_expiration_01 ... clean
  [22/326] 006_002_lrucache_01 ... clean
  [23/326] 006_003_refreshaheadcache_01 ... clean
  [24/326] 006_004_swrcache_01 ... clean
  [25/326] 007_001_moving_average_calculator_01 ... clean
  [26/326] 007_002_weightedmovingaverage_01 ... clean
  [27/326] 007_003_streamingpercentile_01 ... clean
  [28/326] 007_004_cusumanomaly_01 ... clean
  [29/326] 008_001_distributed_counter_with_crdt_style_merge_01 ... clean
  [30/326] 008_002_lww_element_set_crdt_01 ... clean
  [31/326] 008_003_two_phase_set_crdt_01 ... clean
  [32/326] 008_004_observed_remove_set_crdt_01 ... clean
  [33/326] 009_001_request_deduplicator_coalescer_01 ... clean
  [34/326] 009_002_write_behind_batch_coalescer_01 ... clean
  [35/326] 009_003_retry_aware_request_deduplicator_01 ... clean
  [36/326] 009_004_per_key_bounded_concurrency_pool_01 ... clean
  [37/326] 010_001_session_store_with_inactivity_timeout_01 ... clean
  [38/326] 010_002_one_time_token_store_with_absolute_expiration_01 ... clean
  [39/326] 010_003_exclusive_lease_manager_with_ownership_01 ... clean
  [40/326] 010_004_rolling_window_quota_tracker_01 ... clean
  [41/326] 011_001_bounded_mailbox_worker_pool_01 ... clean
  [42/326] 011_002_priority_worker_pool_with_starvation_prevention_01 ... clean
  [43/326] 011_003_cancellable_worker_pool_01 ... clean
  [44/326] 011_004_worker_pool_with_per_task_timeouts_and_retry_01 ... clean
  [45/326] 012_001_event_sourced_aggregate_01 ... clean
  [46/326] 012_002_subscription_lifecycle_event_sourced_aggregate_01 ... clean
  [47/326] 012_003_inventory_stock_event_sourced_aggregate_01 ... clean
  [48/326] 012_004_task_tracker_event_sourced_aggregate_01 ... clean
  [49/326] 013_001_exponential_backoff_retry_worker_01 ... clean
  [50/326] 013_002_timeout_guarded_retry_worker_01 ... clean
  [51/326] 013_003_budget_constrained_retry_worker_with_decorrelated_jitter_01 ... clean
  [52/326] 013_004_classified_error_retry_worker_with_on_retry_callback_01 ... clean
  [53/326] 014_001_priority_queue_processor_01 ... clean
  [54/326] 014_002_expiring_priority_queue_with_per_task_ttl_01 ... clean
  [55/326] 014_003_cancellable_priority_queue_with_numeric_priorities_01 ... clean
  [56/326] 014_004_concurrent_priority_queue_with_configurable_parallelism_01 ... clean
  [57/326] 015_001_heartbeat_monitor_01 ... warnings — 7 subtype warning(s) filtered (private helper / any()-return rule)
  [58/326] 015_002_rolling_window_failure_rate_monitor_01 ... clean
  [59/326] 015_003_async_check_monitor_with_timeouts_01 ... clean
  [60/326] 015_004_monitor_with_maintenance_windows_and_pause_resume_01 ... clean
  [61/326] 016_002_cursor_based_list_pagination_01 ... clean
  [62/326] 016_003_validated_sortable_filterable_list_pagination_01 ... clean
  [63/326] 016_004_concurrent_ets_backed_list_pagination_with_page_clamping_01 ... waived
  [64/326] 017_002_keyset_cursor_pagination_search_01 ... clean
  [65/326] 017_003_faceted_search_with_facet_counts_01 ... clean
  [66/326] 017_004_relevance_ranked_full_text_search_01 ... clean
  [67/326] 018_002_trash_and_purge_soft_delete_with_retention_window_01 ... clean
  [68/326] 018_003_cascading_archive_tree_with_origin_aware_restore_01 ... clean
  [69/326] 018_004_optimistic_concurrency_soft_delete_with_version_guards_01 ... clean
  [70/326] 019_002_dependency_ordered_bulk_create_with_cascade_skip_01 ... clean
  [71/326] 019_003_bulk_upsert_with_conflict_resolution_policies_01 ... clean
  [72/326] 019_004_concurrent_bulk_create_with_bounded_concurrency_and_timeouts_01 ... clean
  [73/326] 020_001_file_upload_with_validation_01 ... clean
  [74/326] 020_002_content_addressable_deduplicating_upload_01 ... clean
  [75/326] 020_003_per_tenant_quota_enforced_upload_01 ... clean
  [76/326] 020_004_asynchronous_validation_pipeline_upload_01 ... clean
  [77/326] 021_002_media_type_content_negotiation_with_quality_values_01 ... clean
  [78/326] 021_003_url_path_versioning_with_downgrade_migration_chain_01 ... clean
  [79/326] 021_004_versioned_api_with_deprecation_sunset_lifecycle_01 ... clean
  [80/326] 022_001_nested_resource_endpoint_with_authorization_01 ... clean
  [81/326] 022_002_role_scoped_nested_membership_endpoint_01 ... clean
  [82/326] 022_003_etag_versioned_nested_membership_with_optimistic_concurrency_01 ... clean
  [83/326] 022_004_invitation_accept_decline_nested_membership_workflow_01 ... clean
  [84/326] 023_001_idempotent_post_endpoint_01 ... clean
  [85/326] 023_002_in_flight_coalescing_idempotent_payments_01 ... clean
  [86/326] 023_003_fingerprint_conflict_idempotent_payments_01 ... clean
  [87/326] 023_004_lru_bounded_idempotent_payments_01 ... clean
  [88/326] 024_001_webhook_receiver_with_signature_verification_01 ... clean
  [89/326] 024_002_replay_protected_timestamped_webhook_receiver_01 ... clean
  [90/326] 024_003_multi_provider_webhook_receiver_with_key_rotation_01 ... clean
  [91/326] 024_004_ordered_stream_webhook_receiver_with_gap_buffering_01 ... clean
  [92/326] 025_001_long_polling_endpoint_01 ... clean
  [93/326] 025_002_cursor_resumable_gap_free_long_poll_01 ... clean
  [94/326] 025_003_coalescing_batch_long_poll_with_linger_window_01 ... clean
  [95/326] 025_004_multi_channel_fan_in_long_poll_01 ... clean
  [96/326] 031_001_csv_importer_with_validation_and_error_report_01 ... clean
  [97/326] 031_002_jsonl_importer_with_schema_validation_01 ... clean
  [98/326] 031_003_csv_loader_with_type_coercion_and_enriched_schema_01 ... clean
  [99/326] 031_004_logfmt_record_validator_with_hand_written_parser_01 ... clean
  [100/326] 032_001_json_to_ecto_bulk_ingestion_pipeline_01 ... clean
  [101/326] 032_002_csv_to_ecto_batch_ingestion_with_changeset_validation_01 ... warnings — 4 subtype warning(s) filtered (private helper / any()-return rule)
  [102/326] 032_003_jsonl_streaming_ingestion_with_parallel_batch_processing_01 ... clean
  [103/326] 032_004_multi_table_json_ingestion_with_type_discriminator_routing_01 ... clean
  [104/326] 033_001_log_file_analyzer_01 ... clean
  [105/326] 033_002_metrics_file_aggregator_01 ... clean
  [106/326] 033_003_http_access_log_analyzer_01 ... clean
  [107/326] 033_004_financial_transaction_analyzer_01 ... clean
  [108/326] 034_001_data_reconciliation_engine_01 ... clean
  [109/326] 034_002_cardinality_classifying_multi_key_reconciler_01 ... clean
  [110/326] 034_003_rule_driven_tolerant_reconciler_with_compiled_config_01 ... clean
  [111/326] 034_004_incremental_streaming_reconciler_genserver_01 ... clean
  [112/326] 035_001_time_series_resampler_01 ... clean
  [113/326] 035_002_multi_series_aligned_resampler_01 ... clean
  [114/326] 035_003_streaming_watermark_resampler_01 ... clean
  [115/326] 035_004_counter_rate_resampler_01 ... clean
  [116/326] 036_001_markdown_to_structured_data_parser_01 ... clean
  [117/326] 036_002_hierarchical_heading_outline_parser_01 ... clean
  [118/326] 036_003_error_reporting_markdown_parser_with_line_diagnostics_01 ... clean
  [119/326] 036_004_gfm_table_parser_to_row_maps_01 ... clean
  [120/326] 037_001_data_anonymizer_01 ... clean
  [121/326] 037_002_path_addressed_nested_record_anonymizer_01 ... clean
  [122/326] 037_003_reversible_tokenization_vault_anonymizer_01 ... clean
  [123/326] 037_004_stateful_concurrent_consistent_pseudonymizer_01 ... clean
  [124/326] 038_001_tree_structure_builder_from_flat_list_01 ... clean
  [125/326] 038_002_materialized_path_tree_annotator_01 ... clean
  [126/326] 038_003_incremental_streaming_tree_builder_01 ... clean
  [127/326] 038_004_diagnostic_tree_validator_with_best_effort_repair_01 ... clean
  [128/326] 039_001_diff_generator_for_record_lists_01 ... clean
  [129/326] 039_002_nested_path_addressed_record_diff_01 ... clean
  [130/326] 039_003_ordered_record_diff_with_move_detection_01 ... clean
  [131/326] 039_004_three_way_record_merge_with_conflict_detection_01 ... clean
  [132/326] 040_001_configuration_merger_with_override_rules_01 ... clean
  [133/326] 040_002_provenance_tracking_layered_config_merger_01 ... clean
  [134/326] 040_003_stateful_layered_config_store_genserver_01 ... clean
  [135/326] 040_004_conflict_detecting_strict_config_merger_01 ... clean
  [136/326] 041_001_lru_cache_backed_by_ets_01 ... clean
  [137/326] 041_002_lfu_cache_backed_by_ets_01 ... clean
  [138/326] 041_003_sharded_lru_cache_with_consistent_key_routing_01 ... clean
  [139/326] 041_004_weight_aware_cost_bounded_lru_cache_01 ... clean
  [140/326] 042_001_ets_based_write_through_cache_layer_01 ... clean
  [141/326] 042_002_failure_aware_write_through_cache_with_negative_caching_01 ... clean
  [142/326] 042_003_true_write_through_cache_with_backing_store_propagation_01 ... clean
  [143/326] 042_004_single_flight_non_blocking_write_through_cache_01 ... clean
  [144/326] 043_001_ets_based_leaderboard_01 ... clean
  [145/326] 043_002_cumulative_points_leaderboard_with_atomic_counters_01 ... clean
  [146/326] 043_003_sliding_window_time_decayed_leaderboard_01 ... clean
  [147/326] 043_004_ordered_set_leaderboard_with_deterministic_tie_breaking_01 ... clean
  [148/326] 044_001_ets_based_metrics_collector_01 ... clean
  [149/326] 044_002_histogram_metrics_collector_01 ... clean
  [150/326] 044_003_labeled_dimensional_metrics_collector_01 ... clean
  [151/326] 044_004_sliding_window_rate_metrics_collector_01 ... warnings — 2 subtype warning(s) filtered (private helper / any()-return rule)
  [152/326] 045_001_ets_based_feature_flag_store_01 ... clean
  [153/326] 045_002_multivariate_a_b_c_feature_flag_store_01 ... clean
  [154/326] 045_003_versioned_feature_flag_store_with_rollback_01 ... clean
  [155/326] 045_004_dependency_aware_feature_flag_store_01 ... clean
  [156/326] 061_001_parallel_map_with_concurrency_limit_01 ... clean
  [157/326] 061_002_fail_fast_parallel_map_with_cancellation_01 ... clean
  [158/326] 061_003_timeout_and_retry_parallel_map_01 ... clean
  [159/326] 061_004_weight_budget_parallel_map_01 ... clean
  [160/326] 062_001_pipeline_processor_with_stages_01 ... clean
  [161/326] 062_002_retryable_pipeline_with_per_stage_retry_policies_01 ... clean
  [162/326] 062_003_fan_out_map_pipeline_with_bounded_concurrency_01 ... clean
  [163/326] 062_004_batch_pipeline_with_error_collection_01 ... clean
  [164/326] 063_001_concurrent_data_fetcher_with_timeout_01 ... clean
  [165/326] 063_002_quorum_first_n_concurrent_fetcher_01 ... clean
  [166/326] 063_003_fallback_chain_concurrent_fetcher_01 ... clean
  [167/326] 063_004_bounded_concurrency_concurrent_fetcher_01 ... clean
  [168/326] 064_001_work_stealing_task_queue_01 ... clean
  [169/326] 064_002_fault_tolerant_result_tagged_work_stealing_queue_01 ... clean
  [170/326] 064_003_priority_aware_work_stealing_queue_01 ... clean
  [171/326] 064_004_instrumented_work_stealing_queue_with_steal_metrics_01 ... clean
  [172/326] 065_001_saga_compensating_transaction_coordinator_01 ... clean
  [173/326] 065_002_retrying_saga_coordinator_01 ... clean
  [174/326] 065_003_parallel_stage_saga_coordinator_01 ... clean
  [175/326] 065_004_policy_driven_saga_coordinator_01 ... clean
  [176/326] 070_001_saga_compensating_transaction_coordinator_01 ... clean
  [177/326] 070_002_pivot_step_saga_with_forward_recovery_01 ... clean
  [178/326] 070_003_nested_sub_saga_composition_01 ... clean
  [179/326] 070_004_resumable_journaled_saga_01 ... clean
  [180/326] 071_001_factory_module_for_test_data_generation_01 ... clean
  [181/326] 071_002_trait_composable_factory_01 ... clean
  [182/326] 071_003_bulk_list_factory_with_concurrent_insertion_01 ... warnings — 4 subtype warning(s) filtered (private helper / any()-return rule)
  [183/326] 071_004_validation_aware_factory_with_compensating_rollback_01 ... warnings — 3 subtype warning(s) filtered (private helper / any()-return rule)
  [184/326] 072_001_test_helper_for_time_dependent_code_01 ... clean
  [185/326] 072_002_deferred_timer_virtual_clock_01 ... clean
  [186/326] 072_003_monotonic_measurement_clock_01 ... clean
  [187/326] 072_004_scripted_sequence_clock_01 ... clean
  [188/326] 073_001_database_cleaner_for_integration_tests_01 ... clean
  [189/326] 073_002_savepoint_stack_nested_transaction_cleaner_01 ... clean
  [190/326] 073_003_sandbox_ownership_cleaner_for_async_tests_01 ... warnings — 1 subtype warning(s) filtered (private helper / any()-return rule)
  [191/326] 073_004_fk_dependency_ordered_deletion_cleaner_01 ... clean
  [192/326] 074_001_custom_exunit_assertion_helpers_01 ... clean
  [193/326] 074_002_collection_and_structural_assertion_helpers_01 ... clean
  [194/326] 074_003_concurrency_and_message_assertion_helpers_01 ... clean
  [195/326] 074_004_numeric_tolerance_and_exception_assertion_helpers_01 ... clean
  [196/326] 075_001_property_based_test_generators_01 ... clean
  [197/326] 075_002_recursive_json_value_generators_with_bounded_depth_01 ... clean
  [198/326] 075_003_stateful_command_sequence_generators_01 ... clean
  [199/326] 075_004_schema_driven_generator_interpreter_01 ... clean
  [200/326] 076_001_trie_01 ... clean
  [201/326] 076_002_compressed_radix_trie_with_path_compression_01 ... clean
  [202/326] 076_003_weighted_autocomplete_trie_with_top_k_ranking_01 ... clean
  [203/326] 076_004_wildcard_pattern_matching_trie_01 ... clean
  [204/326] 077_001_interval_tree_for_overlapping_range_queries_01 ... clean
  [205/326] 077_002_deletable_interval_tree_01 ... clean
  [206/326] 077_003_concurrent_interval_registry_01 ... clean
  [207/326] 077_004_max_overlap_interval_tree_01 ... warnings — 3 subtype warning(s) filtered (private helper / any()-return rule)
  [208/326] 078_001_ring_buffer_01 ... clean
  [209/326] 078_002_reject_when_full_bounded_fifo_queue_01 ... clean
  [210/326] 078_003_double_ended_ring_buffer_deque_01 ... clean
  [211/326] 078_004_concurrent_ring_buffer_sink_genserver_01 ... clean
  [212/326] 079_001_bloom_filter_01 ... clean
  [213/326] 079_002_counting_bloom_filter_01 ... clean
  [214/326] 079_003_scalable_bloom_filter_01 ... clean
  [215/326] 079_004_concurrent_bloom_filter_01 ... clean
  [216/326] 080_001_directed_acyclic_graph_with_topological_sort_01 ... clean
  [217/326] 080_002_weighted_critical_path_dag_scheduler_01 ... clean
  [218/326] 080_003_mutable_dag_with_cycle_diagnostics_and_parallel_layers_01 ... clean
  [219/326] 080_004_concurrent_dag_registry_genserver_01 ... clean
  [220/326] 086_001_shopping_cart_with_price_calculations_01 ... clean
  [221/326] 086_002_tiered_bracket_cart_with_shipping_thresholds_01 ... clean
  [222/326] 086_003_coupon_stacking_cart_with_order_level_discounts_01 ... clean
  [223/326] 086_004_concurrent_genserver_backed_cart_01 ... clean
  [224/326] 087_001_permission_system_with_role_based_access_01 ... clean
  [225/326] 087_002_deny_override_policy_list_access_control_01 ... clean
  [226/326] 087_003_multi_role_grant_with_wildcard_permissions_01 ... clean
  [227/326] 087_004_genserver_role_graph_registry_with_runtime_grants_01 ... clean
  [228/326] 089_001_promo_code_system_01 ... clean
  [229/326] 089_002_stackable_promo_code_system_01 ... clean
  [230/326] 089_003_tiered_promo_code_system_01 ... clean
  [231/326] 089_004_budget_capped_promo_code_system_01 ... clean
  [232/326] 091_001_workflow_state_machine_01 ... clean
  [233/326] 091_002_reversible_order_workflow_with_undo_history_01 ... clean
  [234/326] 091_003_data_driven_finite_state_machine_engine_01 ... clean
  [235/326] 091_004_effectful_workflow_with_event_payloads_01 ... clean
  [236/326] 092_001_scoring_ranking_algorithm_01 ... clean
  [237/326] 092_002_reddit_style_logarithmic_hot_ranking_01 ... clean
  [238/326] 092_003_wilson_lower_bound_confidence_ranking_01 ... clean
  [239/326] 092_004_bayesian_weighted_rating_ranking_01 ... clean
  [240/326] 095_001_multi_currency_money_module_01 ... clean
  [241/326] 095_002_weighted_allocation_money_module_01 ... clean
  [242/326] 095_003_currency_precision_money_module_01 ... clean
  [243/326] 095_004_multi_currency_money_with_fx_conversion_01 ... clean
  [244/326] 096_001_input_sanitizer_module_01 ... clean
  [245/326] 096_002_schema_driven_nested_params_sanitizer_01 ... clean
  [246/326] 096_003_stateful_sanitizer_server_with_policy_and_metrics_01 ... clean
  [247/326] 096_004_reporting_sanitizer_with_strict_and_lenient_modes_01 ... clean
  [248/326] 097_001_password_policy_enforcer_01 ... clean
  [249/326] 097_002_weighted_strength_score_password_policy_01 ... clean
  [250/326] 097_003_severity_classified_password_audit_with_strict_mode_01 ... clean
  [251/326] 097_004_stateful_password_policy_server_with_reuse_history_01 ... clean
  [252/326] 098_001_token_generator_and_validator_01 ... clean
  [253/326] 098_002_aead_sealed_confidential_token_01 ... clean
  [254/326] 098_003_attenuable_capability_token_with_chained_caveats_01 ... clean
  [255/326] 098_004_replay_protected_single_use_token_01 ... clean
  [256/326] 099_001_data_masking_for_logs_01 ... clean
  [257/326] 099_002_redaction_with_match_count_reporting_01 ... clean
  [258/326] 099_003_per_field_masking_strategies_01 ... clean
  [259/326] 099_004_concurrent_masking_server_with_runtime_patterns_01 ... clean
  [260/326] 100_001_totp_time_based_one_time_password_implementation_01 ... clean
  [261/326] 100_002_provisioning_uri_driven_multi_algorithm_totp_verifier_01 ... warnings — 3 subtype warning(s) filtered (private helper / any()-return rule)
  [262/326] 100_003_counter_based_hotp_with_resynchronization_window_01 ... clean
  [263/326] 100_004_stateful_totp_vault_genserver_with_replay_protection_01 ... clean
  [264/326] 101_001_sliding_window_counter_01 ... clean
  [265/326] 101_002_sliding_window_distinct_cardinality_counter_01 ... clean
  [266/326] 101_003_weighted_sliding_sum_counter_01 ... clean
  [267/326] 101_004_sliding_window_threshold_alerter_01 ... clean
  [268/326] 102_002_optimistic_concurrency_persisted_state_machine_01 ... warnings — 6 subtype warning(s) filtered (private helper / any()-return rule)
  [269/326] 102_003_auto_expiring_persisted_state_machine_01 ... clean
  [270/326] 102_004_threshold_approval_persisted_state_machine_01 ... clean
  [271/326] 103_001_dead_letter_queue_01 ... clean
  [272/326] 103_002_backoff_scheduled_retry_dead_letter_queue_01 ... clean
  [273/326] 103_003_deduplicating_dead_letter_queue_01 ... clean
  [274/326] 103_004_bounded_priority_dead_letter_queue_with_bulk_drain_01 ... clean
  [275/326] 104_001_connection_pool_manager_01 ... clean
  [276/326] 104_002_health_validated_connection_pool_01 ... clean
  [277/326] 104_003_overflow_connection_pool_01 ... clean
  [278/326] 104_004_usage_recycling_connection_pool_01 ... clean
  [279/326] 105_001_genserver_based_debouncer_01 ... clean
  [280/326] 105_002_leading_trailing_edge_debouncer_01 ... clean
  [281/326] 105_003_max_wait_debouncer_with_flush_and_cancel_01 ... clean
  [282/326] 105_004_accumulating_batch_debouncer_01 ... clean
  [283/326] 106_001_watchdog_timer_genserver_01 ... clean
  [284/326] 106_002_grace_count_watchdog_timer_01 ... clean
  [285/326] 106_003_recurring_watchdog_timer_01 ... clean
  [286/326] 106_004_escalating_warn_then_timeout_watchdog_01 ... clean
  [287/326] 107_001_event_aggregator_with_flushing_01 ... clean
  [288/326] 107_002_keyed_event_aggregator_with_per_key_batching_01 ... clean
  [289/326] 107_003_weighted_event_aggregator_with_byte_budget_01 ... clean
  [290/326] 107_004_debounced_event_aggregator_with_max_wait_01 ... clean
  [291/326] 108_001_bidirectional_map_genserver_01 ... clean
  [292/326] 108_002_bidirectional_multimap_many_to_many_01 ... clean
  [293/326] 108_003_capacity_bounded_bimap_with_lru_eviction_01 ... clean
  [294/326] 108_004_priority_resolved_bimap_01 ... clean
  [295/326] 109_001_task_dependency_resolver_and_executor_01 ... clean
  [296/326] 109_002_data_flow_task_runner_01 ... clean
  [297/326] 109_003_fail_fast_task_runner_with_skip_propagation_01 ... clean
  [298/326] 109_004_bounded_concurrency_task_scheduler_01 ... clean
  [299/326] 110_001_rolling_percentile_calculator_01 ... clean
  [300/326] 110_002_histogram_based_approximate_rolling_percentile_01 ... clean
  [301/326] 110_003_sla_percentile_monitor_with_inverse_queries_01 ... clean
  [302/326] 110_004_time_decay_weighted_rolling_percentile_01 ... clean
  [303/326] 131_001_streaming_json_parser_for_large_files_01 ... clean
  [304/326] 131_002_lazy_streaming_ndjson_parser_01 ... clean
  [305/326] 131_003_parallel_streaming_json_array_parser_01 ... clean
  [306/326] 131_004_resumable_streaming_json_array_parser_with_error_budget_01 ... clean
  [307/326] 134_001_schema_inference_from_csv_01 ... clean
  [308/326] 134_002_nullable_unique_column_profiler_01 ... clean
  [309/326] 134_003_chunked_merge_based_schema_inference_01 ... clean
  [310/326] 134_004_widening_lattice_schema_inference_01 ... clean
  [311/326] 623_001_mini_elasticsearch_like_inverted_index_01 ... clean
  [312/326] 623_002_boolean_phrase_query_inverted_index_01 ... clean
  [313/326] 623_003_bm25_ranked_inverted_index_01 ... clean
  [314/326] 623_004_fuzzy_edit_distance_inverted_index_01 ... clean
  [315/326] 624_001_mini_git_like_object_store_01 ... clean
  [316/326] 624_002_merge_commit_dag_with_topological_log_and_merge_base_01 ... clean
  [317/326] 624_003_on_disk_loose_object_store_with_zlib_compression_and_integrity_checks_01 ... clean
  [318/326] 624_004_branch_references_with_atomic_cas_updates_and_reachability_gc_01 ... clean
  [319/326] 625_001_mini_s3_like_object_storage_01 ... clean
  [320/326] 625_002_versioned_object_store_with_delete_markers_01 ... clean
  [321/326] 625_003_lifecycle_ttl_object_store_with_lazy_expiration_01 ... warnings — 9 subtype warning(s) filtered (private helper / any()-return rule)
  [322/326] 625_004_conditional_write_object_store_with_etags_01 ... clean
  [323/326] 626_001_mini_prometheus_like_time_series_db_01 ... clean
  [324/326] 626_002_pre_aggregated_rollup_time_series_db_01 ... clean
  [325/326] 626_003_reset_aware_counter_time_series_db_01 ... clean
  [326/326] 626_004_sharded_concurrent_time_series_db_01 ... clean

done: 315 clean, 10 with warnings, 1 waived (see scripts/dialyzer_waivers.jsonl), 0 errors
WARNINGS ARE FINDINGS (CONTEXT.md rule 7): each flagged root needs
  Task A — fix the gold's spec/code (defer while a corpus sweep is writing golds;
           remember the bugfix/wt/tfim cascade + remints on solution edits), AND
  Task B — this gate (weekly CI) already stands; done when the pass reads all-clean.
Rows: /home/kamil/projects/elixir-sft-dataset/logs/dialyzer_golds.jsonl (jq 'select(.outcome=="warnings")').

dialyzer golds: 332 root(s) — 326 to analyze, 0 already analyzed at this content+gate, 6 bundle-skipped (kit-tier staging is v2 — same scope as the retro audit) (PLT dialyxir_erlang-29.0.3_elixir-1.20.2_deps-dev.plt)
  [1/326] 001_001_rate_limiter_01 ... clean
  [2/326] 001_002_fixed_window_counter_01 ... clean
  [3/326] 001_003_hierarchical_limiter_01 ... clean
  [4/326] 001_004_penalty_escalation_01 ... clean
  [5/326] 002_001_circuit_breaker_01 ... clean
  [6/326] 002_002_rolling_window_error_rate_cb_01 ... clean
  [7/326] 002_003_progressive_recovery_cb_01 ... clean
  [8/326] 002_004_leaky_bucket_failure_cb_01 ... clean
  [9/326] 003_001_leaky_bucket_token_dispenser_01 ... clean
  [10/326] 003_002_gcra_01 ... clean
  [11/326] 003_003_lease_based_bucket_01 ... clean
  [12/326] 003_004_shared_pool_bucket_01 ... clean
  [13/326] 004_001_job_scheduler_with_cron_like_expressions_01 ... clean
  [14/326] 004_002_intervalscheduler_01 ... clean
  [15/326] 004_003_retryscheduler_01 ... clean
  [16/326] 004_004_calendarscheduler_01 ... clean
  [17/326] 005_001_pubsub_event_bus_01 ... clean
  [18/326] 005_002_priorityeventbus_01 ... clean
  [19/326] 005_003_replayeventbus_01 ... clean
  [20/326] 005_004_filteredeventbus_01 ... clean
  [21/326] 006_001_ttl_cache_with_lazy_expiration_01 ... clean
  [22/326] 006_002_lrucache_01 ... clean
  [23/326] 006_003_refreshaheadcache_01 ... clean
  [24/326] 006_004_swrcache_01 ... clean
  [25/326] 007_001_moving_average_calculator_01 ... clean
  [26/326] 007_002_weightedmovingaverage_01 ... clean
  [27/326] 007_003_streamingpercentile_01 ... clean
  [28/326] 007_004_cusumanomaly_01 ... clean
  [29/326] 008_001_distributed_counter_with_crdt_style_merge_01 ... clean
  [30/326] 008_002_lww_element_set_crdt_01 ... clean
  [31/326] 008_003_two_phase_set_crdt_01 ... clean
  [32/326] 008_004_observed_remove_set_crdt_01 ... clean
  [33/326] 009_001_request_deduplicator_coalescer_01 ... clean
  [34/326] 009_002_write_behind_batch_coalescer_01 ... clean
  [35/326] 009_003_retry_aware_request_deduplicator_01 ... clean
  [36/326] 009_004_per_key_bounded_concurrency_pool_01 ... clean
  [37/326] 010_001_session_store_with_inactivity_timeout_01 ... clean
  [38/326] 010_002_one_time_token_store_with_absolute_expiration_01 ... clean
  [39/326] 010_003_exclusive_lease_manager_with_ownership_01 ... clean
  [40/326] 010_004_rolling_window_quota_tracker_01 ... clean
  [41/326] 011_001_bounded_mailbox_worker_pool_01 ... clean
  [42/326] 011_002_priority_worker_pool_with_starvation_prevention_01 ... clean
  [43/326] 011_003_cancellable_worker_pool_01 ... clean
  [44/326] 011_004_worker_pool_with_per_task_timeouts_and_retry_01 ... clean
  [45/326] 012_001_event_sourced_aggregate_01 ... clean
  [46/326] 012_002_subscription_lifecycle_event_sourced_aggregate_01 ... clean
  [47/326] 012_003_inventory_stock_event_sourced_aggregate_01 ... clean
  [48/326] 012_004_task_tracker_event_sourced_aggregate_01 ... clean
  [49/326] 013_001_exponential_backoff_retry_worker_01 ... clean
  [50/326] 013_002_timeout_guarded_retry_worker_01 ... clean
  [51/326] 013_003_budget_constrained_retry_worker_with_decorrelated_jitter_01 ... clean
  [52/326] 013_004_classified_error_retry_worker_with_on_retry_callback_01 ... clean
  [53/326] 014_001_priority_queue_processor_01 ... clean
  [54/326] 014_002_expiring_priority_queue_with_per_task_ttl_01 ... clean
  [55/326] 014_003_cancellable_priority_queue_with_numeric_priorities_01 ... clean
  [56/326] 014_004_concurrent_priority_queue_with_configurable_parallelism_01 ... clean
  [57/326] 015_001_heartbeat_monitor_01 ... warnings — 7 subtype warning(s) filtered (private helper / any()-return rule)
  [58/326] 015_002_rolling_window_failure_rate_monitor_01 ... clean
  [59/326] 015_003_async_check_monitor_with_timeouts_01 ... clean
  [60/326] 015_004_monitor_with_maintenance_windows_and_pause_resume_01 ... clean
  [61/326] 016_002_cursor_based_list_pagination_01 ... clean
  [62/326] 016_003_validated_sortable_filterable_list_pagination_01 ... clean
  [63/326] 016_004_concurrent_ets_backed_list_pagination_with_page_clamping_01 ... waived
  [64/326] 017_002_keyset_cursor_pagination_search_01 ... clean
  [65/326] 017_003_faceted_search_with_facet_counts_01 ... clean
  [66/326] 017_004_relevance_ranked_full_text_search_01 ... clean
  [67/326] 018_002_trash_and_purge_soft_delete_with_retention_window_01 ... clean
  [68/326] 018_003_cascading_archive_tree_with_origin_aware_restore_01 ... clean
  [69/326] 018_004_optimistic_concurrency_soft_delete_with_version_guards_01 ... clean
  [70/326] 019_002_dependency_ordered_bulk_create_with_cascade_skip_01 ... clean
  [71/326] 019_003_bulk_upsert_with_conflict_resolution_policies_01 ... clean
  [72/326] 019_004_concurrent_bulk_create_with_bounded_concurrency_and_timeouts_01 ... clean
  [73/326] 020_001_file_upload_with_validation_01 ... clean
  [74/326] 020_002_content_addressable_deduplicating_upload_01 ... clean
  [75/326] 020_003_per_tenant_quota_enforced_upload_01 ... clean
  [76/326] 020_004_asynchronous_validation_pipeline_upload_01 ... clean
  [77/326] 021_002_media_type_content_negotiation_with_quality_values_01 ... clean
  [78/326] 021_003_url_path_versioning_with_downgrade_migration_chain_01 ... clean
  [79/326] 021_004_versioned_api_with_deprecation_sunset_lifecycle_01 ... clean
  [80/326] 022_001_nested_resource_endpoint_with_authorization_01 ... clean
  [81/326] 022_002_role_scoped_nested_membership_endpoint_01 ... clean
  [82/326] 022_003_etag_versioned_nested_membership_with_optimistic_concurrency_01 ... clean
  [83/326] 022_004_invitation_accept_decline_nested_membership_workflow_01 ... clean
  [84/326] 023_001_idempotent_post_endpoint_01 ... clean
  [85/326] 023_002_in_flight_coalescing_idempotent_payments_01 ... clean
  [86/326] 023_003_fingerprint_conflict_idempotent_payments_01 ... clean
  [87/326] 023_004_lru_bounded_idempotent_payments_01 ... clean
  [88/326] 024_001_webhook_receiver_with_signature_verification_01 ... clean
  [89/326] 024_002_replay_protected_timestamped_webhook_receiver_01 ... clean
  [90/326] 024_003_multi_provider_webhook_receiver_with_key_rotation_01 ... clean
  [91/326] 024_004_ordered_stream_webhook_receiver_with_gap_buffering_01 ... clean
  [92/326] 025_001_long_polling_endpoint_01 ... clean
  [93/326] 025_002_cursor_resumable_gap_free_long_poll_01 ... clean
  [94/326] 025_003_coalescing_batch_long_poll_with_linger_window_01 ... clean
  [95/326] 025_004_multi_channel_fan_in_long_poll_01 ... clean
  [96/326] 031_001_csv_importer_with_validation_and_error_report_01 ... clean
  [97/326] 031_002_jsonl_importer_with_schema_validation_01 ... clean
  [98/326] 031_003_csv_loader_with_type_coercion_and_enriched_schema_01 ... clean
  [99/326] 031_004_logfmt_record_validator_with_hand_written_parser_01 ... clean
  [100/326] 032_001_json_to_ecto_bulk_ingestion_pipeline_01 ... clean
  [101/326] 032_002_csv_to_ecto_batch_ingestion_with_changeset_validation_01 ... warnings — 4 subtype warning(s) filtered (private helper / any()-return rule)
  [102/326] 032_003_jsonl_streaming_ingestion_with_parallel_batch_processing_01 ... clean
  [103/326] 032_004_multi_table_json_ingestion_with_type_discriminator_routing_01 ... clean
  [104/326] 033_001_log_file_analyzer_01 ... clean
  [105/326] 033_002_metrics_file_aggregator_01 ... clean
  [106/326] 033_003_http_access_log_analyzer_01 ... clean
  [107/326] 033_004_financial_transaction_analyzer_01 ... clean
  [108/326] 034_001_data_reconciliation_engine_01 ... clean
  [109/326] 034_002_cardinality_classifying_multi_key_reconciler_01 ... clean
  [110/326] 034_003_rule_driven_tolerant_reconciler_with_compiled_config_01 ... clean
  [111/326] 034_004_incremental_streaming_reconciler_genserver_01 ... clean
  [112/326] 035_001_time_series_resampler_01 ... clean
  [113/326] 035_002_multi_series_aligned_resampler_01 ... clean
  [114/326] 035_003_streaming_watermark_resampler_01 ... clean
  [115/326] 035_004_counter_rate_resampler_01 ... clean
  [116/326] 036_001_markdown_to_structured_data_parser_01 ... clean
  [117/326] 036_002_hierarchical_heading_outline_parser_01 ... clean
  [118/326] 036_003_error_reporting_markdown_parser_with_line_diagnostics_01 ... clean
  [119/326] 036_004_gfm_table_parser_to_row_maps_01 ... clean
  [120/326] 037_001_data_anonymizer_01 ... clean
  [121/326] 037_002_path_addressed_nested_record_anonymizer_01 ... clean
  [122/326] 037_003_reversible_tokenization_vault_anonymizer_01 ... clean
  [123/326] 037_004_stateful_concurrent_consistent_pseudonymizer_01 ... clean
  [124/326] 038_001_tree_structure_builder_from_flat_list_01 ... clean
  [125/326] 038_002_materialized_path_tree_annotator_01 ... clean
  [126/326] 038_003_incremental_streaming_tree_builder_01 ... clean
  [127/326] 038_004_diagnostic_tree_validator_with_best_effort_repair_01 ... clean
  [128/326] 039_001_diff_generator_for_record_lists_01 ... clean
  [129/326] 039_002_nested_path_addressed_record_diff_01 ... clean
  [130/326] 039_003_ordered_record_diff_with_move_detection_01 ... clean
  [131/326] 039_004_three_way_record_merge_with_conflict_detection_01 ... clean
  [132/326] 040_001_configuration_merger_with_override_rules_01 ... clean
  [133/326] 040_002_provenance_tracking_layered_config_merger_01 ... clean
  [134/326] 040_003_stateful_layered_config_store_genserver_01 ... clean
  [135/326] 040_004_conflict_detecting_strict_config_merger_01 ... clean
  [136/326] 041_001_lru_cache_backed_by_ets_01 ... clean
  [137/326] 041_002_lfu_cache_backed_by_ets_01 ... clean
  [138/326] 041_003_sharded_lru_cache_with_consistent_key_routing_01 ... clean
  [139/326] 041_004_weight_aware_cost_bounded_lru_cache_01 ... clean
  [140/326] 042_001_ets_based_write_through_cache_layer_01 ... clean
  [141/326] 042_002_failure_aware_write_through_cache_with_negative_caching_01 ... clean
  [142/326] 042_003_true_write_through_cache_with_backing_store_propagation_01 ... clean
  [143/326] 042_004_single_flight_non_blocking_write_through_cache_01 ... clean
  [144/326] 043_001_ets_based_leaderboard_01 ... clean
  [145/326] 043_002_cumulative_points_leaderboard_with_atomic_counters_01 ... clean
  [146/326] 043_003_sliding_window_time_decayed_leaderboard_01 ... clean
  [147/326] 043_004_ordered_set_leaderboard_with_deterministic_tie_breaking_01 ... clean
  [148/326] 044_001_ets_based_metrics_collector_01 ... clean
  [149/326] 044_002_histogram_metrics_collector_01 ... clean
  [150/326] 044_003_labeled_dimensional_metrics_collector_01 ... clean
  [151/326] 044_004_sliding_window_rate_metrics_collector_01 ... warnings — 2 subtype warning(s) filtered (private helper / any()-return rule)
  [152/326] 045_001_ets_based_feature_flag_store_01 ... clean
  [153/326] 045_002_multivariate_a_b_c_feature_flag_store_01 ... clean
  [154/326] 045_003_versioned_feature_flag_store_with_rollback_01 ... clean
  [155/326] 045_004_dependency_aware_feature_flag_store_01 ... clean
  [156/326] 061_001_parallel_map_with_concurrency_limit_01 ... clean
  [157/326] 061_002_fail_fast_parallel_map_with_cancellation_01 ... clean
  [158/326] 061_003_timeout_and_retry_parallel_map_01 ... clean
  [159/326] 061_004_weight_budget_parallel_map_01 ... clean
  [160/326] 062_001_pipeline_processor_with_stages_01 ... clean
  [161/326] 062_002_retryable_pipeline_with_per_stage_retry_policies_01 ... clean
  [162/326] 062_003_fan_out_map_pipeline_with_bounded_concurrency_01 ... clean
  [163/326] 062_004_batch_pipeline_with_error_collection_01 ... clean
  [164/326] 063_001_concurrent_data_fetcher_with_timeout_01 ... clean
  [165/326] 063_002_quorum_first_n_concurrent_fetcher_01 ... clean
  [166/326] 063_003_fallback_chain_concurrent_fetcher_01 ... clean
  [167/326] 063_004_bounded_concurrency_concurrent_fetcher_01 ... clean
  [168/326] 064_001_work_stealing_task_queue_01 ... clean
  [169/326] 064_002_fault_tolerant_result_tagged_work_stealing_queue_01 ... clean
  [170/326] 064_003_priority_aware_work_stealing_queue_01 ... clean
  [171/326] 064_004_instrumented_work_stealing_queue_with_steal_metrics_01 ... clean
  [172/326] 065_001_saga_compensating_transaction_coordinator_01 ... clean
  [173/326] 065_002_retrying_saga_coordinator_01 ... clean
  [174/326] 065_003_parallel_stage_saga_coordinator_01 ... clean
  [175/326] 065_004_policy_driven_saga_coordinator_01 ... clean
  [176/326] 070_001_saga_compensating_transaction_coordinator_01 ... clean
  [177/326] 070_002_pivot_step_saga_with_forward_recovery_01 ... clean
  [178/326] 070_003_nested_sub_saga_composition_01 ... clean
  [179/326] 070_004_resumable_journaled_saga_01 ... clean
  [180/326] 071_001_factory_module_for_test_data_generation_01 ... clean
  [181/326] 071_002_trait_composable_factory_01 ... clean
  [182/326] 071_003_bulk_list_factory_with_concurrent_insertion_01 ... clean
  [183/326] 071_004_validation_aware_factory_with_compensating_rollback_01 ... clean
  [184/326] 072_001_test_helper_for_time_dependent_code_01 ... clean
  [185/326] 072_002_deferred_timer_virtual_clock_01 ... clean
  [186/326] 072_003_monotonic_measurement_clock_01 ... clean
  [187/326] 072_004_scripted_sequence_clock_01 ... clean
  [188/326] 073_001_database_cleaner_for_integration_tests_01 ... clean
  [189/326] 073_002_savepoint_stack_nested_transaction_cleaner_01 ... clean
  [190/326] 073_003_sandbox_ownership_cleaner_for_async_tests_01 ... warnings — 1 subtype warning(s) filtered (private helper / any()-return rule)
  [191/326] 073_004_fk_dependency_ordered_deletion_cleaner_01 ... clean
  [192/326] 074_001_custom_exunit_assertion_helpers_01 ... clean
  [193/326] 074_002_collection_and_structural_assertion_helpers_01 ... clean
  [194/326] 074_003_concurrency_and_message_assertion_helpers_01 ... clean
  [195/326] 074_004_numeric_tolerance_and_exception_assertion_helpers_01 ... clean
  [196/326] 075_001_property_based_test_generators_01 ... clean
  [197/326] 075_002_recursive_json_value_generators_with_bounded_depth_01 ... clean
  [198/326] 075_003_stateful_command_sequence_generators_01 ... clean
  [199/326] 075_004_schema_driven_generator_interpreter_01 ... clean
  [200/326] 076_001_trie_01 ... clean
  [201/326] 076_002_compressed_radix_trie_with_path_compression_01 ... clean
  [202/326] 076_003_weighted_autocomplete_trie_with_top_k_ranking_01 ... clean
  [203/326] 076_004_wildcard_pattern_matching_trie_01 ... clean
  [204/326] 077_001_interval_tree_for_overlapping_range_queries_01 ... clean
  [205/326] 077_002_deletable_interval_tree_01 ... clean
  [206/326] 077_003_concurrent_interval_registry_01 ... clean
  [207/326] 077_004_max_overlap_interval_tree_01 ... warnings — 3 subtype warning(s) filtered (private helper / any()-return rule)
  [208/326] 078_001_ring_buffer_01 ... clean
  [209/326] 078_002_reject_when_full_bounded_fifo_queue_01 ... clean
  [210/326] 078_003_double_ended_ring_buffer_deque_01 ... clean
  [211/326] 078_004_concurrent_ring_buffer_sink_genserver_01 ... clean
  [212/326] 079_001_bloom_filter_01 ... clean
  [213/326] 079_002_counting_bloom_filter_01 ... clean
  [214/326] 079_003_scalable_bloom_filter_01 ... clean
  [215/326] 079_004_concurrent_bloom_filter_01 ... clean
  [216/326] 080_001_directed_acyclic_graph_with_topological_sort_01 ... clean
  [217/326] 080_002_weighted_critical_path_dag_scheduler_01 ... clean
  [218/326] 080_003_mutable_dag_with_cycle_diagnostics_and_parallel_layers_01 ... clean
  [219/326] 080_004_concurrent_dag_registry_genserver_01 ... clean
  [220/326] 086_001_shopping_cart_with_price_calculations_01 ... clean
  [221/326] 086_002_tiered_bracket_cart_with_shipping_thresholds_01 ... clean
  [222/326] 086_003_coupon_stacking_cart_with_order_level_discounts_01 ... clean
  [223/326] 086_004_concurrent_genserver_backed_cart_01 ... clean
  [224/326] 087_001_permission_system_with_role_based_access_01 ... clean
  [225/326] 087_002_deny_override_policy_list_access_control_01 ... clean
  [226/326] 087_003_multi_role_grant_with_wildcard_permissions_01 ... clean
  [227/326] 087_004_genserver_role_graph_registry_with_runtime_grants_01 ... clean
  [228/326] 089_001_promo_code_system_01 ... clean
  [229/326] 089_002_stackable_promo_code_system_01 ... clean
  [230/326] 089_003_tiered_promo_code_system_01 ... clean
  [231/326] 089_004_budget_capped_promo_code_system_01 ... clean
  [232/326] 091_001_workflow_state_machine_01 ... clean
  [233/326] 091_002_reversible_order_workflow_with_undo_history_01 ... clean
  [234/326] 091_003_data_driven_finite_state_machine_engine_01 ... clean
  [235/326] 091_004_effectful_workflow_with_event_payloads_01 ... clean
  [236/326] 092_001_scoring_ranking_algorithm_01 ... clean
  [237/326] 092_002_reddit_style_logarithmic_hot_ranking_01 ... clean
  [238/326] 092_003_wilson_lower_bound_confidence_ranking_01 ... clean
  [239/326] 092_004_bayesian_weighted_rating_ranking_01 ... clean
  [240/326] 095_001_multi_currency_money_module_01 ... clean
  [241/326] 095_002_weighted_allocation_money_module_01 ... clean
  [242/326] 095_003_currency_precision_money_module_01 ... clean
  [243/326] 095_004_multi_currency_money_with_fx_conversion_01 ... clean
  [244/326] 096_001_input_sanitizer_module_01 ... clean
  [245/326] 096_002_schema_driven_nested_params_sanitizer_01 ... clean
  [246/326] 096_003_stateful_sanitizer_server_with_policy_and_metrics_01 ... clean
  [247/326] 096_004_reporting_sanitizer_with_strict_and_lenient_modes_01 ... clean
  [248/326] 097_001_password_policy_enforcer_01 ... clean
  [249/326] 097_002_weighted_strength_score_password_policy_01 ... clean
  [250/326] 097_003_severity_classified_password_audit_with_strict_mode_01 ... clean
  [251/326] 097_004_stateful_password_policy_server_with_reuse_history_01 ... clean
  [252/326] 098_001_token_generator_and_validator_01 ... clean
  [253/326] 098_002_aead_sealed_confidential_token_01 ... clean
  [254/326] 098_003_attenuable_capability_token_with_chained_caveats_01 ... clean
  [255/326] 098_004_replay_protected_single_use_token_01 ... clean
  [256/326] 099_001_data_masking_for_logs_01 ... clean
  [257/326] 099_002_redaction_with_match_count_reporting_01 ... clean
  [258/326] 099_003_per_field_masking_strategies_01 ... clean
  [259/326] 099_004_concurrent_masking_server_with_runtime_patterns_01 ... clean
  [260/326] 100_001_totp_time_based_one_time_password_implementation_01 ... clean
  [261/326] 100_002_provisioning_uri_driven_multi_algorithm_totp_verifier_01 ... warnings — 3 subtype warning(s) filtered (private helper / any()-return rule)
  [262/326] 100_003_counter_based_hotp_with_resynchronization_window_01 ... clean
  [263/326] 100_004_stateful_totp_vault_genserver_with_replay_protection_01 ... clean
  [264/326] 101_001_sliding_window_counter_01 ... clean
  [265/326] 101_002_sliding_window_distinct_cardinality_counter_01 ... clean
  [266/326] 101_003_weighted_sliding_sum_counter_01 ... clean
  [267/326] 101_004_sliding_window_threshold_alerter_01 ... clean
  [268/326] 102_002_optimistic_concurrency_persisted_state_machine_01 ... warnings — 6 subtype warning(s) filtered (private helper / any()-return rule)
  [269/326] 102_003_auto_expiring_persisted_state_machine_01 ... clean
  [270/326] 102_004_threshold_approval_persisted_state_machine_01 ... clean
  [271/326] 103_001_dead_letter_queue_01 ... clean
  [272/326] 103_002_backoff_scheduled_retry_dead_letter_queue_01 ... clean
  [273/326] 103_003_deduplicating_dead_letter_queue_01 ... clean
  [274/326] 103_004_bounded_priority_dead_letter_queue_with_bulk_drain_01 ... clean
  [275/326] 104_001_connection_pool_manager_01 ... clean
  [276/326] 104_002_health_validated_connection_pool_01 ... clean
  [277/326] 104_003_overflow_connection_pool_01 ... clean
  [278/326] 104_004_usage_recycling_connection_pool_01 ... clean
  [279/326] 105_001_genserver_based_debouncer_01 ... clean
  [280/326] 105_002_leading_trailing_edge_debouncer_01 ... clean
  [281/326] 105_003_max_wait_debouncer_with_flush_and_cancel_01 ... clean
  [282/326] 105_004_accumulating_batch_debouncer_01 ... clean
  [283/326] 106_001_watchdog_timer_genserver_01 ... clean
  [284/326] 106_002_grace_count_watchdog_timer_01 ... clean
  [285/326] 106_003_recurring_watchdog_timer_01 ... clean
  [286/326] 106_004_escalating_warn_then_timeout_watchdog_01 ... clean
  [287/326] 107_001_event_aggregator_with_flushing_01 ... clean
  [288/326] 107_002_keyed_event_aggregator_with_per_key_batching_01 ... clean
  [289/326] 107_003_weighted_event_aggregator_with_byte_budget_01 ... clean
  [290/326] 107_004_debounced_event_aggregator_with_max_wait_01 ... clean
  [291/326] 108_001_bidirectional_map_genserver_01 ... clean
  [292/326] 108_002_bidirectional_multimap_many_to_many_01 ... clean
  [293/326] 108_003_capacity_bounded_bimap_with_lru_eviction_01 ... clean
  [294/326] 108_004_priority_resolved_bimap_01 ... clean
  [295/326] 109_001_task_dependency_resolver_and_executor_01 ... clean
  [296/326] 109_002_data_flow_task_runner_01 ... clean
  [297/326] 109_003_fail_fast_task_runner_with_skip_propagation_01 ... clean
  [298/326] 109_004_bounded_concurrency_task_scheduler_01 ... clean
  [299/326] 110_001_rolling_percentile_calculator_01 ... clean
  [300/326] 110_002_histogram_based_approximate_rolling_percentile_01 ... clean
  [301/326] 110_003_sla_percentile_monitor_with_inverse_queries_01 ... clean
  [302/326] 110_004_time_decay_weighted_rolling_percentile_01 ... clean
  [303/326] 131_001_streaming_json_parser_for_large_files_01 ... clean
  [304/326] 131_002_lazy_streaming_ndjson_parser_01 ... clean
  [305/326] 131_003_parallel_streaming_json_array_parser_01 ... clean
  [306/326] 131_004_resumable_streaming_json_array_parser_with_error_budget_01 ... clean
  [307/326] 134_001_schema_inference_from_csv_01 ... clean
  [308/326] 134_002_nullable_unique_column_profiler_01 ... clean
  [309/326] 134_003_chunked_merge_based_schema_inference_01 ... clean
  [310/326] 134_004_widening_lattice_schema_inference_01 ... clean
  [311/326] 623_001_mini_elasticsearch_like_inverted_index_01 ... clean
  [312/326] 623_002_boolean_phrase_query_inverted_index_01 ... clean
  [313/326] 623_003_bm25_ranked_inverted_index_01 ... clean
  [314/326] 623_004_fuzzy_edit_distance_inverted_index_01 ... clean
  [315/326] 624_001_mini_git_like_object_store_01 ... clean
  [316/326] 624_002_merge_commit_dag_with_topological_log_and_merge_base_01 ... clean
  [317/326] 624_003_on_disk_loose_object_store_with_zlib_compression_and_integrity_checks_01 ... clean
  [318/326] 624_004_branch_references_with_atomic_cas_updates_and_reachability_gc_01 ... clean
  [319/326] 625_001_mini_s3_like_object_storage_01 ... clean
  [320/326] 625_002_versioned_object_store_with_delete_markers_01 ... clean
  [321/326] 625_003_lifecycle_ttl_object_store_with_lazy_expiration_01 ... warnings — 9 subtype warning(s) filtered (private helper / any()-return rule)
  [322/326] 625_004_conditional_write_object_store_with_etags_01 ... clean
  [323/326] 626_001_mini_prometheus_like_time_series_db_01 ... clean
  [324/326] 626_002_pre_aggregated_rollup_time_series_db_01 ... clean
  [325/326] 626_003_reset_aware_counter_time_series_db_01 ... clean
  [326/326] 626_004_sharded_concurrent_time_series_db_01 ... clean

done: 317 clean, 8 with warnings, 1 waived (see scripts/dialyzer_waivers.jsonl), 0 errors
WARNINGS ARE FINDINGS (CONTEXT.md rule 7): each flagged root needs
  Task A — fix the gold's spec/code (defer while a corpus sweep is writing golds;
           remember the bugfix/wt/tfim cascade + remints on solution edits), AND
  Task B — this gate (weekly CI) already stands; done when the pass reads all-clean.
Rows: /home/kamil/projects/elixir-sft-dataset/logs/dialyzer_golds.jsonl (jq 'select(.outcome=="warnings")').

dialyzer golds: 332 root(s) — 41 to analyze, 285 already analyzed at this content+gate, 6 bundle-skipped (kit-tier staging is v2 — same scope as the retro audit) (PLT dialyxir_erlang-29.0.3_elixir-1.20.2_deps-dev.plt)
  [1/41] 015_001_heartbeat_monitor_01 ... clean
  [2/41] 017_002_keyset_cursor_pagination_search_01 ... clean
  [3/41] 019_002_dependency_ordered_bulk_create_with_cascade_skip_01 ... clean
  [4/41] 023_001_idempotent_post_endpoint_01 ... clean
  [5/41] 023_003_fingerprint_conflict_idempotent_payments_01 ... clean
  [6/41] 031_002_jsonl_importer_with_schema_validation_01 ... clean
  [7/41] 032_002_csv_to_ecto_batch_ingestion_with_changeset_validation_01 ... clean
  [8/41] 033_001_log_file_analyzer_01 ... clean
  [9/41] 033_002_metrics_file_aggregator_01 ... clean
  [10/41] 033_003_http_access_log_analyzer_01 ... clean
  [11/41] 033_004_financial_transaction_analyzer_01 ... clean
  [12/41] 035_001_time_series_resampler_01 ... clean
  [13/41] 035_003_streaming_watermark_resampler_01 ... clean
  [14/41] 035_004_counter_rate_resampler_01 ... clean
  [15/41] 037_004_stateful_concurrent_consistent_pseudonymizer_01 ... clean
  [16/41] 040_001_configuration_merger_with_override_rules_01 ... clean
  [17/41] 040_002_provenance_tracking_layered_config_merger_01 ... clean
  [18/41] 040_003_stateful_layered_config_store_genserver_01 ... clean
  [19/41] 041_001_lru_cache_backed_by_ets_01 ... clean
  [20/41] 044_001_ets_based_metrics_collector_01 ... clean
  [21/41] 044_004_sliding_window_rate_metrics_collector_01 ... clean
  [22/41] 062_004_batch_pipeline_with_error_collection_01 ... clean
  [23/41] 073_001_database_cleaner_for_integration_tests_01 ... clean
  [24/41] 073_003_sandbox_ownership_cleaner_for_async_tests_01 ... clean
  [25/41] 077_001_interval_tree_for_overlapping_range_queries_01 ... clean
  [26/41] 077_002_deletable_interval_tree_01 ... clean
  [27/41] 077_003_concurrent_interval_registry_01 ... clean
  [28/41] 077_004_max_overlap_interval_tree_01 ... warnings — 3 subtype warning(s) filtered (private helper / any()-return rule)
  [29/41] 095_001_multi_currency_money_module_01 ... clean
  [30/41] 095_004_multi_currency_money_with_fx_conversion_01 ... clean
  [31/41] 097_001_password_policy_enforcer_01 ... clean
  [32/41] 099_001_data_masking_for_logs_01 ... clean
  [33/41] 100_002_provisioning_uri_driven_multi_algorithm_totp_verifier_01 ... warnings — 4 subtype warning(s) filtered (private helper / any()-return rule)
  [34/41] 102_002_optimistic_concurrency_persisted_state_machine_01 ... clean
  [35/41] 102_003_auto_expiring_persisted_state_machine_01 ... clean
  [36/41] 102_004_threshold_approval_persisted_state_machine_01 ... clean
  [37/41] 107_001_event_aggregator_with_flushing_01 ... clean
  [38/41] 109_002_data_flow_task_runner_01 ... clean
  [39/41] 624_002_merge_commit_dag_with_topological_log_and_merge_base_01 ... clean
  [40/41] 625_003_lifecycle_ttl_object_store_with_lazy_expiration_01 ... clean
  [41/41] 626_004_sharded_concurrent_time_series_db_01 ... clean

done: 39 clean, 2 with warnings, 0 waived (see scripts/dialyzer_waivers.jsonl), 0 errors
WARNINGS ARE FINDINGS (CONTEXT.md rule 7): each flagged root needs
  Task A — fix the gold's spec/code (defer while a corpus sweep is writing golds;
           remember the bugfix/wt/tfim cascade + remints on solution edits), AND
  Task B — this gate (weekly CI) already stands; done when the pass reads all-clean.
Rows: /home/kamil/projects/elixir-sft-dataset/logs/dialyzer_golds.jsonl (jq 'select(.outcome=="warnings")').

