dialogue chains (accepted final + >=1 reported reject): 528
  minted dialog_014_002_expiring_priority_queue_with_per_task_ttl_01_audit
  minted dialog_014_004_concurrent_priority_queue_with_configurable_parallelism_01_audit
  minted dialog_015_001_heartbeat_monitor_01
  minted dialog_015_001_heartbeat_monitor_01_audit
  minted dialog_015_002_rolling_window_failure_rate_monitor_01_audit
  minted dialog_015_002_sliding_window_failure_count_heartbeat_monitor_01
  minted dialog_015_003_async_check_monitor_with_timeouts_01_audit
  minted dialog_015_003_dependency_aware_cascading_heartbeat_monitor_01
  minted dialog_015_004_concurrent_sweep_heartbeat_monitor_01
  minted dialog_015_004_monitor_with_maintenance_windows_and_pause_resume_01_audit
  minted dialog_016_002_cursor_based_list_pagination_01_audit
  minted dialog_016_003_validated_sortable_filterable_list_pagination_01_audit
  minted dialog_017_002_keyset_cursor_pagination_search_01_audit
  minted dialog_019_002_dependency_ordered_bulk_create_with_cascade_skip_01_audit
  minted dialog_019_004_concurrent_bulk_create_with_bounded_concurrency_and_timeouts_01_audit
  minted dialog_021_003_url_path_versioning_with_downgrade_migration_chain_01_audit
  minted dialog_022_002_role_scoped_nested_membership_endpoint_01
  minted dialog_022_003_etag_versioned_nested_membership_with_optimistic_concurrency_01
  minted dialog_022_004_invitation_accept_decline_nested_membership_workflow_01
  minted dialog_023_001_idempotent_post_endpoint_01_audit
  minted dialog_023_003_fingerprint_conflict_idempotent_payments_01_audit
  minted dialog_024_001_webhook_receiver_with_signature_verification_01_audit
  minted dialog_024_002_replay_protected_timestamped_webhook_receiver_01
  minted dialog_024_003_multi_provider_webhook_receiver_with_key_rotation_01
  minted dialog_024_004_ordered_stream_webhook_receiver_with_gap_buffering_01
  minted dialog_025_001_long_polling_endpoint_01_audit
  minted dialog_025_002_cursor_resumable_gap_free_long_poll_01
  minted dialog_025_002_cursor_resumable_gap_free_long_poll_01_audit
  minted dialog_031_002_jsonl_importer_with_schema_validation_01_audit
  minted dialog_031_003_csv_loader_with_type_coercion_and_enriched_schema_01_audit
  minted dialog_031_004_logfmt_record_validator_with_hand_written_parser_01_audit
  minted dialog_032_001_json_to_ecto_bulk_ingestion_pipeline_01_audit
  minted dialog_032_002_csv_to_ecto_batch_ingestion_with_changeset_validation_01_audit
  minted dialog_032_003_jsonl_streaming_ingestion_with_parallel_batch_processing_01_audit
  minted dialog_032_004_multi_table_json_ingestion_with_type_discriminator_routing_01_audit
  minted dialog_033_001_log_file_analyzer_01_audit
  minted dialog_033_002_metrics_file_aggregator_01_audit
  minted dialog_033_003_http_access_log_analyzer_01_audit
  minted dialog_033_004_financial_transaction_analyzer_01_audit
  minted dialog_034_001_data_reconciliation_engine_01_audit
  minted dialog_034_002_cardinality_classifying_multi_key_reconciler_01
  minted dialog_034_002_cardinality_classifying_multi_key_reconciler_01_audit
  minted dialog_034_003_rule_driven_tolerant_reconciler_with_compiled_config_01
  minted dialog_034_004_incremental_streaming_reconciler_genserver_01
  minted dialog_034_004_incremental_streaming_reconciler_genserver_01_audit
  minted dialog_035_001_time_series_resampler_01_audit
  minted dialog_035_002_multi_series_aligned_resampler_01
  minted dialog_035_003_streaming_watermark_resampler_01
  minted dialog_035_003_streaming_watermark_resampler_01_audit
  minted dialog_035_004_counter_rate_resampler_01
  minted dialog_035_004_counter_rate_resampler_01_audit
  minted dialog_036_002_hierarchical_heading_outline_parser_01
  minted dialog_036_003_error_reporting_markdown_parser_with_line_diagnostics_01
  minted dialog_036_004_gfm_table_parser_to_row_maps_01
  minted dialog_037_001_data_anonymizer_01_audit
  minted dialog_037_002_path_addressed_nested_record_anonymizer_01
  minted dialog_037_002_path_addressed_nested_record_anonymizer_01_audit
  minted dialog_037_003_reversible_tokenization_vault_anonymizer_01
  minted dialog_037_003_reversible_tokenization_vault_anonymizer_01_audit
  minted dialog_037_004_stateful_concurrent_consistent_pseudonymizer_01
  minted dialog_037_004_stateful_concurrent_consistent_pseudonymizer_01_audit
  minted dialog_038_002_materialized_path_tree_annotator_01
  minted dialog_038_003_incremental_streaming_tree_builder_01
  minted dialog_038_004_diagnostic_tree_validator_with_best_effort_repair_01
  minted dialog_038_004_diagnostic_tree_validator_with_best_effort_repair_01_audit
  minted dialog_039_001_diff_generator_for_record_lists_01_audit
  minted dialog_040_001_configuration_merger_with_override_rules_01_audit
  minted dialog_040_002_provenance_tracking_layered_config_merger_01
  minted dialog_040_002_provenance_tracking_layered_config_merger_01_audit
  minted dialog_040_003_stateful_layered_config_store_genserver_01
  minted dialog_040_003_stateful_layered_config_store_genserver_01_audit
  minted dialog_040_004_conflict_detecting_strict_config_merger_01
  minted dialog_041_001_lru_cache_backed_by_ets_01_audit
  minted dialog_041_002_lfu_cache_backed_by_ets_01
  minted dialog_041_002_lfu_cache_backed_by_ets_01_audit
  minted dialog_042_001_ets_based_write_through_cache_layer_01_audit
  minted dialog_042_002_failure_aware_write_through_cache_with_negative_caching_01
  minted dialog_042_003_true_write_through_cache_with_backing_store_propagation_01
  minted dialog_042_004_single_flight_non_blocking_write_through_cache_01
  minted dialog_044_001_ets_based_metrics_collector_01_audit
  minted dialog_045_003_versioned_feature_flag_store_with_rollback_01
  minted dialog_045_004_dependency_aware_feature_flag_store_01
  minted dialog_061_001_parallel_map_with_concurrency_limit_01_audit
  minted dialog_061_002_fail_fast_parallel_map_with_cancellation_01
  minted dialog_061_003_timeout_and_retry_parallel_map_01
  minted dialog_061_004_weight_budget_parallel_map_01
  minted dialog_062_001_pipeline_processor_with_stages_01_audit
  minted dialog_062_004_batch_pipeline_with_error_collection_01_audit
  minted dialog_063_002_quorum_first_n_concurrent_fetcher_01
  minted dialog_063_004_bounded_concurrency_concurrent_fetcher_01_audit
  minted dialog_064_003_priority_aware_work_stealing_queue_01_audit
  minted dialog_070_002_pivot_step_saga_with_forward_recovery_01
  minted dialog_070_003_nested_sub_saga_composition_01
  minted dialog_070_004_resumable_journaled_saga_01
  minted dialog_070_004_resumable_journaled_saga_01_audit
  minted dialog_071_001_factory_module_for_test_data_generation_01_audit
  minted dialog_071_002_trait_composable_factory_01
  minted dialog_071_003_bulk_list_factory_with_concurrent_insertion_01
  minted dialog_071_004_validation_aware_factory_with_compensating_rollback_01
  minted dialog_072_001_test_helper_for_time_dependent_code_01_audit
  minted dialog_073_001_database_cleaner_for_integration_tests_01_audit
  minted dialog_073_002_savepoint_stack_nested_transaction_cleaner_01_audit
  minted dialog_073_004_fk_dependency_ordered_deletion_cleaner_01_audit
  minted dialog_074_001_custom_exunit_assertion_helpers_01_audit
  minted dialog_074_002_collection_and_structural_assertion_helpers_01
  minted dialog_074_003_concurrency_and_message_assertion_helpers_01
  minted dialog_074_004_numeric_tolerance_and_exception_assertion_helpers_01
  minted dialog_075_001_property_based_test_generators_01_audit
  minted dialog_075_002_recursive_json_value_generators_with_bounded_depth_01_audit
  minted dialog_076_002_compressed_radix_trie_with_path_compression_01
  minted dialog_077_001_interval_tree_for_overlapping_range_queries_01_audit
  minted dialog_077_002_deletable_interval_tree_01
  minted dialog_077_002_deletable_interval_tree_01_audit
  minted dialog_077_003_concurrent_interval_registry_01
  minted dialog_077_003_concurrent_interval_registry_01_audit
  minted dialog_078_004_concurrent_ring_buffer_sink_genserver_01
  minted dialog_079_002_counting_bloom_filter_01_audit
  minted dialog_079_003_scalable_bloom_filter_01
  minted dialog_079_003_scalable_bloom_filter_01_audit
  minted dialog_079_004_concurrent_bloom_filter_01_audit
  minted dialog_080_002_weighted_critical_path_dag_scheduler_01
  minted dialog_080_002_weighted_critical_path_dag_scheduler_01_audit
  minted dialog_080_003_mutable_dag_with_cycle_diagnostics_and_parallel_layers_01
  minted dialog_080_004_concurrent_dag_registry_genserver_01
  minted dialog_086_002_tiered_bracket_cart_with_shipping_thresholds_01
  minted dialog_086_003_coupon_stacking_cart_with_order_level_discounts_01
  minted dialog_086_004_concurrent_genserver_backed_cart_01
  minted dialog_087_004_genserver_role_graph_registry_with_runtime_grants_01
  minted dialog_091_001_workflow_state_machine_01_audit
  minted dialog_095_001_multi_currency_money_module_01_audit
  minted dialog_095_004_multi_currency_money_with_fx_conversion_01_audit
  minted dialog_096_001_input_sanitizer_module_01_audit
  minted dialog_096_002_schema_driven_nested_params_sanitizer_01_audit
  minted dialog_096_003_stateful_sanitizer_server_with_policy_and_metrics_01
  minted dialog_096_004_reporting_sanitizer_with_strict_and_lenient_modes_01
  minted dialog_097_001_password_policy_enforcer_01_audit
  minted dialog_098_001_token_generator_and_validator_01_audit
  minted dialog_098_004_replay_protected_single_use_token_01
  minted dialog_099_001_data_masking_for_logs_01_audit
  minted dialog_099_003_per_field_masking_strategies_01_audit
  minted dialog_100_002_provisioning_uri_driven_multi_algorithm_totp_verifier_01
  minted dialog_100_002_provisioning_uri_driven_multi_algorithm_totp_verifier_01_audit
  minted dialog_100_003_counter_based_hotp_with_resynchronization_window_01
  minted dialog_100_004_stateful_totp_vault_genserver_with_replay_protection_01
  minted dialog_101_002_sliding_window_distinct_cardinality_counter_01
  minted dialog_101_003_weighted_sliding_sum_counter_01
  minted dialog_101_004_sliding_window_threshold_alerter_01
  minted dialog_102_003_auto_expiring_persisted_state_machine_01
  minted dialog_102_004_threshold_approval_persisted_state_machine_01
  minted dialog_104_001_connection_pool_manager_01_audit
  minted dialog_104_004_usage_recycling_connection_pool_01_audit
  minted dialog_105_003_max_wait_debouncer_with_flush_and_cancel_01_audit
  minted dialog_107_001_event_aggregator_with_flushing_01_audit
  minted dialog_107_002_keyed_event_aggregator_with_per_key_batching_01_audit
  minted dialog_108_002_bidirectional_multimap_many_to_many_01_audit
  minted dialog_108_003_capacity_bounded_bimap_with_lru_eviction_01_audit
  minted dialog_109_001_task_dependency_resolver_and_executor_01_audit
  minted dialog_109_002_data_flow_task_runner_01_audit
  minted dialog_109_003_fail_fast_task_runner_with_skip_propagation_01_audit
  minted dialog_110_004_time_decay_weighted_rolling_percentile_01_audit
  minted dialog_134_003_chunked_merge_based_schema_inference_01_audit
  minted dialog_623_001_mini_elasticsearch_like_inverted_index_01_audit
  minted dialog_623_003_bm25_ranked_inverted_index_01
  minted dialog_624_001_mini_git_like_object_store_01_audit
  minted dialog_624_002_merge_commit_dag_with_topological_log_and_merge_base_01
  minted dialog_624_002_merge_commit_dag_with_topological_log_and_merge_base_01_audit
  minted dialog_624_004_branch_references_with_atomic_cas_updates_and_reachability_gc_01
  minted dialog_625_002_versioned_object_store_with_delete_markers_01
  minted dialog_625_003_lifecycle_ttl_object_store_with_lazy_expiration_01
  minted dialog_625_003_lifecycle_ttl_object_store_with_lazy_expiration_01_audit
  minted dialog_626_001_mini_prometheus_like_time_series_db_01_audit
  minted dialog_626_002_pre_aggregated_rollup_time_series_db_01
  minted dialog_626_003_reset_aware_counter_time_series_db_01
  minted dialog_626_004_sharded_concurrent_time_series_db_01
  minted dialog_626_004_sharded_concurrent_time_series_db_01_audit
minted: %{exists: 349, minted: 175, known_dead: 4}
dialog_ dirs are FROZEN captured evidence: no resync gate. Validate + commit:
  elixir scripts/validate.exs --only "dialog_*"
  mix run scripts/export_dataset.exs -- --check

