  resynced tasks/wt_004_001_job_scheduler_with_cron_like_expressions: prompt.md,solution.ex,test_harness.exs
resync_embeds over 331 dirs: %{unchanged: 330, resynced: 1} — APPLIED
bugfix embeds: %{unchanged: 958} — APPLIED
tfim embeds: %{unchanged: 3269, resynced: 10} — APPLIED
  resynced adapt_004_002_intervalscheduler: prompt.md
  resynced adapt_004_003_retryscheduler: prompt.md
  resynced adapt_004_004_calendarscheduler: prompt.md
adapt embeds: %{unchanged: 246, resynced: 3}
    note: gold located by whitespace-normalized match (child gold wrapping differs from parent — reflow-stale gold)
DRIFT tasks/004_001_job_scheduler_with_cron_like_expressions_02 (module-FIM; parent tasks/004_001_job_scheduler_with_cron_like_expressions_01)
    - missing from embed  tasks/004_001_job_scheduler_with_cron_like_expressions_01/solution.ex:111:             if satisfiable?(parsed) do
    - missing from embed  tasks/004_001_job_scheduler_with_cron_like_expressions_01/solution.ex:112:               register_job(name, cron_expr, parsed, mfa, state)
    - missing from embed  tasks/004_001_job_scheduler_with_cron_like_expressions_01/solution.ex:113:             else
    - missing from embed  tasks/004_001_job_scheduler_with_cron_like_expressions_01/solution.ex:114:               {:reply, {:error, :invalid_cron}, state}
    - missing from embed  tasks/004_001_job_scheduler_with_cron_like_expressions_01/solution.ex:115:             end
    - extra in embed      tasks/004_001_job_scheduler_with_cron_like_expressions_02/prompt.md:126:             now = state.clock.()
    - extra in embed      tasks/004_001_job_scheduler_with_cron_like_expressions_02/prompt.md:127:             next = next_run_time(parsed, now)
    - extra in embed      tasks/004_001_job_scheduler_with_cron_like_expressions_02/prompt.md:129:             job = %{
    - extra in embed      tasks/004_001_job_scheduler_with_cron_like_expressions_02/prompt.md:130:               cron_expression: cron_expr,
    - extra in embed      tasks/004_001_job_scheduler_with_cron_like_expressions_02/prompt.md:131:               parsed: parsed,
    ... 37 more line(s) not shown
DRIFT tasks/004_001_job_scheduler_with_cron_like_expressions_03 (module-FIM; parent tasks/004_001_job_scheduler_with_cron_like_expressions_01)
    - missing from embed  tasks/004_001_job_scheduler_with_cron_like_expressions_01/solution.ex:111:             if satisfiable?(parsed) do
    - missing from embed  tasks/004_001_job_scheduler_with_cron_like_expressions_01/solution.ex:112:               register_job(name, cron_expr, parsed, mfa, state)
    - missing from embed  tasks/004_001_job_scheduler_with_cron_like_expressions_01/solution.ex:113:             else
    - missing from embed  tasks/004_001_job_scheduler_with_cron_like_expressions_01/solution.ex:114:               {:reply, {:error, :invalid_cron}, state}
    - missing from embed  tasks/004_001_job_scheduler_with_cron_like_expressions_01/solution.ex:115:             end
    - extra in embed      tasks/004_001_job_scheduler_with_cron_like_expressions_03/prompt.md:127:             now = state.clock.()
    - extra in embed      tasks/004_001_job_scheduler_with_cron_like_expressions_03/prompt.md:128:             next = next_run_time(parsed, now)
    - extra in embed      tasks/004_001_job_scheduler_with_cron_like_expressions_03/prompt.md:130:             job = %{
    - extra in embed      tasks/004_001_job_scheduler_with_cron_like_expressions_03/prompt.md:131:               cron_expression: cron_expr,
    - extra in embed      tasks/004_001_job_scheduler_with_cron_like_expressions_03/prompt.md:132:               parsed: parsed,
    ... 37 more line(s) not shown
DRIFT tasks/004_001_job_scheduler_with_cron_like_expressions_04 (module-FIM; parent tasks/004_001_job_scheduler_with_cron_like_expressions_01)
    - missing from embed  tasks/004_001_job_scheduler_with_cron_like_expressions_01/solution.ex:111:             if satisfiable?(parsed) do
    - missing from embed  tasks/004_001_job_scheduler_with_cron_like_expressions_01/solution.ex:112:               register_job(name, cron_expr, parsed, mfa, state)
    - missing from embed  tasks/004_001_job_scheduler_with_cron_like_expressions_01/solution.ex:113:             else
    - missing from embed  tasks/004_001_job_scheduler_with_cron_like_expressions_01/solution.ex:114:               {:reply, {:error, :invalid_cron}, state}
    - missing from embed  tasks/004_001_job_scheduler_with_cron_like_expressions_01/solution.ex:115:             end
    - extra in embed      tasks/004_001_job_scheduler_with_cron_like_expressions_04/prompt.md:122:             now = state.clock.()
    - extra in embed      tasks/004_001_job_scheduler_with_cron_like_expressions_04/prompt.md:123:             next = next_run_time(parsed, now)
    - extra in embed      tasks/004_001_job_scheduler_with_cron_like_expressions_04/prompt.md:125:             job = %{
    - extra in embed      tasks/004_001_job_scheduler_with_cron_like_expressions_04/prompt.md:126:               cron_expression: cron_expr,
    - extra in embed      tasks/004_001_job_scheduler_with_cron_like_expressions_04/prompt.md:127:               parsed: parsed,
    ... 37 more line(s) not shown
DRIFT tasks/004_001_job_scheduler_with_cron_like_expressions_05 (module-FIM; parent tasks/004_001_job_scheduler_with_cron_like_expressions_01)
    - missing from embed  tasks/004_001_job_scheduler_with_cron_like_expressions_01/solution.ex:111:             if satisfiable?(parsed) do
    - missing from embed  tasks/004_001_job_scheduler_with_cron_like_expressions_01/solution.ex:112:               register_job(name, cron_expr, parsed, mfa, state)
    - missing from embed  tasks/004_001_job_scheduler_with_cron_like_expressions_01/solution.ex:113:             else
    - missing from embed  tasks/004_001_job_scheduler_with_cron_like_expressions_01/solution.ex:114:               {:reply, {:error, :invalid_cron}, state}
    - missing from embed  tasks/004_001_job_scheduler_with_cron_like_expressions_01/solution.ex:115:             end
    - extra in embed      tasks/004_001_job_scheduler_with_cron_like_expressions_05/prompt.md:120:             now = state.clock.()
    - extra in embed      tasks/004_001_job_scheduler_with_cron_like_expressions_05/prompt.md:121:             next = next_run_time(parsed, now)
    - extra in embed      tasks/004_001_job_scheduler_with_cron_like_expressions_05/prompt.md:123:             job = %{
    - extra in embed      tasks/004_001_job_scheduler_with_cron_like_expressions_05/prompt.md:124:               cron_expression: cron_expr,
    - extra in embed      tasks/004_001_job_scheduler_with_cron_like_expressions_05/prompt.md:125:               parsed: parsed,
    ... 37 more line(s) not shown
    note: gold located by whitespace-normalized match (child gold wrapping differs from parent — reflow-stale gold)
module-FIM: 987 clean, 0 reflow, 4 drift, 0 skipped
wt_: 331 clean, 0 reflow, 0 drift, 0 skipped
embed check: 1318 clean, 0 reflow, 4 drift, 0 skipped
