=== 2026-07-18T14:54:41+02:00 mix run scripts/resync_embeds.exs -- --wt-all --apply
  resynced tasks/wt_110_002_histogram_based_approximate_rolling_percentile: prompt.md
resync_embeds over 331 dirs: %{unchanged: 330, resynced: 1} — APPLIED
=== rc=0
=== 2026-07-18T14:54:42+02:00 mix run scripts/resync_bugfix_embeds.exs -- --apply
bugfix embeds: %{unchanged: 958, resynced: 3} — APPLIED
=== rc=0
=== 2026-07-18T14:54:43+02:00 mix run scripts/resync_tfim_embeds.exs -- --apply
tfim embeds: %{unchanged: 3281} — APPLIED
=== rc=0
=== 2026-07-18T14:54:49+02:00 mix run scripts/resync_adapt_embeds.exs -- --apply
  resynced adapt_110_002_histogram_based_approximate_rolling_percentile: prompt.md
adapt embeds: %{unchanged: 248, resynced: 1}
=== rc=0
=== 2026-07-18T14:54:53+02:00 elixir scripts/check_embeds.exs
    note: gold located by whitespace-normalized match (child gold wrapping differs from parent — reflow-stale gold)
    note: gold located by whitespace-normalized match (child gold wrapping differs from parent — reflow-stale gold)
module-FIM: 991 clean, 0 reflow, 0 drift, 0 skipped
wt_: 331 clean, 0 reflow, 0 drift, 0 skipped
embed check: 1322 clean, 0 reflow, 0 drift, 0 skipped
=== rc=0
=== cascade done rc=0
