  resynced tasks/wt_003_003_lease_based_bucket: prompt.md
  resynced tasks/wt_005_004_filteredeventbus: prompt.md
  resynced tasks/wt_019_003_bulk_upsert_with_conflict_resolution_policies: prompt.md
  resynced tasks/wt_019_004_concurrent_bulk_create_with_bounded_concurrency_and_timeouts: prompt.md
  resynced tasks/wt_025_001_long_polling_endpoint: prompt.md
  resynced tasks/wt_025_004_multi_channel_fan_in_long_poll: prompt.md
  resynced tasks/wt_031_001_csv_importer_with_validation_and_error_report: prompt.md
  resynced tasks/wt_041_002_lfu_cache_backed_by_ets: prompt.md
  resynced tasks/wt_042_002_failure_aware_write_through_cache_with_negative_caching: prompt.md
  resynced tasks/wt_073_004_fk_dependency_ordered_deletion_cleaner: prompt.md
  resynced tasks/wt_074_001_custom_exunit_assertion_helpers: prompt.md
  resynced tasks/wt_074_004_numeric_tolerance_and_exception_assertion_helpers: prompt.md
  resynced tasks/wt_079_002_counting_bloom_filter: prompt.md
  resynced tasks/wt_080_002_weighted_critical_path_dag_scheduler: prompt.md,solution.ex
  resynced tasks/wt_110_004_time_decay_weighted_rolling_percentile: prompt.md
  resynced tasks/wt_623_001_mini_elasticsearch_like_inverted_index: prompt.md
resync_embeds over 331 dirs: %{unchanged: 315, resynced: 16} — APPLIED
bugfix embeds: %{unchanged: 913, resynced: 48} — APPLIED
tfim embeds: %{unchanged: 3270, resynced: 9} — APPLIED
  resynced adapt_003_003_lease_based_bucket: prompt.md
  resynced adapt_005_004_filteredeventbus: prompt.md
  resynced adapt_019_003_bulk_upsert_with_conflict_resolution_policies: prompt.md
  resynced adapt_019_004_concurrent_bulk_create_with_bounded_concurrency_and_timeouts: prompt.md
  resynced adapt_025_004_multi_channel_fan_in_long_poll: prompt.md
  resynced adapt_041_002_lfu_cache_backed_by_ets: prompt.md
  resynced adapt_042_002_failure_aware_write_through_cache_with_negative_caching: prompt.md
  resynced adapt_073_004_fk_dependency_ordered_deletion_cleaner: prompt.md
  resynced adapt_074_004_numeric_tolerance_and_exception_assertion_helpers: prompt.md
  resynced adapt_079_002_counting_bloom_filter: prompt.md
  resynced adapt_080_002_weighted_critical_path_dag_scheduler: prompt.md, solution.ex
  resynced adapt_110_004_time_decay_weighted_rolling_percentile: prompt.md
adapt embeds: %{unchanged: 237, resynced: 12}
    note: gold located by whitespace-normalized match (child gold wrapping differs from parent — reflow-stale gold)
    note: gold located by whitespace-normalized match (child gold wrapping differs from parent — reflow-stale gold)
DRIFT tasks/080_002_weighted_critical_path_dag_scheduler_02 (module-FIM; parent tasks/080_002_weighted_critical_path_dag_scheduler_01)
    - missing from embed  tasks/080_002_weighted_critical_path_dag_scheduler_01/solution.ex:93:     dag.in_edges |> Map.get(id, MapSet.new()) |> MapSet.to_list() |> Enum.sort()
    - extra in embed      tasks/080_002_weighted_critical_path_dag_scheduler_02/prompt.md:119:     dag.in_edges |> Map.get(id, MapSet.new()) |> MapSet.to_list()
    - missing from embed  tasks/080_002_weighted_critical_path_dag_scheduler_01/solution.ex:101:     dag.out_edges |> Map.get(id, MapSet.new()) |> MapSet.to_list() |> Enum.sort()
    - extra in embed      tasks/080_002_weighted_critical_path_dag_scheduler_02/prompt.md:127:     dag.out_edges |> Map.get(id, MapSet.new()) |> MapSet.to_list()
DRIFT tasks/080_002_weighted_critical_path_dag_scheduler_03 (module-FIM; parent tasks/080_002_weighted_critical_path_dag_scheduler_01)
    - missing from embed  tasks/080_002_weighted_critical_path_dag_scheduler_01/solution.ex:93:     dag.in_edges |> Map.get(id, MapSet.new()) |> MapSet.to_list() |> Enum.sort()
    - extra in embed      tasks/080_002_weighted_critical_path_dag_scheduler_03/prompt.md:119:     dag.in_edges |> Map.get(id, MapSet.new()) |> MapSet.to_list()
    - missing from embed  tasks/080_002_weighted_critical_path_dag_scheduler_01/solution.ex:101:     dag.out_edges |> Map.get(id, MapSet.new()) |> MapSet.to_list() |> Enum.sort()
    - extra in embed      tasks/080_002_weighted_critical_path_dag_scheduler_03/prompt.md:127:     dag.out_edges |> Map.get(id, MapSet.new()) |> MapSet.to_list()
DRIFT tasks/080_002_weighted_critical_path_dag_scheduler_04 (module-FIM; parent tasks/080_002_weighted_critical_path_dag_scheduler_01)
    - missing from embed  tasks/080_002_weighted_critical_path_dag_scheduler_01/solution.ex:93:     dag.in_edges |> Map.get(id, MapSet.new()) |> MapSet.to_list() |> Enum.sort()
    - extra in embed      tasks/080_002_weighted_critical_path_dag_scheduler_04/prompt.md:120:     dag.in_edges |> Map.get(id, MapSet.new()) |> MapSet.to_list()
    - missing from embed  tasks/080_002_weighted_critical_path_dag_scheduler_01/solution.ex:101:     dag.out_edges |> Map.get(id, MapSet.new()) |> MapSet.to_list() |> Enum.sort()
    - extra in embed      tasks/080_002_weighted_critical_path_dag_scheduler_04/prompt.md:128:     dag.out_edges |> Map.get(id, MapSet.new()) |> MapSet.to_list()
module-FIM: 988 clean, 0 reflow, 3 drift, 0 skipped
wt_: 331 clean, 0 reflow, 0 drift, 0 skipped
embed check: 1319 clean, 0 reflow, 3 drift, 0 skipped
