=== 2026-07-18T11:41:59+02:00 mix run scripts/resync_embeds.exs -- --wt-all --apply
  resynced tasks/wt_001_002_fixed_window_counter: prompt.md
  resynced tasks/wt_001_003_hierarchical_limiter: prompt.md
  resynced tasks/wt_001_004_penalty_escalation: prompt.md
  resynced tasks/wt_002_001_circuit_breaker: prompt.md
  resynced tasks/wt_002_003_progressive_recovery_cb: prompt.md
  resynced tasks/wt_002_004_leaky_bucket_failure_cb: prompt.md
  resynced tasks/wt_003_003_lease_based_bucket: prompt.md
  resynced tasks/wt_003_004_shared_pool_bucket: prompt.md
  resynced tasks/wt_004_001_job_scheduler_with_cron_like_expressions: prompt.md
  resynced tasks/wt_004_003_retryscheduler: prompt.md
  resynced tasks/wt_005_002_priorityeventbus: prompt.md
  resynced tasks/wt_005_003_replayeventbus: prompt.md
  resynced tasks/wt_005_004_filteredeventbus: prompt.md
  resynced tasks/wt_006_001_ttl_cache_with_lazy_expiration: prompt.md
  resynced tasks/wt_006_004_swrcache: prompt.md
  resynced tasks/wt_007_003_streamingpercentile: prompt.md
  resynced tasks/wt_008_001_distributed_counter_with_crdt_style_merge: prompt.md
  resynced tasks/wt_008_002_lww_element_set_crdt: prompt.md
  resynced tasks/wt_008_004_observed_remove_set_crdt: prompt.md
  resynced tasks/wt_009_004_per_key_bounded_concurrency_pool: prompt.md
  resynced tasks/wt_010_003_exclusive_lease_manager_with_ownership: prompt.md
  resynced tasks/wt_010_004_rolling_window_quota_tracker: prompt.md
  resynced tasks/wt_011_002_priority_worker_pool_with_starvation_prevention: prompt.md
  resynced tasks/wt_011_003_cancellable_worker_pool: prompt.md
  resynced tasks/wt_011_004_worker_pool_with_per_task_timeouts_and_retry: prompt.md
  resynced tasks/wt_012_002_subscription_lifecycle_event_sourced_aggregate: prompt.md
  resynced tasks/wt_012_003_inventory_stock_event_sourced_aggregate: prompt.md
  resynced tasks/wt_012_004_task_tracker_event_sourced_aggregate: prompt.md
  resynced tasks/wt_013_002_timeout_guarded_retry_worker: prompt.md
  resynced tasks/wt_013_004_classified_error_retry_worker_with_on_retry_callback: prompt.md
  resynced tasks/wt_014_002_expiring_priority_queue_with_per_task_ttl: prompt.md
  resynced tasks/wt_014_003_cancellable_priority_queue_with_numeric_priorities: prompt.md
  resynced tasks/wt_014_004_concurrent_priority_queue_with_configurable_parallelism: prompt.md
  resynced tasks/wt_016_002_cursor_based_list_pagination: prompt.md
  resynced tasks/wt_016_003_validated_sortable_filterable_list_pagination: prompt.md
  resynced tasks/wt_017_002_keyset_cursor_pagination_search: prompt.md
  resynced tasks/wt_018_004_optimistic_concurrency_soft_delete_with_version_guards: prompt.md
  resynced tasks/wt_019_002_dependency_ordered_bulk_create_with_cascade_skip: prompt.md
  resynced tasks/wt_019_003_bulk_upsert_with_conflict_resolution_policies: prompt.md
  resynced tasks/wt_020_001_file_upload_with_validation: prompt.md
  resynced tasks/wt_021_002_media_type_content_negotiation_with_quality_values: prompt.md
  resynced tasks/wt_021_003_url_path_versioning_with_downgrade_migration_chain: prompt.md
  resynced tasks/wt_022_001_nested_resource_endpoint_with_authorization: prompt.md
  resynced tasks/wt_022_002_role_scoped_nested_membership_endpoint: prompt.md
  resynced tasks/wt_023_001_idempotent_post_endpoint: prompt.md
  resynced tasks/wt_023_003_fingerprint_conflict_idempotent_payments: prompt.md
  resynced tasks/wt_024_001_webhook_receiver_with_signature_verification: prompt.md
  resynced tasks/wt_025_004_multi_channel_fan_in_long_poll: prompt.md
  resynced tasks/wt_031_002_jsonl_importer_with_schema_validation: prompt.md
  resynced tasks/wt_031_003_csv_loader_with_type_coercion_and_enriched_schema: prompt.md
  resynced tasks/wt_031_004_logfmt_record_validator_with_hand_written_parser: prompt.md
  resynced tasks/wt_032_001_json_to_ecto_bulk_ingestion_pipeline: prompt.md
  resynced tasks/wt_032_002_csv_to_ecto_batch_ingestion_with_changeset_validation: prompt.md
  resynced tasks/wt_032_003_jsonl_streaming_ingestion_with_parallel_batch_processing: prompt.md
  resynced tasks/wt_033_001_log_file_analyzer: prompt.md
  resynced tasks/wt_034_001_data_reconciliation_engine: prompt.md
  resynced tasks/wt_035_001_time_series_resampler: prompt.md
  resynced tasks/wt_035_002_multi_series_aligned_resampler: prompt.md
  resynced tasks/wt_035_003_streaming_watermark_resampler: prompt.md
  resynced tasks/wt_036_001_markdown_to_structured_data_parser: prompt.md
  resynced tasks/wt_036_002_hierarchical_heading_outline_parser: prompt.md
  resynced tasks/wt_036_003_error_reporting_markdown_parser_with_line_diagnostics: prompt.md
  resynced tasks/wt_036_004_gfm_table_parser_to_row_maps: prompt.md
  resynced tasks/wt_037_001_data_anonymizer: prompt.md
  resynced tasks/wt_037_002_path_addressed_nested_record_anonymizer: prompt.md
  resynced tasks/wt_037_004_stateful_concurrent_consistent_pseudonymizer: prompt.md
  resynced tasks/wt_038_001_tree_structure_builder_from_flat_list: prompt.md
  resynced tasks/wt_038_003_incremental_streaming_tree_builder: prompt.md
  resynced tasks/wt_039_001_diff_generator_for_record_lists: prompt.md
  resynced tasks/wt_039_003_ordered_record_diff_with_move_detection: prompt.md
  resynced tasks/wt_040_001_configuration_merger_with_override_rules: prompt.md
  resynced tasks/wt_040_002_provenance_tracking_layered_config_merger: prompt.md
  resynced tasks/wt_040_003_stateful_layered_config_store_genserver: prompt.md
  resynced tasks/wt_041_001_lru_cache_backed_by_ets: prompt.md
  resynced tasks/wt_042_001_ets_based_write_through_cache_layer: prompt.md
  resynced tasks/wt_042_004_single_flight_non_blocking_write_through_cache: prompt.md
  resynced tasks/wt_043_001_ets_based_leaderboard: prompt.md
  resynced tasks/wt_043_002_cumulative_points_leaderboard_with_atomic_counters: prompt.md
  resynced tasks/wt_043_003_sliding_window_time_decayed_leaderboard: prompt.md
  resynced tasks/wt_044_002_histogram_metrics_collector: prompt.md
  resynced tasks/wt_044_003_labeled_dimensional_metrics_collector: prompt.md
  resynced tasks/wt_044_004_sliding_window_rate_metrics_collector: prompt.md
  resynced tasks/wt_045_002_multivariate_a_b_c_feature_flag_store: prompt.md
  resynced tasks/wt_045_004_dependency_aware_feature_flag_store: prompt.md
  resynced tasks/wt_061_004_weight_budget_parallel_map: prompt.md
  resynced tasks/wt_062_001_pipeline_processor_with_stages: prompt.md
  resynced tasks/wt_062_002_retryable_pipeline_with_per_stage_retry_policies: prompt.md
  resynced tasks/wt_062_003_fan_out_map_pipeline_with_bounded_concurrency: prompt.md
  resynced tasks/wt_062_004_batch_pipeline_with_error_collection: prompt.md
  resynced tasks/wt_063_004_bounded_concurrency_concurrent_fetcher: prompt.md
  resynced tasks/wt_064_001_work_stealing_task_queue: prompt.md
  resynced tasks/wt_064_002_fault_tolerant_result_tagged_work_stealing_queue: prompt.md
  resynced tasks/wt_064_003_priority_aware_work_stealing_queue: prompt.md
  resynced tasks/wt_070_002_pivot_step_saga_with_forward_recovery: prompt.md
  resynced tasks/wt_070_003_nested_sub_saga_composition: prompt.md
  resynced tasks/wt_071_001_factory_module_for_test_data_generation: prompt.md
  resynced tasks/wt_071_002_trait_composable_factory: prompt.md
  resynced tasks/wt_072_001_test_helper_for_time_dependent_code: prompt.md
  resynced tasks/wt_073_003_sandbox_ownership_cleaner_for_async_tests: prompt.md
  resynced tasks/wt_073_004_fk_dependency_ordered_deletion_cleaner: prompt.md
  resynced tasks/wt_074_001_custom_exunit_assertion_helpers: prompt.md
  resynced tasks/wt_074_004_numeric_tolerance_and_exception_assertion_helpers: prompt.md
  resynced tasks/wt_075_003_stateful_command_sequence_generators: prompt.md
  resynced tasks/wt_076_001_trie: prompt.md
  resynced tasks/wt_076_002_compressed_radix_trie_with_path_compression: prompt.md
  resynced tasks/wt_076_003_weighted_autocomplete_trie_with_top_k_ranking: prompt.md
  resynced tasks/wt_076_004_wildcard_pattern_matching_trie: prompt.md
  resynced tasks/wt_077_003_concurrent_interval_registry: prompt.md
  resynced tasks/wt_078_002_reject_when_full_bounded_fifo_queue: prompt.md
  resynced tasks/wt_079_003_scalable_bloom_filter: prompt.md
  resynced tasks/wt_080_001_directed_acyclic_graph_with_topological_sort: prompt.md
  resynced tasks/wt_086_001_shopping_cart_with_price_calculations: prompt.md
  resynced tasks/wt_086_003_coupon_stacking_cart_with_order_level_discounts: prompt.md
  resynced tasks/wt_086_004_concurrent_genserver_backed_cart: prompt.md
  resynced tasks/wt_087_003_multi_role_grant_with_wildcard_permissions: prompt.md
  resynced tasks/wt_092_004_bayesian_weighted_rating_ranking: prompt.md
  resynced tasks/wt_095_001_multi_currency_money_module: prompt.md
  resynced tasks/wt_095_004_multi_currency_money_with_fx_conversion: prompt.md
  resynced tasks/wt_096_001_input_sanitizer_module: prompt.md
  resynced tasks/wt_096_003_stateful_sanitizer_server_with_policy_and_metrics: prompt.md
  resynced tasks/wt_096_004_reporting_sanitizer_with_strict_and_lenient_modes: prompt.md
  resynced tasks/wt_097_001_password_policy_enforcer: prompt.md
  resynced tasks/wt_097_003_severity_classified_password_audit_with_strict_mode: prompt.md
  resynced tasks/wt_099_001_data_masking_for_logs: prompt.md
  resynced tasks/wt_099_003_per_field_masking_strategies: prompt.md
  resynced tasks/wt_100_003_counter_based_hotp_with_resynchronization_window: prompt.md
  resynced tasks/wt_101_002_sliding_window_distinct_cardinality_counter: prompt.md
  resynced tasks/wt_102_002_optimistic_concurrency_persisted_state_machine: prompt.md
  resynced tasks/wt_102_004_threshold_approval_persisted_state_machine: prompt.md
  resynced tasks/wt_103_001_dead_letter_queue: prompt.md
  resynced tasks/wt_103_003_deduplicating_dead_letter_queue: prompt.md
  resynced tasks/wt_104_003_overflow_connection_pool: prompt.md
  resynced tasks/wt_104_004_usage_recycling_connection_pool: prompt.md
  resynced tasks/wt_105_003_max_wait_debouncer_with_flush_and_cancel: prompt.md
  resynced tasks/wt_105_004_accumulating_batch_debouncer: prompt.md
  resynced tasks/wt_107_002_keyed_event_aggregator_with_per_key_batching: prompt.md
  resynced tasks/wt_109_004_bounded_concurrency_task_scheduler: prompt.md
  resynced tasks/wt_131_002_lazy_streaming_ndjson_parser: prompt.md
  resynced tasks/wt_623_001_mini_elasticsearch_like_inverted_index: prompt.md
  resynced tasks/wt_623_003_bm25_ranked_inverted_index: prompt.md
  resynced tasks/wt_623_004_fuzzy_edit_distance_inverted_index: prompt.md
  resynced tasks/wt_624_001_mini_git_like_object_store: prompt.md
  resynced tasks/wt_624_003_on_disk_loose_object_store_with_zlib_compression_and_integrity_checks: prompt.md
  resynced tasks/wt_624_004_branch_references_with_atomic_cas_updates_and_reachability_gc: prompt.md
  resynced tasks/wt_625_001_mini_s3_like_object_storage: prompt.md
  resynced tasks/wt_625_002_versioned_object_store_with_delete_markers: prompt.md
  resynced tasks/wt_625_003_lifecycle_ttl_object_store_with_lazy_expiration: prompt.md
  resynced tasks/wt_626_001_mini_prometheus_like_time_series_db: prompt.md
  resynced tasks/wt_626_002_pre_aggregated_rollup_time_series_db: prompt.md
  resynced tasks/wt_626_003_reset_aware_counter_time_series_db: prompt.md
  resynced tasks/wt_626_004_sharded_concurrent_time_series_db: prompt.md
resync_embeds over 331 dirs: %{unchanged: 180, resynced: 151} — APPLIED
=== rc=0
=== 2026-07-18T11:42:00+02:00 mix run scripts/resync_bugfix_embeds.exs -- --apply
bugfix embeds: %{unchanged: 517, resynced: 444} — APPLIED
=== rc=0
=== 2026-07-18T11:42:01+02:00 mix run scripts/resync_tfim_embeds.exs -- --apply
tfim embeds: %{unchanged: 3279} — APPLIED
=== rc=0
=== 2026-07-18T11:42:06+02:00 mix run scripts/resync_adapt_embeds.exs -- --apply
  resynced adapt_001_002_fixed_window_counter: prompt.md
  resynced adapt_001_003_hierarchical_limiter: prompt.md
  resynced adapt_001_004_penalty_escalation: prompt.md
  resynced adapt_002_003_progressive_recovery_cb: prompt.md
  resynced adapt_002_004_leaky_bucket_failure_cb: prompt.md
  resynced adapt_003_003_lease_based_bucket: prompt.md
  resynced adapt_003_004_shared_pool_bucket: prompt.md
  resynced adapt_004_003_retryscheduler: prompt.md
  resynced adapt_005_002_priorityeventbus: prompt.md
  resynced adapt_005_003_replayeventbus: prompt.md
  resynced adapt_005_004_filteredeventbus: prompt.md
  resynced adapt_006_004_swrcache: prompt.md
  resynced adapt_007_003_streamingpercentile: prompt.md
  resynced adapt_008_002_lww_element_set_crdt: prompt.md
  resynced adapt_008_004_observed_remove_set_crdt: prompt.md
  resynced adapt_009_004_per_key_bounded_concurrency_pool: prompt.md
  resynced adapt_010_003_exclusive_lease_manager_with_ownership: prompt.md
  resynced adapt_010_004_rolling_window_quota_tracker: prompt.md
  resynced adapt_011_002_priority_worker_pool_with_starvation_prevention: prompt.md
  resynced adapt_011_003_cancellable_worker_pool: prompt.md
  resynced adapt_011_004_worker_pool_with_per_task_timeouts_and_retry: prompt.md
  resynced adapt_012_002_subscription_lifecycle_event_sourced_aggregate: prompt.md
  resynced adapt_012_003_inventory_stock_event_sourced_aggregate: prompt.md
  resynced adapt_012_004_task_tracker_event_sourced_aggregate: prompt.md
  resynced adapt_013_002_timeout_guarded_retry_worker: prompt.md
  resynced adapt_013_004_classified_error_retry_worker_with_on_retry_callback: prompt.md
  resynced adapt_014_002_expiring_priority_queue_with_per_task_ttl: prompt.md
  resynced adapt_014_003_cancellable_priority_queue_with_numeric_priorities: prompt.md
  resynced adapt_014_004_concurrent_priority_queue_with_configurable_parallelism: prompt.md
  resynced adapt_016_002_cursor_based_list_pagination: prompt.md
  resynced adapt_016_003_validated_sortable_filterable_list_pagination: prompt.md
  resynced adapt_017_002_keyset_cursor_pagination_search: prompt.md
  resynced adapt_018_004_optimistic_concurrency_soft_delete_with_version_guards: prompt.md
  resynced adapt_019_002_dependency_ordered_bulk_create_with_cascade_skip: prompt.md
  resynced adapt_019_003_bulk_upsert_with_conflict_resolution_policies: prompt.md
  resynced adapt_021_002_media_type_content_negotiation_with_quality_values: prompt.md
  resynced adapt_021_003_url_path_versioning_with_downgrade_migration_chain: prompt.md
  resynced adapt_022_002_role_scoped_nested_membership_endpoint: prompt.md
  resynced adapt_023_003_fingerprint_conflict_idempotent_payments: prompt.md
  resynced adapt_025_004_multi_channel_fan_in_long_poll: prompt.md
  resynced adapt_031_002_jsonl_importer_with_schema_validation: prompt.md
  resynced adapt_031_003_csv_loader_with_type_coercion_and_enriched_schema: prompt.md
  resynced adapt_031_004_logfmt_record_validator_with_hand_written_parser: prompt.md
  resynced adapt_032_002_csv_to_ecto_batch_ingestion_with_changeset_validation: prompt.md
  resynced adapt_032_003_jsonl_streaming_ingestion_with_parallel_batch_processing: prompt.md
  resynced adapt_035_002_multi_series_aligned_resampler: prompt.md
  resynced adapt_035_003_streaming_watermark_resampler: prompt.md
  resynced adapt_036_002_hierarchical_heading_outline_parser: prompt.md
  resynced adapt_036_003_error_reporting_markdown_parser_with_line_diagnostics: prompt.md
  resynced adapt_036_004_gfm_table_parser_to_row_maps: prompt.md
  resynced adapt_037_002_path_addressed_nested_record_anonymizer: prompt.md
  resynced adapt_037_004_stateful_concurrent_consistent_pseudonymizer: prompt.md
  resynced adapt_038_003_incremental_streaming_tree_builder: prompt.md
  resynced adapt_039_003_ordered_record_diff_with_move_detection: prompt.md
  resynced adapt_040_002_provenance_tracking_layered_config_merger: prompt.md
  resynced adapt_040_003_stateful_layered_config_store_genserver: prompt.md
  resynced adapt_042_004_single_flight_non_blocking_write_through_cache: prompt.md
  resynced adapt_043_002_cumulative_points_leaderboard_with_atomic_counters: prompt.md
  resynced adapt_043_003_sliding_window_time_decayed_leaderboard: prompt.md
  resynced adapt_044_002_histogram_metrics_collector: prompt.md
  resynced adapt_044_003_labeled_dimensional_metrics_collector: prompt.md
  resynced adapt_044_004_sliding_window_rate_metrics_collector: prompt.md
  resynced adapt_045_002_multivariate_a_b_c_feature_flag_store: prompt.md
  resynced adapt_045_004_dependency_aware_feature_flag_store: prompt.md
  resynced adapt_061_004_weight_budget_parallel_map: prompt.md
  resynced adapt_062_002_retryable_pipeline_with_per_stage_retry_policies: prompt.md
  resynced adapt_062_003_fan_out_map_pipeline_with_bounded_concurrency: prompt.md
  resynced adapt_062_004_batch_pipeline_with_error_collection: prompt.md
  resynced adapt_063_004_bounded_concurrency_concurrent_fetcher: prompt.md
  resynced adapt_064_002_fault_tolerant_result_tagged_work_stealing_queue: prompt.md
  resynced adapt_064_003_priority_aware_work_stealing_queue: prompt.md
  resynced adapt_070_002_pivot_step_saga_with_forward_recovery: prompt.md
  resynced adapt_070_003_nested_sub_saga_composition: prompt.md
  resynced adapt_071_002_trait_composable_factory: prompt.md
  resynced adapt_073_003_sandbox_ownership_cleaner_for_async_tests: prompt.md
  resynced adapt_073_004_fk_dependency_ordered_deletion_cleaner: prompt.md
  resynced adapt_074_004_numeric_tolerance_and_exception_assertion_helpers: prompt.md
  resynced adapt_075_003_stateful_command_sequence_generators: prompt.md
  resynced adapt_076_002_compressed_radix_trie_with_path_compression: prompt.md
  resynced adapt_076_003_weighted_autocomplete_trie_with_top_k_ranking: prompt.md
  resynced adapt_076_004_wildcard_pattern_matching_trie: prompt.md
  resynced adapt_077_003_concurrent_interval_registry: prompt.md
  resynced adapt_078_002_reject_when_full_bounded_fifo_queue: prompt.md
  resynced adapt_079_003_scalable_bloom_filter: prompt.md
  resynced adapt_086_003_coupon_stacking_cart_with_order_level_discounts: prompt.md
  resynced adapt_086_004_concurrent_genserver_backed_cart: prompt.md
  resynced adapt_087_003_multi_role_grant_with_wildcard_permissions: prompt.md
  resynced adapt_092_004_bayesian_weighted_rating_ranking: prompt.md
  resynced adapt_095_004_multi_currency_money_with_fx_conversion: prompt.md
  resynced adapt_096_003_stateful_sanitizer_server_with_policy_and_metrics: prompt.md
  resynced adapt_096_004_reporting_sanitizer_with_strict_and_lenient_modes: prompt.md
  resynced adapt_097_003_severity_classified_password_audit_with_strict_mode: prompt.md
  resynced adapt_099_003_per_field_masking_strategies: prompt.md
  resynced adapt_100_003_counter_based_hotp_with_resynchronization_window: prompt.md
  resynced adapt_101_002_sliding_window_distinct_cardinality_counter: prompt.md
  resynced adapt_102_002_optimistic_concurrency_persisted_state_machine: prompt.md
  resynced adapt_102_004_threshold_approval_persisted_state_machine: prompt.md
  resynced adapt_103_003_deduplicating_dead_letter_queue: prompt.md
  resynced adapt_104_003_overflow_connection_pool: prompt.md
  resynced adapt_104_004_usage_recycling_connection_pool: prompt.md
  resynced adapt_105_003_max_wait_debouncer_with_flush_and_cancel: prompt.md
  resynced adapt_105_004_accumulating_batch_debouncer: prompt.md
  resynced adapt_107_002_keyed_event_aggregator_with_per_key_batching: prompt.md
  resynced adapt_109_004_bounded_concurrency_task_scheduler: prompt.md
  resynced adapt_131_002_lazy_streaming_ndjson_parser: prompt.md
  resynced adapt_623_003_bm25_ranked_inverted_index: prompt.md
  resynced adapt_623_004_fuzzy_edit_distance_inverted_index: prompt.md
  resynced adapt_624_003_on_disk_loose_object_store_with_zlib_compression_and_integrity_checks: prompt.md
  resynced adapt_624_004_branch_references_with_atomic_cas_updates_and_reachability_gc: prompt.md
  resynced adapt_625_002_versioned_object_store_with_delete_markers: prompt.md
  resynced adapt_625_003_lifecycle_ttl_object_store_with_lazy_expiration: prompt.md
  resynced adapt_626_002_pre_aggregated_rollup_time_series_db: prompt.md
  resynced adapt_626_003_reset_aware_counter_time_series_db: prompt.md
  resynced adapt_626_004_sharded_concurrent_time_series_db: prompt.md
adapt embeds: %{unchanged: 135, resynced: 114}
=== rc=0
=== 2026-07-18T11:42:10+02:00 elixir scripts/check_embeds.exs
    note: gold located by whitespace-normalized match (child gold wrapping differs from parent — reflow-stale gold)
    note: gold located by whitespace-normalized match (child gold wrapping differs from parent — reflow-stale gold)
module-FIM: 991 clean, 0 reflow, 0 drift, 0 skipped
wt_: 331 clean, 0 reflow, 0 drift, 0 skipped
embed check: 1322 clean, 0 reflow, 0 drift, 0 skipped
=== rc=0
=== cascade done rc=0
