=== 2026-07-18T12:09:34+02:00 mix run scripts/resync_embeds.exs -- --wt-all --apply
  resynced tasks/wt_007_001_moving_average_calculator: prompt.md
  resynced tasks/wt_012_001_event_sourced_aggregate: prompt.md
  resynced tasks/wt_024_002_replay_protected_timestamped_webhook_receiver: prompt.md
  resynced tasks/wt_025_003_coalescing_batch_long_poll_with_linger_window: prompt.md
  resynced tasks/wt_041_003_sharded_lru_cache_with_consistent_key_routing: prompt.md
  resynced tasks/wt_045_001_ets_based_feature_flag_store: prompt.md
  resynced tasks/wt_064_004_instrumented_work_stealing_queue_with_steal_metrics: prompt.md
  resynced tasks/wt_072_004_scripted_sequence_clock: prompt.md
  resynced tasks/wt_073_001_database_cleaner_for_integration_tests: prompt.md
resync_embeds over 331 dirs: %{unchanged: 322, resynced: 9} — APPLIED
=== rc=0
=== 2026-07-18T12:09:35+02:00 mix run scripts/resync_bugfix_embeds.exs -- --apply
bugfix embeds: %{unchanged: 934, resynced: 27} — APPLIED
=== rc=0
=== 2026-07-18T12:09:36+02:00 mix run scripts/resync_tfim_embeds.exs -- --apply
tfim embeds: %{unchanged: 3279} — APPLIED
=== rc=0
=== 2026-07-18T12:09:41+02:00 mix run scripts/resync_adapt_embeds.exs -- --apply
  resynced adapt_024_002_replay_protected_timestamped_webhook_receiver: prompt.md
  resynced adapt_025_003_coalescing_batch_long_poll_with_linger_window: prompt.md
  resynced adapt_041_003_sharded_lru_cache_with_consistent_key_routing: prompt.md
  resynced adapt_064_004_instrumented_work_stealing_queue_with_steal_metrics: prompt.md
  resynced adapt_072_004_scripted_sequence_clock: prompt.md
adapt embeds: %{unchanged: 244, resynced: 5}
=== rc=0
=== 2026-07-18T12:09:45+02:00 elixir scripts/check_embeds.exs
    note: gold located by whitespace-normalized match (child gold wrapping differs from parent — reflow-stale gold)
    note: gold located by whitespace-normalized match (child gold wrapping differs from parent — reflow-stale gold)
module-FIM: 991 clean, 0 reflow, 0 drift, 0 skipped
wt_: 331 clean, 0 reflow, 0 drift, 0 skipped
embed check: 1322 clean, 0 reflow, 0 drift, 0 skipped
=== rc=0
=== cascade done rc=0
