[pre-push] mix format --check-formatted && mix compile --warnings-as-errors && mix test
     warning: :dialyzer.run/1 is undefined (module :dialyzer is not available or is yet to be defined)
     │
 128 │         :dialyzer.run(
     │                   ~
     │
     └─ lib/gen_task/dialyzer.ex:128:19: GenTask.Dialyzer.dialyze/4

     warning: :dialyzer.format_warning/2 is undefined (module :dialyzer is not available or is yet to be defined)
     │
 330 │     to_string(:dialyzer.format_warning(w, filename_opt: :basename))
     │                         ~
     │
     └─ lib/gen_task/dialyzer.ex:330:25: GenTask.Dialyzer.format_warning/1

     warning: a struct for GenTask.Config is expected on struct update:

         %GenTask.Config{ctx.cfg | dry_run: true}

     but got type:

         dynamic()

     where "ctx" was given the type:

         # type: dynamic(%{..., cfg: term()})
         # from: test/gen_task/force_test.exs:142:13
         %GenTask.Config{...}

     you must assign "ctx.cfg" to variable and pattern match on "%GenTask.Config{}"

     type warning found at:
     │
 142 │       cfg = %Config{ctx.cfg | dry_run: true}
     │             ~
     │
     └─ test/gen_task/force_test.exs:142:13: GenTask.ForceTest."test wipe!/2 dry-run prints the plan and deletes nothing"/1

     warning: a struct for GenTask.Config is expected on struct update:

         %GenTask.Config{ctx.cfg | only_idea: nil}

     but got type:

         dynamic()

     where "ctx" was given the type:

         # type: dynamic(%{..., cfg: term()})
         # from: test/gen_task/force_test.exs:159:13
         %GenTask.Config{...}

     you must assign "ctx.cfg" to variable and pattern match on "%GenTask.Config{}"

     type warning found at:
     │
 159 │       cfg = %Config{ctx.cfg | only_idea: nil}
     │             ~
     │
     └─ test/gen_task/force_test.exs:159:13: GenTask.ForceTest."test wipe!/2 refuses to run without a single positional idea number"/1

[pre-push] validate touched families: *007_002*,*009_003*,*014_001*,*015_002*,*015_003*,*015_004*,*044_001*
ALL PERFECT ✓ (every task scores 1.0)
ALL HARNESSES KILL THEIR MUTANT ✓
[pre-push] format check on touched families
total: 0 deviating, 0 errors — GATE (--check: exits 1 when anything deviates; --apply to rewrite)
[pre-push] bugfix embed staleness check on touched families
bugfix embeds: %{unchanged: 20} (report only)
[pre-push] temp-path lint (parallel-eval collisions)
temp-path lint: 131 shared-path harness(es), 0 violations ✓
[pre-push] S6 freshness (blind verdicts must match current harnesses)
screen freshness over 332 root(s): fresh=321, fresh_legacy=6, fresh_via_strengthen=5
screen freshness: OK ✓ (every root has fresh blind evidence)
[pre-push] wt_ spec/harness staleness check (all wt_ dirs)
resync_embeds over 331 dirs: %{unchanged: 331} (report only)
[pre-push] tfim embed staleness check on touched families
tfim embeds: %{unchanged: 152} (report only)
[pre-push] adapt_ embed staleness check on touched families
adapt embeds: %{unchanged: 5} (report only)
[pre-push] dedoc_ embed staleness check on touched families
dedoc embeds: %{unchanged: 7} (report only)
[pre-push] sfim spec-embed staleness check on touched families
sfim-spec resync: %{unchanged: 67}
[pre-push] OK
To github.com:Cinderella-Man/elixir-sft-dataset.git
   b047b676..9a89fdab  main -> main
