[pre-push] mix format --check-formatted && mix compile --warnings-as-errors && mix test
[pre-push] validate touched families: *tasks/tdd_001_001_rate_limiter/prompt.md*,*tasks/tdd_001_001_rate_limiter/solution.ex*,*tasks/tdd_001_001_rate_limiter/test_harness.exs*,*tasks/tdd_001_002_fixed_window_counter/prompt.md*,*tasks/tdd_001_002_fixed_window_counter/solution.ex*,*tasks/tdd_001_002_fixed_window_counter/test_harness.exs*,*tasks/tdd_001_003_hierarchical_limiter/prompt.md*,*tasks/tdd_001_003_hierarchical_limiter/solution.ex*,*tasks/tdd_001_003_hierarchical_limiter/test_harness.exs*,*tasks/tdd_001_004_penalty_escalation/prompt.md*,*tasks/tdd_001_004_penalty_escalation/solution.ex*,*tasks/tdd_001_004_penalty_escalation/test_harness.exs*,*tasks/tdd_002_001_circuit_breaker/prompt.md*,*tasks/tdd_002_001_circuit_breaker/solution.ex*,*tasks/tdd_002_001_circuit_breaker/test_harness.exs*,*tasks/tdd_002_002_rolling_window_error_rate_cb/prompt.md*,*tasks/tdd_002_002_rolling_window_error_rate_cb/solution.ex*,*tasks/tdd_002_002_rolling_window_error_rate_cb/test_harness.exs*,*tasks/tdd_002_003_progressive_recovery_cb/prompt.md*,*tasks/tdd_002_003_progressive_recovery_cb/solution.ex*
ALL PERFECT ✓ (every task scores 1.0)
ALL HARNESSES KILL THEIR MUTANT ✓
[pre-push] format check (corpus-wide, matching CI)
total: 0 deviating, 0 errors — GATE (--check: exits 1 when anything deviates; --apply to rewrite)
[pre-push] bugfix embed staleness check on touched families
bugfix embeds: %{} (report only)
[pre-push] temp-path lint (parallel-eval collisions)
temp-path lint: 158 shared-path harness(es), 0 violations ✓
[pre-push] S6 freshness (blind verdicts must match current harnesses)
screen freshness over 332 root(s): fresh=321, fresh_legacy=6, fresh_via_strengthen=5
screen freshness: OK ✓ (every root has fresh blind evidence)
[pre-push] wt_ spec/harness staleness check (all wt_ dirs)
resync_embeds over 331 dirs: %{unchanged: 331} (report only)
[pre-push] tfim embed staleness check on touched families
tfim embeds: %{} (report only)
[pre-push] adapt_ embed staleness check on touched families
adapt embeds: %{} (report only)
[pre-push] dedoc_ embed staleness check on touched families
dedoc embeds: %{} (report only)
[pre-push] sfim spec-embed staleness check on touched families
sfim-spec resync: %{}
[pre-push] tdd_ staleness check on touched families
tdd embeds: %{} (report only)
[pre-push] OK
To github.com:Cinderella-Man/elixir-sft-dataset.git
   9d7094b8..d09f4b07  main -> main
