[pre-push] mix format --check-formatted && mix compile --warnings-as-errors && mix test
     warning: a struct for GenTask.Config is expected on struct update:

         %GenTask.Config{ctx.cfg | dry_run: true}

     but got type:

         dynamic()

     where "ctx" was given the type:

         # type: dynamic(%{..., cfg: term()})
         # from: test/gen_task/force_test.exs:142:13
         %GenTask.Config{...}

     you must assign "ctx.cfg" to variable and pattern match on "%GenTask.Config{}"

     type warning found at:
     │
 142 │       cfg = %Config{ctx.cfg | dry_run: true}
     │             ~
     │
     └─ test/gen_task/force_test.exs:142:13: GenTask.ForceTest."test wipe!/2 dry-run prints the plan and deletes nothing"/1

     warning: a struct for GenTask.Config is expected on struct update:

         %GenTask.Config{ctx.cfg | only_idea: nil}

     but got type:

         dynamic()

     where "ctx" was given the type:

         # type: dynamic(%{..., cfg: term()})
         # from: test/gen_task/force_test.exs:159:13
         %GenTask.Config{...}

     you must assign "ctx.cfg" to variable and pattern match on "%GenTask.Config{}"

     type warning found at:
     │
 159 │       cfg = %Config{ctx.cfg | only_idea: nil}
     │             ~
     │
     └─ test/gen_task/force_test.exs:159:13: GenTask.ForceTest."test wipe!/2 refuses to run without a single positional idea number"/1

[pre-push] no task families touched — skipping corpus gates
[pre-push] OK
To github.com:Cinderella-Man/elixir-sft-dataset.git
   e9681997..b202a8b7  main -> main
