=== PART A: standalone race hunt 2026-07-18T14:09:41+02:00

=== RACE HUNT SUMMARY (1640 iterations) ===
outcomes: %{served_ok_state_ok: 852, timed_out_expected: 788}
NO ANOMALY REPRODUCED
=== PART A rc=0
=== PART B: 30x full-harness loop 2026-07-18T14:12:53+02:00
run 1: green
run 2: green
run 3: green
run 4: green
run 5: green
run 6: green
run 7: green
run 8: green
run 9: green
run 10: green
run 11: green
run 12: green
run 13: green
run 14: green
run 15: green
run 16: green
run 17: green
run 18: green
run 19: green
run 20: green
run 21: FAILED=1
[{"message":"\n\nAssertion with == failed\ncode:  assert destroyed.() == [c0]\nleft:  [conn: 0, conn: 1]\nright: [conn: 0]\n","module":"RecyclingPoolTest","test":"test a retired connection is replaced with a fresh one for a waiting caller"}]
run 22: green
run 23: green
run 24: FAILED=1
[{"message":"\n\nAssertion with == failed\ncode:  assert destroyed.() == [c0]\nleft:  [conn: 0, conn: 1]\nright: [conn: 0]\n","module":"RecyclingPoolTest","test":"test a retired connection is replaced with a fresh one for a waiting caller"}]
run 25: green
run 26: green
run 27: green
run 28: green
run 29: green
run 30: green
=== PART B done 2026-07-18T14:13:48+02:00
