  resynced tasks/001_003_hierarchical_limiter_02: prompt.md
  resynced tasks/001_003_hierarchical_limiter_03: prompt.md
  ERROR tasks/001_003_hierarchical_limiter_04: child gold not locatable in the parent (parent redesigned at target?)
  ERROR tasks/010_004_rolling_window_quota_tracker_02: child gold not locatable in the parent (parent redesigned at target?)
  resynced tasks/010_004_rolling_window_quota_tracker_03: prompt.md
  resynced tasks/010_004_rolling_window_quota_tracker_04: prompt.md
  ERROR tasks/012_002_subscription_lifecycle_event_sourced_aggregate_02: child gold not locatable in the parent (parent redesigned at target?)
  resynced tasks/012_002_subscription_lifecycle_event_sourced_aggregate_03: prompt.md
  resynced tasks/012_002_subscription_lifecycle_event_sourced_aggregate_04: prompt.md
  ERROR tasks/013_002_timeout_guarded_retry_worker_02: child gold not locatable in the parent (parent redesigned at target?)
  resynced tasks/013_002_timeout_guarded_retry_worker_03: prompt.md
  resynced tasks/013_002_timeout_guarded_retry_worker_04: prompt.md
  resynced tasks/014_001_priority_queue_processor_02: prompt.md
  resynced tasks/014_001_priority_queue_processor_03: prompt.md
  resynced tasks/014_001_priority_queue_processor_04: prompt.md
  resynced tasks/014_004_concurrent_priority_queue_with_configurable_parallelism_02: prompt.md
  resynced tasks/014_004_concurrent_priority_queue_with_configurable_parallelism_03: prompt.md
  resynced tasks/014_004_concurrent_priority_queue_with_configurable_parallelism_04: prompt.md
  resynced tasks/016_002_cursor_based_list_pagination_02: prompt.md
  resynced tasks/016_002_cursor_based_list_pagination_03: prompt.md
  resynced tasks/016_002_cursor_based_list_pagination_04: prompt.md
  resynced tasks/016_003_validated_sortable_filterable_list_pagination_02: prompt.md
  resynced tasks/016_003_validated_sortable_filterable_list_pagination_03: prompt.md
  ERROR tasks/016_003_validated_sortable_filterable_list_pagination_04: child gold not locatable in the parent (parent redesigned at target?)
  resynced tasks/017_002_keyset_cursor_pagination_search_02: prompt.md
  ERROR tasks/017_002_keyset_cursor_pagination_search_03: child gold not locatable in the parent (parent redesigned at target?)
  resynced tasks/017_002_keyset_cursor_pagination_search_04: prompt.md
  resynced tasks/019_002_dependency_ordered_bulk_create_with_cascade_skip_02: prompt.md
  resynced tasks/019_002_dependency_ordered_bulk_create_with_cascade_skip_03: prompt.md
  resynced tasks/019_002_dependency_ordered_bulk_create_with_cascade_skip_04: prompt.md
  resynced tasks/023_001_idempotent_post_endpoint_02: prompt.md
  resynced tasks/023_001_idempotent_post_endpoint_03: prompt.md
  resynced tasks/023_001_idempotent_post_endpoint_04: prompt.md
  resynced tasks/023_003_fingerprint_conflict_idempotent_payments_02: prompt.md
  resynced tasks/023_003_fingerprint_conflict_idempotent_payments_03: prompt.md
  ERROR tasks/023_003_fingerprint_conflict_idempotent_payments_04: child gold not locatable in the parent (parent redesigned at target?)
  ERROR tasks/031_002_jsonl_importer_with_schema_validation_02: child gold not locatable in the parent (parent redesigned at target?)
  resynced tasks/031_002_jsonl_importer_with_schema_validation_03: prompt.md
  resynced tasks/031_002_jsonl_importer_with_schema_validation_04: prompt.md
  resynced tasks/033_001_log_file_analyzer_02: prompt.md
  resynced tasks/033_001_log_file_analyzer_03: prompt.md
  resynced tasks/033_001_log_file_analyzer_04: prompt.md
  resynced tasks/033_002_metrics_file_aggregator_02: prompt.md
  resynced tasks/033_002_metrics_file_aggregator_03: prompt.md
  resynced tasks/033_002_metrics_file_aggregator_04: prompt.md
  resynced tasks/033_003_http_access_log_analyzer_02: prompt.md
  resynced tasks/033_003_http_access_log_analyzer_03: prompt.md
  resynced tasks/033_003_http_access_log_analyzer_04: prompt.md
  resynced tasks/033_004_financial_transaction_analyzer_02: prompt.md
  resynced tasks/033_004_financial_transaction_analyzer_03: prompt.md
  resynced tasks/033_004_financial_transaction_analyzer_04: prompt.md
  resynced tasks/035_001_time_series_resampler_02: prompt.md
  resynced tasks/035_001_time_series_resampler_03: prompt.md
  resynced tasks/035_001_time_series_resampler_04: prompt.md
  resynced tasks/035_003_streaming_watermark_resampler_02: prompt.md
  resynced tasks/035_003_streaming_watermark_resampler_03: prompt.md
  resynced tasks/035_003_streaming_watermark_resampler_04: prompt.md
  ERROR tasks/035_004_counter_rate_resampler_02: child gold not locatable in the parent (parent redesigned at target?)
  resynced tasks/035_004_counter_rate_resampler_03: prompt.md
  resynced tasks/035_004_counter_rate_resampler_04: prompt.md
  resynced tasks/037_004_stateful_concurrent_consistent_pseudonymizer_02: prompt.md
  resynced tasks/037_004_stateful_concurrent_consistent_pseudonymizer_03: prompt.md
  ERROR tasks/037_004_stateful_concurrent_consistent_pseudonymizer_04: child gold not locatable in the parent (parent redesigned at target?)
  ERROR tasks/040_001_configuration_merger_with_override_rules_02: child gold not locatable in the parent (parent redesigned at target?)
  ERROR tasks/040_001_configuration_merger_with_override_rules_03: child gold not locatable in the parent (parent redesigned at target?)
  resynced tasks/040_001_configuration_merger_with_override_rules_04: prompt.md
  ERROR tasks/040_002_provenance_tracking_layered_config_merger_02: child gold not locatable in the parent (parent redesigned at target?)
  resynced tasks/040_002_provenance_tracking_layered_config_merger_03: prompt.md
  resynced tasks/040_002_provenance_tracking_layered_config_merger_04: prompt.md
  ERROR tasks/040_003_stateful_layered_config_store_genserver_02: child gold not locatable in the parent (parent redesigned at target?)
  resynced tasks/040_003_stateful_layered_config_store_genserver_03: prompt.md
  resynced tasks/040_003_stateful_layered_config_store_genserver_04: prompt.md
  resynced tasks/041_001_lru_cache_backed_by_ets_02: prompt.md
  resynced tasks/041_001_lru_cache_backed_by_ets_03: prompt.md
  resynced tasks/041_001_lru_cache_backed_by_ets_04: prompt.md
  resynced tasks/044_001_ets_based_metrics_collector_02: prompt.md
  resynced tasks/044_001_ets_based_metrics_collector_03: prompt.md
  resynced tasks/044_001_ets_based_metrics_collector_04: prompt.md
  ERROR tasks/062_004_batch_pipeline_with_error_collection_02: child gold not locatable in the parent (parent redesigned at target?)
  ERROR tasks/062_004_batch_pipeline_with_error_collection_03: child gold not locatable in the parent (parent redesigned at target?)
  ERROR tasks/062_004_batch_pipeline_with_error_collection_04: child gold not locatable in the parent (parent redesigned at target?)
  resynced tasks/073_001_database_cleaner_for_integration_tests_02: prompt.md
  ERROR tasks/073_001_database_cleaner_for_integration_tests_03: child gold not locatable in the parent (parent redesigned at target?)
  resynced tasks/073_001_database_cleaner_for_integration_tests_04: prompt.md
  resynced tasks/077_001_interval_tree_for_overlapping_range_queries_02: prompt.md
  ERROR tasks/077_001_interval_tree_for_overlapping_range_queries_03: child gold not locatable in the parent (parent redesigned at target?)
  resynced tasks/077_001_interval_tree_for_overlapping_range_queries_04: prompt.md
  ERROR tasks/077_002_deletable_interval_tree_02: child gold not locatable in the parent (parent redesigned at target?)
  resynced tasks/077_002_deletable_interval_tree_03: prompt.md
  ERROR tasks/077_002_deletable_interval_tree_04: child gold not locatable in the parent (parent redesigned at target?)
  ERROR tasks/095_001_multi_currency_money_module_02: child gold not locatable in the parent (parent redesigned at target?)
  resynced tasks/095_001_multi_currency_money_module_03: prompt.md
  resynced tasks/095_001_multi_currency_money_module_04: prompt.md
  ERROR tasks/095_004_multi_currency_money_with_fx_conversion_02: child gold not locatable in the parent (parent redesigned at target?)
  resynced tasks/095_004_multi_currency_money_with_fx_conversion_03: prompt.md
  resynced tasks/095_004_multi_currency_money_with_fx_conversion_04: prompt.md
  resynced tasks/097_001_password_policy_enforcer_02: prompt.md
  resynced tasks/097_001_password_policy_enforcer_03: prompt.md
  resynced tasks/097_001_password_policy_enforcer_04: prompt.md
  resynced tasks/099_001_data_masking_for_logs_02: prompt.md
  resynced tasks/099_001_data_masking_for_logs_03: prompt.md
  resynced tasks/099_001_data_masking_for_logs_04: prompt.md
  ERROR tasks/107_001_event_aggregator_with_flushing_02: child gold not locatable in the parent (parent redesigned at target?)
  ERROR tasks/107_001_event_aggregator_with_flushing_03: child gold not locatable in the parent (parent redesigned at target?)
  ERROR tasks/107_001_event_aggregator_with_flushing_04: child gold not locatable in the parent (parent redesigned at target?)
  ERROR tasks/109_002_data_flow_task_runner_02: child gold not locatable in the parent (parent redesigned at target?)
  resynced tasks/109_002_data_flow_task_runner_03: prompt.md
  resynced tasks/109_002_data_flow_task_runner_04: prompt.md
  resynced tasks/624_002_merge_commit_dag_with_topological_log_and_merge_base_02: prompt.md
  resynced tasks/624_002_merge_commit_dag_with_topological_log_and_merge_base_03: prompt.md
  resynced tasks/624_002_merge_commit_dag_with_topological_log_and_merge_base_04: prompt.md
  resynced tasks/625_003_lifecycle_ttl_object_store_with_lazy_expiration_02: prompt.md
  resynced tasks/625_003_lifecycle_ttl_object_store_with_lazy_expiration_03: prompt.md
  resynced tasks/625_003_lifecycle_ttl_object_store_with_lazy_expiration_04: prompt.md
  resynced tasks/626_004_sharded_concurrent_time_series_db_02: prompt.md
  resynced tasks/626_004_sharded_concurrent_time_series_db_03: prompt.md
  resynced tasks/626_004_sharded_concurrent_time_series_db_04: prompt.md
resync_embeds over 117 dirs: %{error: 27, resynced: 90} — APPLIED
  fix_child_gold / hand-fix: tasks/001_003_hierarchical_limiter_04
  fix_child_gold / hand-fix: tasks/010_004_rolling_window_quota_tracker_02
  fix_child_gold / hand-fix: tasks/012_002_subscription_lifecycle_event_sourced_aggregate_02
  fix_child_gold / hand-fix: tasks/013_002_timeout_guarded_retry_worker_02
  fix_child_gold / hand-fix: tasks/016_003_validated_sortable_filterable_list_pagination_04
  fix_child_gold / hand-fix: tasks/017_002_keyset_cursor_pagination_search_03
  fix_child_gold / hand-fix: tasks/023_003_fingerprint_conflict_idempotent_payments_04
  fix_child_gold / hand-fix: tasks/031_002_jsonl_importer_with_schema_validation_02
  fix_child_gold / hand-fix: tasks/035_004_counter_rate_resampler_02
  fix_child_gold / hand-fix: tasks/037_004_stateful_concurrent_consistent_pseudonymizer_04
  fix_child_gold / hand-fix: tasks/040_001_configuration_merger_with_override_rules_02
  fix_child_gold / hand-fix: tasks/040_001_configuration_merger_with_override_rules_03
  fix_child_gold / hand-fix: tasks/040_002_provenance_tracking_layered_config_merger_02
  fix_child_gold / hand-fix: tasks/040_003_stateful_layered_config_store_genserver_02
  fix_child_gold / hand-fix: tasks/062_004_batch_pipeline_with_error_collection_02
  fix_child_gold / hand-fix: tasks/062_004_batch_pipeline_with_error_collection_03
  fix_child_gold / hand-fix: tasks/062_004_batch_pipeline_with_error_collection_04
  fix_child_gold / hand-fix: tasks/073_001_database_cleaner_for_integration_tests_03
  fix_child_gold / hand-fix: tasks/077_001_interval_tree_for_overlapping_range_queries_03
  fix_child_gold / hand-fix: tasks/077_002_deletable_interval_tree_02
  fix_child_gold / hand-fix: tasks/077_002_deletable_interval_tree_04
  fix_child_gold / hand-fix: tasks/095_001_multi_currency_money_module_02
  fix_child_gold / hand-fix: tasks/095_004_multi_currency_money_with_fx_conversion_02
  fix_child_gold / hand-fix: tasks/107_001_event_aggregator_with_flushing_02
  fix_child_gold / hand-fix: tasks/107_001_event_aggregator_with_flushing_03
  fix_child_gold / hand-fix: tasks/107_001_event_aggregator_with_flushing_04
  fix_child_gold / hand-fix: tasks/109_002_data_flow_task_runner_02
