Compiling 1 file (.ex)
  resynced tasks/wt_001_001_rate_limiter: test_harness.exs
  resynced tasks/wt_001_002_fixed_window_counter: test_harness.exs
  resynced tasks/wt_001_003_hierarchical_limiter: prompt.md,solution.ex,test_harness.exs
  resynced tasks/wt_001_004_penalty_escalation: test_harness.exs
  resynced tasks/wt_002_001_circuit_breaker: test_harness.exs
  resynced tasks/wt_002_002_rolling_window_error_rate_cb: test_harness.exs
  resynced tasks/wt_002_003_progressive_recovery_cb: test_harness.exs
  resynced tasks/wt_002_004_leaky_bucket_failure_cb: test_harness.exs
  resynced tasks/wt_003_001_leaky_bucket_token_dispenser: test_harness.exs
  resynced tasks/wt_003_002_gcra: test_harness.exs
  resynced tasks/wt_003_004_shared_pool_bucket: test_harness.exs
  resynced tasks/wt_004_001_job_scheduler_with_cron_like_expressions: test_harness.exs
  resynced tasks/wt_004_002_intervalscheduler: test_harness.exs
  resynced tasks/wt_004_003_retryscheduler: test_harness.exs
  resynced tasks/wt_004_004_calendarscheduler: test_harness.exs
  resynced tasks/wt_005_001_pubsub_event_bus: test_harness.exs
  resynced tasks/wt_005_002_priorityeventbus: test_harness.exs
  resynced tasks/wt_005_003_replayeventbus: test_harness.exs
  resynced tasks/wt_006_001_ttl_cache_with_lazy_expiration: test_harness.exs
  resynced tasks/wt_006_002_lrucache: test_harness.exs
  resynced tasks/wt_006_003_refreshaheadcache: test_harness.exs
  resynced tasks/wt_006_004_swrcache: test_harness.exs
  resynced tasks/wt_007_003_streamingpercentile: test_harness.exs
  resynced tasks/wt_007_004_cusumanomaly: test_harness.exs
  resynced tasks/wt_008_001_distributed_counter_with_crdt_style_merge: test_harness.exs
  resynced tasks/wt_008_002_lww_element_set_crdt: test_harness.exs
  resynced tasks/wt_008_003_two_phase_set_crdt: test_harness.exs
  resynced tasks/wt_008_004_observed_remove_set_crdt: test_harness.exs
  resynced tasks/wt_009_001_request_deduplicator_coalescer: test_harness.exs
  resynced tasks/wt_009_002_write_behind_batch_coalescer: test_harness.exs
  resynced tasks/wt_009_003_retry_aware_request_deduplicator: test_harness.exs
  resynced tasks/wt_009_004_per_key_bounded_concurrency_pool: test_harness.exs
  resynced tasks/wt_010_001_session_store_with_inactivity_timeout: test_harness.exs
  resynced tasks/wt_010_002_one_time_token_store_with_absolute_expiration: test_harness.exs
  resynced tasks/wt_010_003_exclusive_lease_manager_with_ownership: test_harness.exs
  resynced tasks/wt_010_004_rolling_window_quota_tracker: prompt.md,solution.ex,test_harness.exs
  resynced tasks/wt_011_001_bounded_mailbox_worker_pool: test_harness.exs
  resynced tasks/wt_011_002_priority_worker_pool_with_starvation_prevention: test_harness.exs
  resynced tasks/wt_011_003_cancellable_worker_pool: test_harness.exs
  resynced tasks/wt_011_004_worker_pool_with_per_task_timeouts_and_retry: test_harness.exs
  resynced tasks/wt_012_001_event_sourced_aggregate: test_harness.exs
  resynced tasks/wt_012_002_subscription_lifecycle_event_sourced_aggregate: prompt.md,solution.ex,test_harness.exs
  resynced tasks/wt_012_003_inventory_stock_event_sourced_aggregate: test_harness.exs
  resynced tasks/wt_012_004_task_tracker_event_sourced_aggregate: test_harness.exs
  resynced tasks/wt_013_001_exponential_backoff_retry_worker: test_harness.exs
  resynced tasks/wt_013_002_timeout_guarded_retry_worker: prompt.md,solution.ex,test_harness.exs
  resynced tasks/wt_013_004_classified_error_retry_worker_with_on_retry_callback: test_harness.exs
  resynced tasks/wt_014_001_priority_queue_processor: prompt.md,solution.ex,test_harness.exs
  resynced tasks/wt_014_002_expiring_priority_queue_with_per_task_ttl: test_harness.exs
  resynced tasks/wt_014_003_cancellable_priority_queue_with_numeric_priorities: test_harness.exs
  resynced tasks/wt_014_004_concurrent_priority_queue_with_configurable_parallelism: prompt.md,solution.ex,test_harness.exs
  resynced tasks/wt_016_002_cursor_based_list_pagination: prompt.md,solution.ex,test_harness.exs
  resynced tasks/wt_016_003_validated_sortable_filterable_list_pagination: prompt.md,solution.ex,test_harness.exs
  resynced tasks/wt_016_004_concurrent_ets_backed_list_pagination_with_page_clamping: test_harness.exs
  resynced tasks/wt_017_002_keyset_cursor_pagination_search: prompt.md,solution.ex,test_harness.exs
  resynced tasks/wt_017_003_faceted_search_with_facet_counts: test_harness.exs
  resynced tasks/wt_017_004_relevance_ranked_full_text_search: test_harness.exs
  resynced tasks/wt_018_002_trash_and_purge_soft_delete_with_retention_window: test_harness.exs
  resynced tasks/wt_018_003_cascading_archive_tree_with_origin_aware_restore: test_harness.exs
  resynced tasks/wt_018_004_optimistic_concurrency_soft_delete_with_version_guards: test_harness.exs
  resynced tasks/wt_019_002_dependency_ordered_bulk_create_with_cascade_skip: prompt.md,solution.ex,test_harness.exs
  resynced tasks/wt_020_001_file_upload_with_validation: test_harness.exs
  resynced tasks/wt_021_002_media_type_content_negotiation_with_quality_values: test_harness.exs
  resynced tasks/wt_021_003_url_path_versioning_with_downgrade_migration_chain: test_harness.exs
  resynced tasks/wt_021_004_versioned_api_with_deprecation_sunset_lifecycle: test_harness.exs
  resynced tasks/wt_022_001_nested_resource_endpoint_with_authorization: test_harness.exs
  resynced tasks/wt_022_004_invitation_accept_decline_nested_membership_workflow: test_harness.exs
  resynced tasks/wt_023_001_idempotent_post_endpoint: prompt.md,solution.ex,test_harness.exs
  resynced tasks/wt_023_002_in_flight_coalescing_idempotent_payments: test_harness.exs
  resynced tasks/wt_023_003_fingerprint_conflict_idempotent_payments: prompt.md,solution.ex,test_harness.exs
  resynced tasks/wt_023_004_lru_bounded_idempotent_payments: test_harness.exs
  resynced tasks/wt_024_002_replay_protected_timestamped_webhook_receiver: test_harness.exs
  resynced tasks/wt_024_003_multi_provider_webhook_receiver_with_key_rotation: test_harness.exs
  resynced tasks/wt_024_004_ordered_stream_webhook_receiver_with_gap_buffering: test_harness.exs
  resynced tasks/wt_025_003_coalescing_batch_long_poll_with_linger_window: test_harness.exs
  resynced tasks/wt_031_002_jsonl_importer_with_schema_validation: prompt.md,solution.ex,test_harness.exs
  resynced tasks/wt_033_001_log_file_analyzer: prompt.md,solution.ex,test_harness.exs
  resynced tasks/wt_033_002_metrics_file_aggregator: prompt.md,solution.ex,test_harness.exs
  resynced tasks/wt_033_003_http_access_log_analyzer: prompt.md,solution.ex,test_harness.exs
  resynced tasks/wt_033_004_financial_transaction_analyzer: prompt.md,solution.ex,test_harness.exs
  resynced tasks/wt_034_001_data_reconciliation_engine: test_harness.exs
  resynced tasks/wt_034_003_rule_driven_tolerant_reconciler_with_compiled_config: test_harness.exs
  resynced tasks/wt_034_004_incremental_streaming_reconciler_genserver: test_harness.exs
  resynced tasks/wt_035_001_time_series_resampler: prompt.md,solution.ex,test_harness.exs
  resynced tasks/wt_035_002_multi_series_aligned_resampler: test_harness.exs
  resynced tasks/wt_035_003_streaming_watermark_resampler: prompt.md,solution.ex,test_harness.exs
  resynced tasks/wt_035_004_counter_rate_resampler: prompt.md,solution.ex,test_harness.exs
  resynced tasks/wt_036_001_markdown_to_structured_data_parser: test_harness.exs
  resynced tasks/wt_036_002_hierarchical_heading_outline_parser: test_harness.exs
  resynced tasks/wt_036_003_error_reporting_markdown_parser_with_line_diagnostics: test_harness.exs
  resynced tasks/wt_036_004_gfm_table_parser_to_row_maps: test_harness.exs
  resynced tasks/wt_037_004_stateful_concurrent_consistent_pseudonymizer: prompt.md,solution.ex,test_harness.exs
  resynced tasks/wt_038_001_tree_structure_builder_from_flat_list: test_harness.exs
  resynced tasks/wt_038_002_materialized_path_tree_annotator: test_harness.exs
  resynced tasks/wt_038_003_incremental_streaming_tree_builder: test_harness.exs
  resynced tasks/wt_039_002_nested_path_addressed_record_diff: test_harness.exs
  resynced tasks/wt_039_003_ordered_record_diff_with_move_detection: test_harness.exs
  resynced tasks/wt_039_004_three_way_record_merge_with_conflict_detection: test_harness.exs
  resynced tasks/wt_040_001_configuration_merger_with_override_rules: prompt.md,solution.ex,test_harness.exs
  resynced tasks/wt_040_002_provenance_tracking_layered_config_merger: prompt.md,solution.ex,test_harness.exs
  resynced tasks/wt_040_003_stateful_layered_config_store_genserver: prompt.md,solution.ex,test_harness.exs
  resynced tasks/wt_041_001_lru_cache_backed_by_ets: prompt.md,solution.ex,test_harness.exs
  resynced tasks/wt_041_003_sharded_lru_cache_with_consistent_key_routing: test_harness.exs
  resynced tasks/wt_042_003_true_write_through_cache_with_backing_store_propagation: test_harness.exs
  resynced tasks/wt_042_004_single_flight_non_blocking_write_through_cache: test_harness.exs
  resynced tasks/wt_043_002_cumulative_points_leaderboard_with_atomic_counters: test_harness.exs
  resynced tasks/wt_043_003_sliding_window_time_decayed_leaderboard: test_harness.exs
  resynced tasks/wt_044_001_ets_based_metrics_collector: prompt.md,solution.ex,test_harness.exs
  resynced tasks/wt_044_003_labeled_dimensional_metrics_collector: test_harness.exs
  resynced tasks/wt_044_004_sliding_window_rate_metrics_collector: test_harness.exs
  resynced tasks/wt_045_001_ets_based_feature_flag_store: test_harness.exs
  resynced tasks/wt_045_002_multivariate_a_b_c_feature_flag_store: test_harness.exs
  resynced tasks/wt_061_004_weight_budget_parallel_map: test_harness.exs
  resynced tasks/wt_062_001_pipeline_processor_with_stages: test_harness.exs
  resynced tasks/wt_062_002_retryable_pipeline_with_per_stage_retry_policies: test_harness.exs
  resynced tasks/wt_062_003_fan_out_map_pipeline_with_bounded_concurrency: test_harness.exs
  resynced tasks/wt_062_004_batch_pipeline_with_error_collection: prompt.md,solution.ex,test_harness.exs
  resynced tasks/wt_063_002_quorum_first_n_concurrent_fetcher: test_harness.exs
  resynced tasks/wt_064_002_fault_tolerant_result_tagged_work_stealing_queue: test_harness.exs
  resynced tasks/wt_064_004_instrumented_work_stealing_queue_with_steal_metrics: test_harness.exs
  resynced tasks/wt_065_001_saga_compensating_transaction_coordinator: test_harness.exs
  resynced tasks/wt_065_002_retrying_saga_coordinator: test_harness.exs
  resynced tasks/wt_065_003_parallel_stage_saga_coordinator: test_harness.exs
  resynced tasks/wt_065_004_policy_driven_saga_coordinator: test_harness.exs
  resynced tasks/wt_070_001_saga_compensating_transaction_coordinator: test_harness.exs
  resynced tasks/wt_070_002_pivot_step_saga_with_forward_recovery: test_harness.exs
  resynced tasks/wt_070_003_nested_sub_saga_composition: test_harness.exs
  resynced tasks/wt_071_004_validation_aware_factory_with_compensating_rollback: test_harness.exs
  resynced tasks/wt_072_002_deferred_timer_virtual_clock: test_harness.exs
  resynced tasks/wt_073_001_database_cleaner_for_integration_tests: prompt.md,solution.ex,test_harness.exs
  resynced tasks/wt_073_003_sandbox_ownership_cleaner_for_async_tests: test_harness.exs
  resynced tasks/wt_074_003_concurrency_and_message_assertion_helpers: test_harness.exs
  resynced tasks/wt_075_003_stateful_command_sequence_generators: test_harness.exs
  resynced tasks/wt_075_004_schema_driven_generator_interpreter: test_harness.exs
  resynced tasks/wt_076_001_trie: test_harness.exs
  resynced tasks/wt_076_003_weighted_autocomplete_trie_with_top_k_ranking: test_harness.exs
  resynced tasks/wt_076_004_wildcard_pattern_matching_trie: test_harness.exs
  resynced tasks/wt_077_001_interval_tree_for_overlapping_range_queries: prompt.md,solution.ex,test_harness.exs
  resynced tasks/wt_077_002_deletable_interval_tree: prompt.md,solution.ex,test_harness.exs
  resynced tasks/wt_077_003_concurrent_interval_registry: prompt.md,solution.ex,test_harness.exs
  resynced tasks/wt_077_004_max_overlap_interval_tree: test_harness.exs
  resynced tasks/wt_078_002_reject_when_full_bounded_fifo_queue: test_harness.exs
  resynced tasks/wt_079_001_bloom_filter: test_harness.exs
  resynced tasks/wt_080_001_directed_acyclic_graph_with_topological_sort: test_harness.exs
  resynced tasks/wt_080_004_concurrent_dag_registry_genserver: test_harness.exs
  resynced tasks/wt_086_001_shopping_cart_with_price_calculations: test_harness.exs
  resynced tasks/wt_086_002_tiered_bracket_cart_with_shipping_thresholds: test_harness.exs
  resynced tasks/wt_086_003_coupon_stacking_cart_with_order_level_discounts: test_harness.exs
  resynced tasks/wt_086_004_concurrent_genserver_backed_cart: test_harness.exs
  resynced tasks/wt_087_001_permission_system_with_role_based_access: test_harness.exs
  resynced tasks/wt_087_002_deny_override_policy_list_access_control: test_harness.exs
  resynced tasks/wt_087_003_multi_role_grant_with_wildcard_permissions: test_harness.exs
  resynced tasks/wt_087_004_genserver_role_graph_registry_with_runtime_grants: test_harness.exs
  resynced tasks/wt_089_001_promo_code_system: test_harness.exs
  resynced tasks/wt_089_002_stackable_promo_code_system: test_harness.exs
  resynced tasks/wt_089_003_tiered_promo_code_system: test_harness.exs
  resynced tasks/wt_089_004_budget_capped_promo_code_system: test_harness.exs
  resynced tasks/wt_091_001_workflow_state_machine: test_harness.exs
  resynced tasks/wt_091_002_reversible_order_workflow_with_undo_history: test_harness.exs
  resynced tasks/wt_091_003_data_driven_finite_state_machine_engine: test_harness.exs
  resynced tasks/wt_091_004_effectful_workflow_with_event_payloads: test_harness.exs
  resynced tasks/wt_092_001_scoring_ranking_algorithm: test_harness.exs
  resynced tasks/wt_092_002_reddit_style_logarithmic_hot_ranking: test_harness.exs
  resynced tasks/wt_092_003_wilson_lower_bound_confidence_ranking: test_harness.exs
  resynced tasks/wt_092_004_bayesian_weighted_rating_ranking: test_harness.exs
  resynced tasks/wt_095_001_multi_currency_money_module: prompt.md,solution.ex,test_harness.exs
  resynced tasks/wt_095_002_weighted_allocation_money_module: test_harness.exs
  resynced tasks/wt_095_003_currency_precision_money_module: test_harness.exs
  resynced tasks/wt_095_004_multi_currency_money_with_fx_conversion: prompt.md,solution.ex,test_harness.exs
  resynced tasks/wt_096_002_schema_driven_nested_params_sanitizer: test_harness.exs
  resynced tasks/wt_096_003_stateful_sanitizer_server_with_policy_and_metrics: test_harness.exs
  resynced tasks/wt_096_004_reporting_sanitizer_with_strict_and_lenient_modes: test_harness.exs
  resynced tasks/wt_097_001_password_policy_enforcer: prompt.md,solution.ex,test_harness.exs
  resynced tasks/wt_097_002_weighted_strength_score_password_policy: test_harness.exs
  resynced tasks/wt_097_004_stateful_password_policy_server_with_reuse_history: test_harness.exs
  resynced tasks/wt_098_001_token_generator_and_validator: test_harness.exs
  resynced tasks/wt_098_002_aead_sealed_confidential_token: test_harness.exs
  resynced tasks/wt_098_003_attenuable_capability_token_with_chained_caveats: test_harness.exs
  resynced tasks/wt_099_001_data_masking_for_logs: prompt.md,solution.ex,test_harness.exs
  resynced tasks/wt_099_003_per_field_masking_strategies: test_harness.exs
  resynced tasks/wt_099_004_concurrent_masking_server_with_runtime_patterns: test_harness.exs
  resynced tasks/wt_101_001_sliding_window_counter: test_harness.exs
  resynced tasks/wt_101_002_sliding_window_distinct_cardinality_counter: test_harness.exs
  resynced tasks/wt_102_003_auto_expiring_persisted_state_machine: test_harness.exs
  resynced tasks/wt_102_004_threshold_approval_persisted_state_machine: test_harness.exs
  resynced tasks/wt_103_001_dead_letter_queue: test_harness.exs
  resynced tasks/wt_103_002_backoff_scheduled_retry_dead_letter_queue: test_harness.exs
  resynced tasks/wt_103_003_deduplicating_dead_letter_queue: test_harness.exs
  resynced tasks/wt_103_004_bounded_priority_dead_letter_queue_with_bulk_drain: test_harness.exs
  resynced tasks/wt_104_001_connection_pool_manager: test_harness.exs
  resynced tasks/wt_104_002_health_validated_connection_pool: test_harness.exs
  resynced tasks/wt_104_003_overflow_connection_pool: test_harness.exs
  resynced tasks/wt_105_001_genserver_based_debouncer: test_harness.exs
  resynced tasks/wt_105_002_leading_trailing_edge_debouncer: test_harness.exs
  resynced tasks/wt_105_003_max_wait_debouncer_with_flush_and_cancel: test_harness.exs
  resynced tasks/wt_105_004_accumulating_batch_debouncer: test_harness.exs
  resynced tasks/wt_106_001_watchdog_timer_genserver: test_harness.exs
  resynced tasks/wt_106_002_grace_count_watchdog_timer: test_harness.exs
  resynced tasks/wt_106_003_recurring_watchdog_timer: test_harness.exs
  resynced tasks/wt_106_004_escalating_warn_then_timeout_watchdog: test_harness.exs
  resynced tasks/wt_107_001_event_aggregator_with_flushing: prompt.md,solution.ex,test_harness.exs
  resynced tasks/wt_107_002_keyed_event_aggregator_with_per_key_batching: test_harness.exs
  resynced tasks/wt_107_003_weighted_event_aggregator_with_byte_budget: test_harness.exs
  resynced tasks/wt_107_004_debounced_event_aggregator_with_max_wait: test_harness.exs
  resynced tasks/wt_108_001_bidirectional_map_genserver: test_harness.exs
  resynced tasks/wt_108_002_bidirectional_multimap_many_to_many: test_harness.exs
  resynced tasks/wt_108_004_priority_resolved_bimap: test_harness.exs
  resynced tasks/wt_109_002_data_flow_task_runner: prompt.md,solution.ex,test_harness.exs
  resynced tasks/wt_109_004_bounded_concurrency_task_scheduler: test_harness.exs
  resynced tasks/wt_131_001_streaming_json_parser_for_large_files: test_harness.exs
  resynced tasks/wt_131_003_parallel_streaming_json_array_parser: test_harness.exs
  resynced tasks/wt_131_004_resumable_streaming_json_array_parser_with_error_budget: test_harness.exs
  resynced tasks/wt_134_001_schema_inference_from_csv: test_harness.exs
  resynced tasks/wt_134_002_nullable_unique_column_profiler: test_harness.exs
  resynced tasks/wt_134_004_widening_lattice_schema_inference: test_harness.exs
  resynced tasks/wt_623_002_boolean_phrase_query_inverted_index: test_harness.exs
  resynced tasks/wt_623_003_bm25_ranked_inverted_index: test_harness.exs
  resynced tasks/wt_623_004_fuzzy_edit_distance_inverted_index: test_harness.exs
  resynced tasks/wt_624_002_merge_commit_dag_with_topological_log_and_merge_base: prompt.md,solution.ex,test_harness.exs
  resynced tasks/wt_624_003_on_disk_loose_object_store_with_zlib_compression_and_integrity_checks: test_harness.exs
  resynced tasks/wt_624_004_branch_references_with_atomic_cas_updates_and_reachability_gc: test_harness.exs
  resynced tasks/wt_625_001_mini_s3_like_object_storage: test_harness.exs
  resynced tasks/wt_625_002_versioned_object_store_with_delete_markers: test_harness.exs
  resynced tasks/wt_625_003_lifecycle_ttl_object_store_with_lazy_expiration: prompt.md,solution.ex,test_harness.exs
  resynced tasks/wt_625_004_conditional_write_object_store_with_etags: test_harness.exs
  resynced tasks/wt_626_002_pre_aggregated_rollup_time_series_db: test_harness.exs
  resynced tasks/wt_626_003_reset_aware_counter_time_series_db: test_harness.exs
  resynced tasks/wt_626_004_sharded_concurrent_time_series_db: prompt.md,solution.ex,test_harness.exs
resync_embeds over 331 dirs: %{unchanged: 103, resynced: 228} — APPLIED
