  resynced tasks/001_003_hierarchical_limiter_04: prompt.md
  resynced tasks/010_004_rolling_window_quota_tracker_02: prompt.md
  resynced tasks/012_002_subscription_lifecycle_event_sourced_aggregate_02: prompt.md
  resynced tasks/013_002_timeout_guarded_retry_worker_02: prompt.md
  resynced tasks/016_003_validated_sortable_filterable_list_pagination_04: prompt.md
  resynced tasks/017_002_keyset_cursor_pagination_search_03: prompt.md
  resynced tasks/023_003_fingerprint_conflict_idempotent_payments_04: prompt.md
  resynced tasks/031_002_jsonl_importer_with_schema_validation_02: prompt.md
  resynced tasks/035_004_counter_rate_resampler_02: prompt.md
  resynced tasks/037_004_stateful_concurrent_consistent_pseudonymizer_04: prompt.md
  resynced tasks/040_001_configuration_merger_with_override_rules_02: prompt.md
  resynced tasks/040_001_configuration_merger_with_override_rules_03: prompt.md
  resynced tasks/040_002_provenance_tracking_layered_config_merger_02: prompt.md
  resynced tasks/062_004_batch_pipeline_with_error_collection_02: prompt.md
  resynced tasks/062_004_batch_pipeline_with_error_collection_03: prompt.md
  resynced tasks/062_004_batch_pipeline_with_error_collection_04: prompt.md
  resynced tasks/073_001_database_cleaner_for_integration_tests_03: prompt.md
  resynced tasks/077_001_interval_tree_for_overlapping_range_queries_03: prompt.md
  resynced tasks/077_002_deletable_interval_tree_04: prompt.md
  resynced tasks/095_001_multi_currency_money_module_02: prompt.md
  resynced tasks/095_004_multi_currency_money_with_fx_conversion_02: prompt.md
  resynced tasks/107_001_event_aggregator_with_flushing_02: prompt.md
  resynced tasks/107_001_event_aggregator_with_flushing_03: prompt.md
  resynced tasks/107_001_event_aggregator_with_flushing_04: prompt.md
  resynced tasks/109_002_data_flow_task_runner_02: prompt.md
resync_embeds over 26 dirs: %{unchanged: 1, resynced: 25} — APPLIED
