  resynced adapt_001_002_fixed_window_counter: test_harness.exs
  resynced adapt_001_003_hierarchical_limiter: solution.ex, test_harness.exs
  resynced adapt_001_004_penalty_escalation: test_harness.exs
  resynced adapt_002_002_rolling_window_error_rate_cb: test_harness.exs
  resynced adapt_002_003_progressive_recovery_cb: test_harness.exs
  resynced adapt_002_004_leaky_bucket_failure_cb: test_harness.exs
  resynced adapt_003_002_gcra: test_harness.exs
  resynced adapt_003_004_shared_pool_bucket: test_harness.exs
  resynced adapt_004_002_intervalscheduler: test_harness.exs
  resynced adapt_004_003_retryscheduler: test_harness.exs
  resynced adapt_004_004_calendarscheduler: test_harness.exs
  resynced adapt_005_002_priorityeventbus: test_harness.exs
  resynced adapt_005_003_replayeventbus: test_harness.exs
  resynced adapt_006_002_lrucache: test_harness.exs
  resynced adapt_006_003_refreshaheadcache: test_harness.exs
  resynced adapt_006_004_swrcache: test_harness.exs
  resynced adapt_007_003_streamingpercentile: test_harness.exs
  resynced adapt_007_004_cusumanomaly: test_harness.exs
  resynced adapt_008_002_lww_element_set_crdt: test_harness.exs
  resynced adapt_008_003_two_phase_set_crdt: test_harness.exs
  resynced adapt_008_004_observed_remove_set_crdt: test_harness.exs
  resynced adapt_009_002_write_behind_batch_coalescer: test_harness.exs
  resynced adapt_009_003_retry_aware_request_deduplicator: test_harness.exs
  resynced adapt_009_004_per_key_bounded_concurrency_pool: test_harness.exs
  resynced adapt_010_002_one_time_token_store_with_absolute_expiration: test_harness.exs
  resynced adapt_010_003_exclusive_lease_manager_with_ownership: test_harness.exs
  resynced adapt_010_004_rolling_window_quota_tracker: solution.ex, test_harness.exs
  resynced adapt_011_002_priority_worker_pool_with_starvation_prevention: test_harness.exs
  resynced adapt_011_003_cancellable_worker_pool: test_harness.exs
  resynced adapt_011_004_worker_pool_with_per_task_timeouts_and_retry: test_harness.exs
  resynced adapt_012_002_subscription_lifecycle_event_sourced_aggregate: solution.ex, test_harness.exs
  resynced adapt_012_003_inventory_stock_event_sourced_aggregate: test_harness.exs
  resynced adapt_012_004_task_tracker_event_sourced_aggregate: test_harness.exs
  resynced adapt_013_002_timeout_guarded_retry_worker: solution.ex, test_harness.exs
  resynced adapt_013_004_classified_error_retry_worker_with_on_retry_callback: test_harness.exs
  resynced adapt_014_002_expiring_priority_queue_with_per_task_ttl: prompt.md, test_harness.exs
  resynced adapt_014_003_cancellable_priority_queue_with_numeric_priorities: prompt.md, test_harness.exs
  resynced adapt_014_004_concurrent_priority_queue_with_configurable_parallelism: prompt.md, solution.ex, test_harness.exs
  resynced adapt_016_002_cursor_based_list_pagination: solution.ex, test_harness.exs
  resynced adapt_016_003_validated_sortable_filterable_list_pagination: solution.ex, test_harness.exs
  resynced adapt_016_004_concurrent_ets_backed_list_pagination_with_page_clamping: test_harness.exs
  resynced adapt_017_002_keyset_cursor_pagination_search: solution.ex, test_harness.exs
  resynced adapt_017_003_faceted_search_with_facet_counts: test_harness.exs
  resynced adapt_017_004_relevance_ranked_full_text_search: test_harness.exs
  resynced adapt_018_002_trash_and_purge_soft_delete_with_retention_window: test_harness.exs
  resynced adapt_018_003_cascading_archive_tree_with_origin_aware_restore: test_harness.exs
  resynced adapt_018_004_optimistic_concurrency_soft_delete_with_version_guards: test_harness.exs
  resynced adapt_019_002_dependency_ordered_bulk_create_with_cascade_skip: solution.ex, test_harness.exs
  resynced adapt_021_002_media_type_content_negotiation_with_quality_values: test_harness.exs
  resynced adapt_021_003_url_path_versioning_with_downgrade_migration_chain: test_harness.exs
  resynced adapt_021_004_versioned_api_with_deprecation_sunset_lifecycle: test_harness.exs
  resynced adapt_022_004_invitation_accept_decline_nested_membership_workflow: test_harness.exs
  resynced adapt_023_002_in_flight_coalescing_idempotent_payments: prompt.md, test_harness.exs
  resynced adapt_023_003_fingerprint_conflict_idempotent_payments: prompt.md, solution.ex, test_harness.exs
  resynced adapt_023_004_lru_bounded_idempotent_payments: prompt.md, test_harness.exs
  resynced adapt_024_002_replay_protected_timestamped_webhook_receiver: test_harness.exs
  resynced adapt_024_003_multi_provider_webhook_receiver_with_key_rotation: test_harness.exs
  resynced adapt_024_004_ordered_stream_webhook_receiver_with_gap_buffering: test_harness.exs
  resynced adapt_025_003_coalescing_batch_long_poll_with_linger_window: test_harness.exs
  resynced adapt_031_002_jsonl_importer_with_schema_validation: solution.ex, test_harness.exs
  resynced adapt_033_002_metrics_file_aggregator: prompt.md, solution.ex, test_harness.exs
  resynced adapt_033_003_http_access_log_analyzer: prompt.md, solution.ex, test_harness.exs
  resynced adapt_033_004_financial_transaction_analyzer: prompt.md, solution.ex, test_harness.exs
  resynced adapt_034_003_rule_driven_tolerant_reconciler_with_compiled_config: test_harness.exs
  resynced adapt_034_004_incremental_streaming_reconciler_genserver: test_harness.exs
  resynced adapt_035_002_multi_series_aligned_resampler: prompt.md, test_harness.exs
  resynced adapt_035_003_streaming_watermark_resampler: prompt.md, solution.ex, test_harness.exs
  resynced adapt_035_004_counter_rate_resampler: prompt.md, solution.ex, test_harness.exs
  resynced adapt_036_002_hierarchical_heading_outline_parser: test_harness.exs
  resynced adapt_036_003_error_reporting_markdown_parser_with_line_diagnostics: test_harness.exs
  resynced adapt_036_004_gfm_table_parser_to_row_maps: test_harness.exs
  resynced adapt_037_004_stateful_concurrent_consistent_pseudonymizer: solution.ex, test_harness.exs
  resynced adapt_038_002_materialized_path_tree_annotator: test_harness.exs
  resynced adapt_038_003_incremental_streaming_tree_builder: test_harness.exs
  resynced adapt_039_002_nested_path_addressed_record_diff: test_harness.exs
  resynced adapt_039_003_ordered_record_diff_with_move_detection: test_harness.exs
  resynced adapt_039_004_three_way_record_merge_with_conflict_detection: test_harness.exs
  resynced adapt_040_002_provenance_tracking_layered_config_merger: prompt.md, solution.ex, test_harness.exs
  resynced adapt_040_003_stateful_layered_config_store_genserver: prompt.md, solution.ex, test_harness.exs
  resynced adapt_040_004_conflict_detecting_strict_config_merger: prompt.md
  resynced adapt_041_002_lfu_cache_backed_by_ets: prompt.md
  resynced adapt_041_003_sharded_lru_cache_with_consistent_key_routing: prompt.md, test_harness.exs
  resynced adapt_041_004_weight_aware_cost_bounded_lru_cache: prompt.md
  resynced adapt_042_003_true_write_through_cache_with_backing_store_propagation: test_harness.exs
  resynced adapt_042_004_single_flight_non_blocking_write_through_cache: test_harness.exs
  resynced adapt_043_002_cumulative_points_leaderboard_with_atomic_counters: test_harness.exs
  resynced adapt_043_003_sliding_window_time_decayed_leaderboard: test_harness.exs
  resynced adapt_044_002_histogram_metrics_collector: prompt.md
  resynced adapt_044_003_labeled_dimensional_metrics_collector: prompt.md, test_harness.exs
  resynced adapt_044_004_sliding_window_rate_metrics_collector: prompt.md, test_harness.exs
  resynced adapt_045_002_multivariate_a_b_c_feature_flag_store: test_harness.exs
  resynced adapt_061_004_weight_budget_parallel_map: test_harness.exs
  resynced adapt_062_002_retryable_pipeline_with_per_stage_retry_policies: test_harness.exs
  resynced adapt_062_003_fan_out_map_pipeline_with_bounded_concurrency: test_harness.exs
  resynced adapt_062_004_batch_pipeline_with_error_collection: solution.ex, test_harness.exs
  resynced adapt_063_002_quorum_first_n_concurrent_fetcher: test_harness.exs
  resynced adapt_064_002_fault_tolerant_result_tagged_work_stealing_queue: test_harness.exs
  resynced adapt_064_004_instrumented_work_stealing_queue_with_steal_metrics: test_harness.exs
  resynced adapt_065_002_retrying_saga_coordinator: test_harness.exs
  resynced adapt_065_003_parallel_stage_saga_coordinator: test_harness.exs
  resynced adapt_065_004_policy_driven_saga_coordinator: test_harness.exs
  resynced adapt_070_002_pivot_step_saga_with_forward_recovery: test_harness.exs
  resynced adapt_070_003_nested_sub_saga_composition: test_harness.exs
  resynced adapt_071_004_validation_aware_factory_with_compensating_rollback: test_harness.exs
  resynced adapt_072_002_deferred_timer_virtual_clock: test_harness.exs
  resynced adapt_073_002_savepoint_stack_nested_transaction_cleaner: prompt.md
  resynced adapt_073_003_sandbox_ownership_cleaner_for_async_tests: prompt.md, test_harness.exs
  resynced adapt_073_004_fk_dependency_ordered_deletion_cleaner: prompt.md
  resynced adapt_074_003_concurrency_and_message_assertion_helpers: test_harness.exs
  resynced adapt_075_003_stateful_command_sequence_generators: test_harness.exs
  resynced adapt_075_004_schema_driven_generator_interpreter: test_harness.exs
  resynced adapt_076_003_weighted_autocomplete_trie_with_top_k_ranking: test_harness.exs
  resynced adapt_076_004_wildcard_pattern_matching_trie: test_harness.exs
  resynced adapt_077_002_deletable_interval_tree: prompt.md, solution.ex, test_harness.exs
  resynced adapt_077_003_concurrent_interval_registry: prompt.md, solution.ex, test_harness.exs
  resynced adapt_077_004_max_overlap_interval_tree: prompt.md, test_harness.exs
  resynced adapt_078_002_reject_when_full_bounded_fifo_queue: test_harness.exs
  resynced adapt_080_004_concurrent_dag_registry_genserver: test_harness.exs
  resynced adapt_086_002_tiered_bracket_cart_with_shipping_thresholds: test_harness.exs
  resynced adapt_086_003_coupon_stacking_cart_with_order_level_discounts: test_harness.exs
  resynced adapt_086_004_concurrent_genserver_backed_cart: test_harness.exs
  resynced adapt_087_002_deny_override_policy_list_access_control: test_harness.exs
  resynced adapt_087_003_multi_role_grant_with_wildcard_permissions: test_harness.exs
  resynced adapt_087_004_genserver_role_graph_registry_with_runtime_grants: test_harness.exs
  resynced adapt_089_002_stackable_promo_code_system: test_harness.exs
  resynced adapt_089_003_tiered_promo_code_system: test_harness.exs
  resynced adapt_089_004_budget_capped_promo_code_system: test_harness.exs
  resynced adapt_091_002_reversible_order_workflow_with_undo_history: test_harness.exs
  resynced adapt_091_003_data_driven_finite_state_machine_engine: test_harness.exs
  resynced adapt_091_004_effectful_workflow_with_event_payloads: test_harness.exs
  resynced adapt_092_002_reddit_style_logarithmic_hot_ranking: test_harness.exs
  resynced adapt_092_003_wilson_lower_bound_confidence_ranking: test_harness.exs
  resynced adapt_092_004_bayesian_weighted_rating_ranking: test_harness.exs
  resynced adapt_095_002_weighted_allocation_money_module: prompt.md, test_harness.exs
  resynced adapt_095_003_currency_precision_money_module: prompt.md, test_harness.exs
  resynced adapt_095_004_multi_currency_money_with_fx_conversion: prompt.md, solution.ex, test_harness.exs
  resynced adapt_096_002_schema_driven_nested_params_sanitizer: test_harness.exs
  resynced adapt_096_003_stateful_sanitizer_server_with_policy_and_metrics: test_harness.exs
  resynced adapt_096_004_reporting_sanitizer_with_strict_and_lenient_modes: test_harness.exs
  resynced adapt_097_002_weighted_strength_score_password_policy: prompt.md, test_harness.exs
  resynced adapt_097_003_severity_classified_password_audit_with_strict_mode: prompt.md
  resynced adapt_097_004_stateful_password_policy_server_with_reuse_history: prompt.md, test_harness.exs
  resynced adapt_098_002_aead_sealed_confidential_token: test_harness.exs
  resynced adapt_098_003_attenuable_capability_token_with_chained_caveats: test_harness.exs
  resynced adapt_099_002_redaction_with_match_count_reporting: prompt.md
  resynced adapt_099_003_per_field_masking_strategies: prompt.md, test_harness.exs
  resynced adapt_099_004_concurrent_masking_server_with_runtime_patterns: prompt.md, test_harness.exs
  resynced adapt_101_002_sliding_window_distinct_cardinality_counter: test_harness.exs
  resynced adapt_102_003_auto_expiring_persisted_state_machine: test_harness.exs
  resynced adapt_102_004_threshold_approval_persisted_state_machine: test_harness.exs
  resynced adapt_103_002_backoff_scheduled_retry_dead_letter_queue: test_harness.exs
  resynced adapt_103_003_deduplicating_dead_letter_queue: test_harness.exs
  resynced adapt_103_004_bounded_priority_dead_letter_queue_with_bulk_drain: test_harness.exs
  resynced adapt_104_002_health_validated_connection_pool: test_harness.exs
  resynced adapt_104_003_overflow_connection_pool: test_harness.exs
  resynced adapt_105_002_leading_trailing_edge_debouncer: test_harness.exs
  resynced adapt_105_003_max_wait_debouncer_with_flush_and_cancel: test_harness.exs
  resynced adapt_105_004_accumulating_batch_debouncer: test_harness.exs
  resynced adapt_106_002_grace_count_watchdog_timer: test_harness.exs
  resynced adapt_106_003_recurring_watchdog_timer: test_harness.exs
  resynced adapt_106_004_escalating_warn_then_timeout_watchdog: test_harness.exs
  resynced adapt_107_002_keyed_event_aggregator_with_per_key_batching: prompt.md, test_harness.exs
  resynced adapt_107_003_weighted_event_aggregator_with_byte_budget: prompt.md, test_harness.exs
  resynced adapt_107_004_debounced_event_aggregator_with_max_wait: prompt.md, test_harness.exs
  resynced adapt_108_002_bidirectional_multimap_many_to_many: test_harness.exs
  resynced adapt_108_004_priority_resolved_bimap: test_harness.exs
  resynced adapt_109_002_data_flow_task_runner: solution.ex, test_harness.exs
  resynced adapt_109_004_bounded_concurrency_task_scheduler: test_harness.exs
  resynced adapt_131_003_parallel_streaming_json_array_parser: test_harness.exs
  resynced adapt_131_004_resumable_streaming_json_array_parser_with_error_budget: test_harness.exs
  resynced adapt_134_002_nullable_unique_column_profiler: test_harness.exs
  resynced adapt_134_004_widening_lattice_schema_inference: test_harness.exs
  resynced adapt_623_002_boolean_phrase_query_inverted_index: test_harness.exs
  resynced adapt_623_003_bm25_ranked_inverted_index: test_harness.exs
  resynced adapt_623_004_fuzzy_edit_distance_inverted_index: test_harness.exs
  resynced adapt_624_002_merge_commit_dag_with_topological_log_and_merge_base: solution.ex, test_harness.exs
  resynced adapt_624_003_on_disk_loose_object_store_with_zlib_compression_and_integrity_checks: test_harness.exs
  resynced adapt_624_004_branch_references_with_atomic_cas_updates_and_reachability_gc: test_harness.exs
  resynced adapt_625_002_versioned_object_store_with_delete_markers: test_harness.exs
  resynced adapt_625_003_lifecycle_ttl_object_store_with_lazy_expiration: solution.ex, test_harness.exs
  resynced adapt_625_004_conditional_write_object_store_with_etags: test_harness.exs
  resynced adapt_626_002_pre_aggregated_rollup_time_series_db: test_harness.exs
  resynced adapt_626_003_reset_aware_counter_time_series_db: test_harness.exs
  resynced adapt_626_004_sharded_concurrent_time_series_db: solution.ex, test_harness.exs
adapt embeds: %{unchanged: 65, resynced: 184}
