retro audit: 3 root(s) — 3 to audit, 0 already audited at this content+gate, 0 bundle-skipped, 0 postgres-skipped

=== 063_004_bounded_concurrency_concurrent_fetcher_01 (variation)
    gate [9/11] promise audit — bite-proven tests for uncovered prompt promises; failing tests machine-prove defects (GEN_PROMISE_AUDIT) — applying (one auditor call, then per-test machine vetting (anchor → gold → bite)) ...
      promise test "a fetch killed from outside does not crash a non-trapping caller" ... KEPT (defect)
      promise test "duplicate names collapse to the last recorded value and shrink the map" ... KEPT (coverage)
      promise test "queued sources start in list order as slots free up" ... KEPT (coverage)
      promise test "a blocked fetch does not stop sibling results from being collected" ... KEPT (coverage)
      promise test "concurrent callers each get an independent result map" ... KEPT (coverage)
      promise test "non-integer max_concurrency or timeout_ms is rejected by a guard" ... dropped — vacuous (bite-proof failed: the isolated test block kills no raise-mutant of the module — it asserts nothing about behavior)
      merging 5 vetted test(s) (4 coverage, 1 defect-proving; dropped 1: 1× vacuous) — re-running the full cycle on the grown harness
    gate [3/11] canonical formatting (graded bytes are exactly the promoted bytes) ... PASS — already formatter-canonical
    gate [4/11] compile + green + perfect raw invariants (>=1 passed, 0 failed, 0 errored) ... FAIL — tests failed (17/18 passed, 1 failed, 0 errored)
    · attempt 0: tests failed (17/18 passed) — asking for a fix

13:57:07.284 [info] cycle 063_004_bounded_concurrency_concurrent_fetcher_01_audit: repairing — Tests failed (1 failed, 0 errors):
  - test a fetch killed from outside does not crash a non-trapping caller (PooledFetcherTest): 

Assertion failed, no matching message after 2000ms
     Showing 1 of 1 message in the mailbox
code: assert_receive {:result, result}
mailbox:
       pattern: {:result, result}
       value:   {:DOWN, #Reference<0.1451762953.274726913.97535>, :process, #PID<0.318.0>, :killed}

    gate [4/11] compile + green + perfect raw invariants (>=1 passed, 0 failed, 0 errored) ... PASS — compiled, 18/18 tests passed, 0 failed, 0 errored
      check [ 1/17] zero compile warnings ... ok
      check [ 2/17] @moduledoc present ... ok
      check [ 3/17] @spec on at least one public function ... ok
      check [ 4/17] @doc on at least one public function ... ok
      check [ 5/17] no TODO/FIXME markers ... ok
      check [ 6/17] no lines over 98 columns ... ok
      check [ 7/17] no string interpolation inside SQL ... ok
      check [ 8/17] test-count floor: max(3, public function count) ... ok
      check [ 9/17] S9: no :sys.get_state/:sys.replace_state reach-ins ... ok
      check [10/17] S9: no assert inspect(...) ... ok
      check [11/17] S9: no exact assert_raise message pins ... ok
      check [12/17] S9: shared temp paths carry System.pid() ... ok
      check [13/17] S9: :infinity interval options are documented in the prompt ... ok
      check [14/17] S9: trigger messages sent to the server are documented in the prompt ... ok
      check [15/17] no no-op identity helpers (dead-code laundering) ... ok
      check [16/17] no generation-process chatter in comments ... ok
      check [17/17] prompt documents every API function the harness calls ... ok
    gate [5/11] house style + harness standard ... PASS — 17/17 checks ran, all ok
    gate [6/11] raise-mutant coverage (each public function; whole-module for bundles) — applying (per-function raise-mutants: 1 public function(s) must each be killed) ...
      mutant [1/1] fetch_all/3 gutted to raise ... killed
    gate [6/11] raise-mutant coverage (each public function; whole-module for bundles) ... PASS — per-function raise-mutants: 1 public function(s) must each be killed
    gate [7/11] stability re-grade at a derived nonzero ExUnit seed (flake filter) — applying (re-grading the accepted files at ExUnit seed 84972343) ...
    gate [7/11] stability re-grade at a derived nonzero ExUnit seed (flake filter) ... PASS — still green at ExUnit seed 84972343
    gate [8/11] semantic-mutant kill floor (GEN_SEMANTIC_FLOOR) — applying (floor 0.6, up to 40 seeded behavior mutants) ...
    gate [8/11] semantic-mutant kill floor (GEN_SEMANTIC_FLOOR) ... PASS — kill rate 0.77 (17/22) >= floor 0.6
    · attempt 1: green (18/18) — all gates passed

13:58:38.730 [info] cycle 063_004_bounded_concurrency_concurrent_fetcher_01_audit: ACCEPTED on attempt 1
    gate [9/11] promise audit — bite-proven tests for uncovered prompt promises; failing tests machine-prove defects (GEN_PROMISE_AUDIT) ... PASS — kept 5 test(s) (4 coverage, 1 proven-defect); harness 13→18 tests; grown cycle green (module repaired against the proven defect(s))
  WRITTEN (blind-verified) — changed: solution.ex, test_harness.exs

=== 110_002_histogram_based_approximate_rolling_percentile_01 (variation)
    gate [9/11] promise audit — bite-proven tests for uncovered prompt promises; failing tests machine-prove defects (GEN_PROMISE_AUDIT) — applying (one auditor call, then per-test machine vetting (anchor → gold → bite)) ...
      promise test "a value on an edge lands in the upper bucket and ek stays in the last bucket" ... KEPT (coverage)
      promise test "percentile 0.0 returns the low edge even when the first bucket is empty" ... KEPT (coverage)
      promise test "reusing a ring slot in a later cycle drops the previous cycle's counts" ... KEPT (coverage)
      promise test "missing, too-short and non-numeric edges each raise ArgumentError" ... KEPT (coverage)
      promise test "slots defaults to 60 so older slices expire while newer ones survive" ... KEPT (coverage)
      promise test "the process registers under the default name and under a custom :name" ... KEPT (coverage)
      merging 6 vetted test(s) (6 coverage, 0 defect-proving; dropped 0: none dropped) — re-running the full cycle on the grown harness
    gate [3/11] canonical formatting (graded bytes are exactly the promoted bytes) ... PASS — already formatter-canonical
    gate [4/11] compile + green + perfect raw invariants (>=1 passed, 0 failed, 0 errored) ... PASS — compiled, 14/14 tests passed, 0 failed, 0 errored
      check [ 1/17] zero compile warnings ... ok
      check [ 2/17] @moduledoc present ... ok
      check [ 3/17] @spec on at least one public function ... ok
      check [ 4/17] @doc on at least one public function ... ok
      check [ 5/17] no TODO/FIXME markers ... ok
      check [ 6/17] no lines over 98 columns ... ok
      check [ 7/17] no string interpolation inside SQL ... ok
      check [ 8/17] test-count floor: max(3, public function count) ... ok
      check [ 9/17] S9: no :sys.get_state/:sys.replace_state reach-ins ... ok
      check [10/17] S9: no assert inspect(...) ... ok
      check [11/17] S9: no exact assert_raise message pins ... ok
      check [12/17] S9: shared temp paths carry System.pid() ... ok
      check [13/17] S9: :infinity interval options are documented in the prompt ... ok
      check [14/17] S9: trigger messages sent to the server are documented in the prompt ... ok
      check [15/17] no no-op identity helpers (dead-code laundering) ... ok
      check [16/17] no generation-process chatter in comments ... ok
      check [17/17] prompt documents every API function the harness calls ... ok
    gate [5/11] house style + harness standard ... PASS — 17/17 checks ran, all ok
    gate [6/11] raise-mutant coverage (each public function; whole-module for bundles) — applying (per-function raise-mutants: 6 public function(s) must each be killed) ...
      mutant [1/6] start_link/1 gutted to raise ... killed
      mutant [2/6] record/2 gutted to raise ... killed
      mutant [3/6] query/2 gutted to raise ... killed
      mutant [4/6] reset/1 gutted to raise ... killed
      mutant [5/6] init/1 gutted to raise ... killed
      mutant [6/6] handle_call/3 gutted to raise ... killed
    gate [6/11] raise-mutant coverage (each public function; whole-module for bundles) ... PASS — per-function raise-mutants: 6 public function(s) must each be killed
    gate [7/11] stability re-grade at a derived nonzero ExUnit seed (flake filter) — applying (re-grading the accepted files at ExUnit seed 338948487) ...
    gate [7/11] stability re-grade at a derived nonzero ExUnit seed (flake filter) ... PASS — still green at ExUnit seed 338948487
    gate [8/11] semantic-mutant kill floor (GEN_SEMANTIC_FLOOR) — applying (floor 0.6, up to 40 seeded behavior mutants) ...
    gate [8/11] semantic-mutant kill floor (GEN_SEMANTIC_FLOOR) ... FAIL — kill rate 0.58 (22/38) < floor 0.6; survivors: L27 s78: 60 -> 61, L54 s245: 60 -> 61, L55 s251: div -> rem, L55 s253: + -> -, L55 s256: 1 -> 0
    · attempt 0: semantic floor: kill rate 0.58 with 16 surviving behavior mutant(s) — asking for a fix

14:02:15.750 [info] cycle 110_002_histogram_based_approximate_rolling_percentile_01_audit: repairing — The files graded green, but the harness kills only 58% of seeded behavior mutants — each survivor below is a single behavior change NO test caught:
  - L27 s78: 60 -> 61
  - L54 s245: 60 -> 61
  - L55 s251: div -> rem
  - L55 s253: + -> -
  - L55 s256: 1 -> 0
  - L113 s577: - -> +
  - L113 s579: 1 -> 0
  - L126 s663: - -> +
  - L126 s665: 1 -> 0
  - L142 s744: 0 -> 1
  … 6 more
Add tests that discriminate the DOCUMENTED behavior each survivor touches — assert through the public API (never internal state), keep every existing test, and do not weaken the implementation.
    gate [4/11] compile + green + perfect raw invariants (>=1 passed, 0 failed, 0 errored) ... PASS — compiled, 23/23 tests passed, 0 failed, 0 errored
      check [ 1/17] zero compile warnings ... ok
      check [ 2/17] @moduledoc present ... ok
      check [ 3/17] @spec on at least one public function ... ok
      check [ 4/17] @doc on at least one public function ... ok
      check [ 5/17] no TODO/FIXME markers ... ok
      check [ 6/17] no lines over 98 columns ... ok
      check [ 7/17] no string interpolation inside SQL ... ok
      check [ 8/17] test-count floor: max(3, public function count) ... ok
      check [ 9/17] S9: no :sys.get_state/:sys.replace_state reach-ins ... ok
      check [10/17] S9: no assert inspect(...) ... ok
      check [11/17] S9: no exact assert_raise message pins ... ok
      check [12/17] S9: shared temp paths carry System.pid() ... ok
      check [13/17] S9: :infinity interval options are documented in the prompt ... ok
      check [14/17] S9: trigger messages sent to the server are documented in the prompt ... ok
      check [15/17] no no-op identity helpers (dead-code laundering) ... ok
      check [16/17] no generation-process chatter in comments ... ok
      check [17/17] prompt documents every API function the harness calls ... ok
    gate [5/11] house style + harness standard ... PASS — 17/17 checks ran, all ok
    gate [6/11] raise-mutant coverage (each public function; whole-module for bundles) — applying (per-function raise-mutants: 6 public function(s) must each be killed) ...
      mutant [1/6] start_link/1 gutted to raise ... killed
      mutant [2/6] record/2 gutted to raise ... killed
      mutant [3/6] query/2 gutted to raise ... killed
      mutant [4/6] reset/1 gutted to raise ... killed
      mutant [5/6] init/1 gutted to raise ... killed
      mutant [6/6] handle_call/3 gutted to raise ... killed
    gate [6/11] raise-mutant coverage (each public function; whole-module for bundles) ... PASS — per-function raise-mutants: 6 public function(s) must each be killed
    gate [7/11] stability re-grade at a derived nonzero ExUnit seed (flake filter) — applying (re-grading the accepted files at ExUnit seed 338948487) ...
    gate [7/11] stability re-grade at a derived nonzero ExUnit seed (flake filter) ... PASS — still green at ExUnit seed 338948487
    gate [8/11] semantic-mutant kill floor (GEN_SEMANTIC_FLOOR) — applying (floor 0.6, up to 40 seeded behavior mutants) ...
    gate [8/11] semantic-mutant kill floor (GEN_SEMANTIC_FLOOR) ... PASS — kill rate 0.97 (37/38) >= floor 0.6
    · attempt 1: green (23/23) — all gates passed

14:07:44.330 [info] cycle 110_002_histogram_based_approximate_rolling_percentile_01_audit: ACCEPTED on attempt 1
    gate [9/11] promise audit — bite-proven tests for uncovered prompt promises; failing tests machine-prove defects (GEN_PROMISE_AUDIT) ... PASS — kept 6 test(s) (6 coverage, 0 proven-defect); harness 8→23 tests; grown cycle green

=== 134_003_chunked_merge_based_schema_inference_01 (variation)
    gate [9/11] promise audit — bite-proven tests for uncovered prompt promises; failing tests machine-prove defects (GEN_PROMISE_AUDIT) — applying (one auditor call, then per-test machine vetting (anchor → gold → bite)) ...
      promise test "an empty fragment has nil names, zero ncols and no categories" ... KEPT (defect)
      promise test "an empty fragment is a neutral element for merge in both orders" ... KEPT (defect)
      promise test "unquoted empty cells are ignored while quoted empty cells count as string" ... dropped — anchor quote not found verbatim in prompt.md (or shorter than 25 chars)
      promise test "a comma inside a quoted field does not split the record" ... dropped — anchor quote not found verbatim in prompt.md (or shorter than 25 chars)
      promise test "booleans are case-insensitive and an invalid calendar date is a string" ... dropped — anchor quote not found verbatim in prompt.md (or shorter than 25 chars)
      promise test "ncols is the max of header length and data row widths within one fragment" ... KEPT (coverage)
      merging 3 vetted test(s) (1 coverage, 2 defect-proving; dropped 3: 3× anchor quote not found verbatim in prompt.md) — re-running the full cycle on the grown harness
    gate [3/11] canonical formatting (graded bytes are exactly the promoted bytes) ... PASS — already formatter-canonical
    gate [4/11] compile + green + perfect raw invariants (>=1 passed, 0 failed, 0 errored) ... FAIL — tests failed (12/14 passed, 2 failed, 0 errored)
    · attempt 0: tests failed (12/14 passed) — asking for a fix

14:09:03.455 [info] cycle 134_003_chunked_merge_based_schema_inference_01_audit: repairing — Tests failed (2 failed, 0 errors):
  - test an empty fragment has nil names, zero ncols and no categories (MergeSchemaTest): 

Assertion with == failed
code:  assert empty.names == nil
left:  []
right: nil

  - test an empty fragment is a neutral element for merge in both orders (MergeSchemaTest): 

Assertion with == failed
code:  assert MergeSchema.finalize(MergeSchema.merge(empty, p)) == expected
left:  %{}
right: %{"m" => :float, "n" => :integer}

    gate [4/11] compile + green + perfect raw invariants (>=1 passed, 0 failed, 0 errored) ... PASS — compiled, 14/14 tests passed, 0 failed, 0 errored
      check [ 1/17] zero compile warnings ... ok
      check [ 2/17] @moduledoc present ... ok
      check [ 3/17] @spec on at least one public function ... ok
      check [ 4/17] @doc on at least one public function ... ok
      check [ 5/17] no TODO/FIXME markers ... ok
      check [ 6/17] no lines over 98 columns ... ok
      check [ 7/17] no string interpolation inside SQL ... ok
      check [ 8/17] test-count floor: max(3, public function count) ... ok
      check [ 9/17] S9: no :sys.get_state/:sys.replace_state reach-ins ... ok
      check [10/17] S9: no assert inspect(...) ... ok
      check [11/17] S9: no exact assert_raise message pins ... ok
      check [12/17] S9: shared temp paths carry System.pid() ... ok
      check [13/17] S9: :infinity interval options are documented in the prompt ... ok
      check [14/17] S9: trigger messages sent to the server are documented in the prompt ... ok
      check [15/17] no no-op identity helpers (dead-code laundering) ... ok
      check [16/17] no generation-process chatter in comments ... ok
      check [17/17] prompt documents every API function the harness calls ... ok
    gate [5/11] house style + harness standard ... PASS — 17/17 checks ran, all ok
    gate [6/11] raise-mutant coverage (each public function; whole-module for bundles) — applying (per-function raise-mutants: 4 public function(s) must each be killed) ...
      mutant [1/4] partial/2 gutted to raise ... killed
      mutant [2/4] merge/2 gutted to raise ... killed
      mutant [3/4] finalize/1 gutted to raise ... killed
      mutant [4/4] infer_string/2 gutted to raise ... killed
    gate [6/11] raise-mutant coverage (each public function; whole-module for bundles) ... PASS — per-function raise-mutants: 4 public function(s) must each be killed
    gate [7/11] stability re-grade at a derived nonzero ExUnit seed (flake filter) — applying (re-grading the accepted files at ExUnit seed 490827433) ...
    gate [7/11] stability re-grade at a derived nonzero ExUnit seed (flake filter) ... PASS — still green at ExUnit seed 490827433
    gate [8/11] semantic-mutant kill floor (GEN_SEMANTIC_FLOOR) — applying (floor 0.6, up to 40 seeded behavior mutants) ...
    gate [8/11] semantic-mutant kill floor (GEN_SEMANTIC_FLOOR) ... PASS — kill rate 0.76 (26/34) >= floor 0.6
    · attempt 1: green (14/14) — all gates passed

14:13:20.018 [info] cycle 134_003_chunked_merge_based_schema_inference_01_audit: ACCEPTED on attempt 1
    gate [9/11] promise audit — bite-proven tests for uncovered prompt promises; failing tests machine-prove defects (GEN_PROMISE_AUDIT) ... PASS — kept 3 test(s) (1 coverage, 2 proven-defect); harness 11→14 tests; grown cycle green (module repaired against the proven defect(s))
  WRITTEN (blind-verified) — changed: solution.ex, test_harness.exs

retro audit summary: %{changed: 2, needs_triage: 1}
CHANGED roots need their child embeds cascaded — run:
  mix run scripts/resync_embeds.exs -- --wt-all --apply
  mix run scripts/resync_bugfix_embeds.exs -- --apply
  mix run scripts/resync_tfim_embeds.exs -- --apply
  mix run scripts/resync_adapt_embeds.exs -- --apply
  elixir scripts/check_embeds.exs   # then hand-fix any fix_child_gold rows
and re-run scripts/audit_bugfix.exs on any family whose SOLUTION changed
(a redesigned gold invalidates its bugfix pairs — delete + remint those).

