retro audit: 1 root(s) — 1 to audit, 0 already audited at this content+gate, 0 bundle-skipped, 0 postgres-skipped

=== 110_002_histogram_based_approximate_rolling_percentile_01 (variation)
    gate [9/11] promise audit — bite-proven tests for uncovered prompt promises; failing tests machine-prove defects (GEN_PROMISE_AUDIT) — applying (one auditor call, then per-test machine vetting (anchor → gold → bite)) ...
      promise test "percentile 1.0 returns the top edge when the last bucket is empty" ... KEPT (defect)
      promise test "slots defaults to 60 slices when the option is omitted" ... KEPT (coverage)
      promise test "missing, too-short, and non-numeric edges are all rejected" ... KEPT (coverage)
      promise test "out-of-range values land in the first and last buckets respectively" ... dropped — no # PROMISE anchor comment
      promise test "a reused ring slot does not carry counts from the previous cycle" ... KEPT (coverage)
      promise test "bucket selection takes the first bucket whose cumulative count exactly equals target" ... KEPT (coverage)
      merging 5 vetted test(s) (4 coverage, 1 defect-proving; dropped 1: 1× no # PROMISE anchor comment) — re-running the full cycle on the grown harness
    gate [3/11] canonical formatting (graded bytes are exactly the promoted bytes) ... PASS — already formatter-canonical
    gate [4/11] compile + green + perfect raw invariants (>=1 passed, 0 failed, 0 errored) ... FAIL — tests failed (12/13 passed, 1 failed, 0 errored)
    · attempt 0: tests failed (12/13 passed) — asking for a fix

14:40:46.060 [info] cycle 110_002_histogram_based_approximate_rolling_percentile_01_audit: repairing — Tests failed (1 failed, 0 errors):
  - test percentile 1.0 returns the top edge when the last bucket is empty (HistogramPercentileTest): 

Expected the difference between 10.0 and 100.0 (90.0) to be less than or equal to 0.001

    gate [4/11] compile + green + perfect raw invariants (>=1 passed, 0 failed, 0 errored) ... PASS — compiled, 13/13 tests passed, 0 failed, 0 errored
      check [ 1/17] zero compile warnings ... ok
      check [ 2/17] @moduledoc present ... ok
      check [ 3/17] @spec on at least one public function ... ok
      check [ 4/17] @doc on at least one public function ... ok
      check [ 5/17] no TODO/FIXME markers ... ok
      check [ 6/17] no lines over 98 columns ... ok
      check [ 7/17] no string interpolation inside SQL ... ok
      check [ 8/17] test-count floor: max(3, public function count) ... ok
      check [ 9/17] S9: no :sys.get_state/:sys.replace_state reach-ins ... ok
      check [10/17] S9: no assert inspect(...) ... ok
      check [11/17] S9: no exact assert_raise message pins ... ok
      check [12/17] S9: shared temp paths carry System.pid() ... ok
      check [13/17] S9: :infinity interval options are documented in the prompt ... ok
      check [14/17] S9: trigger messages sent to the server are documented in the prompt ... ok
      check [15/17] no no-op identity helpers (dead-code laundering) ... ok
      check [16/17] no generation-process chatter in comments ... ok
      check [17/17] prompt documents every API function the harness calls ... ok
    gate [5/11] house style + harness standard ... PASS — 17/17 checks ran, all ok
    gate [6/11] raise-mutant coverage (each public function; whole-module for bundles) — applying (per-function raise-mutants: 6 public function(s) must each be killed) ...
      mutant [1/6] start_link/1 gutted to raise ... killed
      mutant [2/6] record/2 gutted to raise ... killed
      mutant [3/6] query/2 gutted to raise ... killed
      mutant [4/6] reset/1 gutted to raise ... killed
      mutant [5/6] init/1 gutted to raise ... killed
      mutant [6/6] handle_call/3 gutted to raise ... killed
    gate [6/11] raise-mutant coverage (each public function; whole-module for bundles) ... PASS — per-function raise-mutants: 6 public function(s) must each be killed
    gate [7/11] stability re-grade at a derived nonzero ExUnit seed (flake filter) — applying (re-grading the accepted files at ExUnit seed 338948487) ...
    gate [7/11] stability re-grade at a derived nonzero ExUnit seed (flake filter) ... PASS — still green at ExUnit seed 338948487
    gate [8/11] semantic-mutant kill floor (GEN_SEMANTIC_FLOOR) — applying (floor 0.6, up to 40 seeded behavior mutants) ...
    gate [8/11] semantic-mutant kill floor (GEN_SEMANTIC_FLOOR) ... PASS — kill rate 0.71 (27/38) >= floor 0.6
    · attempt 1: green (13/13) — all gates passed

14:41:55.098 [info] cycle 110_002_histogram_based_approximate_rolling_percentile_01_audit: ACCEPTED on attempt 1
    gate [9/11] promise audit — bite-proven tests for uncovered prompt promises; failing tests machine-prove defects (GEN_PROMISE_AUDIT) ... PASS — kept 5 test(s) (4 coverage, 1 proven-defect); harness 8→13 tests; grown cycle green (module repaired against the proven defect(s))
  blind candidate failed to COMPILE (solver artifact) — one retry

retro audit summary: %{needs_triage: 1}
