=== 2026-07-18T13:40:25+02:00 mix run scripts/resync_embeds.exs -- --wt-all --apply
  resynced tasks/wt_043_004_ordered_set_leaderboard_with_deterministic_tie_breaking: test_harness.exs
  resynced tasks/wt_061_003_timeout_and_retry_parallel_map: test_harness.exs
  resynced tasks/wt_071_002_trait_composable_factory: test_harness.exs
  resynced tasks/wt_071_003_bulk_list_factory_with_concurrent_insertion: test_harness.exs
  resynced tasks/wt_078_001_ring_buffer: test_harness.exs
  resynced tasks/wt_100_001_totp_time_based_one_time_password_implementation: test_harness.exs
  resynced tasks/wt_100_004_stateful_totp_vault_genserver_with_replay_protection: test_harness.exs
  resynced tasks/wt_104_004_usage_recycling_connection_pool: test_harness.exs
  resynced tasks/wt_110_003_sla_percentile_monitor_with_inverse_queries: test_harness.exs
resync_embeds over 331 dirs: %{unchanged: 322, resynced: 9} — APPLIED
=== rc=0
=== 2026-07-18T13:40:26+02:00 mix run scripts/resync_bugfix_embeds.exs -- --apply
bugfix embeds: %{unchanged: 961} — APPLIED
=== rc=0
=== 2026-07-18T13:40:27+02:00 mix run scripts/resync_tfim_embeds.exs -- --apply
tfim embeds: %{unchanged: 3190, resynced: 89} — APPLIED
=== rc=0
=== 2026-07-18T13:40:32+02:00 mix run scripts/resync_adapt_embeds.exs -- --apply
  resynced adapt_043_004_ordered_set_leaderboard_with_deterministic_tie_breaking: test_harness.exs
  resynced adapt_061_003_timeout_and_retry_parallel_map: test_harness.exs
  resynced adapt_071_002_trait_composable_factory: test_harness.exs
  resynced adapt_071_003_bulk_list_factory_with_concurrent_insertion: test_harness.exs
  resynced adapt_100_004_stateful_totp_vault_genserver_with_replay_protection: test_harness.exs
  resynced adapt_104_004_usage_recycling_connection_pool: test_harness.exs
  resynced adapt_110_003_sla_percentile_monitor_with_inverse_queries: test_harness.exs
adapt embeds: %{unchanged: 242, resynced: 7}
=== rc=0
=== 2026-07-18T13:40:36+02:00 elixir scripts/check_embeds.exs
    note: gold located by whitespace-normalized match (child gold wrapping differs from parent — reflow-stale gold)
    note: gold located by whitespace-normalized match (child gold wrapping differs from parent — reflow-stale gold)
module-FIM: 991 clean, 0 reflow, 0 drift, 0 skipped
wt_: 331 clean, 0 reflow, 0 drift, 0 skipped
embed check: 1322 clean, 0 reflow, 0 drift, 0 skipped
=== rc=0
=== cascade done rc=0
