rewriting 23 family(ies), sequential, ledger logs/rewrite_reachins.jsonl

[1/23] 001_003_hierarchical_limiter_01 ... applied
[2/23] 003_001_leaky_bucket_token_dispenser_01 ... applied
[3/23] 003_002_gcra_01 ... applied
[4/23] 003_003_lease_based_bucket_01 ... applied
[5/23] 003_004_shared_pool_bucket_01 ... applied
[6/23] 004_002_intervalscheduler_01 ... rejected — blind solve did not COMPILE (solver defect) — retry the family
[7/23] 004_003_retryscheduler_01 ... applied
[8/23] 004_004_calendarscheduler_01 ... applied
[9/23] 005_001_pubsub_event_bus_01 ... rejected — INCONCLUSIVE: blind solver failed only UNTOUCHED tests (unsubscribe one subscription doesn't affect another on same topic; each subscription returns a unique ref) — solver-weak this attempt; retry the family
[10/23] 005_002_priorityeventbus_01 ... rejected — house/harness lint: only 11 test(s) — the harness needs at least 14 (max of 3 and the 14 public function(s))
[11/23] 005_003_replayeventbus_01 ... rejected — blind solver fails REWRITTEN test(s) — either the rewrite pins undocumented behavior (hand-check the prompt) or the solver got documented behavior wrong (rule 10). Failing: cleanup drops topics with empty history and no subscribers
[12/23] 006_001_ttl_cache_with_lazy_expiration_01 ... applied
[13/23] 006_003_refreshaheadcache_01 ... rejected — house/harness lint: only 13 test(s) — the harness needs at least 14 (max of 3 and the 14 public function(s))
[14/23] 006_004_swrcache_01 ... rejected — house/harness lint: only 13 test(s) — the harness needs at least 14 (max of 3 and the 14 public function(s))
[15/23] 007_001_moving_average_calculator_01 ... rejected — INCONCLUSIVE: blind solver failed only UNTOUCHED tests (SMA cold-start: fewer values than the period; SMA over exact period count; SMA slides window: old values drop off) — solver-weak this attempt; retry the family
[16/23] 007_002_weightedmovingaverage_01 ... rejected — blind solver fails REWRITTEN test(s) — either the rewrite pins undocumented behavior (hand-check the prompt) or the solver got documented behavior wrong (rule 10). Failing: larger period grows max_period and retains more history
[17/23] 010_001_session_store_with_inactivity_timeout_01 ... applied
[18/23] 010_002_one_time_token_store_with_absolute_expiration_01 ... applied
[19/23] 010_003_exclusive_lease_manager_with_ownership_01 ... applied
[20/23] 023_002_in_flight_coalescing_idempotent_payments_01 ... rejected — house/harness lint: only 12 test(s) — the harness needs at least 15 (max of 3 and the 15 public function(s))
[21/23] 101_001_sliding_window_counter_01 ... applied
[22/23] 107_003_weighted_event_aggregator_with_byte_budget_01 ... applied
[23/23] 626_001_mini_prometheus_like_time_series_db_01 ... applied

=== REWRITE LEDGER (25 row(s)) === %{"applied" => 15, "rejected" => 10}
  004_001_job_scheduler_with_cron_like_expressions_01: 0.57 → 0.57 (0 block(s), 0 re-carve(s))
  001_003_hierarchical_limiter_01: 0.61 → 0.61 (1 block(s), 1 re-carve(s))
  003_001_leaky_bucket_token_dispenser_01: 0.79 → 0.79 (2 block(s), 0 re-carve(s))
  003_002_gcra_01: 0.63 → 0.63 (1 block(s), 1 re-carve(s))
  003_003_lease_based_bucket_01: 0.53 → 0.53 (2 block(s), 0 re-carve(s))
  003_004_shared_pool_bucket_01: 0.93 → 0.93 (2 block(s), 0 re-carve(s))
  004_003_retryscheduler_01: 0.7 → 0.7 (0 block(s), 0 re-carve(s))
  004_004_calendarscheduler_01: 0.65 → 0.65 (0 block(s), 0 re-carve(s))
  006_001_ttl_cache_with_lazy_expiration_01: 0.57 → 0.57 (4 block(s), 1 re-carve(s))
  010_001_session_store_with_inactivity_timeout_01: 0.73 → 0.73 (2 block(s), 0 re-carve(s))
  010_002_one_time_token_store_with_absolute_expiration_01: 0.63 → 0.63 (2 block(s), 0 re-carve(s))
  010_003_exclusive_lease_manager_with_ownership_01: 0.81 → 0.81 (2 block(s), 0 re-carve(s))
  101_001_sliding_window_counter_01: 0.82 → 0.82 (2 block(s), 1 re-carve(s))
  107_003_weighted_event_aggregator_with_byte_budget_01: 0.7 → 0.7 (1 block(s), 1 re-carve(s))
  626_001_mini_prometheus_like_time_series_db_01: 0.71 → 0.71 (2 block(s), 0 re-carve(s))
rewriting 9 family(ies), sequential, ledger logs/rewrite_reachins.jsonl

[1/9] 004_002_intervalscheduler_01 ... applied
[2/9] 005_001_pubsub_event_bus_01 ... applied
[3/9] 005_002_priorityeventbus_01 ... applied
[4/9] 005_003_replayeventbus_01 ... rejected — blind solver fails REWRITTEN test(s) — either the rewrite pins undocumented behavior (hand-check the prompt) or the solver got documented behavior wrong (rule 10). Failing: cleanup drops topics with empty history and no subscribers
[5/9] 006_003_refreshaheadcache_01 ... applied
[6/9] 006_004_swrcache_01 ... applied
[7/9] 007_001_moving_average_calculator_01 ... rejected — INCONCLUSIVE: blind solver failed only UNTOUCHED tests (SMA cold-start: fewer values than the period; SMA over exact period count; SMA slides window: old values drop off) — solver-weak this attempt; retry the family
[8/9] 007_002_weightedmovingaverage_01 ... rejected — blind solver fails REWRITTEN test(s) — either the rewrite pins undocumented behavior (hand-check the prompt) or the solver got documented behavior wrong (rule 10). Failing: larger period grows max_period and retains more history
[9/9] 023_002_in_flight_coalescing_idempotent_payments_01 ... applied

=== REWRITE LEDGER (34 row(s)) === %{"applied" => 21, "rejected" => 13}
  004_001_job_scheduler_with_cron_like_expressions_01: 0.57 → 0.57 (0 block(s), 0 re-carve(s))
  001_003_hierarchical_limiter_01: 0.61 → 0.61 (1 block(s), 1 re-carve(s))
  003_001_leaky_bucket_token_dispenser_01: 0.79 → 0.79 (2 block(s), 0 re-carve(s))
  003_002_gcra_01: 0.63 → 0.63 (1 block(s), 1 re-carve(s))
  003_003_lease_based_bucket_01: 0.53 → 0.53 (2 block(s), 0 re-carve(s))
  003_004_shared_pool_bucket_01: 0.93 → 0.93 (2 block(s), 0 re-carve(s))
  004_003_retryscheduler_01: 0.7 → 0.7 (0 block(s), 0 re-carve(s))
  004_004_calendarscheduler_01: 0.65 → 0.65 (0 block(s), 0 re-carve(s))
  006_001_ttl_cache_with_lazy_expiration_01: 0.57 → 0.57 (4 block(s), 1 re-carve(s))
  010_001_session_store_with_inactivity_timeout_01: 0.73 → 0.73 (2 block(s), 0 re-carve(s))
  010_002_one_time_token_store_with_absolute_expiration_01: 0.63 → 0.63 (2 block(s), 0 re-carve(s))
  010_003_exclusive_lease_manager_with_ownership_01: 0.81 → 0.81 (2 block(s), 0 re-carve(s))
  101_001_sliding_window_counter_01: 0.82 → 0.82 (2 block(s), 1 re-carve(s))
  107_003_weighted_event_aggregator_with_byte_budget_01: 0.7 → 0.7 (1 block(s), 1 re-carve(s))
  626_001_mini_prometheus_like_time_series_db_01: 0.71 → 0.71 (2 block(s), 0 re-carve(s))
  004_002_intervalscheduler_01: 0.72 → 0.72 (0 block(s), 0 re-carve(s))
  005_001_pubsub_event_bus_01: 0.91 → 0.91 (2 block(s), 0 re-carve(s))
  005_002_priorityeventbus_01: 0.7 → 0.7 (1 block(s), 0 re-carve(s))
  006_003_refreshaheadcache_01: 0.65 → 0.65 (1 block(s), 0 re-carve(s))
  006_004_swrcache_01: 0.73 → 0.73 (1 block(s), 0 re-carve(s))
  023_002_in_flight_coalescing_idempotent_payments_01: 0.43 → 0.43 (1 block(s), 0 re-carve(s))
