reviewing 57 root(s), sequential, ledger logs/semantic_review.jsonl

[1/57] 005_003_replayeventbus_01 ... 1 finding(s), 0 confirmed
[2/57] 008_003_two_phase_set_crdt_01 ... 0 finding(s), 0 confirmed
[3/57] 009_003_retry_aware_request_deduplicator_01 ... 3 finding(s), 2 confirmed
[4/57] 011_002_priority_worker_pool_with_starvation_prevention_01 ... 2 finding(s), 2 confirmed
[5/57] 011_003_cancellable_worker_pool_01 ... 2 finding(s), 2 confirmed
[6/57] 015_001_heartbeat_monitor_01 ... 2 finding(s), 1 confirmed
[7/57] 020_001_file_upload_with_validation_01 ... 0 finding(s), 0 confirmed
[8/57] 020_004_asynchronous_validation_pipeline_upload_01 ... 1 finding(s), 1 confirmed
[9/57] 021_002_media_type_content_negotiation_with_quality_values_01 ... 2 finding(s), 2 confirmed
[10/57] 022_003_etag_versioned_nested_membership_with_optimistic_concurrency_01 ... 2 finding(s), 2 confirmed
[11/57] 024_004_ordered_stream_webhook_receiver_with_gap_buffering_01 ... 2 finding(s), 2 confirmed
[12/57] 025_004_multi_channel_fan_in_long_poll_01 ... 2 finding(s), 2 confirmed
[13/57] 031_001_csv_importer_with_validation_and_error_report_01 ... 4 finding(s), 2 confirmed
[14/57] 031_002_jsonl_importer_with_schema_validation_01 ... 
14:08:24.463 [warning] usage limit / out of credits on semantic_verify (031_002_jsonl_importer_with_schema_validation_01) — waiting 900000ms (attempt 1, ~0 min waited so far)
3 finding(s), 2 confirmed
[15/57] 032_001_json_to_ecto_bulk_ingestion_pipeline_01 ... 3 finding(s), 2 confirmed
[16/57] 034_003_rule_driven_tolerant_reconciler_with_compiled_config_01 ... 2 finding(s), 2 confirmed
[17/57] 035_004_counter_rate_resampler_01 ... 1 finding(s), 1 confirmed
[18/57] 037_003_reversible_tokenization_vault_anonymizer_01 ... 1 finding(s), 1 confirmed
[19/57] 039_004_three_way_record_merge_with_conflict_detection_01 ... 2 finding(s), 2 confirmed
[20/57] 040_001_configuration_merger_with_override_rules_01 ... 2 finding(s), 2 confirmed
[21/57] 041_001_lru_cache_backed_by_ets_01 ... 1 finding(s), 1 confirmed
[22/57] 043_001_ets_based_leaderboard_01 ... 2 finding(s), 2 confirmed
[23/57] 044_004_sliding_window_rate_metrics_collector_01 ... 1 finding(s), 1 confirmed
[24/57] 045_001_ets_based_feature_flag_store_01 ... 3 finding(s), 2 confirmed
[25/57] 045_002_multivariate_a_b_c_feature_flag_store_01 ... 1 finding(s), 1 confirmed
[26/57] 062_002_retryable_pipeline_with_per_stage_retry_policies_01 ... 1 finding(s), 1 confirmed
[27/57] 070_003_nested_sub_saga_composition_01 ... 2 finding(s), 2 confirmed
[28/57] 071_001_factory_module_for_test_data_generation_01 ... 
14:41:11.176 [warning] transient error (error_max_turns ) on semantic_verify (071_001_factory_module_for_test_data_generation_01) — retry 1/5 after 2000ms
1 finding(s), 1 confirmed
[29/57] 071_004_validation_aware_factory_with_compensating_rollback_01 ... 2 finding(s), 2 confirmed
[30/57] 073_003_sandbox_ownership_cleaner_for_async_tests_01 ... 1 finding(s), 1 confirmed
[31/57] 075_001_property_based_test_generators_01 ... 3 finding(s), 3 confirmed
[32/57] 076_004_wildcard_pattern_matching_trie_01 ... 0 finding(s), 0 confirmed
[33/57] 078_001_ring_buffer_01 ... 1 finding(s), 0 confirmed
[34/57] 078_004_concurrent_ring_buffer_sink_genserver_01 ... 0 finding(s), 0 confirmed
[35/57] 079_002_counting_bloom_filter_01 ... 1 finding(s), 1 confirmed
[36/57] 080_003_mutable_dag_with_cycle_diagnostics_and_parallel_layers_01 ... 1 finding(s), 1 confirmed
[37/57] 086_004_concurrent_genserver_backed_cart_01 ... 1 finding(s), 1 confirmed
[38/57] 089_001_promo_code_system_01 ... 2 finding(s), 1 confirmed
[39/57] 091_001_workflow_state_machine_01 ... 0 finding(s), 0 confirmed
[40/57] 092_004_bayesian_weighted_rating_ranking_01 ... 2 finding(s), 2 confirmed
[41/57] 095_003_currency_precision_money_module_01 ... 3 finding(s), 3 confirmed
[42/57] 098_004_replay_protected_single_use_token_01 ... 2 finding(s), 2 confirmed
[43/57] 100_004_stateful_totp_vault_genserver_with_replay_protection_01 ... 2 finding(s), 2 confirmed
[44/57] 101_002_sliding_window_distinct_cardinality_counter_01 ... 2 finding(s), 2 confirmed
[45/57] 103_002_backoff_scheduled_retry_dead_letter_queue_01 ... 2 finding(s), 2 confirmed
[46/57] 103_003_deduplicating_dead_letter_queue_01 ... 3 finding(s), 3 confirmed
[47/57] 104_002_health_validated_connection_pool_01 ... 1 finding(s), 1 confirmed
[48/57] 104_003_overflow_connection_pool_01 ... 2 finding(s), 2 confirmed
[49/57] 105_002_leading_trailing_edge_debouncer_01 ... 1 finding(s), 1 confirmed
[50/57] 105_003_max_wait_debouncer_with_flush_and_cancel_01 ... 2 finding(s), 2 confirmed
[51/57] 106_002_grace_count_watchdog_timer_01 ... 1 finding(s), 1 confirmed
[52/57] 107_001_event_aggregator_with_flushing_01 ... 2 finding(s), 2 confirmed
[53/57] 110_001_rolling_percentile_calculator_01 ... 1 finding(s), 1 confirmed
[54/57] 110_004_time_decay_weighted_rolling_percentile_01 ... 1 finding(s), 1 confirmed
[55/57] 623_001_mini_elasticsearch_like_inverted_index_01 ... 1 finding(s), 1 confirmed
[56/57] 624_001_mini_git_like_object_store_01 ... 1 finding(s), 1 confirmed
[57/57] 626_003_reset_aware_counter_time_series_db_01 ... 2 finding(s), 2 confirmed

=== SEMANTIC REVIEW LEDGER: 60 root(s) reviewed ===
confirmed findings: 89  refuted/noise: 11  errors: 0
  004_003_retryscheduler_01 [gold_defect/medium] The @doc contradicts the code and the @spec directly above it: `schedule/5` returns `{:error, :already_exists}` (and `{:error, :invalid_opts
  004_003_retryscheduler_01 [harness_gap/medium] Every test starts the server with `tick_interval_ms: :infinity` and drives ticks by hand, so the auto-tick path the prompt explicitly promis
  004_003_retryscheduler_01 [harness_gap/medium] The prompt makes an explicit promise — "Cancellation is valid in any state, including terminal states (:completed, :dead); the job is simply
  035_002_multi_series_aligned_resampler_01 [harness_gap/medium] The prompt explicitly promises seven aggregation modes (`:last`, `:first`, `:mean`, `:sum`, `:count`, `:max`, `:min`), but only four are exe
  035_002_multi_series_aligned_resampler_01 [harness_gap/medium] Every test that inspects row contents passes `:agg` explicitly, and the only calls omitting `:fill` (`agg: :sum` order test; the `a: []` lea
  035_002_multi_series_aligned_resampler_01 [gold_defect/medium] `div/2` truncates toward zero, not floor, contradicting the prompt's explicit rule `floor(t / interval_ms) * interval_ms`; for a negative ti
  038_001_tree_structure_builder_from_flat_list_01 [gold_defect/medium] `build/2` can return `{:error, {:duplicate_ids, dupes}}`, a value that is not in the declared `build_result()` type, not in the `## Return v
  009_003_retry_aware_request_deduplicator_01 [harness_gap/medium] The only test that passes `:max_delay_ms` uses delays (50/100/200) that never approach the 1000 ms cap, and no test uses defaults in a way t
  009_003_retry_aware_request_deduplicator_01 [harness_gap/medium] Every failing-function test passes `:max_retries` explicitly (0, 1, 2, 3, 5); no test lets a failing func run with default options, so the p
  011_002_priority_worker_pool_with_starvation_prevention_01 [harness_gap/high] The only starvation-prevention test cannot fail: after `release(w1)` just one worker is free (w2 is still blocked), so it runs the queued lo
  011_002_priority_worker_pool_with_starvation_prevention_01 [harness_gap/medium] Every `start_supervised!` in the file (setup plus both edge-case tests) passes `:pool_size`, `:max_queue` and `:promote_after_ms` explicitly
  011_003_cancellable_worker_pool_01 [harness_gap/medium] No test ever crashes a worker while tasks are pending in the queue, so the promised "queued tasks should not be lost" behavior (the `dispatc
  011_003_cancellable_worker_pool_01 [harness_gap/medium] The documented defaults (pool_size 3, max_queue 10) are never exercised — no test starts the pool without those options and checks `status/1
  015_001_heartbeat_monitor_01 [harness_gap/high] Every check in the suite is driven by hand-injected `{:check, name}` messages and no test ever waits for a real timer to fire, so the prompt
  020_004_asynchronous_validation_pipeline_upload_01 [harness_gap/medium] The prompt explicitly promises the 413 body is `{"error": "File too large", "max_bytes": 5242880}`, but no test ever asserts on the `max_byt
  021_002_media_type_content_negotiation_with_quality_values_01 [harness_gap/high] The prompt explicitly promises "ranges with `q <= 0` are discarded", but no test ever sends a `q=0` (or negative) range — every q used is 0.
  021_002_media_type_content_negotiation_with_quality_values_01 [harness_gap/medium] The rule "missing `q` defaults to `1.0`" is never pinned against an explicit q: every test either omits q on all ranges (so any uniform defa
  022_003_etag_versioned_nested_membership_with_optimistic_concurrency_01 [harness_gap/medium] The non-integer If-Match rule (gold: `parse_version/1` returning the `-1` sentinel) is explicitly promised but never exercised; a solver usi
  022_003_etag_versioned_nested_membership_with_optimistic_concurrency_01 [harness_gap/medium] The initial version value is never pinned absolutely (no team is queried before any `add_member`), so a store that initialized teams at vers
  024_004_ordered_stream_webhook_receiver_with_gap_buffering_01 [harness_gap/medium] The only status assertion covers an event delivered directly (never buffered); the drain tests ("future event buffered (202) then drained", 
  024_004_ordered_stream_webhook_receiver_with_gap_buffering_01 [harness_gap/medium] Every POST test supplies a `stripe-signature` header (valid, or wrong-secret in the 401 test); no test posts with the header missing or empt
  025_004_multi_channel_fan_in_long_poll_01 [harness_gap/medium] Every test passes an explicit `timeout_ms`, so the prompt's explicitly promised default ("a `:timeout_ms` option (max time to hold the conne
  025_004_multi_channel_fan_in_long_poll_01 [harness_gap/medium] The prompt explicitly promises 401 "with body `\"unauthorized\"`", and the sibling 400 test does assert `conn.resp_body == "no channels"`, b
  031_001_csv_importer_with_validation_and_error_report_01 [harness_gap/high] The prompt explicitly promises "A single field can have multiple errors — report all of them, not just the first", but this test's name clai
  031_001_csv_importer_with_validation_and_error_report_01 [gold_defect/medium] The @doc and @spec both claim `import_string/2` only ever returns `{:ok, ...}`, but the body returns `{:error, :empty_file}` for blank input
  031_002_jsonl_importer_with_schema_validation_01 [gold_defect/high] The prompt specifies "`:integer` must be a JSON number that is a whole number"; `42.0` is a JSON number that is a whole number, but the gold
  031_002_jsonl_importer_with_schema_validation_01 [gold_defect/medium] Both branches of the `if` return the identical value, so the entire condition (and the `when is_float(value)` clause itself, which is subsum
  032_001_json_to_ecto_bulk_ingestion_pipeline_01 [harness_gap/medium] The `returning: false` branch is an explicitly promised behavior implemented by `defp classify_rows(_rows, count, false), do: {count, 0}` an
  032_001_json_to_ecto_bulk_ingestion_pipeline_01 [prompt_defect/medium] `:nothing` is a valid value for `on_conflict:`, not for `conflict_target:` (which must be a column list or `{:unsafe_fragment, _}`); with th
  034_003_rule_driven_tolerant_reconciler_with_compiled_config_01 [harness_gap/high] The duplicate-key tie-break is an explicit, load-bearing promise implemented by `index_by_key` (Map.put in reduce order = last wins); a solv
  034_003_rule_driven_tolerant_reconciler_with_compiled_config_01 [harness_gap/medium] The nil-treatment of absent key fields (`key_of/2`'s `Map.get`) is never exercised, so a solver using `Map.fetch!` (crash) or excluding such
  035_004_counter_rate_resampler_01 [harness_gap/medium] Every call in the harness passes `mode:` explicitly, and the only calls that omit `:reset`/`:fill` (this one, the unordered-input test, the 
  037_003_reversible_tokenization_vault_anonymizer_01 [harness_gap/medium] The prompt pins the token format precisely — `"TOK_<FIELD>_<n>"` where `<n>` is "a per-field counter assigned in first-seen order (e.g. `"TO
  039_004_three_way_record_merge_with_conflict_detection_01 [harness_gap/medium] The prompt explicitly promises `deleted_by: :ours | :theirs`, but the only delete_modify test is the ours-deleted direction; no test ever ex
  039_004_three_way_record_merge_with_conflict_detection_01 [harness_gap/medium] The prompt pins the sentinel explicitly ("using `:missing` for a field absent on a side"), yet the only modify_modify assertion has the fiel
  040_001_configuration_merger_with_override_rules_01 [prompt_defect/high] The prompt calls key paths "tuples" and shows a literal tuple `{:servers, :hosts}`, then declares the convention is "a list of atoms"; worse
  040_001_configuration_merger_with_override_rules_01 [gold_defect/medium] The comment claims this branch respects the lock and does not introduce a locked key absent from base, but the branch performs no `locked?/2
  041_001_lru_cache_backed_by_ets_01 [harness_gap/medium] Every test starts the cache through this one helper with a valid positive-integer `:max_size` and a present `:name`, so the prompt's explici
  043_001_ets_based_leaderboard_01 [harness_gap/high] The prompt explicitly promises `new/1` creates a **public** table and that "All operations must work correctly when called from multiple pro
  043_001_ets_based_leaderboard_01 [gold_defect/medium] With `:named_table`, `:ets.new/2` returns the *atom* name, not a `:ets.tid()`, so the declared `board` type (and the `tid` binding name) con
  044_004_sliding_window_rate_metrics_collector_01 [harness_gap/medium] No test distinguishes a direct-ETS write from a `GenServer.call`-based one (e.g. suspending the owner with `:sys.suspend` and showing `incre
  045_001_ets_based_feature_flag_store_01 [harness_gap/medium] Every test starts the server with no options, so the two configuration options the prompt explicitly promises — "an optional `:table_name` f
  045_001_ets_based_feature_flag_store_01 [harness_gap/medium] The prompt's central architectural requirement — the table must be "named so any process can read directly without going through the GenServ
  045_002_multivariate_a_b_c_feature_flag_store_01 [harness_gap/medium] Every test starts the server with default options, so the `:table_name` (default `:feature_flags`) and `:name` (`nil` skips registration) op
  062_002_retryable_pipeline_with_per_stage_retry_policies_01 [harness_gap/medium] This is the only test that passes `:backoff_ms`, and it asserts only the attempt count — nothing anywhere pins that a sleep actually occurs 
  070_003_nested_sub_saga_composition_01 [harness_gap/medium] The prompt says "When compensation reaches a previously fully-succeeded nested step, every inner step is compensated in reverse ... Nesting 
  070_003_nested_sub_saga_composition_01 [harness_gap/medium] The prompt promises "`compensate_fn` receives the context", yet every compensating function in the harness discards its argument (`fn _ -> .
  071_001_factory_module_for_test_data_generation_01 [gold_defect/medium] The prompt sanctions "automatically on first use via a lazy init" while also requiring "Sequences must be unique across the entire test run 
  071_004_validation_aware_factory_with_compensating_rollback_01 [harness_gap/medium] The harness never calls `Factory.build(:post)`, so the explicitly promised side effect — "building a factory that has associations still cre
  071_004_validation_aware_factory_with_compensating_rollback_01 [harness_gap/medium] The only sequence assertions are distinctness (`a != b`) and 50 unique values under concurrency; nothing pins the prompt's load-bearing cont
  073_003_sandbox_ownership_cleaner_for_async_tests_01 [harness_gap/medium] The prompt explicitly promises clean/0 removes "any allowances pointing at it" (the gold implements this via `Enum.reject(fn {_allowed, o} -
  075_001_property_based_test_generators_01 [gold_defect/medium] The @doc and @spec both say weights are positive integers, while the code's own guard (`when is_integer(weight) and weight >= 0`) and commen
  075_001_property_based_test_generators_01 [harness_gap/medium] The prompt says user maps have "exactly these five keys and no others" (and money/date_range "exactly those two keys"), but every test only 
  075_001_property_based_test_generators_01 [harness_gap/medium] The prompt explicitly requires "Shrinking must still flow through the chosen underlying generator, so a failing property shrinks toward that
  079_002_counting_bloom_filter_01 [harness_gap/high] Both saturation behaviors (clamping in `increment` and the no-decrement-on-saturated rule in `decrement`, which is the stated basis of the n
  080_003_mutable_dag_with_cycle_diagnostics_and_parallel_layers_01 [harness_gap/medium] The prompt promises `add_vertex(dag, vertex)` — "if it already exists, return the dag unchanged", but the only idempotence test re-adds a ve
  086_004_concurrent_genserver_backed_cart_01 [harness_gap/medium] The prompt explicitly promises each item map carries `:product_id`, `:quantity`, `:unit_price`, `:discount_rate`, and `:line_total`, but no 
  089_001_promo_code_system_01 [harness_gap/medium] The test name claims to pin rounding, but 10_000 * 33 / 100 == 3300.0 exactly, so trunc/floor/ceil all produce the same result; the prompt's
  092_004_bayesian_weighted_rating_ranking_01 [harness_gap/high] The test named for `rank/2`'s explicit-`:mean` override never calls `rank/2` at all — it only asserts on `score/2`. Every other `rank` call 
  092_004_bayesian_weighted_rating_ranking_01 [harness_gap/medium] This is the only `rank/2` call that passes `:min_votes`, and the value (25) is the default, so the prompt's explicit promise that "`:min_vot
  095_003_currency_precision_money_module_01 [gold_defect/high] For negative amounts (which the prompt explicitly allows: "`:amount` — an integer number of **minor units** (may be negative)") `rem/2` is n
  095_003_currency_precision_money_module_01 [harness_gap/medium] The test whose name asserts the invariant holds "always" only iterates non-negative amounts, so the sum-back guarantee is never exercised fo
  095_003_currency_precision_money_module_01 [prompt_defect/medium] The example's stated result (`amount: 1234`) contradicts its own inline commentary and the following sentence ("rounds to `1235`"), which is
  098_004_replay_protected_single_use_token_01 [harness_gap/medium] The prompt explicitly promises "Every call produces a token with a distinct random nonce, so two tokens are always independent of each other
  098_004_replay_protected_single_use_token_01 [harness_gap/medium] Every server in the harness is started with an explicit `:clock`, so the prompt's promised default — "When omitted, the current time is read
  100_004_stateful_totp_vault_genserver_with_replay_protection_01 [harness_gap/high] No test in the harness ever passes the `:window` option to `consume/4` (every call uses only `time:`), so the prompt's explicit "`:window` —
  100_004_stateful_totp_vault_genserver_with_replay_protection_01 [harness_gap/medium] The prompt promises "`TOTPVault.start_link(opts \\ [])` ... accepts a standard `:name` option for registering the process", but every test s
  101_002_sliding_window_distinct_cardinality_counter_01 [harness_gap/medium] Every test runs with `cleanup_interval_ms: :infinity`, and the two cleanup tests trigger purging only via `send(sc, :cleanup)`; the prompt's
  101_002_sliding_window_distinct_cardinality_counter_01 [harness_gap/medium] The single `setup` passes every option explicitly and no test ever starts the server without them, so none of the prompt's explicitly promis
  103_002_backoff_scheduled_retry_dead_letter_queue_01 [harness_gap/medium] The prompt promises "Success is `:ok` or `{:ok, term}` → remove the message and return `:ok`", but every success-path test uses a handler re
  103_002_backoff_scheduled_retry_dead_letter_queue_01 [harness_gap/medium] Every `peek`/`ready` call passes count 10 against a queue holding at most one entry at the time of the assertion, so the "up to `count` entr
  103_003_deduplicating_dead_letter_queue_01 [gold_defect/medium] The @doc contradicts the code and the adjacent @spec: `push/6` returns `{:ok, :new, id}` or `{:ok, :duplicate, id}` (a 3-tuple), never `{:ok
  103_003_deduplicating_dead_letter_queue_01 [harness_gap/medium] Every peek call in the harness passes `count: 10` against a queue holding at most 2 entries, so the promised "returns up to `count` entries"
  103_003_deduplicating_dead_letter_queue_01 [harness_gap/medium] The prompt explicitly promises a duplicate push preserves `retry_count`, but no test ever pushes a duplicate after a failed retry; in the on
  104_002_health_validated_connection_pool_01 [harness_gap/medium] The prompt's checkin contract is explicit — "If a caller is blocked waiting, the returned connection is **validated before** being handed to
  104_003_overflow_connection_pool_01 [harness_gap/medium] The prompt explicitly promises FIFO waiter service ("hand the connection **directly** to the longest-waiting one"), but no test ever enqueue
  104_003_overflow_connection_pool_01 [harness_gap/medium] Every `start_supervised!` call passes `:size` and `:max_overflow` explicitly, so the prompt's explicit defaults ("`:size` ... Defaults to `5
  105_002_leading_trailing_edge_debouncer_01 [harness_gap/medium] The prompt explicitly promises "Run `func` off the server's reduction path (e.g. in a spawned process) so a slow or crashing `func` can't we
  105_003_max_wait_debouncer_with_flush_and_cancel_01 [harness_gap/high] This is the only test of the max-wait guarantee, but it does not discriminate: the last call happens at t≈200 and the assertion waits until 
  105_003_max_wait_debouncer_with_flush_and_cancel_01 [harness_gap/medium] The prompt explicitly promises `start_link(opts)` "Accepts a `:name` option for registration, defaulting to `MaxWaitDebouncer` when not prov
  106_002_grace_count_watchdog_timer_01 [harness_gap/medium] The prompt explicitly promises "Unregistering an unknown `name` is a no-op. Returns `:ok`." but the harness only ever calls `unregister/1` o
  107_001_event_aggregator_with_flushing_01 [harness_gap/medium] Every start_agg call passes explicit `batch_size:` and `interval_ms:` (and on_flush is always supplied by the harness), so the prompt's expl
  107_001_event_aggregator_with_flushing_01 [harness_gap/medium] No test ever passes `:name` or calls `Aggregator.push/2` with a registered name, even though the prompt promises "`:name` — an optional name
  110_001_rolling_percentile_calculator_01 [harness_gap/medium] The prompt explicitly promises "Both `:window_ms` and `:max_samples` may be supplied together, in which case both constraints apply", but ev
  110_004_time_decay_weighted_rolling_percentile_01 [harness_gap/medium] The explicitly promised weight-underflow branch (samples present, but every `0.5 ^ (age/half_life)` rounds to 0.0 — reachable with e.g. `Clo
  623_001_mini_elasticsearch_like_inverted_index_01 [harness_gap/medium] The prompt explicitly promises disjunctive retrieval ("finds all documents containing at least one query term") plus cross-term score summat
  624_001_mini_git_like_object_store_01 [harness_gap/medium] The prompt explicitly promises `start_link(opts)` "should accept a `:name` option for process registration", but every test starts the serve
  626_003_reset_aware_counter_time_series_db_01 [harness_gap/medium] The only `start_link` in the harness disables periodic cleanup, so the prompt's explicit promise — "Also schedule this periodically using `P
  626_003_reset_aware_counter_time_series_db_01 [harness_gap/medium] No test ever inserts two points sharing one timestamp, so the prompt's explicit `:rate` edge case — "or if `last_timestamp == first_timestam
