sfim candidates (uncarved targets across 332 roots): 700
  minted 001_001_rate_limiter_09 (start_link)
  minted 001_002_fixed_window_counter_09 (start_link)
  minted 001_003_hierarchical_limiter_12 (start_link)
  minted 001_003_hierarchical_limiter_13 (check)
  minted 002_001_circuit_breaker_14 (start_link)
  minted 002_001_circuit_breaker_15 (call)
  minted 003_001_leaky_bucket_token_dispenser_10 (start_link)
  minted 003_002_gcra_08 (acquire)
  minted 003_003_lease_based_bucket_13 (acquire_lease)
  minted 003_003_lease_based_bucket_14 (active_leases)
  minted 003_004_shared_pool_bucket_11 (acquire)
  minted 003_004_shared_pool_bucket_12 (key_level)
  minted 004_001_job_scheduler_with_cron_like_expressions_26 (start_link)
  minted 004_001_job_scheduler_with_cron_like_expressions_27 (register)
  minted 004_001_job_scheduler_with_cron_like_expressions_28 (unregister)
  minted 004_001_job_scheduler_with_cron_like_expressions_29 (jobs)
  minted 004_002_intervalscheduler_13 (register)
  minted 004_003_retryscheduler_13 (schedule)
  minted 004_003_retryscheduler_14 (status)
  minted 004_004_calendarscheduler_16 (register)
  minted 005_002_priorityeventbus_15 (subscribe)
  minted 005_003_replayeventbus_14 (subscribe)
  minted 005_003_replayeventbus_15 (set_history_size)
  minted 005_004_filteredeventbus_17 (subscribe)
  minted 005_004_filteredeventbus_18 (test_filter)
  minted 006_003_refreshaheadcache_12 (put)
  minted 006_004_swrcache_11 (put)
  minted 007_001_moving_average_calculator_14 (start_link)
  minted 007_001_moving_average_calculator_15 (push)
  minted 007_001_moving_average_calculator_16 (get)
  minted 007_002_weightedmovingaverage_15 (get)
  minted 007_003_streamingpercentile_11 (push)
  minted 008_001_distributed_counter_with_crdt_style_merge_16 (start_link)
  minted 008_001_distributed_counter_with_crdt_style_merge_17 (increment)
  minted 008_001_distributed_counter_with_crdt_style_merge_18 (decrement)
  minted 008_001_distributed_counter_with_crdt_style_merge_19 (value)
  minted 008_001_distributed_counter_with_crdt_style_merge_20 (merge)
  minted 008_001_distributed_counter_with_crdt_style_merge_21 (state)
  minted 008_002_lww_element_set_crdt_17 (start_link)
  minted 008_002_lww_element_set_crdt_18 (add)
  minted 008_002_lww_element_set_crdt_19 (remove)
  minted 008_002_lww_element_set_crdt_20 (member?)
  minted 008_002_lww_element_set_crdt_21 (members)
  minted 008_002_lww_element_set_crdt_22 (merge)
  minted 008_002_lww_element_set_crdt_23 (state)
  minted 008_003_two_phase_set_crdt_15 (start_link)
  minted 008_003_two_phase_set_crdt_16 (member?)
  minted 008_003_two_phase_set_crdt_17 (members)
  minted 008_003_two_phase_set_crdt_18 (merge)
  minted 008_003_two_phase_set_crdt_19 (state)
  minted 008_004_observed_remove_set_crdt_15 (start_link)
  minted 008_004_observed_remove_set_crdt_16 (add)
  minted 008_004_observed_remove_set_crdt_17 (remove)
  minted 008_004_observed_remove_set_crdt_18 (member?)
  minted 008_004_observed_remove_set_crdt_19 (members)
  minted 008_004_observed_remove_set_crdt_20 (merge)
  minted 008_004_observed_remove_set_crdt_21 (state)
  minted 009_001_request_deduplicator_coalescer_07 (start_link)
  minted 009_002_write_behind_batch_coalescer_09 (submit)
  minted 010_001_session_store_with_inactivity_timeout_15 (start_link)
  minted 010_001_session_store_with_inactivity_timeout_16 (create)
  minted 010_001_session_store_with_inactivity_timeout_17 (get)
  minted 010_001_session_store_with_inactivity_timeout_18 (touch)
  minted 010_001_session_store_with_inactivity_timeout_19 (destroy)
  minted 010_002_one_time_token_store_with_absolute_expiration_15 (start_link)
  minted 010_002_one_time_token_store_with_absolute_expiration_16 (mint)
  minted 010_002_one_time_token_store_with_absolute_expiration_17 (verify)
  minted 010_002_one_time_token_store_with_absolute_expiration_18 (redeem)
  minted 010_002_one_time_token_store_with_absolute_expiration_19 (revoke)
  minted 010_002_one_time_token_store_with_absolute_expiration_20 (active_count)
  minted 010_003_exclusive_lease_manager_with_ownership_15 (start_link)
  minted 010_003_exclusive_lease_manager_with_ownership_16 (release)
  minted 010_003_exclusive_lease_manager_with_ownership_17 (force_release)
  minted 010_004_rolling_window_quota_tracker_14 (start_link)
  minted 010_004_rolling_window_quota_tracker_15 (usage)
  minted 010_004_rolling_window_quota_tracker_16 (reset)
  minted 010_004_rolling_window_quota_tracker_17 (keys)
  minted 011_002_priority_worker_pool_with_starvation_prevention_15 (submit)
  minted 013_001_exponential_backoff_retry_worker_09 (start_link)
  minted 013_004_classified_error_retry_worker_with_on_retry_callback_09 (execute)
  minted 014_001_priority_queue_processor_14 (start_link)
  minted 014_001_priority_queue_processor_15 (enqueue)
  minted 014_001_priority_queue_processor_16 (processed)
  minted 014_001_priority_queue_processor_17 (drain)
  minted 014_004_concurrent_priority_queue_with_configurable_parallelism_15 (start_link)
  minted 015_001_heartbeat_monitor_14 (start_link)
  minted 015_001_heartbeat_monitor_15 (register)
  minted 015_001_heartbeat_monitor_16 (statuses)
  minted 015_001_heartbeat_monitor_17 (deregister)
  minted 015_002_rolling_window_failure_rate_monitor_16 (start_link)
  minted 015_002_rolling_window_failure_rate_monitor_17 (register)
  minted 015_002_rolling_window_failure_rate_monitor_18 (statuses)
  minted 015_002_rolling_window_failure_rate_monitor_19 (deregister)
  minted 015_003_async_check_monitor_with_timeouts_14 (register)
  minted 015_004_monitor_with_maintenance_windows_and_pause_resume_20 (register)
  minted 015_004_monitor_with_maintenance_windows_and_pause_resume_21 (fire_notify)
  minted 016_002_cursor_based_list_pagination_09 (encode_cursor)
  minted 016_003_validated_sortable_filterable_list_pagination_14 (paginate)
  minted 016_004_concurrent_ets_backed_list_pagination_with_page_clamping_08 (new)
  minted 016_004_concurrent_ets_backed_list_pagination_with_page_clamping_09 (insert)
  minted 016_004_concurrent_ets_backed_list_pagination_with_page_clamping_10 (count)
  minted 018_002_trash_and_purge_soft_delete_with_retention_window_20 (start_link)
  minted 018_002_trash_and_purge_soft_delete_with_retention_window_21 (create_document)
  minted 018_002_trash_and_purge_soft_delete_with_retention_window_22 (list_documents)
  minted 018_002_trash_and_purge_soft_delete_with_retention_window_23 (purge_expired)
  minted 018_003_cascading_archive_tree_with_origin_aware_restore_29 (start_link)
  minted 018_003_cascading_archive_tree_with_origin_aware_restore_30 (archive_node)
  minted 018_003_cascading_archive_tree_with_origin_aware_restore_31 (unarchive_node)
  minted 018_003_cascading_archive_tree_with_origin_aware_restore_32 (list_archived)
  minted 018_004_optimistic_concurrency_soft_delete_with_version_guards_13 (start_link)
  minted 018_004_optimistic_concurrency_soft_delete_with_version_guards_14 (create_document)
  minted 018_004_optimistic_concurrency_soft_delete_with_version_guards_15 (list_documents)
  minted 019_002_dependency_ordered_bulk_create_with_cascade_skip_16 (start_link)
  minted 019_002_dependency_ordered_bulk_create_with_cascade_skip_17 (bulk_create)
  minted 019_003_bulk_upsert_with_conflict_resolution_policies_14 (start_link)
  minted 019_004_concurrent_bulk_create_with_bounded_concurrency_and_timeouts_15 (start_link)
  minted 019_004_concurrent_bulk_create_with_bounded_concurrency_and_timeouts_16 (all)
  minted 019_004_concurrent_bulk_create_with_bounded_concurrency_and_timeouts_17 (count)
  minted 019_004_concurrent_bulk_create_with_bounded_concurrency_and_timeouts_18 (get)
  minted 019_004_concurrent_bulk_create_with_bounded_concurrency_and_timeouts_19 (peak)
  minted 020_001_file_upload_with_validation_16 (save)
  minted 020_002_content_addressable_deduplicating_upload_15 (start_link)
  minted 020_002_content_addressable_deduplicating_upload_16 (child_spec)
  minted 020_002_content_addressable_deduplicating_upload_17 (save)
  minted 020_002_content_addressable_deduplicating_upload_18 (get)
  minted 020_002_content_addressable_deduplicating_upload_19 (list)
  minted 020_002_content_addressable_deduplicating_upload_20 (init)
  minted 020_002_content_addressable_deduplicating_upload_21 (validate)
  minted 020_003_per_tenant_quota_enforced_upload_18 (start_link)
  minted 020_003_per_tenant_quota_enforced_upload_19 (get)
  minted 020_003_per_tenant_quota_enforced_upload_20 (usage)
  minted 020_003_per_tenant_quota_enforced_upload_21 (list)
  minted 020_003_per_tenant_quota_enforced_upload_22 (validate)
  minted 020_004_asynchronous_validation_pipeline_upload_17 (start_link)
  minted 020_004_asynchronous_validation_pipeline_upload_18 (create)
  minted 020_004_asynchronous_validation_pipeline_upload_19 (get)
  minted 020_004_asynchronous_validation_pipeline_upload_20 (list)
  minted 020_004_asynchronous_validation_pipeline_upload_21 (validate)
  minted 021_002_media_type_content_negotiation_with_quality_values_11 (call)
  minted 021_003_url_path_versioning_with_downgrade_migration_chain_09 (supported)
  minted 021_003_url_path_versioning_with_downgrade_migration_chain_10 (render)
  minted 022_002_role_scoped_nested_membership_endpoint_17 (start_link)
  minted 022_002_role_scoped_nested_membership_endpoint_18 (call)
  minted 022_003_etag_versioned_nested_membership_with_optimistic_concurrency_19 (start_link)
  minted 022_003_etag_versioned_nested_membership_with_optimistic_concurrency_20 (create_user)
  minted 022_003_etag_versioned_nested_membership_with_optimistic_concurrency_21 (create_team)
  minted 022_003_etag_versioned_nested_membership_with_optimistic_concurrency_22 (add_member)
  minted 022_003_etag_versioned_nested_membership_with_optimistic_concurrency_23 (get_user_by_token)
  minted 022_003_etag_versioned_nested_membership_with_optimistic_concurrency_24 (team_exists?)
  minted 022_003_etag_versioned_nested_membership_with_optimistic_concurrency_25 (is_member?)
  minted 022_003_etag_versioned_nested_membership_with_optimistic_concurrency_26 (get_version)
  minted 022_003_etag_versioned_nested_membership_with_optimistic_concurrency_27 (list_members)
  minted 022_003_etag_versioned_nested_membership_with_optimistic_concurrency_28 (add_member_safe)
  minted 022_004_invitation_accept_decline_nested_membership_workflow_25 (start_link)
  minted 022_004_invitation_accept_decline_nested_membership_workflow_26 (create_user)
  minted 022_004_invitation_accept_decline_nested_membership_workflow_27 (create_team)
  minted 022_004_invitation_accept_decline_nested_membership_workflow_28 (add_member)
  minted 022_004_invitation_accept_decline_nested_membership_workflow_29 (get_user_by_token)
  minted 022_004_invitation_accept_decline_nested_membership_workflow_30 (team_exists?)
  minted 022_004_invitation_accept_decline_nested_membership_workflow_31 (is_member?)
  minted 022_004_invitation_accept_decline_nested_membership_workflow_32 (is_invited?)
  minted 022_004_invitation_accept_decline_nested_membership_workflow_33 (invite_member)
  minted 022_004_invitation_accept_decline_nested_membership_workflow_34 (with_own_invitation)
  minted 023_001_idempotent_post_endpoint_14 (start_link)
  minted 023_001_idempotent_post_endpoint_15 (get_payments)
  minted 023_001_idempotent_post_endpoint_16 (get_payment)
  minted 023_002_in_flight_coalescing_idempotent_payments_14 (start_link)
  minted 023_002_in_flight_coalescing_idempotent_payments_15 (process_payment)
  minted 023_003_fingerprint_conflict_idempotent_payments_13 (start_link)
  minted 023_003_fingerprint_conflict_idempotent_payments_14 (process_payment)
  minted 023_004_lru_bounded_idempotent_payments_14 (start_link)
  minted 024_002_replay_protected_timestamped_webhook_receiver_11 (sign)
  minted 024_002_replay_protected_timestamped_webhook_receiver_12 (parse)
  minted 024_002_replay_protected_timestamped_webhook_receiver_13 (start_link)
  minted 024_002_replay_protected_timestamped_webhook_receiver_14 (init)
  minted 024_003_multi_provider_webhook_receiver_with_key_rotation_11 (verify_any)
  minted 024_003_multi_provider_webhook_receiver_with_key_rotation_12 (start_link)
  minted 024_003_multi_provider_webhook_receiver_with_key_rotation_13 (init)
  minted 024_004_ordered_stream_webhook_receiver_with_gap_buffering_09 (start_link)
  minted 024_004_ordered_stream_webhook_receiver_with_gap_buffering_10 (init)
  minted 025_001_long_polling_endpoint_09 (start_link)
  minted 025_001_long_polling_endpoint_10 (subscribe)
  minted 025_002_cursor_resumable_gap_free_long_poll_13 (start_link)
  minted 025_002_cursor_resumable_gap_free_long_poll_14 (subscribe)
  minted 025_002_cursor_resumable_gap_free_long_poll_15 (publish)
  minted 025_002_cursor_resumable_gap_free_long_poll_16 (events_since)
  minted 025_002_cursor_resumable_gap_free_long_poll_17 (call)
  minted 025_003_coalescing_batch_long_poll_with_linger_window_11 (start_link)
  minted 025_004_multi_channel_fan_in_long_poll_10 (start_link)
  minted 031_001_csv_importer_with_validation_and_error_report_13 (import_file)
  minted 031_001_csv_importer_with_validation_and_error_report_14 (import_string)
  minted 031_002_jsonl_importer_with_schema_validation_12 (import_file)
  minted 031_002_jsonl_importer_with_schema_validation_13 (import_string)
  minted 031_003_csv_loader_with_type_coercion_and_enriched_schema_12 (load_file)
  minted 031_003_csv_loader_with_type_coercion_and_enriched_schema_13 (load_string)
  minted 031_004_logfmt_record_validator_with_hand_written_parser_16 (validate_file)
  minted 031_004_logfmt_record_validator_with_hand_written_parser_17 (validate_string)
  minted 032_001_json_to_ecto_bulk_ingestion_pipeline_16 (ingest)
  minted 033_001_log_file_analyzer_17 (analyze)
  minted 033_002_metrics_file_aggregator_20 (summarize)
  minted 034_001_data_reconciliation_engine_08 (reconcile)
  minted 034_002_cardinality_classifying_multi_key_reconciler_13 (counts)
  minted 034_003_rule_driven_tolerant_reconciler_with_compiled_config_20 (compile)
  minted 034_003_rule_driven_tolerant_reconciler_with_compiled_config_21 (run)
  minted 034_003_rule_driven_tolerant_reconciler_with_compiled_config_22 (field_summary)
  minted 034_004_incremental_streaming_reconciler_genserver_22 (start_link)
  minted 034_004_incremental_streaming_reconciler_genserver_23 (push_left)
  minted 034_004_incremental_streaming_reconciler_genserver_24 (push_right)
  minted 034_004_incremental_streaming_reconciler_genserver_25 (take_matches)
  minted 034_004_incremental_streaming_reconciler_genserver_26 (pending)
  minted 034_004_incremental_streaming_reconciler_genserver_27 (stop)
  minted 035_003_streaming_watermark_resampler_19 (start_link)
  minted 035_003_streaming_watermark_resampler_20 (push)
  minted 035_003_streaming_watermark_resampler_21 (finalized)
  minted 035_003_streaming_watermark_resampler_22 (flush)
  minted 035_003_streaming_watermark_resampler_23 (stats)
  minted 037_001_data_anonymizer_06 (anonymize)
  minted 037_002_path_addressed_nested_record_anonymizer_10 (anonymize)
  minted 037_004_stateful_concurrent_consistent_pseudonymizer_08 (start_link)
  minted 037_004_stateful_concurrent_consistent_pseudonymizer_09 (mapping)
  minted 038_002_materialized_path_tree_annotator_11 (subtree)
  minted 038_003_incremental_streaming_tree_builder_18 (start_link)
  minted 038_003_incremental_streaming_tree_builder_19 (add)
  minted 038_003_incremental_streaming_tree_builder_20 (add_many)
  minted 038_003_incremental_streaming_tree_builder_21 (count)
  minted 038_003_incremental_streaming_tree_builder_22 (stop)
  minted 040_001_configuration_merger_with_override_rules_07 (merge)
  minted 040_001_configuration_merger_with_override_rules_08 (list_strategy_for)
  minted 040_002_provenance_tracking_layered_config_merger_12 (merge)
  minted 040_003_stateful_layered_config_store_genserver_18 (start_link)
  minted 040_003_stateful_layered_config_store_genserver_19 (put_layer)
  minted 040_003_stateful_layered_config_store_genserver_20 (drop_layer)
  minted 040_003_stateful_layered_config_store_genserver_21 (layers)
  minted 040_003_stateful_layered_config_store_genserver_22 (get_config)
  minted 040_003_stateful_layered_config_store_genserver_23 (get)
  minted 041_001_lru_cache_backed_by_ets_12 (start_link)
  minted 041_001_lru_cache_backed_by_ets_13 (put)
  minted 041_002_lfu_cache_backed_by_ets_12 (start_link)
  minted 041_002_lfu_cache_backed_by_ets_13 (put)
  minted 041_004_weight_aware_cost_bounded_lru_cache_14 (start_link)
  minted 042_001_ets_based_write_through_cache_layer_11 (start_link)
  minted 042_001_ets_based_write_through_cache_layer_12 (invalidate)
  minted 042_001_ets_based_write_through_cache_layer_13 (invalidate_all)
  minted 042_002_failure_aware_write_through_cache_with_negative_caching_11 (start_link)
  minted 042_002_failure_aware_write_through_cache_with_negative_caching_12 (invalidate)
  minted 042_002_failure_aware_write_through_cache_with_negative_caching_13 (invalidate_all)
  minted 042_003_true_write_through_cache_with_backing_store_propagation_11 (start_link)
  minted 042_003_true_write_through_cache_with_backing_store_propagation_12 (put)
  minted 042_003_true_write_through_cache_with_backing_store_propagation_13 (delete)
  minted 042_003_true_write_through_cache_with_backing_store_propagation_14 (invalidate)
  minted 042_003_true_write_through_cache_with_backing_store_propagation_15 (invalidate_all)
  minted 042_004_single_flight_non_blocking_write_through_cache_11 (start_link)
  minted 042_004_single_flight_non_blocking_write_through_cache_12 (fetch)
  minted 042_004_single_flight_non_blocking_write_through_cache_13 (invalidate)
  minted 042_004_single_flight_non_blocking_write_through_cache_14 (invalidate_all)
  minted 043_001_ets_based_leaderboard_06 (new)
  minted 043_002_cumulative_points_leaderboard_with_atomic_counters_07 (new)
  minted 043_002_cumulative_points_leaderboard_with_atomic_counters_08 (total)
  minted 043_003_sliding_window_time_decayed_leaderboard_07 (new)
  minted 043_003_sliding_window_time_decayed_leaderboard_08 (record)
  minted 043_003_sliding_window_time_decayed_leaderboard_09 (score)
  minted 043_003_sliding_window_time_decayed_leaderboard_10 (top)
  minted 043_004_ordered_set_leaderboard_with_deterministic_tie_breaking_10 (new)
  minted 043_004_ordered_set_leaderboard_with_deterministic_tie_breaking_11 (submit_score)
  minted 043_004_ordered_set_leaderboard_with_deterministic_tie_breaking_12 (top)
  minted 044_001_ets_based_metrics_collector_10 (start_link)
  minted 044_001_ets_based_metrics_collector_11 (gauge)
  minted 044_001_ets_based_metrics_collector_12 (snapshot)
  minted 044_001_ets_based_metrics_collector_13 (reset)
  minted 044_002_histogram_metrics_collector_10 (start_link)
  minted 044_002_histogram_metrics_collector_11 (all)
  minted 044_002_histogram_metrics_collector_12 (reset)
  minted 044_003_labeled_dimensional_metrics_collector_10 (start_link)
  minted 044_003_labeled_dimensional_metrics_collector_11 (increment)
  minted 044_004_sliding_window_rate_metrics_collector_11 (start_link)
  minted 044_004_sliding_window_rate_metrics_collector_12 (increment)
  minted 045_001_ets_based_feature_flag_store_11 (start_link)
  minted 045_001_ets_based_feature_flag_store_12 (enable_for_percentage)
  minted 045_001_ets_based_feature_flag_store_13 (enabled?)
  minted 045_002_multivariate_a_b_c_feature_flag_store_16 (set_variants)
  minted 045_003_versioned_feature_flag_store_with_rollback_17 (start_link)
  minted 045_003_versioned_feature_flag_store_with_rollback_18 (enable)
  minted 045_003_versioned_feature_flag_store_with_rollback_19 (disable)
  minted 045_003_versioned_feature_flag_store_with_rollback_20 (enable_for_percentage)
  minted 045_003_versioned_feature_flag_store_with_rollback_21 (rollback)
  minted 045_003_versioned_feature_flag_store_with_rollback_22 (enabled?)
  minted 045_003_versioned_feature_flag_store_with_rollback_23 (version)
  minted 045_003_versioned_feature_flag_store_with_rollback_24 (history)
  minted 045_004_dependency_aware_feature_flag_store_19 (start_link)
  minted 045_004_dependency_aware_feature_flag_store_20 (enable)
  minted 045_004_dependency_aware_feature_flag_store_21 (disable)
  minted 045_004_dependency_aware_feature_flag_store_22 (enable_for_percentage)
  minted 045_004_dependency_aware_feature_flag_store_23 (set_prerequisites)
  minted 045_004_dependency_aware_feature_flag_store_24 (prerequisites)
  minted 061_001_parallel_map_with_concurrency_limit_11 (pmap)
  minted 061_002_fail_fast_parallel_map_with_cancellation_13 (start_link)
  minted 061_002_fail_fast_parallel_map_with_cancellation_14 (pmap)
  minted 061_003_timeout_and_retry_parallel_map_14 (start_link)
  minted 061_004_weight_budget_parallel_map_12 (start_link)
  minted 061_004_weight_budget_parallel_map_13 (pmap)
  minted 062_002_retryable_pipeline_with_per_stage_retry_policies_08 (run)
  minted 062_003_fan_out_map_pipeline_with_bounded_concurrency_07 (stage)
  minted 062_004_batch_pipeline_with_error_collection_07 (stage)
  minted 063_004_bounded_concurrency_concurrent_fetcher_07 (fetch_all)
  minted 064_001_work_stealing_task_queue_09 (run)
  minted 064_002_fault_tolerant_result_tagged_work_stealing_queue_10 (run)
  minted 064_003_priority_aware_work_stealing_queue_11 (run)
  minted 064_004_instrumented_work_stealing_queue_with_steal_metrics_12 (run)
  minted 065_001_saga_compensating_transaction_coordinator_06 (new)
  minted 065_001_saga_compensating_transaction_coordinator_07 (step)
  minted 065_002_retrying_saga_coordinator_07 (step)
  minted 065_004_policy_driven_saga_coordinator_07 (step)
  minted 070_001_saga_compensating_transaction_coordinator_07 (new)
  minted 070_001_saga_compensating_transaction_coordinator_08 (step)
  minted 070_001_saga_compensating_transaction_coordinator_09 (execute)
  minted 070_002_pivot_step_saga_with_forward_recovery_08 (step)
  minted 070_002_pivot_step_saga_with_forward_recovery_09 (retriable)
  minted 070_002_pivot_step_saga_with_forward_recovery_10 (run)
  minted 070_003_nested_sub_saga_composition_10 (step)
  minted 070_004_resumable_journaled_saga_09 (step)
  minted 071_001_factory_module_for_test_data_generation_10 (start)
  minted 071_004_validation_aware_factory_with_compensating_rollback_15 (valid?)
  minted 073_001_database_cleaner_for_integration_tests_10 (clean)
  minted 075_001_property_based_test_generators_10 (user)
  minted 075_001_property_based_test_generators_11 (money)
  minted 075_001_property_based_test_generators_12 (non_empty_list)
  minted 075_002_recursive_json_value_generators_with_bounded_depth_06 (array)
  minted 075_003_stateful_command_sequence_generators_10 (stack_program)
  minted 075_003_stateful_command_sequence_generators_11 (account_program)
  minted 076_001_trie_14 (member?)
  minted 076_001_trie_15 (search)
  minted 076_001_trie_16 (delete)
  minted 076_002_compressed_radix_trie_with_path_compression_21 (search)
  minted 076_002_compressed_radix_trie_with_path_compression_22 (delete)
  minted 076_003_weighted_autocomplete_trie_with_top_k_ranking_14 (insert)
  minted 077_001_interval_tree_for_overlapping_range_queries_15 (insert)
  minted 077_001_interval_tree_for_overlapping_range_queries_16 (overlapping)
  minted 077_001_interval_tree_for_overlapping_range_queries_17 (enclosing)
  minted 077_001_interval_tree_for_overlapping_range_queries_18 (rotate_right)
  minted 077_001_interval_tree_for_overlapping_range_queries_19 (rotate_left)
  minted 077_002_deletable_interval_tree_26 (new)
  minted 077_002_deletable_interval_tree_27 (insert)
  minted 077_002_deletable_interval_tree_28 (member?)
  minted 077_002_deletable_interval_tree_29 (delete)
  minted 077_002_deletable_interval_tree_30 (overlapping)
  minted 077_002_deletable_interval_tree_31 (enclosing)
  minted 077_002_deletable_interval_tree_32 (size)
  minted 077_003_concurrent_interval_registry_27 (start_link)
  minted 077_003_concurrent_interval_registry_28 (stop)
  minted 077_003_concurrent_interval_registry_29 (insert)
  minted 077_003_concurrent_interval_registry_30 (remove)
  minted 077_003_concurrent_interval_registry_31 (overlapping)
  minted 077_003_concurrent_interval_registry_32 (enclosing)
  minted 077_003_concurrent_interval_registry_33 (stab_count)
  minted 077_003_concurrent_interval_registry_34 (size)
  minted 077_004_max_overlap_interval_tree_16 (insert)
  minted 077_004_max_overlap_interval_tree_17 (depth_at)
  minted 077_004_max_overlap_interval_tree_18 (max_overlap)
  minted 077_004_max_overlap_interval_tree_19 (busiest_point)
  minted 077_004_max_overlap_interval_tree_20 (rotate_right)
  minted 077_004_max_overlap_interval_tree_21 (rotate_left)
  minted 078_001_ring_buffer_08 (new)
  minted 078_001_ring_buffer_09 (size)
  minted 078_001_ring_buffer_10 (peek_oldest)
  minted 078_002_reject_when_full_bounded_fifo_queue_10 (pop)
  minted 078_004_concurrent_ring_buffer_sink_genserver_16 (start_link)
  minted 078_004_concurrent_ring_buffer_sink_genserver_17 (flush)
  minted 079_001_bloom_filter_12 (new)
  minted 079_001_bloom_filter_13 (merge)
  minted 079_002_counting_bloom_filter_12 (new)
  minted 079_002_counting_bloom_filter_13 (add)
  minted 079_002_counting_bloom_filter_14 (member?)
  minted 079_003_scalable_bloom_filter_12 (new)
  minted 080_001_directed_acyclic_graph_with_topological_sort_13 (add_vertex)
  minted 080_001_directed_acyclic_graph_with_topological_sort_14 (predecessors)
  minted 080_001_directed_acyclic_graph_with_topological_sort_15 (successors)
  minted 080_001_directed_acyclic_graph_with_topological_sort_16 (topological_sort)
  minted 080_002_weighted_critical_path_dag_scheduler_19 (new)
  minted 080_002_weighted_critical_path_dag_scheduler_20 (add_task)
  minted 080_002_weighted_critical_path_dag_scheduler_21 (add_dependency)
  minted 080_002_weighted_critical_path_dag_scheduler_22 (predecessors)
  minted 080_002_weighted_critical_path_dag_scheduler_23 (successors)
  minted 080_002_weighted_critical_path_dag_scheduler_24 (topological_sort)
  minted 080_002_weighted_critical_path_dag_scheduler_25 (earliest_start)
  minted 080_002_weighted_critical_path_dag_scheduler_26 (earliest_finish)
  minted 080_002_weighted_critical_path_dag_scheduler_27 (makespan)
  minted 080_002_weighted_critical_path_dag_scheduler_28 (critical_path)
  minted 080_003_mutable_dag_with_cycle_diagnostics_and_parallel_layers_15 (new)
  minted 080_003_mutable_dag_with_cycle_diagnostics_and_parallel_layers_16 (add_vertex)
  minted 080_003_mutable_dag_with_cycle_diagnostics_and_parallel_layers_17 (remove_edge)
  minted 080_003_mutable_dag_with_cycle_diagnostics_and_parallel_layers_18 (remove_vertex)
  minted 080_003_mutable_dag_with_cycle_diagnostics_and_parallel_layers_19 (predecessors)
  minted 080_003_mutable_dag_with_cycle_diagnostics_and_parallel_layers_20 (successors)
  minted 080_003_mutable_dag_with_cycle_diagnostics_and_parallel_layers_21 (topological_layers)
  minted 080_003_mutable_dag_with_cycle_diagnostics_and_parallel_layers_22 (topological_sort)
  minted 080_004_concurrent_dag_registry_genserver_19 (start_link)
  minted 080_004_concurrent_dag_registry_genserver_20 (add_vertex)
  minted 080_004_concurrent_dag_registry_genserver_21 (topological_sort)
  minted 080_004_concurrent_dag_registry_genserver_22 (predecessors)
  minted 080_004_concurrent_dag_registry_genserver_23 (successors)
  minted 080_004_concurrent_dag_registry_genserver_24 (vertices)
  minted 086_001_shopping_cart_with_price_calculations_08 (new)
  minted 086_001_shopping_cart_with_price_calculations_09 (remove_item)
  minted 087_002_deny_override_policy_list_access_control_07 (authorized?)
  minted 087_004_genserver_role_graph_registry_with_runtime_grants_14 (start_link)
  minted 087_004_genserver_role_graph_registry_with_runtime_grants_15 (add_role)
  minted 087_004_genserver_role_graph_registry_with_runtime_grants_16 (grant)
  minted 087_004_genserver_role_graph_registry_with_runtime_grants_17 (revoke)
  minted 087_004_genserver_role_graph_registry_with_runtime_grants_18 (can?)
  minted 089_001_promo_code_system_20 (start_link)
  minted 089_001_promo_code_system_21 (create)
  minted 089_001_promo_code_system_22 (apply)
  minted 089_002_stackable_promo_code_system_19 (apply_codes)
  minted 089_003_tiered_promo_code_system_23 (preview)
  minted 089_003_tiered_promo_code_system_24 (apply_code)
  minted 089_004_budget_capped_promo_code_system_23 (apply_code)
  minted 091_001_workflow_state_machine_07 (new)
  minted 091_001_workflow_state_machine_08 (states)
  minted 095_001_multi_currency_money_module_07 (new)
  minted 095_001_multi_currency_money_module_08 (add)
  minted 095_002_weighted_allocation_money_module_08 (new)
  minted 095_003_currency_precision_money_module_10 (new)
  minted 096_001_input_sanitizer_module_13 (html)
  minted 096_001_input_sanitizer_module_14 (sql_identifier)
  minted 096_002_schema_driven_nested_params_sanitizer_10 (sanitize)
  minted 096_003_stateful_sanitizer_server_with_policy_and_metrics_11 (start_link)
  minted 096_003_stateful_sanitizer_server_with_policy_and_metrics_12 (metrics)
  minted 096_003_stateful_sanitizer_server_with_policy_and_metrics_13 (reset_metrics)
  minted 097_001_password_policy_enforcer_14 (check_username_similarity)
  minted 097_003_severity_classified_password_audit_with_strict_mode_15 (check_username_similarity)
  minted 097_004_stateful_password_policy_server_with_reuse_history_19 (check_username_similarity)
  minted 098_002_aead_sealed_confidential_token_10 (parse)
  minted 098_003_attenuable_capability_token_with_chained_caveats_14 (mint)
  minted 098_003_attenuable_capability_token_with_chained_caveats_15 (attenuate)
  minted 098_004_replay_protected_single_use_token_17 (start_link)
  minted 098_004_replay_protected_single_use_token_18 (issue)
  minted 098_004_replay_protected_single_use_token_19 (redeem)
  minted 099_001_data_masking_for_logs_14 (new)
  minted 099_001_data_masking_for_logs_15 (mask)
  minted 099_001_data_masking_for_logs_16 (mask_string)
  minted 099_002_redaction_with_match_count_reporting_20 (new)
  minted 099_002_redaction_with_match_count_reporting_21 (redact)
  minted 099_002_redaction_with_match_count_reporting_22 (redact_string)
  minted 099_003_per_field_masking_strategies_19 (new)
  minted 099_003_per_field_masking_strategies_20 (mask)
  minted 099_003_per_field_masking_strategies_21 (mask_string)
  minted 099_004_concurrent_masking_server_with_runtime_patterns_17 (start_link)
  minted 099_004_concurrent_masking_server_with_runtime_patterns_18 (mask)
  minted 099_004_concurrent_masking_server_with_runtime_patterns_19 (mask_string)
  minted 099_004_concurrent_masking_server_with_runtime_patterns_20 (add_pattern)
  minted 099_004_concurrent_masking_server_with_runtime_patterns_21 (stats)
  minted 100_001_totp_time_based_one_time_password_implementation_12 (generate_secret)
  minted 100_001_totp_time_based_one_time_password_implementation_13 (valid?)
  minted 100_001_totp_time_based_one_time_password_implementation_14 (provisioning_uri)
  minted 100_002_provisioning_uri_driven_multi_algorithm_totp_verifier_21 (parse)
  minted 100_002_provisioning_uri_driven_multi_algorithm_totp_verifier_22 (seconds_remaining)
  minted 100_002_provisioning_uri_driven_multi_algorithm_totp_verifier_23 (verify)
  minted 100_003_counter_based_hotp_with_resynchronization_window_10 (generate_secret)
  minted 100_003_counter_based_hotp_with_resynchronization_window_11 (provisioning_uri)
  minted 100_004_stateful_totp_vault_genserver_with_replay_protection_16 (start_link)
  minted 100_004_stateful_totp_vault_genserver_with_replay_protection_17 (secret)
  minted 101_001_sliding_window_counter_11 (start_link)
  minted 101_001_sliding_window_counter_12 (increment)
  minted 101_001_sliding_window_counter_13 (count)
  minted 101_002_sliding_window_distinct_cardinality_counter_11 (start_link)
  minted 101_002_sliding_window_distinct_cardinality_counter_12 (add)
  minted 101_002_sliding_window_distinct_cardinality_counter_13 (distinct_count)
  minted 101_002_sliding_window_distinct_cardinality_counter_14 (tracked_key_count)
  minted 101_003_weighted_sliding_sum_counter_11 (start_link)
  minted 101_003_weighted_sliding_sum_counter_12 (add)
  minted 101_003_weighted_sliding_sum_counter_13 (sum)
  minted 101_003_weighted_sliding_sum_counter_14 (keys)
  minted 101_004_sliding_window_threshold_alerter_13 (start_link)
  minted 101_004_sliding_window_threshold_alerter_14 (record)
  minted 101_004_sliding_window_threshold_alerter_15 (status)
  minted 101_004_sliding_window_threshold_alerter_16 (count)
  minted 102_002_optimistic_concurrency_persisted_state_machine_15 (change)
  minted 102_002_optimistic_concurrency_persisted_state_machine_16 (start_link)
  minted 102_002_optimistic_concurrency_persisted_state_machine_17 (start)
  minted 102_002_optimistic_concurrency_persisted_state_machine_18 (transition)
  minted 102_002_optimistic_concurrency_persisted_state_machine_19 (history)
  minted 102_003_auto_expiring_persisted_state_machine_16 (change)
  minted 102_003_auto_expiring_persisted_state_machine_17 (start_link)
  minted 102_003_auto_expiring_persisted_state_machine_18 (start)
  minted 102_003_auto_expiring_persisted_state_machine_19 (transition)
  minted 102_003_auto_expiring_persisted_state_machine_20 (history)
  minted 102_004_threshold_approval_persisted_state_machine_15 (change)
  minted 102_004_threshold_approval_persisted_state_machine_16 (start_link)
  minted 102_004_threshold_approval_persisted_state_machine_17 (start)
  minted 102_004_threshold_approval_persisted_state_machine_18 (transition)
  minted 102_004_threshold_approval_persisted_state_machine_19 (history)
  minted 103_001_dead_letter_queue_08 (start_link)
  minted 103_001_dead_letter_queue_09 (push)
  minted 103_001_dead_letter_queue_10 (peek)
  minted 103_001_dead_letter_queue_11 (retry)
  minted 103_001_dead_letter_queue_12 (purge)
  minted 103_003_deduplicating_dead_letter_queue_11 (push)
  minted 103_004_bounded_priority_dead_letter_queue_with_bulk_drain_12 (push)
  minted 103_004_bounded_priority_dead_letter_queue_with_bulk_drain_13 (drain)
  minted 104_001_connection_pool_manager_13 (start_link)
  minted 104_001_connection_pool_manager_14 (checkout)
  minted 104_001_connection_pool_manager_15 (checkin)
  minted 104_001_connection_pool_manager_16 (stats)
  minted 105_001_genserver_based_debouncer_07 (start_link)
  minted 105_002_leading_trailing_edge_debouncer_09 (start_link)
  minted 105_003_max_wait_debouncer_with_flush_and_cancel_11 (start_link)
  minted 105_003_max_wait_debouncer_with_flush_and_cancel_12 (call)
  minted 105_004_accumulating_batch_debouncer_08 (start_link)
  minted 105_004_accumulating_batch_debouncer_09 (call)
  minted 106_001_watchdog_timer_genserver_10 (start_link)
  minted 106_001_watchdog_timer_genserver_11 (register)
  minted 106_001_watchdog_timer_genserver_12 (heartbeat)
  minted 106_001_watchdog_timer_genserver_13 (unregister)
  minted 106_002_grace_count_watchdog_timer_11 (register)
  minted 106_003_recurring_watchdog_timer_11 (register)
  minted 106_004_escalating_warn_then_timeout_watchdog_13 (register)
  minted 107_001_event_aggregator_with_flushing_12 (start_link)
  minted 107_001_event_aggregator_with_flushing_13 (push)
  minted 107_002_keyed_event_aggregator_with_per_key_batching_13 (start_link)
  minted 107_002_keyed_event_aggregator_with_per_key_batching_14 (push)
  minted 107_003_weighted_event_aggregator_with_byte_budget_12 (start_link)
  minted 107_003_weighted_event_aggregator_with_byte_budget_13 (push)
  minted 107_004_debounced_event_aggregator_with_max_wait_12 (start_link)
  minted 107_004_debounced_event_aggregator_with_max_wait_13 (push)
  minted 108_001_bidirectional_map_genserver_09 (put)
  minted 108_001_bidirectional_map_genserver_10 (get_by_key)
  minted 108_001_bidirectional_map_genserver_11 (get_by_value)
  minted 109_001_task_dependency_resolver_and_executor_11 (start_link)
  minted 109_001_task_dependency_resolver_and_executor_12 (submit)
  minted 109_001_task_dependency_resolver_and_executor_13 (run_all)
  minted 109_002_data_flow_task_runner_13 (run_all)
  minted 110_001_rolling_percentile_calculator_11 (start_link)
  minted 110_001_rolling_percentile_calculator_12 (record)
  minted 110_001_rolling_percentile_calculator_13 (query)
  minted 110_001_rolling_percentile_calculator_14 (reset)
  minted 110_002_histogram_based_approximate_rolling_percentile_12 (query)
  minted 110_003_sla_percentile_monitor_with_inverse_queries_14 (query)
  minted 110_004_time_decay_weighted_rolling_percentile_13 (query)
  minted 134_001_schema_inference_from_csv_22 (infer_string)
  minted 134_001_schema_inference_from_csv_23 (infer_file)
  minted 134_002_nullable_unique_column_profiler_22 (infer_string)
  minted 134_002_nullable_unique_column_profiler_23 (infer_file)
  minted 134_003_chunked_merge_based_schema_inference_22 (partial)
  minted 134_003_chunked_merge_based_schema_inference_23 (finalize)
  minted 134_003_chunked_merge_based_schema_inference_24 (infer_string)
  minted 134_004_widening_lattice_schema_inference_22 (infer_string)
  minted 134_004_widening_lattice_schema_inference_23 (infer_file)
  minted 623_001_mini_elasticsearch_like_inverted_index_15 (suggest)
  minted 623_002_boolean_phrase_query_inverted_index_20 (start_link)
  minted 623_002_boolean_phrase_query_inverted_index_21 (index)
  minted 623_002_boolean_phrase_query_inverted_index_22 (remove)
  minted 623_002_boolean_phrase_query_inverted_index_23 (search)
  minted 623_002_boolean_phrase_query_inverted_index_24 (suggest)
  minted 623_003_bm25_ranked_inverted_index_24 (start_link)
  minted 623_003_bm25_ranked_inverted_index_25 (index)
  minted 623_003_bm25_ranked_inverted_index_26 (remove)
  minted 623_003_bm25_ranked_inverted_index_27 (suggest)
  minted 623_003_bm25_ranked_inverted_index_28 (stats)
  minted 623_004_fuzzy_edit_distance_inverted_index_18 (start_link)
  minted 623_004_fuzzy_edit_distance_inverted_index_19 (index)
  minted 623_004_fuzzy_edit_distance_inverted_index_20 (remove)
  minted 623_004_fuzzy_edit_distance_inverted_index_21 (terms_like)
  minted 624_001_mini_git_like_object_store_15 (start_link)
  minted 624_001_mini_git_like_object_store_16 (store)
  minted 624_001_mini_git_like_object_store_17 (retrieve)
  minted 624_001_mini_git_like_object_store_18 (tree)
  minted 624_002_merge_commit_dag_with_topological_log_and_merge_base_20 (start_link)
  minted 624_002_merge_commit_dag_with_topological_log_and_merge_base_21 (store)
  minted 624_002_merge_commit_dag_with_topological_log_and_merge_base_22 (retrieve)
  minted 624_002_merge_commit_dag_with_topological_log_and_merge_base_23 (commit)
  minted 624_002_merge_commit_dag_with_topological_log_and_merge_base_24 (log)
  minted 624_002_merge_commit_dag_with_topological_log_and_merge_base_25 (merge_base)
  minted 624_003_on_disk_loose_object_store_with_zlib_compression_and_integrity_checks_17 (start_link)
  minted 624_003_on_disk_loose_object_store_with_zlib_compression_and_integrity_checks_18 (store)
  minted 624_003_on_disk_loose_object_store_with_zlib_compression_and_integrity_checks_19 (has_object?)
  minted 624_003_on_disk_loose_object_store_with_zlib_compression_and_integrity_checks_20 (list_objects)
  minted 624_004_branch_references_with_atomic_cas_updates_and_reachability_gc_18 (start_link)
  minted 624_004_branch_references_with_atomic_cas_updates_and_reachability_gc_19 (store)
  minted 624_004_branch_references_with_atomic_cas_updates_and_reachability_gc_20 (retrieve)
  minted 624_004_branch_references_with_atomic_cas_updates_and_reachability_gc_21 (commit)
  minted 624_004_branch_references_with_atomic_cas_updates_and_reachability_gc_22 (branch_head)
  minted 624_004_branch_references_with_atomic_cas_updates_and_reachability_gc_23 (update_branch)
  minted 624_004_branch_references_with_atomic_cas_updates_and_reachability_gc_24 (delete_branch)
  minted 624_004_branch_references_with_atomic_cas_updates_and_reachability_gc_25 (list_branches)
  minted 624_004_branch_references_with_atomic_cas_updates_and_reachability_gc_26 (gc)
  minted 625_001_mini_s3_like_object_storage_18 (put_object)
  minted 625_001_mini_s3_like_object_storage_19 (start_multipart)
  minted 625_002_versioned_object_store_with_delete_markers_28 (start_link)
  minted 625_002_versioned_object_store_with_delete_markers_29 (list_buckets)
  minted 625_003_lifecycle_ttl_object_store_with_lazy_expiration_20 (start_link)
  minted 625_003_lifecycle_ttl_object_store_with_lazy_expiration_21 (list_buckets)
  minted 625_003_lifecycle_ttl_object_store_with_lazy_expiration_22 (get_object)
  minted 625_003_lifecycle_ttl_object_store_with_lazy_expiration_23 (list_objects)
  minted 625_003_lifecycle_ttl_object_store_with_lazy_expiration_24 (purge_expired)
  minted 625_004_conditional_write_object_store_with_etags_19 (start_link)
  minted 625_004_conditional_write_object_store_with_etags_20 (list_buckets)
  minted 625_004_conditional_write_object_store_with_etags_21 (get_object)
  minted 625_004_conditional_write_object_store_with_etags_22 (list_objects)
  minted 625_004_conditional_write_object_store_with_etags_23 (do_put_object)
  minted 626_001_mini_prometheus_like_time_series_db_18 (insert)
  minted 626_001_mini_prometheus_like_time_series_db_19 (query_agg)
  minted 626_001_mini_prometheus_like_time_series_db_20 (handle_call)
  minted 626_002_pre_aggregated_rollup_time_series_db_16 (start_link)
  minted 626_002_pre_aggregated_rollup_time_series_db_17 (insert)
  minted 626_002_pre_aggregated_rollup_time_series_db_18 (query)
  minted 626_003_reset_aware_counter_time_series_db_19 (start_link)
  minted 626_003_reset_aware_counter_time_series_db_20 (insert)
  minted 626_003_reset_aware_counter_time_series_db_21 (query)
  minted 626_004_sharded_concurrent_time_series_db_17 (insert)
  minted 626_004_sharded_concurrent_time_series_db_18 (query_agg)
  minted 626_004_sharded_concurrent_time_series_db_19 (shard_count)
  minted 626_004_sharded_concurrent_time_series_db_20 (shard_of)
  minted 626_004_sharded_concurrent_time_series_db_21 (series_count)
  minted 626_004_sharded_concurrent_time_series_db_22 (cleanup)
sfim: %{rejected: 35, minted: 614, uncarvable: 43, gut_failed: 2, gut_uncompilable: 6}
New _0N fim dirs minted. Validate + commit:
  elixir scripts/validate.exs --fim --only "<globs>"

