PASS  bugfix_044_002_histogram_metrics_collector_03  (bug fails 10/11, diff=1 line)
PASS  bugfix_001_002_fixed_window_counter_01  (bug fails 9/11, diff=1 line)
PASS  bugfix_624_003_on_disk_loose_object_store_with_zlib_compression_and_integrity_checks_01  (bug fails 2/12, diff=1 line)
PASS  bugfix_070_004_resumable_journaled_saga_02  (bug fails 2/8, diff=1 line)
PASS  bugfix_045_004_dependency_aware_feature_flag_store_01  (bug fails 10/10, diff=1 line)
PASS  bugfix_076_003_weighted_autocomplete_trie_with_top_k_ranking_02  (bug fails 10/18, diff=1 line)
PASS  bugfix_032_003_jsonl_streaming_ingestion_with_parallel_batch_processing_02  (bug fails 6/8, diff=1 line)
PASS  bugfix_623_001_mini_elasticsearch_like_inverted_index_01  (bug fails 1/30, diff=1 line)
PASS  bugfix_072_002_deferred_timer_virtual_clock_02  (bug fails 1/15, diff=1 line)
PASS  bugfix_040_004_conflict_detecting_strict_config_merger_03  (bug fails 7/15, diff=1 line)
PASS  bugfix_097_003_severity_classified_password_audit_with_strict_mode_03  (bug fails 2/10, diff=1 line)
PASS  bugfix_005_001_pubsub_event_bus_03  (bug fails 17/18, diff=1 line)
PASS  bugfix_037_003_reversible_tokenization_vault_anonymizer_01  (bug fails 6/8, diff=1 line)
PASS  bugfix_005_001_pubsub_event_bus_02  (bug fails 12/18, diff=1 line)
PASS  bugfix_002_003_progressive_recovery_cb_03  (bug fails 23/23, diff=1 line)
PASS  bugfix_101_003_weighted_sliding_sum_counter_02  (bug fails 1/12, diff=1 line)
PASS  bugfix_031_004_logfmt_record_validator_with_hand_written_parser_03  (bug fails 1/33, diff=1 line)
PASS  bugfix_032_001_json_to_ecto_bulk_ingestion_pipeline_01  (bug fails 8/8, diff=1 line)
PASS  bugfix_032_001_json_to_ecto_bulk_ingestion_pipeline_02  (bug fails 1/8, diff=1 line)
PASS  bugfix_042_003_true_write_through_cache_with_backing_store_propagation_03  (bug fails 12/14, diff=1 line)
PASS  bugfix_005_001_pubsub_event_bus_01  (bug fails 18/18, diff=1 line)
PASS  bugfix_032_003_jsonl_streaming_ingestion_with_parallel_batch_processing_03  (bug fails 6/8, diff=1 line)
PASS  bugfix_031_004_logfmt_record_validator_with_hand_written_parser_01  (bug fails 10/33, diff=1 line)
PASS  bugfix_036_002_hierarchical_heading_outline_parser_01  (bug fails 12/12, diff=1 line)
PASS  bugfix_061_002_fail_fast_parallel_map_with_cancellation_02  (bug fails 2/10, diff=1 line)

25/25 accepted units verified on every property
