strengthening 5 family(ies), sequential, ledger logs/strengthen_harnesses.jsonl

[1/5] 037_001_data_anonymizer_01 (ledgered 0.42) ... 
23:17:40.174 [warning] transient error (error_max_turns ) on strengthen_harness (037_001_data_anonymizer_01) — retry 1/5 after 2000ms

23:19:23.474 [warning] transient error (error_max_turns ) on strengthen_harness (037_001_data_anonymizer_01) — retry 2/5 after 4000ms
rejected — still below floor after strengthening (0.44)
[2/5] 100_004_stateful_totp_vault_genserver_with_replay_protection_01 (ledgered 0.42) ... rejected — blind solve did not COMPILE (solver defect, not a prompt or harness finding) — retry the family
[3/5] 003_004_shared_pool_bucket_01 (ledgered 0.45) ... rejected — house/harness lint: test_harness.exs reaches into internal state via `:sys.get_state`/`:sys.replace_state` (3 call(s)) — assert observable behavior through the public API instead
[4/5] 101_003_weighted_sliding_sum_counter_01 (ledgered 0.46) ... rejected — blind solver fails ADDED test(s) — EITHER the harness pins behavior the prompt does not state (enrich the prompt), OR the solver got documented behavior wrong (retry — 101_003's 1_000-ms default was documented verbatim and still failed blind). Check the prompt for each failing test BEFORE enriching. Failing: bucket width defaults to 1_000 ms
[5/5] 013_003_budget_constrained_retry_worker_with_decorrelated_jitter_01 (ledgered 0.48) ... 
23:50:43.633 [warning] usage limit / out of credits on variation_blind_solve (strengthen_blind_013_003_budget_constrained_retry_worker_with_decorrelated_jitter_01) — waiting 900000ms (attempt 1, ~0 min waited so far)

00:05:45.386 [warning] usage limit / out of credits on variation_blind_solve (strengthen_blind_013_003_budget_constrained_retry_worker_with_decorrelated_jitter_01) — waiting 900000ms (attempt 2, ~15 min waited so far)

00:20:47.831 [warning] usage limit / out of credits on variation_blind_solve (strengthen_blind_013_003_budget_constrained_retry_worker_with_decorrelated_jitter_01) — waiting 900000ms (attempt 3, ~30 min waited so far)

00:35:49.500 [warning] usage limit / out of credits on variation_blind_solve (strengthen_blind_013_003_budget_constrained_retry_worker_with_decorrelated_jitter_01) — waiting 900000ms (attempt 4, ~45 min waited so far)
rejected — blind solver fails ADDED test(s) — EITHER the harness pins behavior the prompt does not state (enrich the prompt), OR the solver got documented behavior wrong (retry — 101_003's 1_000-ms default was documented verbatim and still failed blind). Check the prompt for each failing test BEFORE enriching. Failing: default random draws delays inside base_delay..prev_delay*3 and reaches both ends

=== STRENGTHEN LEDGER (72 row(s)) === %{"already_ok" => 10, "applied" => 18, "rejected" => 44}
  002_003_progressive_recovery_cb_01: 0.4 → 0.68 (+8 test(s))
  097_002_weighted_strength_score_password_policy_01: 0.47 → 0.84 (+7 test(s))
  077_004_max_overlap_interval_tree_01: 0.48 → 0.52 (+5 test(s))
  002_003_progressive_recovery_cb_01: 0.4 → 0.68 (+8 test(s))
  097_002_weighted_strength_score_password_policy_01: 0.47 → 0.84 (+7 test(s))
  077_004_max_overlap_interval_tree_01: 0.48 → 0.52 (+5 test(s))
  105_001_genserver_based_debouncer_01: 0.4 → 0.8 (+3 test(s))
  013_002_timeout_guarded_retry_worker_01: 0.4 → 0.84 (+6 test(s))
  107_002_keyed_event_aggregator_with_per_key_batching_01: 0.43 → 0.79 (+3 test(s))
  001_001_rate_limiter_01: 0.47 → 0.87 (+4 test(s))
  002_002_rolling_window_error_rate_cb_01: 0.47 → 0.75 (+5 test(s))
  104_004_usage_recycling_connection_pool_01: 0.47 → 0.82 (+9 test(s))
  041_002_lfu_cache_backed_by_ets_01: 0.48 → 0.78 (+4 test(s))
  079_001_bloom_filter_01: 0.48 → 1.0 (+6 test(s))
  075_001_property_based_test_generators_01: 0.49 → 1.0 (+7 test(s))
  074_001_custom_exunit_assertion_helpers_01: 0.41 → 1.0 (+8 test(s))
  063_004_bounded_concurrency_concurrent_fetcher_01: 0.47 → 0.94 (+5 test(s))
  097_004_stateful_password_policy_server_with_reuse_history_01: 0.4 → 0.97 (+8 test(s))
