style-reject candidates (green-but-house-style chains): 314
  minted style_034_002_cardinality_classifying_multi_key_reconciler_01_00
  minted style_034_003_rule_driven_tolerant_reconciler_with_compiled_config_01_00
  minted style_034_004_incremental_streaming_reconciler_genserver_01_00
  minted style_035_002_multi_series_aligned_resampler_01_00
  minted style_035_003_streaming_watermark_resampler_01_00
  minted style_035_004_counter_rate_resampler_01_00
  minted style_036_002_hierarchical_heading_outline_parser_01_00
  minted style_036_003_error_reporting_markdown_parser_with_line_diagnostics_01_00
  minted style_036_004_gfm_table_parser_to_row_maps_01_00
  minted style_037_002_path_addressed_nested_record_anonymizer_01_00
  minted style_037_003_reversible_tokenization_vault_anonymizer_01_00
  minted style_037_004_stateful_concurrent_consistent_pseudonymizer_01_00
  minted style_038_002_materialized_path_tree_annotator_01_00
  minted style_038_003_incremental_streaming_tree_builder_01_00
  minted style_038_004_diagnostic_tree_validator_with_best_effort_repair_01_00
  minted style_040_002_provenance_tracking_layered_config_merger_01_00
  minted style_040_004_conflict_detecting_strict_config_merger_01_00
  minted style_041_002_lfu_cache_backed_by_ets_01_00
  minted style_042_002_failure_aware_write_through_cache_with_negative_caching_01_00
  minted style_042_003_true_write_through_cache_with_backing_store_propagation_01_00
  minted style_042_004_single_flight_non_blocking_write_through_cache_01_00
  minted style_061_003_timeout_and_retry_parallel_map_01_00
  minted style_063_002_quorum_first_n_concurrent_fetcher_01_00
  minted style_070_002_pivot_step_saga_with_forward_recovery_01_00
  minted style_070_002_pivot_step_saga_with_forward_recovery_01_01
  minted style_070_003_nested_sub_saga_composition_01_00
  minted style_070_004_resumable_journaled_saga_01_00
  minted style_074_002_collection_and_structural_assertion_helpers_01_00
  minted style_074_004_numeric_tolerance_and_exception_assertion_helpers_01_00
  minted style_076_002_compressed_radix_trie_with_path_compression_01_00
  minted style_077_002_deletable_interval_tree_01_00
  minted style_080_003_mutable_dag_with_cycle_diagnostics_and_parallel_layers_01_00
  minted style_086_002_tiered_bracket_cart_with_shipping_thresholds_01_00
  minted style_086_003_coupon_stacking_cart_with_order_level_discounts_01_00
  minted style_087_004_genserver_role_graph_registry_with_runtime_grants_01_00
  minted style_096_004_reporting_sanitizer_with_strict_and_lenient_modes_01_00
  minted style_098_004_replay_protected_single_use_token_01_00
  minted style_098_004_replay_protected_single_use_token_01_01
  minted style_098_004_replay_protected_single_use_token_01_02
  minted style_100_002_provisioning_uri_driven_multi_algorithm_totp_verifier_01_01
  minted style_100_003_counter_based_hotp_with_resynchronization_window_01_00
  minted style_100_004_stateful_totp_vault_genserver_with_replay_protection_01_00
  minted style_100_004_stateful_totp_vault_genserver_with_replay_protection_01_01
  minted style_100_004_stateful_totp_vault_genserver_with_replay_protection_01_02
  minted style_624_002_merge_commit_dag_with_topological_log_and_merge_base_01_00
  minted style_624_002_merge_commit_dag_with_topological_log_and_merge_base_01_audit_01
  minted style_626_002_pre_aggregated_rollup_time_series_db_01_00
minted: %{exists: 149, minted: 47, known_dead: 118}
New style_ dirs are FROZEN captured evidence (like repair_): no resync gate.
Validate + commit:
  elixir scripts/validate.exs --only "style_*"

