  resynced tasks/wt_015_001_heartbeat_monitor: prompt.md,solution.ex
  resynced tasks/wt_032_002_csv_to_ecto_batch_ingestion_with_changeset_validation: prompt.md,solution.ex
  resynced tasks/wt_044_004_sliding_window_rate_metrics_collector: prompt.md,solution.ex
  resynced tasks/wt_073_003_sandbox_ownership_cleaner_for_async_tests: prompt.md,solution.ex
  resynced tasks/wt_077_004_max_overlap_interval_tree: prompt.md,solution.ex
  resynced tasks/wt_100_002_provisioning_uri_driven_multi_algorithm_totp_verifier: prompt.md,solution.ex
  resynced tasks/wt_102_002_optimistic_concurrency_persisted_state_machine: prompt.md,solution.ex
  resynced tasks/wt_102_003_auto_expiring_persisted_state_machine: prompt.md,solution.ex
  resynced tasks/wt_102_004_threshold_approval_persisted_state_machine: prompt.md,solution.ex
  resynced tasks/wt_625_003_lifecycle_ttl_object_store_with_lazy_expiration: prompt.md,solution.ex
resync_embeds over 331 dirs: %{unchanged: 321, resynced: 10} — APPLIED
tfim embeds: %{unchanged: 3181, resynced: 98} — APPLIED
  resynced adapt_015_002_rolling_window_failure_rate_monitor: prompt.md
  resynced adapt_015_003_async_check_monitor_with_timeouts: prompt.md
  resynced adapt_015_004_monitor_with_maintenance_windows_and_pause_resume: prompt.md
  resynced adapt_032_002_csv_to_ecto_batch_ingestion_with_changeset_validation: solution.ex
  resynced adapt_044_004_sliding_window_rate_metrics_collector: solution.ex
  resynced adapt_073_003_sandbox_ownership_cleaner_for_async_tests: solution.ex
  resynced adapt_077_004_max_overlap_interval_tree: solution.ex
  resynced adapt_100_002_provisioning_uri_driven_multi_algorithm_totp_verifier: solution.ex
  resynced adapt_102_002_optimistic_concurrency_persisted_state_machine: solution.ex
  resynced adapt_102_003_auto_expiring_persisted_state_machine: solution.ex
  resynced adapt_102_004_threshold_approval_persisted_state_machine: solution.ex
  resynced adapt_625_003_lifecycle_ttl_object_store_with_lazy_expiration: solution.ex
adapt embeds: %{unchanged: 237, resynced: 12}
    note: gold located by whitespace-normalized match (child gold wrapping differs from parent — reflow-stale gold)
    note: gold located by whitespace-normalized match (child gold wrapping differs from parent — reflow-stale gold)
DRIFT tasks/015_001_heartbeat_monitor_02 (module-FIM; parent tasks/015_001_heartbeat_monitor_01)
    - missing from embed  tasks/015_001_heartbeat_monitor_01/solution.ex:47:            notified_down: boolean(),
    - missing from embed  tasks/015_001_heartbeat_monitor_01/solution.ex:48:            timer: reference()
    - extra in embed      tasks/015_001_heartbeat_monitor_02/prompt.md:74:            notified_down: boolean()
DRIFT tasks/015_001_heartbeat_monitor_03 (module-FIM; parent tasks/015_001_heartbeat_monitor_01)
    - missing from embed  tasks/015_001_heartbeat_monitor_01/solution.ex:47:            notified_down: boolean(),
    - missing from embed  tasks/015_001_heartbeat_monitor_01/solution.ex:48:            timer: reference()
    - extra in embed      tasks/015_001_heartbeat_monitor_03/prompt.md:75:            notified_down: boolean()
DRIFT tasks/015_001_heartbeat_monitor_04 (module-FIM; parent tasks/015_001_heartbeat_monitor_01)
    - missing from embed  tasks/015_001_heartbeat_monitor_01/solution.ex:47:            notified_down: boolean(),
    - missing from embed  tasks/015_001_heartbeat_monitor_01/solution.ex:48:            timer: reference()
    - extra in embed      tasks/015_001_heartbeat_monitor_04/prompt.md:72:            notified_down: boolean()
DRIFT tasks/032_002_csv_to_ecto_batch_ingestion_with_changeset_validation_02 (module-FIM; parent tasks/032_002_csv_to_ecto_batch_ingestion_with_changeset_validation_01)
    - missing from embed  tasks/032_002_csv_to_ecto_batch_ingestion_with_changeset_validation_01/solution.ex:122:   @spec parse_csv(String.t()) :: {:ok, {[String.t()], [[String.t()]]}}
    - extra in embed      tasks/032_002_csv_to_ecto_batch_ingestion_with_changeset_validation_02/prompt.md:167:   @spec parse_csv(String.t()) :: {:ok, [{[String.t()], pos_integer()}]}
    - missing from embed  tasks/032_002_csv_to_ecto_batch_ingestion_with_changeset_validation_01/solution.ex:126:     # NimbleCSV.parse_string with skip_headers: false returns every row as a
    - missing from embed  tasks/032_002_csv_to_ecto_batch_ingestion_with_changeset_validation_01/solution.ex:127:     # list of fields; the first row is split off as the header list.
    - extra in embed      tasks/032_002_csv_to_ecto_batch_ingestion_with_changeset_validation_02/prompt.md:171:     # NimbleCSV.parse_string returns a list of row lists (header excluded).
    - extra in embed      tasks/032_002_csv_to_ecto_batch_ingestion_with_changeset_validation_02/prompt.md:172:     # We pair each row with its 1-based line number (header = line 1).
DRIFT tasks/032_002_csv_to_ecto_batch_ingestion_with_changeset_validation_03 (module-FIM; parent tasks/032_002_csv_to_ecto_batch_ingestion_with_changeset_validation_01)
    - missing from embed  tasks/032_002_csv_to_ecto_batch_ingestion_with_changeset_validation_01/solution.ex:122:   @spec parse_csv(String.t()) :: {:ok, {[String.t()], [[String.t()]]}}
    - extra in embed      tasks/032_002_csv_to_ecto_batch_ingestion_with_changeset_validation_03/prompt.md:149:   @spec parse_csv(String.t()) :: {:ok, [{[String.t()], pos_integer()}]}
    - missing from embed  tasks/032_002_csv_to_ecto_batch_ingestion_with_changeset_validation_01/solution.ex:126:     # NimbleCSV.parse_string with skip_headers: false returns every row as a
    - missing from embed  tasks/032_002_csv_to_ecto_batch_ingestion_with_changeset_validation_01/solution.ex:127:     # list of fields; the first row is split off as the header list.
    - extra in embed      tasks/032_002_csv_to_ecto_batch_ingestion_with_changeset_validation_03/prompt.md:153:     # NimbleCSV.parse_string returns a list of row lists (header excluded).
    - extra in embed      tasks/032_002_csv_to_ecto_batch_ingestion_with_changeset_validation_03/prompt.md:154:     # We pair each row with its 1-based line number (header = line 1).
DRIFT tasks/032_002_csv_to_ecto_batch_ingestion_with_changeset_validation_04 (module-FIM; parent tasks/032_002_csv_to_ecto_batch_ingestion_with_changeset_validation_01)
    - missing from embed  tasks/032_002_csv_to_ecto_batch_ingestion_with_changeset_validation_01/solution.ex:122:   @spec parse_csv(String.t()) :: {:ok, {[String.t()], [[String.t()]]}}
    - extra in embed      tasks/032_002_csv_to_ecto_batch_ingestion_with_changeset_validation_04/prompt.md:144:   @spec parse_csv(String.t()) :: {:ok, [{[String.t()], pos_integer()}]}
    - missing from embed  tasks/032_002_csv_to_ecto_batch_ingestion_with_changeset_validation_01/solution.ex:126:     # NimbleCSV.parse_string with skip_headers: false returns every row as a
    - missing from embed  tasks/032_002_csv_to_ecto_batch_ingestion_with_changeset_validation_01/solution.ex:127:     # list of fields; the first row is split off as the header list.
    - extra in embed      tasks/032_002_csv_to_ecto_batch_ingestion_with_changeset_validation_04/prompt.md:148:     # NimbleCSV.parse_string returns a list of row lists (header excluded).
    - extra in embed      tasks/032_002_csv_to_ecto_batch_ingestion_with_changeset_validation_04/prompt.md:149:     # We pair each row with its 1-based line number (header = line 1).
DRIFT tasks/044_004_sliding_window_rate_metrics_collector_02 (module-FIM; parent tasks/044_004_sliding_window_rate_metrics_collector_01)
    note: child gold not located in the parent (parent drifted at the target?)
    - missing from embed  tasks/044_004_sliding_window_rate_metrics_collector_01/solution.ex:64:   @spec rate(term(), pos_integer()) :: number()
    - extra in embed      tasks/044_004_sliding_window_rate_metrics_collector_02/prompt.md:74:   @spec rate(term(), pos_integer()) :: non_neg_integer()
    - missing from embed  tasks/044_004_sliding_window_rate_metrics_collector_01/solution.ex:66:     cutoff = now() - window_seconds
    - missing from embed  tasks/044_004_sliding_window_rate_metrics_collector_01/solution.ex:67: 
    - missing from embed  tasks/044_004_sliding_window_rate_metrics_collector_01/solution.ex:68:     @table
    - missing from embed  tasks/044_004_sliding_window_rate_metrics_collector_01/solution.ex:69:     |> :ets.select([{{{name, :"$1"}, :"$2"}, [{:>, :"$1", cutoff}], [:"$2"]}])
    - missing from embed  tasks/044_004_sliding_window_rate_metrics_collector_01/solution.ex:70:     |> Enum.sum()
    - missing from embed  tasks/044_004_sliding_window_rate_metrics_collector_01/solution.ex:74:   @spec count(term()) :: number()
    - extra in embed      tasks/044_004_sliding_window_rate_metrics_collector_02/prompt.md:80:   @spec count(term()) :: non_neg_integer()
DRIFT tasks/044_004_sliding_window_rate_metrics_collector_03 (module-FIM; parent tasks/044_004_sliding_window_rate_metrics_collector_01)
    - missing from embed  tasks/044_004_sliding_window_rate_metrics_collector_01/solution.ex:64:   @spec rate(term(), pos_integer()) :: number()
    - extra in embed      tasks/044_004_sliding_window_rate_metrics_collector_03/prompt.md:73:   @spec rate(term(), pos_integer()) :: non_neg_integer()
    - missing from embed  tasks/044_004_sliding_window_rate_metrics_collector_01/solution.ex:74:   @spec count(term()) :: number()
    - extra in embed      tasks/044_004_sliding_window_rate_metrics_collector_03/prompt.md:83:   @spec count(term()) :: non_neg_integer()
DRIFT tasks/044_004_sliding_window_rate_metrics_collector_04 (module-FIM; parent tasks/044_004_sliding_window_rate_metrics_collector_01)
    - missing from embed  tasks/044_004_sliding_window_rate_metrics_collector_01/solution.ex:64:   @spec rate(term(), pos_integer()) :: number()
    - extra in embed      tasks/044_004_sliding_window_rate_metrics_collector_04/prompt.md:72:   @spec rate(term(), pos_integer()) :: non_neg_integer()
    - missing from embed  tasks/044_004_sliding_window_rate_metrics_collector_01/solution.ex:74:   @spec count(term()) :: number()
    - extra in embed      tasks/044_004_sliding_window_rate_metrics_collector_04/prompt.md:82:   @spec count(term()) :: non_neg_integer()
DRIFT tasks/073_003_sandbox_ownership_cleaner_for_async_tests_02 (module-FIM; parent tasks/073_003_sandbox_ownership_cleaner_for_async_tests_01)
    - missing from embed  tasks/073_003_sandbox_ownership_cleaner_for_async_tests_01/solution.ex:20:   @spec ensure_registry() :: {:ok, pid()} | {:error, term()}
    - extra in embed      tasks/073_003_sandbox_ownership_cleaner_for_async_tests_02/prompt.md:37:   @spec ensure_registry() :: {:ok, pid()}
DRIFT tasks/073_003_sandbox_ownership_cleaner_for_async_tests_03 (module-FIM; parent tasks/073_003_sandbox_ownership_cleaner_for_async_tests_01)
    - missing from embed  tasks/073_003_sandbox_ownership_cleaner_for_async_tests_01/solution.ex:20:   @spec ensure_registry() :: {:ok, pid()} | {:error, term()}
    - extra in embed      tasks/073_003_sandbox_ownership_cleaner_for_async_tests_03/prompt.md:43:   @spec ensure_registry() :: {:ok, pid()}
DRIFT tasks/073_003_sandbox_ownership_cleaner_for_async_tests_04 (module-FIM; parent tasks/073_003_sandbox_ownership_cleaner_for_async_tests_01)
    - missing from embed  tasks/073_003_sandbox_ownership_cleaner_for_async_tests_01/solution.ex:20:   @spec ensure_registry() :: {:ok, pid()} | {:error, term()}
    - extra in embed      tasks/073_003_sandbox_ownership_cleaner_for_async_tests_04/prompt.md:35:   @spec ensure_registry() :: {:ok, pid()}
DRIFT tasks/077_004_max_overlap_interval_tree_02 (module-FIM; parent tasks/077_004_max_overlap_interval_tree_01)
    - missing from embed  tasks/077_004_max_overlap_interval_tree_01/solution.ex:247:   @spec prefix_sum(t(), integer()) :: number()
    - extra in embed      tasks/077_004_max_overlap_interval_tree_02/prompt.md:272:   @spec prefix_sum(t(), integer()) :: integer()
DRIFT tasks/077_004_max_overlap_interval_tree_03 (module-FIM; parent tasks/077_004_max_overlap_interval_tree_01)
    - missing from embed  tasks/077_004_max_overlap_interval_tree_01/solution.ex:247:   @spec prefix_sum(t(), integer()) :: number()
    - extra in embed      tasks/077_004_max_overlap_interval_tree_03/prompt.md:254:   @spec prefix_sum(t(), integer()) :: integer()
DRIFT tasks/077_004_max_overlap_interval_tree_04 (module-FIM; parent tasks/077_004_max_overlap_interval_tree_01)
    - missing from embed  tasks/077_004_max_overlap_interval_tree_01/solution.ex:247:   @spec prefix_sum(t(), integer()) :: number()
    - extra in embed      tasks/077_004_max_overlap_interval_tree_04/prompt.md:278:   @spec prefix_sum(t(), integer()) :: integer()
DRIFT tasks/100_002_provisioning_uri_driven_multi_algorithm_totp_verifier_02 (module-FIM; parent tasks/100_002_provisioning_uri_driven_multi_algorithm_totp_verifier_01)
    - missing from embed  tasks/100_002_provisioning_uri_driven_multi_algorithm_totp_verifier_01/solution.ex:102:   @spec seconds_remaining(t(), integer()) :: number()
    - extra in embed      tasks/100_002_provisioning_uri_driven_multi_algorithm_totp_verifier_02/prompt.md:132:   @spec seconds_remaining(t(), integer()) :: pos_integer()
DRIFT tasks/100_002_provisioning_uri_driven_multi_algorithm_totp_verifier_03 (module-FIM; parent tasks/100_002_provisioning_uri_driven_multi_algorithm_totp_verifier_01)
    - missing from embed  tasks/100_002_provisioning_uri_driven_multi_algorithm_totp_verifier_01/solution.ex:102:   @spec seconds_remaining(t(), integer()) :: number()
    - extra in embed      tasks/100_002_provisioning_uri_driven_multi_algorithm_totp_verifier_03/prompt.md:106:   @spec seconds_remaining(t(), integer()) :: pos_integer()
DRIFT tasks/100_002_provisioning_uri_driven_multi_algorithm_totp_verifier_04 (module-FIM; parent tasks/100_002_provisioning_uri_driven_multi_algorithm_totp_verifier_01)
    - missing from embed  tasks/100_002_provisioning_uri_driven_multi_algorithm_totp_verifier_01/solution.ex:102:   @spec seconds_remaining(t(), integer()) :: number()
    - extra in embed      tasks/100_002_provisioning_uri_driven_multi_algorithm_totp_verifier_04/prompt.md:107:   @spec seconds_remaining(t(), integer()) :: pos_integer()
DRIFT tasks/102_002_optimistic_concurrency_persisted_state_machine_02 (module-FIM; parent tasks/102_002_optimistic_concurrency_persisted_state_machine_01)
    - extra in embed      tasks/102_002_optimistic_concurrency_persisted_state_machine_02/prompt.md:64:   @spec change() :: :ok
DRIFT tasks/102_002_optimistic_concurrency_persisted_state_machine_03 (module-FIM; parent tasks/102_002_optimistic_concurrency_persisted_state_machine_01)
    - extra in embed      tasks/102_002_optimistic_concurrency_persisted_state_machine_03/prompt.md:53:   @spec change() :: :ok
DRIFT tasks/102_002_optimistic_concurrency_persisted_state_machine_04 (module-FIM; parent tasks/102_002_optimistic_concurrency_persisted_state_machine_01)
    - extra in embed      tasks/102_002_optimistic_concurrency_persisted_state_machine_04/prompt.md:65:   @spec change() :: :ok
DRIFT tasks/102_003_auto_expiring_persisted_state_machine_02 (module-FIM; parent tasks/102_003_auto_expiring_persisted_state_machine_01)
    - extra in embed      tasks/102_003_auto_expiring_persisted_state_machine_02/prompt.md:53:   @spec change() :: any()
DRIFT tasks/102_003_auto_expiring_persisted_state_machine_03 (module-FIM; parent tasks/102_003_auto_expiring_persisted_state_machine_01)
    - extra in embed      tasks/102_003_auto_expiring_persisted_state_machine_03/prompt.md:59:   @spec change() :: any()
DRIFT tasks/102_003_auto_expiring_persisted_state_machine_04 (module-FIM; parent tasks/102_003_auto_expiring_persisted_state_machine_01)
    - extra in embed      tasks/102_003_auto_expiring_persisted_state_machine_04/prompt.md:48:   @spec change() :: any()
DRIFT tasks/102_004_threshold_approval_persisted_state_machine_02 (module-FIM; parent tasks/102_004_threshold_approval_persisted_state_machine_01)
    - extra in embed      tasks/102_004_threshold_approval_persisted_state_machine_02/prompt.md:68:   @spec change() :: :ok
DRIFT tasks/102_004_threshold_approval_persisted_state_machine_03 (module-FIM; parent tasks/102_004_threshold_approval_persisted_state_machine_01)
    - extra in embed      tasks/102_004_threshold_approval_persisted_state_machine_03/prompt.md:59:   @spec change() :: :ok
DRIFT tasks/102_004_threshold_approval_persisted_state_machine_04 (module-FIM; parent tasks/102_004_threshold_approval_persisted_state_machine_01)
    - extra in embed      tasks/102_004_threshold_approval_persisted_state_machine_04/prompt.md:55:   @spec change() :: :ok
DRIFT tasks/625_003_lifecycle_ttl_object_store_with_lazy_expiration_02 (module-FIM; parent tasks/625_003_lifecycle_ttl_object_store_with_lazy_expiration_01)
    note: child gold not located in the parent (parent drifted at the target?)
    - missing from embed  tasks/625_003_lifecycle_ttl_object_store_with_lazy_expiration_01/solution.ex:346:   @spec compute_expires_at(ttl(), integer()) :: number() | :infinity
    - missing from embed  tasks/625_003_lifecycle_ttl_object_store_with_lazy_expiration_01/solution.ex:347:   defp compute_expires_at(:infinity, _now), do: :infinity
    - missing from embed  tasks/625_003_lifecycle_ttl_object_store_with_lazy_expiration_01/solution.ex:348:   defp compute_expires_at(ttl_ms, now), do: now + ttl_ms
DRIFT tasks/625_003_lifecycle_ttl_object_store_with_lazy_expiration_03 (module-FIM; parent tasks/625_003_lifecycle_ttl_object_store_with_lazy_expiration_01)
    - missing from embed  tasks/625_003_lifecycle_ttl_object_store_with_lazy_expiration_01/solution.ex:346:   @spec compute_expires_at(ttl(), integer()) :: number() | :infinity
    - extra in embed      tasks/625_003_lifecycle_ttl_object_store_with_lazy_expiration_03/prompt.md:355:   @spec compute_expires_at(ttl(), integer()) :: integer() | :infinity
DRIFT tasks/625_003_lifecycle_ttl_object_store_with_lazy_expiration_04 (module-FIM; parent tasks/625_003_lifecycle_ttl_object_store_with_lazy_expiration_01)
    - missing from embed  tasks/625_003_lifecycle_ttl_object_store_with_lazy_expiration_01/solution.ex:346:   @spec compute_expires_at(ttl(), integer()) :: number() | :infinity
    - extra in embed      tasks/625_003_lifecycle_ttl_object_store_with_lazy_expiration_04/prompt.md:347:   @spec compute_expires_at(ttl(), integer()) :: integer() | :infinity
module-FIM: 961 clean, 0 reflow, 30 drift, 0 skipped
wt_: 331 clean, 0 reflow, 0 drift, 0 skipped
embed check: 1292 clean, 0 reflow, 30 drift, 0 skipped
