  resynced tasks/015_001_heartbeat_monitor_02: prompt.md
  resynced tasks/015_001_heartbeat_monitor_03: prompt.md
  resynced tasks/015_001_heartbeat_monitor_04: prompt.md
  resynced tasks/032_002_csv_to_ecto_batch_ingestion_with_changeset_validation_02: prompt.md
  resynced tasks/032_002_csv_to_ecto_batch_ingestion_with_changeset_validation_03: prompt.md
  resynced tasks/032_002_csv_to_ecto_batch_ingestion_with_changeset_validation_04: prompt.md
  ERROR tasks/044_004_sliding_window_rate_metrics_collector_02: child gold not locatable in the parent (parent redesigned at target?)
  resynced tasks/044_004_sliding_window_rate_metrics_collector_03: prompt.md
  resynced tasks/044_004_sliding_window_rate_metrics_collector_04: prompt.md
  resynced tasks/073_003_sandbox_ownership_cleaner_for_async_tests_02: prompt.md
  resynced tasks/073_003_sandbox_ownership_cleaner_for_async_tests_03: prompt.md
  resynced tasks/073_003_sandbox_ownership_cleaner_for_async_tests_04: prompt.md
  resynced tasks/077_004_max_overlap_interval_tree_02: prompt.md
  resynced tasks/077_004_max_overlap_interval_tree_03: prompt.md
  resynced tasks/077_004_max_overlap_interval_tree_04: prompt.md
  resynced tasks/100_002_provisioning_uri_driven_multi_algorithm_totp_verifier_02: prompt.md
  resynced tasks/100_002_provisioning_uri_driven_multi_algorithm_totp_verifier_03: prompt.md
  resynced tasks/100_002_provisioning_uri_driven_multi_algorithm_totp_verifier_04: prompt.md
  resynced tasks/102_002_optimistic_concurrency_persisted_state_machine_02: prompt.md
  resynced tasks/102_002_optimistic_concurrency_persisted_state_machine_03: prompt.md
  resynced tasks/102_002_optimistic_concurrency_persisted_state_machine_04: prompt.md
  resynced tasks/102_003_auto_expiring_persisted_state_machine_02: prompt.md
  resynced tasks/102_003_auto_expiring_persisted_state_machine_03: prompt.md
  resynced tasks/102_003_auto_expiring_persisted_state_machine_04: prompt.md
  resynced tasks/102_004_threshold_approval_persisted_state_machine_02: prompt.md
  resynced tasks/102_004_threshold_approval_persisted_state_machine_03: prompt.md
  resynced tasks/102_004_threshold_approval_persisted_state_machine_04: prompt.md
  ERROR tasks/625_003_lifecycle_ttl_object_store_with_lazy_expiration_02: child gold not locatable in the parent (parent redesigned at target?)
  resynced tasks/625_003_lifecycle_ttl_object_store_with_lazy_expiration_03: prompt.md
  resynced tasks/625_003_lifecycle_ttl_object_store_with_lazy_expiration_04: prompt.md
resync_embeds over 30 dirs: %{error: 2, resynced: 28} — APPLIED
  fix_child_gold / hand-fix: tasks/044_004_sliding_window_rate_metrics_collector_02
  fix_child_gold / hand-fix: tasks/625_003_lifecycle_ttl_object_store_with_lazy_expiration_02
