tdd candidates (eligible roots without a tdd_ dir): 323
  minted tdd_001_004_penalty_escalation
  minted tdd_002_001_circuit_breaker
  minted tdd_002_002_rolling_window_error_rate_cb
  minted tdd_002_003_progressive_recovery_cb
  minted tdd_002_004_leaky_bucket_failure_cb
  minted tdd_003_001_leaky_bucket_token_dispenser
  minted tdd_003_002_gcra
  minted tdd_003_003_lease_based_bucket
  minted tdd_003_004_shared_pool_bucket
  minted tdd_004_001_job_scheduler_with_cron_like_expressions
  minted tdd_004_002_intervalscheduler
  minted tdd_004_003_retryscheduler
  minted tdd_004_004_calendarscheduler
  minted tdd_005_001_pubsub_event_bus
  minted tdd_005_002_priorityeventbus
  minted tdd_005_003_replayeventbus
  minted tdd_005_004_filteredeventbus
  minted tdd_006_001_ttl_cache_with_lazy_expiration
  minted tdd_006_002_lrucache
  minted tdd_006_003_refreshaheadcache
  minted tdd_006_004_swrcache
  minted tdd_007_001_moving_average_calculator
  minted tdd_007_002_weightedmovingaverage
  minted tdd_007_003_streamingpercentile
  minted tdd_007_004_cusumanomaly
  minted tdd_008_001_distributed_counter_with_crdt_style_merge
  minted tdd_008_002_lww_element_set_crdt
  minted tdd_008_003_two_phase_set_crdt
  minted tdd_008_004_observed_remove_set_crdt
  minted tdd_009_001_request_deduplicator_coalescer
  minted tdd_009_002_write_behind_batch_coalescer
  minted tdd_009_003_retry_aware_request_deduplicator
  minted tdd_009_004_per_key_bounded_concurrency_pool
  minted tdd_010_001_session_store_with_inactivity_timeout
  minted tdd_010_002_one_time_token_store_with_absolute_expiration
  minted tdd_010_003_exclusive_lease_manager_with_ownership
  minted tdd_010_004_rolling_window_quota_tracker
  minted tdd_011_001_bounded_mailbox_worker_pool
  minted tdd_011_002_priority_worker_pool_with_starvation_prevention
  minted tdd_011_003_cancellable_worker_pool
  minted tdd_011_004_worker_pool_with_per_task_timeouts_and_retry
  minted tdd_012_001_event_sourced_aggregate
  minted tdd_012_002_subscription_lifecycle_event_sourced_aggregate
  minted tdd_012_003_inventory_stock_event_sourced_aggregate
  minted tdd_012_004_task_tracker_event_sourced_aggregate
  minted tdd_013_001_exponential_backoff_retry_worker
  minted tdd_013_002_timeout_guarded_retry_worker
  minted tdd_013_003_budget_constrained_retry_worker_with_decorrelated_jitter
  minted tdd_013_004_classified_error_retry_worker_with_on_retry_callback
  minted tdd_014_001_priority_queue_processor
  minted tdd_014_002_expiring_priority_queue_with_per_task_ttl
  minted tdd_014_003_cancellable_priority_queue_with_numeric_priorities
  minted tdd_014_004_concurrent_priority_queue_with_configurable_parallelism
  minted tdd_015_001_heartbeat_monitor
  minted tdd_015_002_rolling_window_failure_rate_monitor
  minted tdd_015_003_async_check_monitor_with_timeouts
  minted tdd_015_004_monitor_with_maintenance_windows_and_pause_resume
  minted tdd_016_002_cursor_based_list_pagination
  minted tdd_016_003_validated_sortable_filterable_list_pagination
  minted tdd_016_004_concurrent_ets_backed_list_pagination_with_page_clamping
  minted tdd_017_002_keyset_cursor_pagination_search
  minted tdd_017_003_faceted_search_with_facet_counts
  minted tdd_017_004_relevance_ranked_full_text_search
  minted tdd_018_002_trash_and_purge_soft_delete_with_retention_window
  minted tdd_018_003_cascading_archive_tree_with_origin_aware_restore
  minted tdd_018_004_optimistic_concurrency_soft_delete_with_version_guards
  minted tdd_019_002_dependency_ordered_bulk_create_with_cascade_skip
  minted tdd_019_003_bulk_upsert_with_conflict_resolution_policies
  minted tdd_019_004_concurrent_bulk_create_with_bounded_concurrency_and_timeouts
  minted tdd_020_001_file_upload_with_validation
  minted tdd_020_002_content_addressable_deduplicating_upload
  minted tdd_020_003_per_tenant_quota_enforced_upload
  minted tdd_020_004_asynchronous_validation_pipeline_upload
  minted tdd_021_002_media_type_content_negotiation_with_quality_values
  minted tdd_021_003_url_path_versioning_with_downgrade_migration_chain
  minted tdd_021_004_versioned_api_with_deprecation_sunset_lifecycle
  minted tdd_022_001_nested_resource_endpoint_with_authorization
  minted tdd_022_002_role_scoped_nested_membership_endpoint
  minted tdd_022_003_etag_versioned_nested_membership_with_optimistic_concurrency
  minted tdd_022_004_invitation_accept_decline_nested_membership_workflow
  minted tdd_023_001_idempotent_post_endpoint
  minted tdd_023_002_in_flight_coalescing_idempotent_payments
  minted tdd_023_003_fingerprint_conflict_idempotent_payments
  minted tdd_023_004_lru_bounded_idempotent_payments
  minted tdd_024_001_webhook_receiver_with_signature_verification
  minted tdd_024_002_replay_protected_timestamped_webhook_receiver
  minted tdd_024_003_multi_provider_webhook_receiver_with_key_rotation
  minted tdd_024_004_ordered_stream_webhook_receiver_with_gap_buffering
  minted tdd_025_001_long_polling_endpoint
  minted tdd_025_002_cursor_resumable_gap_free_long_poll
  minted tdd_025_003_coalescing_batch_long_poll_with_linger_window
  minted tdd_025_004_multi_channel_fan_in_long_poll
  minted tdd_031_001_csv_importer_with_validation_and_error_report
  minted tdd_031_002_jsonl_importer_with_schema_validation
  minted tdd_031_003_csv_loader_with_type_coercion_and_enriched_schema
  minted tdd_031_004_logfmt_record_validator_with_hand_written_parser
  minted tdd_032_001_json_to_ecto_bulk_ingestion_pipeline
  minted tdd_032_002_csv_to_ecto_batch_ingestion_with_changeset_validation
  minted tdd_032_003_jsonl_streaming_ingestion_with_parallel_batch_processing
  minted tdd_032_004_multi_table_json_ingestion_with_type_discriminator_routing
  minted tdd_033_001_log_file_analyzer
  minted tdd_033_002_metrics_file_aggregator
  minted tdd_033_003_http_access_log_analyzer
  minted tdd_033_004_financial_transaction_analyzer
  minted tdd_034_001_data_reconciliation_engine
  minted tdd_034_002_cardinality_classifying_multi_key_reconciler
  minted tdd_034_003_rule_driven_tolerant_reconciler_with_compiled_config
  minted tdd_034_004_incremental_streaming_reconciler_genserver
  minted tdd_035_001_time_series_resampler
  minted tdd_035_002_multi_series_aligned_resampler
  minted tdd_035_003_streaming_watermark_resampler
  minted tdd_035_004_counter_rate_resampler
  minted tdd_036_001_markdown_to_structured_data_parser
  minted tdd_036_002_hierarchical_heading_outline_parser
  minted tdd_036_003_error_reporting_markdown_parser_with_line_diagnostics
  minted tdd_036_004_gfm_table_parser_to_row_maps
  minted tdd_037_001_data_anonymizer
  minted tdd_037_002_path_addressed_nested_record_anonymizer
  minted tdd_037_003_reversible_tokenization_vault_anonymizer
  minted tdd_037_004_stateful_concurrent_consistent_pseudonymizer
  minted tdd_038_001_tree_structure_builder_from_flat_list
  minted tdd_038_002_materialized_path_tree_annotator
  minted tdd_038_003_incremental_streaming_tree_builder
  minted tdd_038_004_diagnostic_tree_validator_with_best_effort_repair
  minted tdd_039_001_diff_generator_for_record_lists
  minted tdd_039_002_nested_path_addressed_record_diff
  minted tdd_039_003_ordered_record_diff_with_move_detection
  minted tdd_039_004_three_way_record_merge_with_conflict_detection
  minted tdd_040_001_configuration_merger_with_override_rules
  minted tdd_040_002_provenance_tracking_layered_config_merger
  minted tdd_040_003_stateful_layered_config_store_genserver
  minted tdd_040_004_conflict_detecting_strict_config_merger
  minted tdd_041_001_lru_cache_backed_by_ets
  minted tdd_041_002_lfu_cache_backed_by_ets
  minted tdd_041_003_sharded_lru_cache_with_consistent_key_routing
  minted tdd_041_004_weight_aware_cost_bounded_lru_cache
  minted tdd_042_001_ets_based_write_through_cache_layer
  minted tdd_042_002_failure_aware_write_through_cache_with_negative_caching
  minted tdd_042_003_true_write_through_cache_with_backing_store_propagation
  minted tdd_042_004_single_flight_non_blocking_write_through_cache
  minted tdd_043_001_ets_based_leaderboard
  minted tdd_043_002_cumulative_points_leaderboard_with_atomic_counters
  minted tdd_043_003_sliding_window_time_decayed_leaderboard
  minted tdd_043_004_ordered_set_leaderboard_with_deterministic_tie_breaking
  minted tdd_044_001_ets_based_metrics_collector
  minted tdd_044_002_histogram_metrics_collector
  minted tdd_044_003_labeled_dimensional_metrics_collector
  minted tdd_044_004_sliding_window_rate_metrics_collector
  minted tdd_045_001_ets_based_feature_flag_store
  minted tdd_045_002_multivariate_a_b_c_feature_flag_store
  minted tdd_045_003_versioned_feature_flag_store_with_rollback
  minted tdd_045_004_dependency_aware_feature_flag_store
  minted tdd_061_001_parallel_map_with_concurrency_limit
  minted tdd_061_002_fail_fast_parallel_map_with_cancellation
  minted tdd_061_003_timeout_and_retry_parallel_map
  minted tdd_061_004_weight_budget_parallel_map
  minted tdd_062_001_pipeline_processor_with_stages
  minted tdd_062_002_retryable_pipeline_with_per_stage_retry_policies
  minted tdd_062_003_fan_out_map_pipeline_with_bounded_concurrency
  minted tdd_062_004_batch_pipeline_with_error_collection
  minted tdd_063_001_concurrent_data_fetcher_with_timeout
  minted tdd_063_002_quorum_first_n_concurrent_fetcher
  minted tdd_063_003_fallback_chain_concurrent_fetcher
  minted tdd_063_004_bounded_concurrency_concurrent_fetcher
  minted tdd_064_001_work_stealing_task_queue
  minted tdd_064_002_fault_tolerant_result_tagged_work_stealing_queue
  minted tdd_064_003_priority_aware_work_stealing_queue
  minted tdd_064_004_instrumented_work_stealing_queue_with_steal_metrics
  minted tdd_065_001_saga_compensating_transaction_coordinator
  minted tdd_065_002_retrying_saga_coordinator
  minted tdd_065_003_parallel_stage_saga_coordinator
  minted tdd_065_004_policy_driven_saga_coordinator
  minted tdd_070_001_saga_compensating_transaction_coordinator
  minted tdd_070_002_pivot_step_saga_with_forward_recovery
  minted tdd_070_003_nested_sub_saga_composition
  minted tdd_070_004_resumable_journaled_saga
  minted tdd_071_001_factory_module_for_test_data_generation
  minted tdd_071_002_trait_composable_factory
  minted tdd_071_003_bulk_list_factory_with_concurrent_insertion
  minted tdd_071_004_validation_aware_factory_with_compensating_rollback
  minted tdd_072_001_test_helper_for_time_dependent_code
  minted tdd_072_002_deferred_timer_virtual_clock
  minted tdd_072_003_monotonic_measurement_clock
  minted tdd_072_004_scripted_sequence_clock
  minted tdd_073_001_database_cleaner_for_integration_tests
  minted tdd_073_002_savepoint_stack_nested_transaction_cleaner
  minted tdd_073_003_sandbox_ownership_cleaner_for_async_tests
  minted tdd_073_004_fk_dependency_ordered_deletion_cleaner
  minted tdd_074_001_custom_exunit_assertion_helpers
  minted tdd_074_002_collection_and_structural_assertion_helpers
  minted tdd_074_003_concurrency_and_message_assertion_helpers
  minted tdd_074_004_numeric_tolerance_and_exception_assertion_helpers
  minted tdd_075_001_property_based_test_generators
  minted tdd_075_002_recursive_json_value_generators_with_bounded_depth
  minted tdd_075_003_stateful_command_sequence_generators
  minted tdd_075_004_schema_driven_generator_interpreter
  minted tdd_076_001_trie
  minted tdd_076_002_compressed_radix_trie_with_path_compression
  minted tdd_076_003_weighted_autocomplete_trie_with_top_k_ranking
  minted tdd_076_004_wildcard_pattern_matching_trie
  minted tdd_077_001_interval_tree_for_overlapping_range_queries
  minted tdd_077_002_deletable_interval_tree
  minted tdd_077_003_concurrent_interval_registry
  minted tdd_077_004_max_overlap_interval_tree
  minted tdd_078_001_ring_buffer
  minted tdd_078_002_reject_when_full_bounded_fifo_queue
  minted tdd_078_003_double_ended_ring_buffer_deque
  minted tdd_078_004_concurrent_ring_buffer_sink_genserver
  minted tdd_079_001_bloom_filter
  minted tdd_079_002_counting_bloom_filter
  minted tdd_079_003_scalable_bloom_filter
  minted tdd_079_004_concurrent_bloom_filter
  minted tdd_080_001_directed_acyclic_graph_with_topological_sort
  minted tdd_080_002_weighted_critical_path_dag_scheduler
  minted tdd_080_003_mutable_dag_with_cycle_diagnostics_and_parallel_layers
  minted tdd_080_004_concurrent_dag_registry_genserver
  minted tdd_086_001_shopping_cart_with_price_calculations
  minted tdd_086_002_tiered_bracket_cart_with_shipping_thresholds
  minted tdd_086_003_coupon_stacking_cart_with_order_level_discounts
  minted tdd_086_004_concurrent_genserver_backed_cart
  minted tdd_087_001_permission_system_with_role_based_access
  minted tdd_087_002_deny_override_policy_list_access_control
  minted tdd_087_003_multi_role_grant_with_wildcard_permissions
  minted tdd_087_004_genserver_role_graph_registry_with_runtime_grants
  minted tdd_089_001_promo_code_system
  minted tdd_089_002_stackable_promo_code_system
  minted tdd_089_003_tiered_promo_code_system
  minted tdd_089_004_budget_capped_promo_code_system
  minted tdd_091_001_workflow_state_machine
  minted tdd_091_002_reversible_order_workflow_with_undo_history
  minted tdd_091_003_data_driven_finite_state_machine_engine
  minted tdd_091_004_effectful_workflow_with_event_payloads
  minted tdd_092_001_scoring_ranking_algorithm
  minted tdd_092_002_reddit_style_logarithmic_hot_ranking
  minted tdd_092_003_wilson_lower_bound_confidence_ranking
  minted tdd_092_004_bayesian_weighted_rating_ranking
  minted tdd_095_001_multi_currency_money_module
  minted tdd_095_002_weighted_allocation_money_module
  minted tdd_095_003_currency_precision_money_module
  minted tdd_095_004_multi_currency_money_with_fx_conversion
  minted tdd_096_001_input_sanitizer_module
  minted tdd_096_002_schema_driven_nested_params_sanitizer
  minted tdd_096_003_stateful_sanitizer_server_with_policy_and_metrics
  minted tdd_096_004_reporting_sanitizer_with_strict_and_lenient_modes
  minted tdd_097_001_password_policy_enforcer
  minted tdd_097_002_weighted_strength_score_password_policy
  minted tdd_097_003_severity_classified_password_audit_with_strict_mode
  minted tdd_097_004_stateful_password_policy_server_with_reuse_history
  minted tdd_098_001_token_generator_and_validator
  minted tdd_098_002_aead_sealed_confidential_token
  minted tdd_098_003_attenuable_capability_token_with_chained_caveats
  minted tdd_098_004_replay_protected_single_use_token
  minted tdd_099_001_data_masking_for_logs
  minted tdd_099_002_redaction_with_match_count_reporting
  minted tdd_099_003_per_field_masking_strategies
  minted tdd_099_004_concurrent_masking_server_with_runtime_patterns
  minted tdd_100_001_totp_time_based_one_time_password_implementation
  minted tdd_100_002_provisioning_uri_driven_multi_algorithm_totp_verifier
  minted tdd_100_003_counter_based_hotp_with_resynchronization_window
  minted tdd_100_004_stateful_totp_vault_genserver_with_replay_protection
  minted tdd_101_001_sliding_window_counter
  minted tdd_101_002_sliding_window_distinct_cardinality_counter
  minted tdd_101_003_weighted_sliding_sum_counter
  minted tdd_101_004_sliding_window_threshold_alerter
  minted tdd_102_002_optimistic_concurrency_persisted_state_machine
  minted tdd_102_003_auto_expiring_persisted_state_machine
  minted tdd_102_004_threshold_approval_persisted_state_machine
  minted tdd_103_001_dead_letter_queue
  minted tdd_103_002_backoff_scheduled_retry_dead_letter_queue
  minted tdd_103_003_deduplicating_dead_letter_queue
  minted tdd_103_004_bounded_priority_dead_letter_queue_with_bulk_drain
  minted tdd_104_001_connection_pool_manager
  minted tdd_104_002_health_validated_connection_pool
  minted tdd_104_003_overflow_connection_pool
  minted tdd_104_004_usage_recycling_connection_pool
  minted tdd_105_001_genserver_based_debouncer
  minted tdd_105_002_leading_trailing_edge_debouncer
  minted tdd_105_003_max_wait_debouncer_with_flush_and_cancel
  minted tdd_105_004_accumulating_batch_debouncer
  minted tdd_106_001_watchdog_timer_genserver
  minted tdd_106_002_grace_count_watchdog_timer
  minted tdd_106_003_recurring_watchdog_timer
  minted tdd_106_004_escalating_warn_then_timeout_watchdog
  minted tdd_107_001_event_aggregator_with_flushing
  minted tdd_107_002_keyed_event_aggregator_with_per_key_batching
  minted tdd_107_003_weighted_event_aggregator_with_byte_budget
  minted tdd_107_004_debounced_event_aggregator_with_max_wait
  minted tdd_108_001_bidirectional_map_genserver
  minted tdd_108_002_bidirectional_multimap_many_to_many
  minted tdd_108_003_capacity_bounded_bimap_with_lru_eviction
  minted tdd_108_004_priority_resolved_bimap
  minted tdd_109_001_task_dependency_resolver_and_executor
  minted tdd_109_002_data_flow_task_runner
  minted tdd_109_003_fail_fast_task_runner_with_skip_propagation
  minted tdd_109_004_bounded_concurrency_task_scheduler
  minted tdd_110_001_rolling_percentile_calculator
  minted tdd_110_002_histogram_based_approximate_rolling_percentile
  minted tdd_110_003_sla_percentile_monitor_with_inverse_queries
  minted tdd_110_004_time_decay_weighted_rolling_percentile
  minted tdd_131_001_streaming_json_parser_for_large_files
  minted tdd_131_002_lazy_streaming_ndjson_parser
  minted tdd_131_003_parallel_streaming_json_array_parser
  minted tdd_131_004_resumable_streaming_json_array_parser_with_error_budget
  minted tdd_134_001_schema_inference_from_csv
  minted tdd_134_002_nullable_unique_column_profiler
  minted tdd_134_003_chunked_merge_based_schema_inference
  minted tdd_134_004_widening_lattice_schema_inference
  minted tdd_623_001_mini_elasticsearch_like_inverted_index
  minted tdd_623_002_boolean_phrase_query_inverted_index
  minted tdd_623_003_bm25_ranked_inverted_index
  minted tdd_623_004_fuzzy_edit_distance_inverted_index
  minted tdd_624_001_mini_git_like_object_store
  minted tdd_624_002_merge_commit_dag_with_topological_log_and_merge_base
  minted tdd_624_003_on_disk_loose_object_store_with_zlib_compression_and_integrity_checks
  minted tdd_624_004_branch_references_with_atomic_cas_updates_and_reachability_gc
  minted tdd_625_001_mini_s3_like_object_storage
  minted tdd_625_002_versioned_object_store_with_delete_markers
  minted tdd_625_003_lifecycle_ttl_object_store_with_lazy_expiration
  minted tdd_625_004_conditional_write_object_store_with_etags
  minted tdd_626_001_mini_prometheus_like_time_series_db
  minted tdd_626_002_pre_aggregated_rollup_time_series_db
  minted tdd_626_003_reset_aware_counter_time_series_db
  minted tdd_626_004_sharded_concurrent_time_series_db
tdd: %{minted: 323}
New tdd_ dirs minted. Validate + commit:
  elixir scripts/validate.exs --only "tdd_*"

